# run: expandable_oaken_profile
# start: 2026-05-10T12:58:07
# idle_vram: {'used_mib': 33, 'free_mib': 7668, 'total_mib': 8151}
# command: docker exec -e PYTORCH_CUDA_ALLOC_CONF=expandable_segments:True -w /workspace oaken-ae-container /opt/conda/envs/oaken/bin/python oaken_preprocess_activation.py -m opt -s 2.7b -t wikitext -f 0.04 0.9 0.06 -o results/rtx5060/opt-2.7b/oaken-quantizer-expandable.json --gpu-start-idx 0 --gpu-count 1


  0%|          | 0/141 [00:00<?, ?it/s]Called multi_key_value_tokenwise_main
= Run Configuration ===================
Model name: opt
Model size: 2.7b
Activation outlier list: [0.04, 0.9, 0.06]
Task: wikitext
Batch size: 1
Output: results/rtx5060/opt-2.7b/oaken-quantizer-expandable.json
=======================================

  1%|          | 1/141 [00:01<02:49,  1.21s/it]
  1%|▏         | 2/141 [00:02<02:26,  1.05s/it]
  2%|▏         | 3/141 [00:03<02:19,  1.01s/it]
  3%|▎         | 4/141 [00:04<02:15,  1.01it/s]
  4%|▎         | 5/141 [00:05<02:13,  1.02it/s]
  4%|▍         | 6/141 [00:05<02:11,  1.03it/s]
  5%|▍         | 7/141 [00:06<02:09,  1.03it/s]
  6%|▌         | 8/141 [00:07<02:08,  1.03it/s]
  6%|▋         | 9/141 [00:08<02:07,  1.04it/s]
  7%|▋         | 10/141 [00:09<02:06,  1.04it/s]
  8%|▊         | 11/141 [00:10<02:05,  1.04it/s]
  9%|▊         | 12/141 [00:11<02:04,  1.04it/s]
  9%|▉         | 13/141 [00:12<02:03,  1.04it/s]
 10%|▉         | 14/141 [00:13<02:02,  1.04it/s]
 11%|█         | 15/141 [00:14<02:01,  1.04it/s]
 11%|█▏        | 16/141 [00:15<02:00,  1.04it/s]
 12%|█▏        | 17/141 [00:16<01:59,  1.04it/s]
 13%|█▎        | 18/141 [00:17<01:58,  1.04it/s]
 13%|█▎        | 19/141 [00:18<01:57,  1.04it/s]
 14%|█▍        | 20/141 [00:19<01:56,  1.04it/s]
 15%|█▍        | 21/141 [00:20<01:55,  1.04it/s]
 16%|█▌        | 22/141 [00:21<01:54,  1.04it/s]
 16%|█▋        | 23/141 [00:22<01:53,  1.04it/s]
 17%|█▋        | 24/141 [00:23<01:52,  1.04it/s]
 18%|█▊        | 25/141 [00:24<01:51,  1.04it/s]
 18%|█▊        | 26/141 [00:25<01:50,  1.04it/s]
 19%|█▉        | 27/141 [00:26<01:49,  1.04it/s]
 20%|█▉        | 28/141 [00:27<01:48,  1.04it/s]
 21%|██        | 29/141 [00:28<01:47,  1.04it/s]
 21%|██▏       | 30/141 [00:29<01:46,  1.04it/s]
 22%|██▏       | 31/141 [00:30<01:45,  1.04it/s]
 23%|██▎       | 32/141 [00:31<01:44,  1.04it/s]
 23%|██▎       | 33/141 [00:31<01:43,  1.04it/s]
 24%|██▍       | 34/141 [00:32<01:42,  1.04it/s]
 25%|██▍       | 35/141 [00:33<01:42,  1.04it/s]
 26%|██▌       | 36/141 [00:34<01:41,  1.04it/s]
 26%|██▌       | 37/141 [00:35<01:40,  1.04it/s]
 27%|██▋       | 38/141 [00:36<01:39,  1.04it/s]
 28%|██▊       | 39/141 [00:37<01:38,  1.04it/s]
 28%|██▊       | 40/141 [00:38<01:37,  1.04it/s]
 29%|██▉       | 41/141 [00:39<01:36,  1.04it/s]
 30%|██▉       | 42/141 [00:40<01:35,  1.04it/s]
 30%|███       | 43/141 [00:41<01:34,  1.04it/s]
 31%|███       | 44/141 [00:42<01:33,  1.04it/s]
 32%|███▏      | 45/141 [00:43<01:32,  1.04it/s]
 33%|███▎      | 46/141 [00:44<01:31,  1.04it/s]
 33%|███▎      | 47/141 [00:45<01:30,  1.04it/s]
 34%|███▍      | 48/141 [00:46<01:29,  1.04it/s]
 35%|███▍      | 49/141 [00:47<01:28,  1.04it/s]
 35%|███▌      | 50/141 [00:48<01:27,  1.04it/s]
 36%|███▌      | 51/141 [00:49<01:26,  1.04it/s]
 37%|███▋      | 52/141 [00:50<01:25,  1.04it/s]
 38%|███▊      | 53/141 [00:51<01:24,  1.04it/s]
 38%|███▊      | 54/141 [00:52<01:23,  1.04it/s]
 39%|███▉      | 55/141 [00:53<01:22,  1.04it/s]
 40%|███▉      | 56/141 [00:54<01:21,  1.04it/s]
 40%|████      | 57/141 [00:55<01:20,  1.04it/s]
 41%|████      | 58/141 [00:56<01:19,  1.04it/s]
 42%|████▏     | 59/141 [00:56<01:18,  1.04it/s]
 43%|████▎     | 60/141 [00:57<01:17,  1.04it/s]
 43%|████▎     | 61/141 [00:58<01:17,  1.04it/s]
 44%|████▍     | 62/141 [00:59<01:16,  1.04it/s]
 45%|████▍     | 63/141 [01:00<01:15,  1.04it/s]
 45%|████▌     | 64/141 [01:01<01:14,  1.04it/s]
 46%|████▌     | 65/141 [01:02<01:13,  1.04it/s]
 47%|████▋     | 66/141 [01:03<01:12,  1.04it/s]
 48%|████▊     | 67/141 [01:04<01:11,  1.04it/s]
 48%|████▊     | 68/141 [01:05<01:10,  1.04it/s]
 49%|████▉     | 69/141 [01:06<01:09,  1.04it/s]
 50%|████▉     | 70/141 [01:07<01:08,  1.04it/s]
 50%|█████     | 71/141 [01:08<01:07,  1.04it/s]
 51%|█████     | 72/141 [01:09<01:06,  1.04it/s]
 52%|█████▏    | 73/141 [01:10<01:05,  1.04it/s]
 52%|█████▏    | 74/141 [01:11<01:04,  1.04it/s]
 53%|█████▎    | 75/141 [01:12<01:03,  1.04it/s]
 54%|█████▍    | 76/141 [01:13<01:02,  1.04it/s]
 55%|█████▍    | 77/141 [01:14<01:01,  1.04it/s]
 55%|█████▌    | 78/141 [01:15<01:00,  1.04it/s]
 56%|█████▌    | 79/141 [01:16<00:59,  1.04it/s]
 57%|█████▋    | 80/141 [01:17<00:58,  1.04it/s]
 57%|█████▋    | 81/141 [01:18<00:57,  1.04it/s]
 58%|█████▊    | 82/141 [01:19<00:56,  1.04it/s]
 59%|█████▉    | 83/141 [01:20<00:55,  1.04it/s]
 60%|█████▉    | 84/141 [01:21<00:54,  1.04it/s]
 60%|██████    | 85/141 [01:22<00:53,  1.04it/s]
 61%|██████    | 86/141 [01:22<00:52,  1.04it/s]
 62%|██████▏   | 87/141 [01:23<00:51,  1.04it/s]
 62%|██████▏   | 88/141 [01:24<00:51,  1.04it/s]
 63%|██████▎   | 89/141 [01:25<00:50,  1.04it/s]
 64%|██████▍   | 90/141 [01:26<00:49,  1.04it/s]
 65%|██████▍   | 91/141 [01:27<00:48,  1.04it/s]
 65%|██████▌   | 92/141 [01:28<00:47,  1.04it/s]
 66%|██████▌   | 93/141 [01:29<00:46,  1.04it/s]
 67%|██████▋   | 94/141 [01:30<00:45,  1.04it/s]
 67%|██████▋   | 95/141 [01:31<00:44,  1.04it/s]
 68%|██████▊   | 96/141 [01:32<00:43,  1.04it/s]
 69%|██████▉   | 97/141 [01:33<00:42,  1.04it/s]
 70%|██████▉   | 98/141 [01:34<00:41,  1.04it/s]
 70%|███████   | 99/141 [01:35<00:40,  1.04it/s]
 71%|███████   | 100/141 [01:36<00:39,  1.04it/s]
 72%|███████▏  | 101/141 [01:37<00:38,  1.04it/s]
 72%|███████▏  | 102/141 [01:38<00:37,  1.04it/s]
 73%|███████▎  | 103/141 [01:39<00:36,  1.04it/s]
 74%|███████▍  | 104/141 [01:40<00:35,  1.04it/s]
 74%|███████▍  | 105/141 [01:41<00:34,  1.04it/s]
 75%|███████▌  | 106/141 [01:42<00:33,  1.04it/s]
 76%|███████▌  | 107/141 [01:43<00:32,  1.04it/s]
 77%|███████▋  | 108/141 [01:44<00:31,  1.04it/s]
 77%|███████▋  | 109/141 [01:45<00:30,  1.04it/s]
 78%|███████▊  | 110/141 [01:46<00:29,  1.04it/s]
 79%|███████▊  | 111/141 [01:47<00:28,  1.04it/s]
 79%|███████▉  | 112/141 [01:48<00:27,  1.04it/s]
 80%|████████  | 113/141 [01:48<00:26,  1.04it/s]
 81%|████████  | 114/141 [01:49<00:25,  1.04it/s]
 82%|████████▏ | 115/141 [01:50<00:25,  1.04it/s]
 82%|████████▏ | 116/141 [01:51<00:24,  1.04it/s]
 83%|████████▎ | 117/141 [01:52<00:23,  1.04it/s]
 84%|████████▎ | 118/141 [01:53<00:22,  1.04it/s]
 84%|████████▍ | 119/141 [01:54<00:21,  1.04it/s]
 85%|████████▌ | 120/141 [01:55<00:20,  1.04it/s]
 86%|████████▌ | 121/141 [01:56<00:19,  1.04it/s]
 87%|████████▋ | 122/141 [01:57<00:18,  1.04it/s]
 87%|████████▋ | 123/141 [01:58<00:17,  1.04it/s]
 88%|████████▊ | 124/141 [01:59<00:16,  1.04it/s]
 89%|████████▊ | 125/141 [02:00<00:15,  1.04it/s]
 89%|████████▉ | 126/141 [02:01<00:14,  1.04it/s]
 90%|█████████ | 127/141 [02:02<00:13,  1.04it/s]
 91%|█████████ | 128/141 [02:03<00:12,  1.04it/s]
 91%|█████████▏| 129/141 [02:04<00:11,  1.04it/s]
 92%|█████████▏| 130/141 [02:05<00:10,  1.04it/s]
 93%|█████████▎| 131/141 [02:06<00:09,  1.04it/s]
 94%|█████████▎| 132/141 [02:07<00:08,  1.04it/s]
 94%|█████████▍| 133/141 [02:08<00:07,  1.04it/s]
 95%|█████████▌| 134/141 [02:09<00:06,  1.04it/s]
 96%|█████████▌| 135/141 [02:10<00:05,  1.04it/s]
 96%|█████████▋| 136/141 [02:11<00:04,  1.04it/s]
 97%|█████████▋| 137/141 [02:12<00:03,  1.04it/s]
 98%|█████████▊| 138/141 [02:13<00:02,  1.04it/s]
 99%|█████████▊| 139/141 [02:14<00:01,  1.04it/s]
 99%|█████████▉| 140/141 [02:14<00:00,  1.04it/s]
 99%|█████████▉| 140/141 [02:15<00:00,  1.03it/s]
tensor(12.4688, device='cuda:0', dtype=torch.float16)
Elapsed time: 140.47406335300184 seconds
