# run: opt-1.3b_seq1024_oaken
# start: 2026-05-12T19:58:44
# idle_vram: {'used_mib': 33, 'free_mib': 7668, 'total_mib': 8151}
# command: docker exec -w /workspace oaken-ae-container /opt/conda/envs/oaken/bin/python eval_perplexity.py -m opt -s 1.3b -t wikitext --gpu-start-idx 0 --gpu-count 1 --sequence-length 1024 --stride 1024 -q results/rtx5060/opt-1.3b/oaken-quantizer.json --quant-method oaken


  0%|          | 0/281 [00:00<?, ?it/s]= Run Configuration ===================
Model name: opt
Model size: 1.3b
Task: wikitext
Single run: False
Quantization method: oaken
Quantizer path: results/rtx5060/opt-1.3b/oaken-quantizer.json
Used GPUs: 0 - 0
=======================================
Running oaken
Perplexity window: sequence_length=1024, stride=1024, tokens=287645

  0%|          | 1/281 [00:00<01:42,  2.72it/s]
  1%|          | 2/281 [00:00<00:59,  4.71it/s]
  1%|          | 3/281 [00:00<00:46,  6.02it/s]
  1%|▏         | 4/281 [00:00<00:40,  6.91it/s]
  2%|▏         | 5/281 [00:00<00:36,  7.51it/s]
  2%|▏         | 6/281 [00:00<00:34,  7.92it/s]
  2%|▏         | 7/281 [00:01<00:33,  8.20it/s]
  3%|▎         | 8/281 [00:01<00:32,  8.40it/s]
  3%|▎         | 9/281 [00:01<00:31,  8.53it/s]
  4%|▎         | 10/281 [00:01<00:31,  8.63it/s]
  4%|▍         | 11/281 [00:01<00:31,  8.69it/s]
  4%|▍         | 12/281 [00:01<00:30,  8.74it/s]
  5%|▍         | 13/281 [00:01<00:30,  8.76it/s]
  5%|▍         | 14/281 [00:01<00:30,  8.79it/s]
  5%|▌         | 15/281 [00:01<00:30,  8.80it/s]
  6%|▌         | 16/281 [00:02<00:30,  8.81it/s]
  6%|▌         | 17/281 [00:02<00:29,  8.83it/s]
  6%|▋         | 18/281 [00:02<00:29,  8.84it/s]
  7%|▋         | 19/281 [00:02<00:29,  8.85it/s]
  7%|▋         | 20/281 [00:02<00:29,  8.84it/s]
  7%|▋         | 21/281 [00:02<00:29,  8.85it/s]
  8%|▊         | 22/281 [00:02<00:29,  8.85it/s]
  8%|▊         | 23/281 [00:02<00:29,  8.85it/s]
  9%|▊         | 24/281 [00:02<00:29,  8.84it/s]
  9%|▉         | 25/281 [00:03<00:28,  8.84it/s]
  9%|▉         | 26/281 [00:03<00:28,  8.84it/s]
 10%|▉         | 27/281 [00:03<00:28,  8.84it/s]
 10%|▉         | 28/281 [00:03<00:28,  8.84it/s]
 10%|█         | 29/281 [00:03<00:28,  8.83it/s]
 11%|█         | 30/281 [00:03<00:28,  8.83it/s]
 11%|█         | 31/281 [00:03<00:28,  8.84it/s]
 11%|█▏        | 32/281 [00:03<00:28,  8.84it/s]
 12%|█▏        | 33/281 [00:03<00:28,  8.84it/s]
 12%|█▏        | 34/281 [00:04<00:27,  8.85it/s]
 12%|█▏        | 35/281 [00:04<00:27,  8.85it/s]
 13%|█▎        | 36/281 [00:04<00:27,  8.85it/s]
 13%|█▎        | 37/281 [00:04<00:27,  8.85it/s]
 14%|█▎        | 38/281 [00:04<00:27,  8.85it/s]
 14%|█▍        | 39/281 [00:04<00:27,  8.85it/s]
 14%|█▍        | 40/281 [00:04<00:27,  8.85it/s]
 15%|█▍        | 41/281 [00:04<00:27,  8.85it/s]
 15%|█▍        | 42/281 [00:04<00:27,  8.84it/s]
 15%|█▌        | 43/281 [00:05<00:26,  8.84it/s]
 16%|█▌        | 44/281 [00:05<00:26,  8.84it/s]
 16%|█▌        | 45/281 [00:05<00:26,  8.84it/s]
 16%|█▋        | 46/281 [00:05<00:26,  8.83it/s]
 17%|█▋        | 47/281 [00:05<00:26,  8.83it/s]
 17%|█▋        | 48/281 [00:05<00:26,  8.83it/s]
 17%|█▋        | 49/281 [00:05<00:26,  8.83it/s]
 18%|█▊        | 50/281 [00:05<00:26,  8.83it/s]
 18%|█▊        | 51/281 [00:06<00:26,  8.83it/s]
 19%|█▊        | 52/281 [00:06<00:25,  8.83it/s]
 19%|█▉        | 53/281 [00:06<00:25,  8.84it/s]
 19%|█▉        | 54/281 [00:06<00:25,  8.83it/s]
 20%|█▉        | 55/281 [00:06<00:25,  8.84it/s]
 20%|█▉        | 56/281 [00:06<00:25,  8.84it/s]
 20%|██        | 57/281 [00:06<00:25,  8.84it/s]
 21%|██        | 58/281 [00:06<00:25,  8.84it/s]
 21%|██        | 59/281 [00:06<00:25,  8.84it/s]
 21%|██▏       | 60/281 [00:07<00:25,  8.83it/s]
 22%|██▏       | 61/281 [00:07<00:24,  8.83it/s]
 22%|██▏       | 62/281 [00:07<00:24,  8.82it/s]
 22%|██▏       | 63/281 [00:07<00:24,  8.83it/s]
 23%|██▎       | 64/281 [00:07<00:24,  8.83it/s]
 23%|██▎       | 65/281 [00:07<00:24,  8.83it/s]
 23%|██▎       | 66/281 [00:07<00:24,  8.82it/s]
 24%|██▍       | 67/281 [00:07<00:24,  8.83it/s]
 24%|██▍       | 68/281 [00:07<00:24,  8.82it/s]
 25%|██▍       | 69/281 [00:08<00:24,  8.83it/s]
 25%|██▍       | 70/281 [00:08<00:23,  8.83it/s]
 25%|██▌       | 71/281 [00:08<00:23,  8.83it/s]
 26%|██▌       | 72/281 [00:08<00:23,  8.83it/s]
 26%|██▌       | 73/281 [00:08<00:23,  8.83it/s]
 26%|██▋       | 74/281 [00:08<00:23,  8.83it/s]
 27%|██▋       | 75/281 [00:08<00:23,  8.83it/s]
 27%|██▋       | 76/281 [00:08<00:23,  8.83it/s]
 27%|██▋       | 77/281 [00:08<00:23,  8.83it/s]
 28%|██▊       | 78/281 [00:09<00:22,  8.83it/s]
 28%|██▊       | 79/281 [00:09<00:22,  8.83it/s]
 28%|██▊       | 80/281 [00:09<00:22,  8.83it/s]
 29%|██▉       | 81/281 [00:09<00:22,  8.82it/s]
 29%|██▉       | 82/281 [00:09<00:22,  8.82it/s]
 30%|██▉       | 83/281 [00:09<00:22,  8.83it/s]
 30%|██▉       | 84/281 [00:09<00:22,  8.82it/s]
 30%|███       | 85/281 [00:09<00:22,  8.82it/s]
 31%|███       | 86/281 [00:09<00:22,  8.82it/s]
 31%|███       | 87/281 [00:10<00:21,  8.83it/s]
 31%|███▏      | 88/281 [00:10<00:21,  8.82it/s]
 32%|███▏      | 89/281 [00:10<00:21,  8.82it/s]
 32%|███▏      | 90/281 [00:10<00:21,  8.82it/s]
 32%|███▏      | 91/281 [00:10<00:21,  8.82it/s]
 33%|███▎      | 92/281 [00:10<00:21,  8.82it/s]
 33%|███▎      | 93/281 [00:10<00:21,  8.82it/s]
 33%|███▎      | 94/281 [00:10<00:21,  8.82it/s]
 34%|███▍      | 95/281 [00:10<00:21,  8.83it/s]
 34%|███▍      | 96/281 [00:11<00:20,  8.82it/s]
 35%|███▍      | 97/281 [00:11<00:20,  8.83it/s]
 35%|███▍      | 98/281 [00:11<00:20,  8.82it/s]
 35%|███▌      | 99/281 [00:11<00:20,  8.82it/s]
 36%|███▌      | 100/281 [00:11<00:20,  8.82it/s]
 36%|███▌      | 101/281 [00:11<00:20,  8.82it/s]
 36%|███▋      | 102/281 [00:11<00:20,  8.82it/s]
 37%|███▋      | 103/281 [00:11<00:20,  8.81it/s]
 37%|███▋      | 104/281 [00:12<00:20,  8.81it/s]
 37%|███▋      | 105/281 [00:12<00:19,  8.82it/s]
 38%|███▊      | 106/281 [00:12<00:19,  8.82it/s]
 38%|███▊      | 107/281 [00:12<00:19,  8.82it/s]
 38%|███▊      | 108/281 [00:12<00:19,  8.82it/s]
 39%|███▉      | 109/281 [00:12<00:19,  8.82it/s]
 39%|███▉      | 110/281 [00:12<00:19,  8.82it/s]
 40%|███▉      | 111/281 [00:12<00:19,  8.83it/s]
 40%|███▉      | 112/281 [00:12<00:19,  8.83it/s]
 40%|████      | 113/281 [00:13<00:19,  8.82it/s]
 41%|████      | 114/281 [00:13<00:18,  8.82it/s]
 41%|████      | 115/281 [00:13<00:18,  8.82it/s]
 41%|████▏     | 116/281 [00:13<00:18,  8.82it/s]
 42%|████▏     | 117/281 [00:13<00:18,  8.82it/s]
 42%|████▏     | 118/281 [00:13<00:18,  8.81it/s]
 42%|████▏     | 119/281 [00:13<00:18,  8.82it/s]
 43%|████▎     | 120/281 [00:13<00:18,  8.82it/s]
 43%|████▎     | 121/281 [00:13<00:18,  8.82it/s]
 43%|████▎     | 122/281 [00:14<00:18,  8.82it/s]
 44%|████▍     | 123/281 [00:14<00:17,  8.82it/s]
 44%|████▍     | 124/281 [00:14<00:17,  8.82it/s]
 44%|████▍     | 125/281 [00:14<00:17,  8.83it/s]
 45%|████▍     | 126/281 [00:14<00:17,  8.82it/s]
 45%|████▌     | 127/281 [00:14<00:17,  8.82it/s]
 46%|████▌     | 128/281 [00:14<00:17,  8.82it/s]
 46%|████▌     | 129/281 [00:14<00:17,  8.82it/s]
 46%|████▋     | 130/281 [00:14<00:17,  8.82it/s]
 47%|████▋     | 131/281 [00:15<00:17,  8.82it/s]
 47%|████▋     | 132/281 [00:15<00:16,  8.81it/s]
 47%|████▋     | 133/281 [00:15<00:16,  8.81it/s]
 48%|████▊     | 134/281 [00:15<00:16,  8.81it/s]
 48%|████▊     | 135/281 [00:15<00:16,  8.82it/s]
 48%|████▊     | 136/281 [00:15<00:16,  8.81it/s]
 49%|████▉     | 137/281 [00:15<00:16,  8.82it/s]
 49%|████▉     | 138/281 [00:15<00:16,  8.82it/s]
 49%|████▉     | 139/281 [00:15<00:16,  8.82it/s]
 50%|████▉     | 140/281 [00:16<00:15,  8.82it/s]
 50%|█████     | 141/281 [00:16<00:15,  8.82it/s]
 51%|█████     | 142/281 [00:16<00:15,  8.82it/s]
 51%|█████     | 143/281 [00:16<00:15,  8.82it/s]
 51%|█████     | 144/281 [00:16<00:15,  8.82it/s]
 52%|█████▏    | 145/281 [00:16<00:15,  8.81it/s]
 52%|█████▏    | 146/281 [00:16<00:15,  8.81it/s]
 52%|█████▏    | 147/281 [00:16<00:15,  8.81it/s]
 53%|█████▎    | 148/281 [00:17<00:15,  8.81it/s]
 53%|█████▎    | 149/281 [00:17<00:14,  8.82it/s]
 53%|█████▎    | 150/281 [00:17<00:14,  8.81it/s]
 54%|█████▎    | 151/281 [00:17<00:14,  8.82it/s]
 54%|█████▍    | 152/281 [00:17<00:14,  8.81it/s]
 54%|█████▍    | 153/281 [00:17<00:14,  8.81it/s]
 55%|█████▍    | 154/281 [00:17<00:14,  8.81it/s]
 55%|█████▌    | 155/281 [00:17<00:14,  8.81it/s]
 56%|█████▌    | 156/281 [00:17<00:14,  8.81it/s]
 56%|█████▌    | 157/281 [00:18<00:14,  8.82it/s]
 56%|█████▌    | 158/281 [00:18<00:13,  8.81it/s]
 57%|█████▋    | 159/281 [00:18<00:13,  8.81it/s]
 57%|█████▋    | 160/281 [00:18<00:13,  8.81it/s]
 57%|█████▋    | 161/281 [00:18<00:13,  8.81it/s]
 58%|█████▊    | 162/281 [00:18<00:13,  8.81it/s]
 58%|█████▊    | 163/281 [00:18<00:13,  8.82it/s]
 58%|█████▊    | 164/281 [00:18<00:13,  8.81it/s]
 59%|█████▊    | 165/281 [00:18<00:13,  8.82it/s]
 59%|█████▉    | 166/281 [00:19<00:13,  8.81it/s]
 59%|█████▉    | 167/281 [00:19<00:12,  8.82it/s]
 60%|█████▉    | 168/281 [00:19<00:12,  8.81it/s]
 60%|██████    | 169/281 [00:19<00:12,  8.82it/s]
 60%|██████    | 170/281 [00:19<00:12,  8.81it/s]
 61%|██████    | 171/281 [00:19<00:12,  8.81it/s]
 61%|██████    | 172/281 [00:19<00:12,  8.81it/s]
 62%|██████▏   | 173/281 [00:19<00:12,  8.80it/s]
 62%|██████▏   | 174/281 [00:19<00:12,  8.80it/s]
 62%|██████▏   | 175/281 [00:20<00:12,  8.81it/s]
 63%|██████▎   | 176/281 [00:20<00:11,  8.81it/s]
 63%|██████▎   | 177/281 [00:20<00:11,  8.81it/s]
 63%|██████▎   | 178/281 [00:20<00:11,  8.81it/s]
 64%|██████▎   | 179/281 [00:20<00:11,  8.82it/s]
 64%|██████▍   | 180/281 [00:20<00:11,  8.81it/s]
 64%|██████▍   | 181/281 [00:20<00:11,  8.82it/s]
 65%|██████▍   | 182/281 [00:20<00:11,  8.81it/s]
 65%|██████▌   | 183/281 [00:20<00:11,  8.82it/s]
 65%|██████▌   | 184/281 [00:21<00:11,  8.81it/s]
 66%|██████▌   | 185/281 [00:21<00:10,  8.82it/s]
 66%|██████▌   | 186/281 [00:21<00:10,  8.81it/s]
 67%|██████▋   | 187/281 [00:21<00:10,  8.81it/s]
 67%|██████▋   | 188/281 [00:21<00:10,  8.81it/s]
 67%|██████▋   | 189/281 [00:21<00:10,  8.81it/s]
 68%|██████▊   | 190/281 [00:21<00:10,  8.81it/s]
 68%|██████▊   | 191/281 [00:21<00:10,  8.81it/s]
 68%|██████▊   | 192/281 [00:21<00:10,  8.81it/s]
 69%|██████▊   | 193/281 [00:22<00:09,  8.81it/s]
 69%|██████▉   | 194/281 [00:22<00:09,  8.81it/s]
 69%|██████▉   | 195/281 [00:22<00:09,  8.81it/s]
 70%|██████▉   | 196/281 [00:22<00:09,  8.81it/s]
 70%|███████   | 197/281 [00:22<00:09,  8.81it/s]
 70%|███████   | 198/281 [00:22<00:09,  8.81it/s]
 71%|███████   | 199/281 [00:22<00:09,  8.81it/s]
 71%|███████   | 200/281 [00:22<00:09,  8.81it/s]
 72%|███████▏  | 201/281 [00:23<00:09,  8.80it/s]
 72%|███████▏  | 202/281 [00:23<00:08,  8.80it/s]
 72%|███████▏  | 203/281 [00:23<00:08,  8.81it/s]
 73%|███████▎  | 204/281 [00:23<00:08,  8.81it/s]
 73%|███████▎  | 205/281 [00:23<00:08,  8.81it/s]
 73%|███████▎  | 206/281 [00:23<00:08,  8.81it/s]
 74%|███████▎  | 207/281 [00:23<00:08,  8.81it/s]
 74%|███████▍  | 208/281 [00:23<00:08,  8.81it/s]
 74%|███████▍  | 209/281 [00:23<00:08,  8.81it/s]
 75%|███████▍  | 210/281 [00:24<00:08,  8.81it/s]
 75%|███████▌  | 211/281 [00:24<00:07,  8.81it/s]
 75%|███████▌  | 212/281 [00:24<00:07,  8.80it/s]
 76%|███████▌  | 213/281 [00:24<00:07,  8.80it/s]
 76%|███████▌  | 214/281 [00:24<00:07,  8.81it/s]
 77%|███████▋  | 215/281 [00:24<00:07,  8.80it/s]
 77%|███████▋  | 216/281 [00:24<00:07,  8.81it/s]
 77%|███████▋  | 217/281 [00:24<00:07,  8.81it/s]
 78%|███████▊  | 218/281 [00:24<00:07,  8.81it/s]
 78%|███████▊  | 219/281 [00:25<00:07,  8.81it/s]
 78%|███████▊  | 220/281 [00:25<00:06,  8.81it/s]
 79%|███████▊  | 221/281 [00:25<00:06,  8.81it/s]
 79%|███████▉  | 222/281 [00:25<00:06,  8.80it/s]
 79%|███████▉  | 223/281 [00:25<00:06,  8.80it/s]
 80%|███████▉  | 224/281 [00:25<00:06,  8.80it/s]
 80%|████████  | 225/281 [00:25<00:06,  8.80it/s]
 80%|████████  | 226/281 [00:25<00:06,  8.81it/s]
 81%|████████  | 227/281 [00:25<00:06,  8.80it/s]
 81%|████████  | 228/281 [00:26<00:06,  8.81it/s]
 81%|████████▏ | 229/281 [00:26<00:05,  8.80it/s]
 82%|████████▏ | 230/281 [00:26<00:05,  8.80it/s]
 82%|████████▏ | 231/281 [00:26<00:05,  8.81it/s]
 83%|████████▎ | 232/281 [00:26<00:05,  8.81it/s]
 83%|████████▎ | 233/281 [00:26<00:05,  8.81it/s]
 83%|████████▎ | 234/281 [00:26<00:05,  8.81it/s]
 84%|████████▎ | 235/281 [00:26<00:05,  8.81it/s]
 84%|████████▍ | 236/281 [00:26<00:05,  8.81it/s]
 84%|████████▍ | 237/281 [00:27<00:04,  8.81it/s]
 85%|████████▍ | 238/281 [00:27<00:04,  8.81it/s]
 85%|████████▌ | 239/281 [00:27<00:04,  8.81it/s]
 85%|████████▌ | 240/281 [00:27<00:04,  8.81it/s]
 86%|████████▌ | 241/281 [00:27<00:04,  8.81it/s]
 86%|████████▌ | 242/281 [00:27<00:04,  8.80it/s]
 86%|████████▋ | 243/281 [00:27<00:04,  8.80it/s]
 87%|████████▋ | 244/281 [00:27<00:04,  8.80it/s]
 87%|████████▋ | 245/281 [00:28<00:04,  8.80it/s]
 88%|████████▊ | 246/281 [00:28<00:03,  8.80it/s]
 88%|████████▊ | 247/281 [00:28<00:03,  8.81it/s]
 88%|████████▊ | 248/281 [00:28<00:03,  8.81it/s]
 89%|████████▊ | 249/281 [00:28<00:03,  8.81it/s]
 89%|████████▉ | 250/281 [00:28<00:03,  8.81it/s]
 89%|████████▉ | 251/281 [00:28<00:03,  8.81it/s]
 90%|████████▉ | 252/281 [00:28<00:03,  8.81it/s]
 90%|█████████ | 253/281 [00:28<00:03,  8.81it/s]
 90%|█████████ | 254/281 [00:29<00:03,  8.81it/s]
 91%|█████████ | 255/281 [00:29<00:02,  8.80it/s]
 91%|█████████ | 256/281 [00:29<00:02,  8.80it/s]
 91%|█████████▏| 257/281 [00:29<00:02,  8.80it/s]
 92%|█████████▏| 258/281 [00:29<00:02,  8.80it/s]
 92%|█████████▏| 259/281 [00:29<00:02,  8.80it/s]
 93%|█████████▎| 260/281 [00:29<00:02,  8.80it/s]
 93%|█████████▎| 261/281 [00:29<00:02,  8.80it/s]
 93%|█████████▎| 262/281 [00:29<00:02,  8.80it/s]
 94%|█████████▎| 263/281 [00:30<00:02,  8.80it/s]
 94%|█████████▍| 264/281 [00:30<00:01,  8.80it/s]
 94%|█████████▍| 265/281 [00:30<00:01,  8.81it/s]
 95%|█████████▍| 266/281 [00:30<00:01,  8.81it/s]
 95%|█████████▌| 267/281 [00:30<00:01,  8.81it/s]
 95%|█████████▌| 268/281 [00:30<00:01,  8.81it/s]
 96%|█████████▌| 269/281 [00:30<00:01,  8.80it/s]
 96%|█████████▌| 270/281 [00:30<00:01,  8.81it/s]
 96%|█████████▋| 271/281 [00:30<00:01,  8.80it/s]
 97%|█████████▋| 272/281 [00:31<00:01,  8.80it/s]
 97%|█████████▋| 273/281 [00:31<00:00,  8.80it/s]
 98%|█████████▊| 274/281 [00:31<00:00,  8.80it/s]
 98%|█████████▊| 275/281 [00:31<00:00,  8.80it/s]
 98%|█████████▊| 276/281 [00:31<00:00,  8.80it/s]
 99%|█████████▊| 277/281 [00:31<00:00,  8.80it/s]
 99%|█████████▉| 278/281 [00:31<00:00,  8.80it/s]
 99%|█████████▉| 279/281 [00:31<00:00,  8.80it/s]
100%|█████████▉| 280/281 [00:31<00:00,  8.80it/s]
100%|█████████▉| 280/281 [00:32<00:00,  8.72it/s]
tensor(17.5469, device='cuda:0', dtype=torch.float16)
Decoder 0 Sparsity: Key - [0.032544222975222664, 0.904826492389326, 0.06262928467522312], Value - [0.03926326060051171, 0.9007277327500204, 0.060009006808555]
Decoder 1 Sparsity: Key - [0.04370930122735237, 0.8997301128411208, 0.05656058602432763], Value - [0.038483640000065024, 0.8994879281393574, 0.06202843188709212]
Decoder 2 Sparsity: Key - [0.03327308367155625, 0.9103839917115045, 0.05634292478928362], Value - [0.04039472728649492, 0.8997355881959094, 0.05986968467668282]
Decoder 3 Sparsity: Key - [0.03758027745258342, 0.9062799906815499, 0.056139731852609495], Value - [0.04048464103896847, 0.8997540730598559, 0.059761286033748307]
Decoder 4 Sparsity: Key - [0.043456714467752025, 0.8980026542079831, 0.058540631456837536], Value - [0.040008074169799526, 0.9001101367838442, 0.059881789046356264]
Decoder 5 Sparsity: Key - [0.042470324771260025, 0.8993478324065429, 0.05818184287522611], Value - [0.039994691892981105, 0.9000078749402138, 0.0599974332728632]
Decoder 6 Sparsity: Key - [0.04235784233517918, 0.9003780768435197, 0.05726408082130117], Value - [0.039567547880139636, 0.9004199912115348, 0.06001246096135458]
Decoder 7 Sparsity: Key - [0.04366698996346192, 0.9011924152272451, 0.055140594915350984], Value - [0.03950170399720559, 0.9002725108662534, 0.06022578511002649]
Decoder 8 Sparsity: Key - [0.04048236492636789, 0.9036422303987144, 0.05587540484726217], Value - [0.03914517854933637, 0.9003028916294464, 0.06055192986098897]
Decoder 9 Sparsity: Key - [0.04362985483798268, 0.8995628827831499, 0.05680726241863919], Value - [0.038985741626325454, 0.9004153836240124, 0.06059887480269123]
Decoder 10 Sparsity: Key - [0.04654089368057845, 0.8976993830178556, 0.05575972339436677], Value - [0.03959274952203778, 0.9000975519312658, 0.060309698666011734]
Decoder 11 Sparsity: Key - [0.0461260051701841, 0.8981876152690195, 0.055686379640339956], Value - [0.03988552145209177, 0.8998238365845324, 0.060290642095948456]
Decoder 12 Sparsity: Key - [0.04857533513916345, 0.8961531097778647, 0.05527155521554455], Value - [0.04001288550816397, 0.8996721612176861, 0.06031495334043622]
Decoder 13 Sparsity: Key - [0.05197125483715237, 0.8938784206889278, 0.054150324606492425], Value - [0.04009991051675586, 0.8996873410995321, 0.060212748503027436]
Decoder 14 Sparsity: Key - [0.05087237420667533, 0.8945105419464383, 0.05461708401923078], Value - [0.03978604411050094, 0.8998635646711465, 0.060350391244867095]
Decoder 15 Sparsity: Key - [0.055715786286520366, 0.8888275748470076, 0.0554566389592729], Value - [0.039296080991360643, 0.9002020685698214, 0.06050185058464783]
Decoder 16 Sparsity: Key - [0.056407913989868025, 0.8893450010713734, 0.054247084991787674], Value - [0.03905664003881695, 0.9003258042064002, 0.06061755578129741]
Decoder 17 Sparsity: Key - [0.053230247291275616, 0.8907849877754564, 0.05598476507909782], Value - [0.03935429917853922, 0.9001278650293995, 0.06051783579206127]
Decoder 18 Sparsity: Key - [0.0514705890915572, 0.891234277406197, 0.05729513364807567], Value - [0.039839939688236264, 0.8997259271526676, 0.06043413318561065]
Decoder 19 Sparsity: Key - [0.052302466897671755, 0.8904343026812814, 0.05726323040778951], Value - [0.04053132410999719, 0.899174970027815, 0.060293705928474134]
Decoder 20 Sparsity: Key - [0.05375711451486761, 0.8895880898122686, 0.05665479567286383], Value - [0.040726910361827906, 0.8991589051972929, 0.060114184613223605]
Decoder 21 Sparsity: Key - [0.047028656386077616, 0.894851187794234, 0.05812015588597471], Value - [0.0407633361708227, 0.8990143380555394, 0.06022232585318148]
Decoder 22 Sparsity: Key - [0.04274147754250048, 0.9005847798123479, 0.056673742764467024], Value - [0.04124483574857916, 0.8986386277073218, 0.06011653665015706]
Decoder 23 Sparsity: Key - [0.03917151074392516, 0.9027166697478379, 0.05811181957452323], Value - [0.041431429958322295, 0.898520928684927, 0.060047641462808825]
Total Sparsity: Key - [0.045795108433614, 0.8975892758807821, 0.056615615772328653], Value - [0.039893796433245025, 0.8998028333889917, 0.060303370256754675]
