# run: opt-1.3b_seq256_original_fp16
# start: 2026-05-12T19:55:41
# idle_vram: {'used_mib': 33, 'free_mib': 7668, 'total_mib': 8151}
# command: docker exec -w /workspace oaken-ae-container /opt/conda/envs/oaken/bin/python eval_perplexity.py -m opt -s 1.3b -t wikitext --gpu-start-idx 0 --gpu-count 1 --sequence-length 256 --stride 256 --quant-method none

= Run Configuration ===================
Model name: opt
Model size: 1.3b
Task: wikitext
Single run: False
Quantization method: none
Quantizer path: None
Used GPUs: 0 - 0
=======================================
Running Original Model
Perplexity window: sequence_length=256, stride=256, tokens=287645

  0%|          | 0/1124 [00:00<?, ?it/s]
  0%|          | 1/1124 [00:00<03:45,  4.98it/s]
  1%|          | 7/1124 [00:00<00:40, 27.29it/s]
  1%|          | 12/1124 [00:00<00:31, 34.98it/s]
  2%|▏         | 17/1124 [00:00<00:28, 39.40it/s]
  2%|▏         | 22/1124 [00:00<00:26, 41.99it/s]
  2%|▏         | 27/1124 [00:00<00:25, 43.71it/s]
  3%|▎         | 32/1124 [00:00<00:24, 44.79it/s]
  3%|▎         | 37/1124 [00:00<00:23, 45.47it/s]
  4%|▎         | 42/1124 [00:01<00:23, 45.99it/s]
  4%|▍         | 47/1124 [00:01<00:23, 46.30it/s]
  5%|▍         | 52/1124 [00:01<00:23, 46.54it/s]
  5%|▌         | 57/1124 [00:01<00:22, 46.70it/s]
  6%|▌         | 62/1124 [00:01<00:22, 46.77it/s]
  6%|▌         | 67/1124 [00:01<00:22, 46.87it/s]
  6%|▋         | 72/1124 [00:01<00:22, 46.89it/s]
  7%|▋         | 77/1124 [00:01<00:22, 46.87it/s]
  7%|▋         | 82/1124 [00:01<00:22, 46.91it/s]
  8%|▊         | 87/1124 [00:02<00:22, 46.91it/s]
  8%|▊         | 92/1124 [00:02<00:22, 46.90it/s]
  9%|▊         | 97/1124 [00:02<00:21, 46.92it/s]
  9%|▉         | 102/1124 [00:02<00:21, 46.94it/s]
 10%|▉         | 107/1124 [00:02<00:21, 46.91it/s]
 10%|▉         | 112/1124 [00:02<00:21, 46.94it/s]
 10%|█         | 117/1124 [00:02<00:21, 46.92it/s]
 11%|█         | 122/1124 [00:02<00:21, 46.94it/s]
 11%|█▏        | 127/1124 [00:02<00:21, 46.97it/s]
 12%|█▏        | 132/1124 [00:02<00:21, 46.98it/s]
 12%|█▏        | 137/1124 [00:03<00:21, 46.95it/s]
 13%|█▎        | 142/1124 [00:03<00:20, 46.99it/s]
 13%|█▎        | 147/1124 [00:03<00:20, 46.94it/s]
 14%|█▎        | 152/1124 [00:03<00:20, 46.93it/s]
 14%|█▍        | 157/1124 [00:03<00:20, 46.96it/s]
 14%|█▍        | 162/1124 [00:03<00:20, 46.93it/s]
 15%|█▍        | 167/1124 [00:03<00:20, 46.90it/s]
 15%|█▌        | 172/1124 [00:03<00:20, 46.88it/s]
 16%|█▌        | 177/1124 [00:03<00:20, 46.88it/s]
 16%|█▌        | 182/1124 [00:04<00:20, 46.90it/s]
 17%|█▋        | 187/1124 [00:04<00:19, 46.88it/s]
 17%|█▋        | 192/1124 [00:04<00:19, 46.90it/s]
 18%|█▊        | 197/1124 [00:04<00:19, 46.84it/s]
 18%|█▊        | 202/1124 [00:04<00:19, 46.85it/s]
 18%|█▊        | 207/1124 [00:04<00:19, 46.86it/s]
 19%|█▉        | 212/1124 [00:04<00:19, 46.86it/s]
 19%|█▉        | 217/1124 [00:04<00:19, 46.90it/s]
 20%|█▉        | 222/1124 [00:04<00:19, 46.93it/s]
 20%|██        | 227/1124 [00:04<00:19, 46.90it/s]
 21%|██        | 232/1124 [00:05<00:19, 46.92it/s]
 21%|██        | 237/1124 [00:05<00:18, 46.92it/s]
 22%|██▏       | 242/1124 [00:05<00:18, 46.92it/s]
 22%|██▏       | 247/1124 [00:05<00:18, 46.92it/s]
 22%|██▏       | 252/1124 [00:05<00:18, 46.95it/s]
 23%|██▎       | 257/1124 [00:05<00:18, 46.90it/s]
 23%|██▎       | 262/1124 [00:05<00:18, 46.88it/s]
 24%|██▍       | 267/1124 [00:05<00:18, 46.86it/s]
 24%|██▍       | 272/1124 [00:05<00:18, 46.85it/s]
 25%|██▍       | 277/1124 [00:06<00:18, 46.84it/s]
 25%|██▌       | 282/1124 [00:06<00:17, 46.87it/s]
 26%|██▌       | 287/1124 [00:06<00:17, 46.82it/s]
 26%|██▌       | 292/1124 [00:06<00:17, 46.84it/s]
 26%|██▋       | 297/1124 [00:06<00:17, 46.86it/s]
 27%|██▋       | 302/1124 [00:06<00:17, 46.75it/s]
 27%|██▋       | 307/1124 [00:06<00:17, 46.80it/s]
 28%|██▊       | 312/1124 [00:06<00:17, 46.86it/s]
 28%|██▊       | 317/1124 [00:06<00:17, 46.84it/s]
 29%|██▊       | 322/1124 [00:07<00:17, 46.86it/s]
 29%|██▉       | 327/1124 [00:07<00:17, 46.88it/s]
 30%|██▉       | 332/1124 [00:07<00:16, 46.85it/s]
 30%|██▉       | 337/1124 [00:07<00:16, 46.89it/s]
 30%|███       | 342/1124 [00:07<00:16, 46.88it/s]
 31%|███       | 347/1124 [00:07<00:16, 46.89it/s]
 31%|███▏      | 352/1124 [00:07<00:16, 46.88it/s]
 32%|███▏      | 357/1124 [00:07<00:16, 46.84it/s]
 32%|███▏      | 362/1124 [00:07<00:16, 46.86it/s]
 33%|███▎      | 367/1124 [00:07<00:16, 46.82it/s]
 33%|███▎      | 372/1124 [00:08<00:16, 46.86it/s]
 34%|███▎      | 377/1124 [00:08<00:15, 46.82it/s]
 34%|███▍      | 382/1124 [00:08<00:15, 46.80it/s]
 34%|███▍      | 387/1124 [00:08<00:15, 46.78it/s]
 35%|███▍      | 392/1124 [00:08<00:15, 46.80it/s]
 35%|███▌      | 397/1124 [00:08<00:15, 46.81it/s]
 36%|███▌      | 402/1124 [00:08<00:15, 46.81it/s]
 36%|███▌      | 407/1124 [00:08<00:15, 46.85it/s]
 37%|███▋      | 412/1124 [00:08<00:15, 46.84it/s]
 37%|███▋      | 417/1124 [00:09<00:15, 46.85it/s]
 38%|███▊      | 422/1124 [00:09<00:14, 46.85it/s]
 38%|███▊      | 427/1124 [00:09<00:14, 46.87it/s]
 38%|███▊      | 432/1124 [00:09<00:14, 46.83it/s]
 39%|███▉      | 437/1124 [00:09<00:14, 46.85it/s]
 39%|███▉      | 442/1124 [00:09<00:14, 46.88it/s]
 40%|███▉      | 447/1124 [00:09<00:14, 46.83it/s]
 40%|████      | 452/1124 [00:09<00:14, 46.80it/s]
 41%|████      | 457/1124 [00:09<00:14, 46.83it/s]
 41%|████      | 462/1124 [00:10<00:14, 46.80it/s]
 42%|████▏     | 467/1124 [00:10<00:14, 46.81it/s]
 42%|████▏     | 472/1124 [00:10<00:13, 46.78it/s]
 42%|████▏     | 477/1124 [00:10<00:13, 46.80it/s]
 43%|████▎     | 482/1124 [00:10<00:13, 46.77it/s]
 43%|████▎     | 487/1124 [00:10<00:13, 46.83it/s]
 44%|████▍     | 492/1124 [00:10<00:13, 46.79it/s]
 44%|████▍     | 497/1124 [00:10<00:13, 46.78it/s]
 45%|████▍     | 502/1124 [00:10<00:13, 46.81it/s]
 45%|████▌     | 507/1124 [00:10<00:13, 46.85it/s]
 46%|████▌     | 512/1124 [00:11<00:13, 46.81it/s]
 46%|████▌     | 517/1124 [00:11<00:12, 46.82it/s]
 46%|████▋     | 522/1124 [00:11<00:12, 46.85it/s]
 47%|████▋     | 527/1124 [00:11<00:12, 46.82it/s]
 47%|████▋     | 532/1124 [00:11<00:12, 46.82it/s]
 48%|████▊     | 537/1124 [00:11<00:12, 46.80it/s]
 48%|████▊     | 542/1124 [00:11<00:12, 46.80it/s]
 49%|████▊     | 547/1124 [00:11<00:12, 46.75it/s]
 49%|████▉     | 552/1124 [00:11<00:12, 46.78it/s]
 50%|████▉     | 557/1124 [00:12<00:12, 46.76it/s]
 50%|█████     | 562/1124 [00:12<00:12, 46.79it/s]
 50%|█████     | 567/1124 [00:12<00:11, 46.77it/s]
 51%|█████     | 572/1124 [00:12<00:11, 46.79it/s]
 51%|█████▏    | 577/1124 [00:12<00:11, 46.76it/s]
 52%|█████▏    | 582/1124 [00:12<00:11, 46.78it/s]
 52%|█████▏    | 587/1124 [00:12<00:11, 46.78it/s]
 53%|█████▎    | 592/1124 [00:12<00:11, 46.79it/s]
 53%|█████▎    | 597/1124 [00:12<00:11, 46.81it/s]
 54%|█████▎    | 602/1124 [00:12<00:11, 46.81it/s]
 54%|█████▍    | 607/1124 [00:13<00:11, 46.78it/s]
 54%|█████▍    | 612/1124 [00:13<00:10, 46.82it/s]
 55%|█████▍    | 617/1124 [00:13<00:10, 46.79it/s]
 55%|█████▌    | 622/1124 [00:13<00:10, 46.80it/s]
 56%|█████▌    | 627/1124 [00:13<00:10, 46.79it/s]
 56%|█████▌    | 632/1124 [00:13<00:10, 46.78it/s]
 57%|█████▋    | 637/1124 [00:13<00:10, 46.76it/s]
 57%|█████▋    | 642/1124 [00:13<00:10, 46.78it/s]
 58%|█████▊    | 647/1124 [00:13<00:10, 46.76it/s]
 58%|█████▊    | 652/1124 [00:14<00:10, 46.75it/s]
 58%|█████▊    | 657/1124 [00:14<00:09, 46.75it/s]
 59%|█████▉    | 662/1124 [00:14<00:09, 46.79it/s]
 59%|█████▉    | 667/1124 [00:14<00:09, 46.73it/s]
 60%|█████▉    | 672/1124 [00:14<00:09, 46.77it/s]
 60%|██████    | 677/1124 [00:14<00:09, 46.72it/s]
 61%|██████    | 682/1124 [00:14<00:09, 46.78it/s]
 61%|██████    | 687/1124 [00:14<00:09, 46.79it/s]
 62%|██████▏   | 692/1124 [00:14<00:09, 46.78it/s]
 62%|██████▏   | 697/1124 [00:15<00:09, 46.78it/s]
 62%|██████▏   | 702/1124 [00:15<00:09, 46.82it/s]
 63%|██████▎   | 707/1124 [00:15<00:08, 46.81it/s]
 63%|██████▎   | 712/1124 [00:15<00:08, 46.82it/s]
 64%|██████▍   | 717/1124 [00:15<00:08, 46.82it/s]
 64%|██████▍   | 722/1124 [00:15<00:08, 46.83it/s]
 65%|██████▍   | 727/1124 [00:15<00:08, 46.79it/s]
 65%|██████▌   | 732/1124 [00:15<00:08, 46.76it/s]
 66%|██████▌   | 737/1124 [00:15<00:08, 46.80it/s]
 66%|██████▌   | 742/1124 [00:15<00:08, 46.75it/s]
 66%|██████▋   | 747/1124 [00:16<00:08, 46.78it/s]
 67%|██████▋   | 752/1124 [00:16<00:07, 46.73it/s]
 67%|██████▋   | 757/1124 [00:16<00:07, 46.75it/s]
 68%|██████▊   | 762/1124 [00:16<00:07, 46.71it/s]
 68%|██████▊   | 767/1124 [00:16<00:07, 46.77it/s]
 69%|██████▊   | 772/1124 [00:16<00:07, 46.71it/s]
 69%|██████▉   | 777/1124 [00:16<00:07, 46.76it/s]
 70%|██████▉   | 782/1124 [00:16<00:07, 46.78it/s]
 70%|███████   | 787/1124 [00:16<00:07, 46.80it/s]
 70%|███████   | 792/1124 [00:17<00:07, 46.79it/s]
 71%|███████   | 797/1124 [00:17<00:06, 46.78it/s]
 71%|███████▏  | 802/1124 [00:17<00:06, 46.78it/s]
 72%|███████▏  | 807/1124 [00:17<00:06, 46.80it/s]
 72%|███████▏  | 812/1124 [00:17<00:06, 46.81it/s]
 73%|███████▎  | 817/1124 [00:17<00:06, 46.78it/s]
 73%|███████▎  | 822/1124 [00:17<00:06, 46.77it/s]
 74%|███████▎  | 827/1124 [00:17<00:06, 46.77it/s]
 74%|███████▍  | 832/1124 [00:17<00:06, 46.74it/s]
 74%|███████▍  | 837/1124 [00:18<00:06, 46.77it/s]
 75%|███████▍  | 842/1124 [00:18<00:06, 46.72it/s]
 75%|███████▌  | 847/1124 [00:18<00:05, 46.74it/s]
 76%|███████▌  | 852/1124 [00:18<00:05, 46.72it/s]
 76%|███████▌  | 857/1124 [00:18<00:05, 46.71it/s]
 77%|███████▋  | 862/1124 [00:18<00:05, 46.73it/s]
 77%|███████▋  | 867/1124 [00:18<00:05, 46.74it/s]
 78%|███████▊  | 872/1124 [00:18<00:05, 46.77it/s]
 78%|███████▊  | 877/1124 [00:18<00:05, 46.80it/s]
 78%|███████▊  | 882/1124 [00:18<00:05, 46.79it/s]
 79%|███████▉  | 887/1124 [00:19<00:05, 46.82it/s]
 79%|███████▉  | 892/1124 [00:19<00:04, 46.80it/s]
 80%|███████▉  | 897/1124 [00:19<00:04, 46.80it/s]
 80%|████████  | 902/1124 [00:19<00:04, 46.80it/s]
 81%|████████  | 907/1124 [00:19<00:04, 46.80it/s]
 81%|████████  | 912/1124 [00:19<00:04, 46.78it/s]
 82%|████████▏ | 917/1124 [00:19<00:04, 46.72it/s]
 82%|████████▏ | 922/1124 [00:19<00:04, 46.75it/s]
 82%|████████▏ | 927/1124 [00:19<00:04, 46.76it/s]
 83%|████████▎ | 932/1124 [00:20<00:04, 46.75it/s]
 83%|████████▎ | 937/1124 [00:20<00:03, 46.76it/s]
 84%|████████▍ | 942/1124 [00:20<00:03, 46.76it/s]
 84%|████████▍ | 947/1124 [00:20<00:03, 46.74it/s]
 85%|████████▍ | 952/1124 [00:20<00:03, 46.75it/s]
 85%|████████▌ | 957/1124 [00:20<00:03, 46.71it/s]
 86%|████████▌ | 962/1124 [00:20<00:03, 46.74it/s]
 86%|████████▌ | 967/1124 [00:20<00:03, 46.75it/s]
 86%|████████▋ | 972/1124 [00:20<00:03, 46.78it/s]
 87%|████████▋ | 977/1124 [00:21<00:03, 46.78it/s]
 87%|████████▋ | 982/1124 [00:21<00:03, 46.77it/s]
 88%|████████▊ | 987/1124 [00:21<00:02, 46.78it/s]
 88%|████████▊ | 992/1124 [00:21<00:02, 46.81it/s]
 89%|████████▊ | 997/1124 [00:21<00:02, 46.79it/s]
 89%|████████▉ | 1002/1124 [00:21<00:02, 46.80it/s]
 90%|████████▉ | 1007/1124 [00:21<00:02, 46.75it/s]
 90%|█████████ | 1012/1124 [00:21<00:02, 46.78it/s]
 90%|█████████ | 1017/1124 [00:21<00:02, 46.76it/s]
 91%|█████████ | 1022/1124 [00:21<00:02, 46.78it/s]
 91%|█████████▏| 1027/1124 [00:22<00:02, 46.76it/s]
 92%|█████████▏| 1032/1124 [00:22<00:01, 46.75it/s]
 92%|█████████▏| 1037/1124 [00:22<00:01, 46.74it/s]
 93%|█████████▎| 1042/1124 [00:22<00:01, 46.71it/s]
 93%|█████████▎| 1047/1124 [00:22<00:01, 46.74it/s]
 94%|█████████▎| 1052/1124 [00:22<00:01, 46.75it/s]
 94%|█████████▍| 1057/1124 [00:22<00:01, 46.75it/s]
 94%|█████████▍| 1062/1124 [00:22<00:01, 46.75it/s]
 95%|█████████▍| 1067/1124 [00:22<00:01, 46.79it/s]
 95%|█████████▌| 1072/1124 [00:23<00:01, 46.78it/s]
 96%|█████████▌| 1077/1124 [00:23<00:01, 46.79it/s]
 96%|█████████▋| 1082/1124 [00:23<00:00, 46.80it/s]
 97%|█████████▋| 1087/1124 [00:23<00:00, 46.75it/s]
 97%|█████████▋| 1092/1124 [00:23<00:00, 46.79it/s]
 98%|█████████▊| 1097/1124 [00:23<00:00, 46.79it/s]
 98%|█████████▊| 1102/1124 [00:23<00:00, 46.73it/s]
 98%|█████████▊| 1107/1124 [00:23<00:00, 46.75it/s]
 99%|█████████▉| 1112/1124 [00:23<00:00, 46.75it/s]
 99%|█████████▉| 1117/1124 [00:24<00:00, 46.71it/s]
100%|█████████▉| 1122/1124 [00:24<00:00, 46.75it/s]
100%|█████████▉| 1123/1124 [00:24<00:00, 46.48it/s]
tensor(25.8906, device='cuda:0', dtype=torch.float16)
