# run: opt-1.3b_seq128_original_fp16
# start: 2026-05-12T19:54:01
# idle_vram: {'used_mib': 33, 'free_mib': 7668, 'total_mib': 8151}
# command: docker exec -w /workspace oaken-ae-container /opt/conda/envs/oaken/bin/python eval_perplexity.py -m opt -s 1.3b -t wikitext --gpu-start-idx 0 --gpu-count 1 --sequence-length 128 --stride 128 --quant-method none


  0%|          | 0/2248 [00:00<?, ?it/s]= Run Configuration ===================
Model name: opt
Model size: 1.3b
Task: wikitext
Single run: False
Quantization method: none
Quantizer path: None
Used GPUs: 0 - 0
=======================================
Running Original Model
Perplexity window: sequence_length=128, stride=128, tokens=287645

  0%|          | 1/2248 [00:00<07:14,  5.17it/s]
  0%|          | 11/2248 [00:00<00:50, 44.73it/s]
  1%|          | 20/2248 [00:00<00:36, 60.79it/s]
  1%|▏         | 29/2248 [00:00<00:31, 69.78it/s]
  2%|▏         | 38/2248 [00:00<00:29, 75.14it/s]
  2%|▏         | 47/2248 [00:00<00:28, 78.33it/s]
  2%|▏         | 56/2248 [00:00<00:27, 80.54it/s]
  3%|▎         | 65/2248 [00:00<00:26, 81.93it/s]
  3%|▎         | 74/2248 [00:01<00:26, 82.90it/s]
  4%|▎         | 83/2248 [00:01<00:25, 83.50it/s]
  4%|▍         | 92/2248 [00:01<00:25, 83.96it/s]
  4%|▍         | 101/2248 [00:01<00:25, 84.28it/s]
  5%|▍         | 110/2248 [00:01<00:25, 84.50it/s]
  5%|▌         | 119/2248 [00:01<00:25, 84.72it/s]
  6%|▌         | 128/2248 [00:01<00:25, 84.64it/s]
  6%|▌         | 137/2248 [00:01<00:24, 84.76it/s]
  6%|▋         | 146/2248 [00:01<00:24, 84.73it/s]
  7%|▋         | 155/2248 [00:01<00:24, 85.00it/s]
  7%|▋         | 164/2248 [00:02<00:24, 85.07it/s]
  8%|▊         | 173/2248 [00:02<00:24, 85.14it/s]
  8%|▊         | 182/2248 [00:02<00:24, 85.10it/s]
  8%|▊         | 191/2248 [00:02<00:24, 85.06it/s]
  9%|▉         | 200/2248 [00:02<00:24, 85.00it/s]
  9%|▉         | 209/2248 [00:02<00:24, 84.89it/s]
 10%|▉         | 218/2248 [00:02<00:23, 84.99it/s]
 10%|█         | 227/2248 [00:02<00:23, 84.91it/s]
 10%|█         | 236/2248 [00:02<00:23, 84.92it/s]
 11%|█         | 245/2248 [00:03<00:23, 84.87it/s]
 11%|█▏        | 254/2248 [00:03<00:23, 84.89it/s]
 12%|█▏        | 263/2248 [00:03<00:23, 84.80it/s]
 12%|█▏        | 272/2248 [00:03<00:23, 84.88it/s]
 12%|█▎        | 281/2248 [00:03<00:23, 84.91it/s]
 13%|█▎        | 290/2248 [00:03<00:23, 84.93it/s]
 13%|█▎        | 299/2248 [00:03<00:22, 84.94it/s]
 14%|█▎        | 308/2248 [00:03<00:22, 84.85it/s]
 14%|█▍        | 317/2248 [00:03<00:22, 84.94it/s]
 15%|█▍        | 326/2248 [00:03<00:22, 85.00it/s]
 15%|█▍        | 335/2248 [00:04<00:22, 84.98it/s]
 15%|█▌        | 344/2248 [00:04<00:22, 84.97it/s]
 16%|█▌        | 353/2248 [00:04<00:22, 84.94it/s]
 16%|█▌        | 362/2248 [00:04<00:22, 85.04it/s]
 17%|█▋        | 371/2248 [00:04<00:22, 85.10it/s]
 17%|█▋        | 380/2248 [00:04<00:22, 84.88it/s]
 17%|█▋        | 389/2248 [00:04<00:21, 84.97it/s]
 18%|█▊        | 398/2248 [00:04<00:21, 84.98it/s]
 18%|█▊        | 407/2248 [00:04<00:21, 84.95it/s]
 19%|█▊        | 416/2248 [00:05<00:21, 84.99it/s]
 19%|█▉        | 425/2248 [00:05<00:21, 84.85it/s]
 19%|█▉        | 434/2248 [00:05<00:21, 84.86it/s]
 20%|█▉        | 443/2248 [00:05<00:21, 84.87it/s]
 20%|██        | 452/2248 [00:05<00:21, 84.96it/s]
 21%|██        | 461/2248 [00:05<00:21, 84.89it/s]
 21%|██        | 470/2248 [00:05<00:20, 85.00it/s]
 21%|██▏       | 479/2248 [00:05<00:20, 85.00it/s]
 22%|██▏       | 488/2248 [00:05<00:20, 85.08it/s]
 22%|██▏       | 497/2248 [00:06<00:20, 85.13it/s]
 23%|██▎       | 506/2248 [00:06<00:20, 85.14it/s]
 23%|██▎       | 515/2248 [00:06<00:20, 85.13it/s]
 23%|██▎       | 524/2248 [00:06<00:20, 85.15it/s]
 24%|██▎       | 533/2248 [00:06<00:20, 85.16it/s]
 24%|██▍       | 542/2248 [00:06<00:20, 85.09it/s]
 25%|██▍       | 551/2248 [00:06<00:19, 85.05it/s]
 25%|██▍       | 560/2248 [00:06<00:19, 85.01it/s]
 25%|██▌       | 569/2248 [00:06<00:19, 84.99it/s]
 26%|██▌       | 578/2248 [00:06<00:19, 84.97it/s]
 26%|██▌       | 587/2248 [00:07<00:19, 84.96it/s]
 27%|██▋       | 596/2248 [00:07<00:19, 84.92it/s]
 27%|██▋       | 605/2248 [00:07<00:19, 84.79it/s]
 27%|██▋       | 614/2248 [00:07<00:19, 84.90it/s]
 28%|██▊       | 623/2248 [00:07<00:19, 84.92it/s]
 28%|██▊       | 632/2248 [00:07<00:19, 84.95it/s]
 29%|██▊       | 641/2248 [00:07<00:18, 84.94it/s]
 29%|██▉       | 650/2248 [00:07<00:18, 85.01it/s]
 29%|██▉       | 659/2248 [00:07<00:18, 85.01it/s]
 30%|██▉       | 668/2248 [00:08<00:18, 85.06it/s]
 30%|███       | 677/2248 [00:08<00:18, 85.09it/s]
 31%|███       | 686/2248 [00:08<00:18, 85.07it/s]
 31%|███       | 695/2248 [00:08<00:18, 85.01it/s]
 31%|███▏      | 704/2248 [00:08<00:18, 85.05it/s]
 32%|███▏      | 713/2248 [00:08<00:18, 84.99it/s]
 32%|███▏      | 722/2248 [00:08<00:17, 84.86it/s]
 33%|███▎      | 731/2248 [00:08<00:17, 84.94it/s]
 33%|███▎      | 740/2248 [00:08<00:17, 84.88it/s]
 33%|███▎      | 749/2248 [00:08<00:17, 84.81it/s]
 34%|███▎      | 758/2248 [00:09<00:17, 84.83it/s]
 34%|███▍      | 767/2248 [00:09<00:17, 84.81it/s]
 35%|███▍      | 776/2248 [00:09<00:17, 84.74it/s]
 35%|███▍      | 785/2248 [00:09<00:17, 84.76it/s]
 35%|███▌      | 794/2248 [00:09<00:17, 84.79it/s]
 36%|███▌      | 803/2248 [00:09<00:17, 84.80it/s]
 36%|███▌      | 812/2248 [00:09<00:16, 84.82it/s]
 37%|███▋      | 821/2248 [00:09<00:16, 84.77it/s]
 37%|███▋      | 830/2248 [00:09<00:16, 84.58it/s]
 37%|███▋      | 839/2248 [00:10<00:16, 84.72it/s]
 38%|███▊      | 848/2248 [00:10<00:16, 84.75it/s]
 38%|███▊      | 857/2248 [00:10<00:16, 84.81it/s]
 39%|███▊      | 866/2248 [00:10<00:16, 84.66it/s]
 39%|███▉      | 875/2248 [00:10<00:16, 84.70it/s]
 39%|███▉      | 884/2248 [00:10<00:16, 84.78it/s]
 40%|███▉      | 893/2248 [00:10<00:15, 84.81it/s]
 40%|████      | 902/2248 [00:10<00:15, 84.80it/s]
 41%|████      | 911/2248 [00:10<00:15, 84.80it/s]
 41%|████      | 920/2248 [00:10<00:15, 84.72it/s]
 41%|████▏     | 929/2248 [00:11<00:15, 84.78it/s]
 42%|████▏     | 938/2248 [00:11<00:15, 84.77it/s]
 42%|████▏     | 947/2248 [00:11<00:15, 84.76it/s]
 43%|████▎     | 956/2248 [00:11<00:15, 84.72it/s]
 43%|████▎     | 965/2248 [00:11<00:15, 84.78it/s]
 43%|████▎     | 974/2248 [00:11<00:15, 84.83it/s]
 44%|████▎     | 983/2248 [00:11<00:14, 84.90it/s]
 44%|████▍     | 992/2248 [00:11<00:14, 84.87it/s]
 45%|████▍     | 1001/2248 [00:11<00:14, 84.91it/s]
 45%|████▍     | 1010/2248 [00:12<00:14, 84.96it/s]
 45%|████▌     | 1019/2248 [00:12<00:14, 84.99it/s]
 46%|████▌     | 1028/2248 [00:12<00:14, 84.85it/s]
 46%|████▌     | 1037/2248 [00:12<00:14, 84.92it/s]
 47%|████▋     | 1046/2248 [00:12<00:14, 84.92it/s]
 47%|████▋     | 1055/2248 [00:12<00:14, 84.91it/s]
 47%|████▋     | 1064/2248 [00:12<00:13, 84.89it/s]
 48%|████▊     | 1073/2248 [00:12<00:13, 84.88it/s]
 48%|████▊     | 1082/2248 [00:12<00:13, 84.88it/s]
 49%|████▊     | 1091/2248 [00:13<00:13, 84.77it/s]
 49%|████▉     | 1100/2248 [00:13<00:13, 84.83it/s]
 49%|████▉     | 1109/2248 [00:13<00:13, 84.79it/s]
 50%|████▉     | 1118/2248 [00:13<00:13, 84.83it/s]
 50%|█████     | 1127/2248 [00:13<00:13, 84.78it/s]
 51%|█████     | 1136/2248 [00:13<00:13, 84.78it/s]
 51%|█████     | 1145/2248 [00:13<00:13, 84.73it/s]
 51%|█████▏    | 1154/2248 [00:13<00:12, 84.86it/s]
 52%|█████▏    | 1163/2248 [00:13<00:12, 84.88it/s]
 52%|█████▏    | 1172/2248 [00:13<00:12, 84.91it/s]
 53%|█████▎    | 1181/2248 [00:14<00:12, 84.91it/s]
 53%|█████▎    | 1190/2248 [00:14<00:12, 84.89it/s]
 53%|█████▎    | 1199/2248 [00:14<00:12, 84.90it/s]
 54%|█████▎    | 1208/2248 [00:14<00:12, 84.91it/s]
 54%|█████▍    | 1217/2248 [00:14<00:12, 84.89it/s]
 55%|█████▍    | 1226/2248 [00:14<00:12, 84.82it/s]
 55%|█████▍    | 1235/2248 [00:14<00:11, 84.77it/s]
 55%|█████▌    | 1244/2248 [00:14<00:11, 84.86it/s]
 56%|█████▌    | 1253/2248 [00:14<00:11, 84.73it/s]
 56%|█████▌    | 1262/2248 [00:15<00:11, 84.76it/s]
 57%|█████▋    | 1271/2248 [00:15<00:11, 84.72it/s]
 57%|█████▋    | 1280/2248 [00:15<00:11, 84.74it/s]
 57%|█████▋    | 1289/2248 [00:15<00:11, 84.70it/s]
 58%|█████▊    | 1298/2248 [00:15<00:11, 84.71it/s]
 58%|█████▊    | 1307/2248 [00:15<00:11, 84.72it/s]
 59%|█████▊    | 1316/2248 [00:15<00:11, 84.72it/s]
 59%|█████▉    | 1325/2248 [00:15<00:10, 84.81it/s]
 59%|█████▉    | 1334/2248 [00:15<00:10, 84.86it/s]
 60%|█████▉    | 1343/2248 [00:15<00:10, 84.90it/s]
 60%|██████    | 1352/2248 [00:16<00:10, 84.80it/s]
 61%|██████    | 1361/2248 [00:16<00:10, 84.90it/s]
 61%|██████    | 1370/2248 [00:16<00:10, 84.92it/s]
 61%|██████▏   | 1379/2248 [00:16<00:10, 84.92it/s]
 62%|██████▏   | 1388/2248 [00:16<00:10, 84.93it/s]
 62%|██████▏   | 1397/2248 [00:16<00:10, 84.75it/s]
 63%|██████▎   | 1406/2248 [00:16<00:09, 84.72it/s]
 63%|██████▎   | 1415/2248 [00:16<00:09, 84.85it/s]
 63%|██████▎   | 1424/2248 [00:16<00:09, 84.74it/s]
 64%|██████▎   | 1433/2248 [00:17<00:09, 84.74it/s]
 64%|██████▍   | 1442/2248 [00:17<00:09, 84.73it/s]
 65%|██████▍   | 1451/2248 [00:17<00:09, 84.62it/s]
 65%|██████▍   | 1460/2248 [00:17<00:09, 84.66it/s]
 65%|██████▌   | 1469/2248 [00:17<00:09, 84.75it/s]
 66%|██████▌   | 1478/2248 [00:17<00:09, 84.82it/s]
 66%|██████▌   | 1487/2248 [00:17<00:08, 84.75it/s]
 67%|██████▋   | 1496/2248 [00:17<00:08, 84.75it/s]
 67%|██████▋   | 1505/2248 [00:17<00:08, 84.83it/s]
 67%|██████▋   | 1514/2248 [00:17<00:08, 84.88it/s]
 68%|██████▊   | 1523/2248 [00:18<00:08, 84.86it/s]
 68%|██████▊   | 1532/2248 [00:18<00:08, 84.84it/s]
 69%|██████▊   | 1541/2248 [00:18<00:08, 84.87it/s]
 69%|██████▉   | 1550/2248 [00:18<00:08, 84.86it/s]
 69%|██████▉   | 1559/2248 [00:18<00:08, 84.87it/s]
 70%|██████▉   | 1568/2248 [00:18<00:08, 84.73it/s]
 70%|███████   | 1577/2248 [00:18<00:07, 84.75it/s]
 71%|███████   | 1586/2248 [00:18<00:07, 84.81it/s]
 71%|███████   | 1595/2248 [00:18<00:07, 84.64it/s]
 71%|███████▏  | 1604/2248 [00:19<00:07, 84.68it/s]
 72%|███████▏  | 1613/2248 [00:19<00:07, 84.64it/s]
 72%|███████▏  | 1622/2248 [00:19<00:07, 84.67it/s]
 73%|███████▎  | 1631/2248 [00:19<00:07, 84.61it/s]
 73%|███████▎  | 1640/2248 [00:19<00:07, 84.70it/s]
 73%|███████▎  | 1649/2248 [00:19<00:07, 84.61it/s]
 74%|███████▍  | 1658/2248 [00:19<00:06, 84.69it/s]
 74%|███████▍  | 1667/2248 [00:19<00:06, 84.73it/s]
 75%|███████▍  | 1676/2248 [00:19<00:06, 84.77it/s]
 75%|███████▍  | 1685/2248 [00:20<00:06, 84.79it/s]
 75%|███████▌  | 1694/2248 [00:20<00:06, 84.82it/s]
 76%|███████▌  | 1703/2248 [00:20<00:06, 84.78it/s]
 76%|███████▌  | 1712/2248 [00:20<00:06, 84.84it/s]
 77%|███████▋  | 1721/2248 [00:20<00:06, 84.81it/s]
 77%|███████▋  | 1730/2248 [00:20<00:06, 84.81it/s]
 77%|███████▋  | 1739/2248 [00:20<00:06, 84.78it/s]
 78%|███████▊  | 1748/2248 [00:20<00:05, 84.76it/s]
 78%|███████▊  | 1757/2248 [00:20<00:05, 84.76it/s]
 79%|███████▊  | 1766/2248 [00:20<00:05, 84.75it/s]
 79%|███████▉  | 1775/2248 [00:21<00:05, 84.67it/s]
 79%|███████▉  | 1784/2248 [00:21<00:05, 84.69it/s]
 80%|███████▉  | 1793/2248 [00:21<00:05, 84.66it/s]
 80%|████████  | 1802/2248 [00:21<00:05, 84.70it/s]
 81%|████████  | 1811/2248 [00:21<00:05, 84.64it/s]
 81%|████████  | 1820/2248 [00:21<00:05, 84.67it/s]
 81%|████████▏ | 1829/2248 [00:21<00:04, 84.69it/s]
 82%|████████▏ | 1838/2248 [00:21<00:04, 84.73it/s]
 82%|████████▏ | 1847/2248 [00:21<00:04, 84.76it/s]
 83%|████████▎ | 1856/2248 [00:22<00:04, 84.80it/s]
 83%|████████▎ | 1865/2248 [00:22<00:04, 84.80it/s]
 83%|████████▎ | 1874/2248 [00:22<00:04, 84.72it/s]
 84%|████████▍ | 1883/2248 [00:22<00:04, 84.74it/s]
 84%|████████▍ | 1892/2248 [00:22<00:04, 84.79it/s]
 85%|████████▍ | 1901/2248 [00:22<00:04, 84.71it/s]
 85%|████████▍ | 1910/2248 [00:22<00:03, 84.76it/s]
 85%|████████▌ | 1919/2248 [00:22<00:03, 84.67it/s]
 86%|████████▌ | 1928/2248 [00:22<00:03, 84.68it/s]
 86%|████████▌ | 1937/2248 [00:22<00:03, 84.58it/s]
 87%|████████▋ | 1946/2248 [00:23<00:03, 84.65it/s]
 87%|████████▋ | 1955/2248 [00:23<00:03, 84.73it/s]
 87%|████████▋ | 1964/2248 [00:23<00:03, 84.59it/s]
 88%|████████▊ | 1973/2248 [00:23<00:03, 84.60it/s]
 88%|████████▊ | 1982/2248 [00:23<00:03, 84.60it/s]
 89%|████████▊ | 1991/2248 [00:23<00:03, 84.70it/s]
 89%|████████▉ | 2000/2248 [00:23<00:02, 84.67it/s]
 89%|████████▉ | 2009/2248 [00:23<00:02, 84.67it/s]
 90%|████████▉ | 2018/2248 [00:23<00:02, 84.73it/s]
 90%|█████████ | 2027/2248 [00:24<00:02, 84.80it/s]
 91%|█████████ | 2036/2248 [00:24<00:02, 84.76it/s]
 91%|█████████ | 2045/2248 [00:24<00:02, 84.78it/s]
 91%|█████████▏| 2054/2248 [00:24<00:02, 84.64it/s]
 92%|█████████▏| 2063/2248 [00:24<00:02, 84.77it/s]
 92%|█████████▏| 2072/2248 [00:24<00:02, 84.74it/s]
 93%|█████████▎| 2081/2248 [00:24<00:01, 84.63it/s]
 93%|█████████▎| 2090/2248 [00:24<00:01, 84.66it/s]
 93%|█████████▎| 2099/2248 [00:24<00:01, 84.61it/s]
 94%|█████████▍| 2108/2248 [00:25<00:01, 84.61it/s]
 94%|█████████▍| 2117/2248 [00:25<00:01, 84.67it/s]
 95%|█████████▍| 2126/2248 [00:25<00:01, 84.69it/s]
 95%|█████████▍| 2135/2248 [00:25<00:01, 84.65it/s]
 95%|█████████▌| 2144/2248 [00:25<00:01, 84.57it/s]
 96%|█████████▌| 2153/2248 [00:25<00:01, 84.64it/s]
 96%|█████████▌| 2162/2248 [00:25<00:01, 84.60it/s]
 97%|█████████▋| 2171/2248 [00:25<00:00, 84.61it/s]
 97%|█████████▋| 2180/2248 [00:25<00:00, 84.72it/s]
 97%|█████████▋| 2189/2248 [00:25<00:00, 84.72it/s]
 98%|█████████▊| 2198/2248 [00:26<00:00, 84.71it/s]
 98%|█████████▊| 2207/2248 [00:26<00:00, 84.70it/s]
 99%|█████████▊| 2216/2248 [00:26<00:00, 84.74it/s]
 99%|█████████▉| 2225/2248 [00:26<00:00, 84.77it/s]
 99%|█████████▉| 2234/2248 [00:26<00:00, 84.75it/s]
100%|█████████▉| 2243/2248 [00:26<00:00, 84.64it/s]
100%|█████████▉| 2247/2248 [00:26<00:00, 84.27it/s]
tensor(35.3750, device='cuda:0', dtype=torch.float16)
