# run: opt-350m_seq1024_oaken
# start: 2026-05-12T19:53:07
# idle_vram: {'used_mib': 33, 'free_mib': 7668, 'total_mib': 8151}
# command: docker exec -w /workspace oaken-ae-container /opt/conda/envs/oaken/bin/python eval_perplexity.py -m opt -s 350m -t wikitext --gpu-start-idx 0 --gpu-count 1 --sequence-length 1024 --stride 1024 -q quantizer/oaken/opt-350m.json --quant-method oaken


  0%|          | 0/281 [00:00<?, ?it/s]= Run Configuration ===================
Model name: opt
Model size: 350m
Task: wikitext
Single run: False
Quantization method: oaken
Quantizer path: quantizer/oaken/opt-350m.json
Used GPUs: 0 - 0
=======================================
Running oaken
Perplexity window: sequence_length=1024, stride=1024, tokens=287645

  0%|          | 1/281 [00:00<01:26,  3.25it/s]
  1%|▏         | 4/281 [00:00<00:25, 10.75it/s]
  2%|▏         | 7/281 [00:00<00:18, 15.04it/s]
  4%|▎         | 10/281 [00:00<00:15, 17.70it/s]
  5%|▍         | 13/281 [00:00<00:13, 19.40it/s]
  6%|▌         | 16/281 [00:00<00:12, 20.53it/s]
  7%|▋         | 19/281 [00:01<00:12, 21.29it/s]
  8%|▊         | 22/281 [00:01<00:11, 21.80it/s]
  9%|▉         | 25/281 [00:01<00:11, 22.15it/s]
 10%|▉         | 28/281 [00:01<00:11, 22.39it/s]
 11%|█         | 31/281 [00:01<00:11, 22.56it/s]
 12%|█▏        | 34/281 [00:01<00:10, 22.68it/s]
 13%|█▎        | 37/281 [00:01<00:10, 22.76it/s]
 14%|█▍        | 40/281 [00:02<00:10, 22.81it/s]
 15%|█▌        | 43/281 [00:02<00:10, 22.85it/s]
 16%|█▋        | 46/281 [00:02<00:10, 22.87it/s]
 17%|█▋        | 49/281 [00:02<00:10, 22.89it/s]
 19%|█▊        | 52/281 [00:02<00:09, 22.90it/s]
 20%|█▉        | 55/281 [00:02<00:09, 22.91it/s]
 21%|██        | 58/281 [00:02<00:09, 22.91it/s]
 22%|██▏       | 61/281 [00:02<00:09, 22.93it/s]
 23%|██▎       | 64/281 [00:03<00:09, 22.93it/s]
 24%|██▍       | 67/281 [00:03<00:09, 22.94it/s]
 25%|██▍       | 70/281 [00:03<00:09, 22.95it/s]
 26%|██▌       | 73/281 [00:03<00:09, 22.95it/s]
 27%|██▋       | 76/281 [00:03<00:08, 22.96it/s]
 28%|██▊       | 79/281 [00:03<00:08, 22.94it/s]
 29%|██▉       | 82/281 [00:03<00:08, 22.94it/s]
 30%|███       | 85/281 [00:03<00:08, 22.92it/s]
 31%|███▏      | 88/281 [00:04<00:08, 22.92it/s]
 32%|███▏      | 91/281 [00:04<00:08, 22.92it/s]
 33%|███▎      | 94/281 [00:04<00:08, 22.91it/s]
 35%|███▍      | 97/281 [00:04<00:08, 22.88it/s]
 36%|███▌      | 100/281 [00:04<00:07, 22.90it/s]
 37%|███▋      | 103/281 [00:04<00:07, 22.90it/s]
 38%|███▊      | 106/281 [00:04<00:07, 22.91it/s]
 39%|███▉      | 109/281 [00:05<00:07, 22.91it/s]
 40%|███▉      | 112/281 [00:05<00:07, 22.88it/s]
 41%|████      | 115/281 [00:05<00:07, 22.88it/s]
 42%|████▏     | 118/281 [00:05<00:07, 22.88it/s]
 43%|████▎     | 121/281 [00:05<00:06, 22.91it/s]
 44%|████▍     | 124/281 [00:05<00:06, 22.92it/s]
 45%|████▌     | 127/281 [00:05<00:06, 22.93it/s]
 46%|████▋     | 130/281 [00:05<00:06, 22.93it/s]
 47%|████▋     | 133/281 [00:06<00:06, 22.93it/s]
 48%|████▊     | 136/281 [00:06<00:06, 22.94it/s]
 49%|████▉     | 139/281 [00:06<00:06, 22.94it/s]
 51%|█████     | 142/281 [00:06<00:06, 22.95it/s]
 52%|█████▏    | 145/281 [00:06<00:05, 22.96it/s]
 53%|█████▎    | 148/281 [00:06<00:05, 22.96it/s]
 54%|█████▎    | 151/281 [00:06<00:05, 22.96it/s]
 55%|█████▍    | 154/281 [00:06<00:05, 22.96it/s]
 56%|█████▌    | 157/281 [00:07<00:05, 22.96it/s]
 57%|█████▋    | 160/281 [00:07<00:05, 22.97it/s]
 58%|█████▊    | 163/281 [00:07<00:05, 22.97it/s]
 59%|█████▉    | 166/281 [00:07<00:05, 22.95it/s]
 60%|██████    | 169/281 [00:07<00:04, 22.95it/s]
 61%|██████    | 172/281 [00:07<00:04, 22.95it/s]
 62%|██████▏   | 175/281 [00:07<00:04, 22.96it/s]
 63%|██████▎   | 178/281 [00:08<00:04, 22.95it/s]
 64%|██████▍   | 181/281 [00:08<00:04, 22.94it/s]
 65%|██████▌   | 184/281 [00:08<00:04, 22.92it/s]
 67%|██████▋   | 187/281 [00:08<00:04, 22.92it/s]
 68%|██████▊   | 190/281 [00:08<00:03, 22.92it/s]
 69%|██████▊   | 193/281 [00:08<00:03, 22.91it/s]
 70%|██████▉   | 196/281 [00:08<00:03, 22.91it/s]
 71%|███████   | 199/281 [00:08<00:03, 22.92it/s]
 72%|███████▏  | 202/281 [00:09<00:03, 22.92it/s]
 73%|███████▎  | 205/281 [00:09<00:03, 22.92it/s]
 74%|███████▍  | 208/281 [00:09<00:03, 22.93it/s]
 75%|███████▌  | 211/281 [00:09<00:03, 22.93it/s]
 76%|███████▌  | 214/281 [00:09<00:02, 22.92it/s]
 77%|███████▋  | 217/281 [00:09<00:02, 22.91it/s]
 78%|███████▊  | 220/281 [00:09<00:02, 22.91it/s]
 79%|███████▉  | 223/281 [00:09<00:02, 22.91it/s]
 80%|████████  | 226/281 [00:10<00:02, 22.90it/s]
 81%|████████▏ | 229/281 [00:10<00:02, 22.91it/s]
 83%|████████▎ | 232/281 [00:10<00:02, 22.91it/s]
 84%|████████▎ | 235/281 [00:10<00:02, 22.92it/s]
 85%|████████▍ | 238/281 [00:10<00:01, 22.91it/s]
 86%|████████▌ | 241/281 [00:10<00:01, 22.91it/s]
 87%|████████▋ | 244/281 [00:10<00:01, 22.92it/s]
 88%|████████▊ | 247/281 [00:11<00:01, 22.92it/s]
 89%|████████▉ | 250/281 [00:11<00:01, 22.93it/s]
 90%|█████████ | 253/281 [00:11<00:01, 22.93it/s]
 91%|█████████ | 256/281 [00:11<00:01, 22.94it/s]
 92%|█████████▏| 259/281 [00:11<00:00, 22.94it/s]
 93%|█████████▎| 262/281 [00:11<00:00, 22.92it/s]
 94%|█████████▍| 265/281 [00:11<00:00, 22.93it/s]
 95%|█████████▌| 268/281 [00:11<00:00, 22.92it/s]
 96%|█████████▋| 271/281 [00:12<00:00, 22.93it/s]
 98%|█████████▊| 274/281 [00:12<00:00, 22.92it/s]
 99%|█████████▊| 277/281 [00:12<00:00, 22.92it/s]
100%|█████████▉| 280/281 [00:12<00:00, 22.92it/s]
100%|█████████▉| 280/281 [00:12<00:00, 22.38it/s]
tensor(25.6875, device='cuda:0', dtype=torch.float16)
Decoder 0 Sparsity: Key - [0.009341996961879772, 0.9289742941533967, 0.06168370888803777], Value - [0.0359268430421573, 0.9017956193231603, 0.062277537807026793]
Decoder 1 Sparsity: Key - [0.039840204091046626, 0.8974060933785082, 0.06275370263650323], Value - [0.040604439454676844, 0.8988865043344871, 0.060509056210836056]
Decoder 2 Sparsity: Key - [0.04644267184136177, 0.8924626118347738, 0.06109471635037894], Value - [0.04033830160029842, 0.8990610364917334, 0.06060066194773993]
Decoder 3 Sparsity: Key - [0.046675950646718624, 0.895625616732017, 0.05769843272732246], Value - [0.040568217489324855, 0.8993045942214885, 0.060127188461531096]
Decoder 4 Sparsity: Key - [0.04499549763376603, 0.8948617352709651, 0.060142767148297874], Value - [0.040048610949325394, 0.899414691848687, 0.06053669736107473]
Decoder 5 Sparsity: Key - [0.04496463833648539, 0.8946963438359868, 0.06033901781427054], Value - [0.0398576841739361, 0.899946499125389, 0.060195816846504754]
Decoder 6 Sparsity: Key - [0.043436295820194634, 0.895841132703625, 0.06072257164852475], Value - [0.03983923287737412, 0.8998641032341113, 0.060296664021087285]
Decoder 7 Sparsity: Key - [0.04518883863589942, 0.8945766984355832, 0.06023446303457552], Value - [0.03983381401177403, 0.8997182462139062, 0.0604479398406061]
Decoder 8 Sparsity: Key - [0.043508031375679684, 0.8964456447078664, 0.060046324022512], Value - [0.039778058480113426, 0.8997858796679676, 0.06043606189169069]
Decoder 9 Sparsity: Key - [0.04407193003971382, 0.8961338226905496, 0.05979424726973649], Value - [0.039450910870396795, 0.9000363619302091, 0.06051272719939409]
Decoder 10 Sparsity: Key - [0.04307546273032965, 0.896917919459292, 0.06000661790317912], Value - [0.037617439781961914, 0.9014220125310362, 0.06096054774003097]
Decoder 11 Sparsity: Key - [0.044210978342863166, 0.8958148966904637, 0.05997412504621672], Value - [0.03877320852515112, 0.9000572468886596, 0.0611695446127038]
Decoder 12 Sparsity: Key - [0.04140727974978206, 0.8982044912317894, 0.060388229084714876], Value - [0.038397830695550215, 0.9002536164059758, 0.0613485530045321]
Decoder 13 Sparsity: Key - [0.04312042043514523, 0.8971953646568217, 0.05968421494780486], Value - [0.039481477407586105, 0.8993098158853334, 0.06120870686616762]
Decoder 14 Sparsity: Key - [0.04482716180092499, 0.8955200592393977, 0.05965277898619183], Value - [0.03970921385595807, 0.8990591893840939, 0.06123159687926336]
Decoder 15 Sparsity: Key - [0.04239743147244233, 0.8970392340018656, 0.06056333469803647], Value - [0.039717718653937674, 0.898995381657339, 0.061286899781524073]
Decoder 16 Sparsity: Key - [0.044344617126781324, 0.8956834186014332, 0.05997196443087265], Value - [0.03954206750433216, 0.8989589110388027, 0.06149902156292331]
Decoder 17 Sparsity: Key - [0.042373287203154954, 0.8975868700237885, 0.06003984289237189], Value - [0.0393249548414848, 0.8991005938248278, 0.061574451320430136]
Decoder 18 Sparsity: Key - [0.041957325133034344, 0.898041967819594, 0.060000707193201545], Value - [0.03915997727167564, 0.8994198441505432, 0.06142017857778115]
Decoder 19 Sparsity: Key - [0.043405613043342194, 0.8972341144636432, 0.0593602725460436], Value - [0.03926363961234212, 0.8997983550686005, 0.06093800545163002]
Decoder 20 Sparsity: Key - [0.042705072998152085, 0.8973067180117679, 0.059988209109395424], Value - [0.039812263976318554, 0.8996485755961137, 0.06053916045408232]
Decoder 21 Sparsity: Key - [0.042865704121962986, 0.8968320164392003, 0.06030227951838028], Value - [0.03963248781674273, 0.8998100515786439, 0.06055746073718597]
Decoder 22 Sparsity: Key - [0.044760233845256826, 0.8960740023236258, 0.05916576381786014], Value - [0.039872484261773235, 0.8995312498981842, 0.060596265906328835]
Decoder 23 Sparsity: Key - [0.04496774082718371, 0.8982338332620804, 0.056798425937250416], Value - [0.03951929947129348, 0.8998210027124534, 0.060659697962083]
Total Sparsity: Key - [0.04228684934221256, 0.8976962041653348, 0.06001694656881998], Value - [0.03941959069272855, 0.8997083076254895, 0.060872101768506603]
