# run: opt-350m_seq256_oaken
# start: 2026-05-12T19:51:43
# idle_vram: {'used_mib': 33, 'free_mib': 7668, 'total_mib': 8151}
# command: docker exec -w /workspace oaken-ae-container /opt/conda/envs/oaken/bin/python eval_perplexity.py -m opt -s 350m -t wikitext --gpu-start-idx 0 --gpu-count 1 --sequence-length 256 --stride 256 -q quantizer/oaken/opt-350m.json --quant-method oaken

= Run Configuration ===================
Model name: opt
Model size: 350m
Task: wikitext
Single run: False
Quantization method: oaken
Quantizer path: quantizer/oaken/opt-350m.json
Used GPUs: 0 - 0
=======================================
Running oaken
Perplexity window: sequence_length=256, stride=256, tokens=287645

  0%|          | 0/1124 [00:00<?, ?it/s]
  0%|          | 1/1124 [00:00<05:26,  3.43it/s]
  1%|          | 6/1124 [00:00<01:01, 18.14it/s]
  1%|          | 11/1124 [00:00<00:40, 27.40it/s]
  1%|▏         | 16/1124 [00:00<00:33, 33.54it/s]
  2%|▏         | 21/1124 [00:00<00:29, 37.54it/s]
  2%|▏         | 26/1124 [00:00<00:27, 40.25it/s]
  3%|▎         | 31/1124 [00:00<00:25, 42.17it/s]
  3%|▎         | 36/1124 [00:01<00:25, 43.47it/s]
  4%|▎         | 41/1124 [00:01<00:24, 44.42it/s]
  4%|▍         | 46/1124 [00:01<00:23, 44.97it/s]
  5%|▍         | 51/1124 [00:01<00:23, 45.53it/s]
  5%|▍         | 56/1124 [00:01<00:23, 45.95it/s]
  5%|▌         | 61/1124 [00:01<00:22, 46.26it/s]
  6%|▌         | 66/1124 [00:01<00:22, 46.49it/s]
  6%|▋         | 71/1124 [00:01<00:22, 46.62it/s]
  7%|▋         | 76/1124 [00:01<00:22, 46.59it/s]
  7%|▋         | 81/1124 [00:02<00:22, 46.68it/s]
  8%|▊         | 86/1124 [00:02<00:22, 46.76it/s]
  8%|▊         | 91/1124 [00:02<00:22, 46.73it/s]
  9%|▊         | 96/1124 [00:02<00:22, 46.70it/s]
  9%|▉         | 101/1124 [00:02<00:21, 46.62it/s]
  9%|▉         | 106/1124 [00:02<00:21, 46.50it/s]
 10%|▉         | 111/1124 [00:02<00:21, 46.46it/s]
 10%|█         | 116/1124 [00:02<00:21, 46.48it/s]
 11%|█         | 121/1124 [00:02<00:21, 46.45it/s]
 11%|█         | 126/1124 [00:02<00:21, 46.36it/s]
 12%|█▏        | 131/1124 [00:03<00:21, 46.47it/s]
 12%|█▏        | 136/1124 [00:03<00:21, 46.44it/s]
 13%|█▎        | 141/1124 [00:03<00:21, 46.41it/s]
 13%|█▎        | 146/1124 [00:03<00:21, 46.45it/s]
 13%|█▎        | 151/1124 [00:03<00:20, 46.58it/s]
 14%|█▍        | 156/1124 [00:03<00:20, 46.69it/s]
 14%|█▍        | 161/1124 [00:03<00:20, 46.76it/s]
 15%|█▍        | 166/1124 [00:03<00:20, 46.75it/s]
 15%|█▌        | 171/1124 [00:03<00:20, 46.77it/s]
 16%|█▌        | 176/1124 [00:04<00:20, 46.73it/s]
 16%|█▌        | 181/1124 [00:04<00:20, 46.79it/s]
 17%|█▋        | 186/1124 [00:04<00:20, 46.54it/s]
 17%|█▋        | 191/1124 [00:04<00:20, 46.58it/s]
 17%|█▋        | 196/1124 [00:04<00:19, 46.55it/s]
 18%|█▊        | 201/1124 [00:04<00:19, 46.50it/s]
 18%|█▊        | 206/1124 [00:04<00:19, 46.43it/s]
 19%|█▉        | 211/1124 [00:04<00:19, 46.40it/s]
 19%|█▉        | 216/1124 [00:04<00:19, 46.34it/s]
 20%|█▉        | 221/1124 [00:05<00:19, 46.22it/s]
 20%|██        | 226/1124 [00:05<00:19, 46.10it/s]
 21%|██        | 231/1124 [00:05<00:19, 45.98it/s]
 21%|██        | 236/1124 [00:05<00:19, 45.88it/s]
 21%|██▏       | 241/1124 [00:05<00:19, 46.01it/s]
 22%|██▏       | 246/1124 [00:05<00:19, 46.12it/s]
 22%|██▏       | 251/1124 [00:05<00:18, 46.15it/s]
 23%|██▎       | 256/1124 [00:05<00:18, 46.18it/s]
 23%|██▎       | 261/1124 [00:05<00:18, 46.32it/s]
 24%|██▎       | 266/1124 [00:05<00:18, 46.35it/s]
 24%|██▍       | 271/1124 [00:06<00:18, 46.45it/s]
 25%|██▍       | 276/1124 [00:06<00:18, 46.40it/s]
 25%|██▌       | 281/1124 [00:06<00:18, 46.31it/s]
 25%|██▌       | 286/1124 [00:06<00:18, 46.33it/s]
 26%|██▌       | 291/1124 [00:06<00:18, 46.23it/s]
 26%|██▋       | 296/1124 [00:06<00:17, 46.20it/s]
 27%|██▋       | 301/1124 [00:06<00:17, 46.33it/s]
 27%|██▋       | 306/1124 [00:06<00:17, 46.33it/s]
 28%|██▊       | 311/1124 [00:06<00:17, 46.23it/s]
 28%|██▊       | 316/1124 [00:07<00:17, 46.22it/s]
 29%|██▊       | 321/1124 [00:07<00:17, 46.28it/s]
 29%|██▉       | 326/1124 [00:07<00:17, 46.28it/s]
 29%|██▉       | 331/1124 [00:07<00:17, 46.44it/s]
 30%|██▉       | 336/1124 [00:07<00:16, 46.59it/s]
 30%|███       | 341/1124 [00:07<00:16, 46.63it/s]
 31%|███       | 346/1124 [00:07<00:16, 46.67it/s]
 31%|███       | 351/1124 [00:07<00:16, 46.66it/s]
 32%|███▏      | 356/1124 [00:07<00:16, 46.75it/s]
 32%|███▏      | 361/1124 [00:08<00:16, 46.72it/s]
 33%|███▎      | 366/1124 [00:08<00:16, 46.71it/s]
 33%|███▎      | 371/1124 [00:08<00:16, 46.57it/s]
 33%|███▎      | 376/1124 [00:08<00:16, 46.40it/s]
 34%|███▍      | 381/1124 [00:08<00:16, 46.42it/s]
 34%|███▍      | 386/1124 [00:08<00:15, 46.37it/s]
 35%|███▍      | 391/1124 [00:08<00:15, 46.38it/s]
 35%|███▌      | 396/1124 [00:08<00:15, 46.44it/s]
 36%|███▌      | 401/1124 [00:08<00:15, 46.43it/s]
 36%|███▌      | 406/1124 [00:09<00:15, 46.46it/s]
 37%|███▋      | 411/1124 [00:09<00:15, 46.43it/s]
 37%|███▋      | 416/1124 [00:09<00:15, 46.51it/s]
 37%|███▋      | 421/1124 [00:09<00:15, 46.53it/s]
 38%|███▊      | 426/1124 [00:09<00:14, 46.56it/s]
 38%|███▊      | 431/1124 [00:09<00:14, 46.72it/s]
 39%|███▉      | 436/1124 [00:09<00:14, 46.77it/s]
 39%|███▉      | 441/1124 [00:09<00:14, 46.82it/s]
 40%|███▉      | 446/1124 [00:09<00:14, 46.91it/s]
 40%|████      | 451/1124 [00:09<00:14, 46.87it/s]
 41%|████      | 456/1124 [00:10<00:14, 46.74it/s]
 41%|████      | 461/1124 [00:10<00:14, 46.74it/s]
 41%|████▏     | 466/1124 [00:10<00:14, 46.68it/s]
 42%|████▏     | 471/1124 [00:10<00:14, 46.55it/s]
 42%|████▏     | 476/1124 [00:10<00:13, 46.68it/s]
 43%|████▎     | 481/1124 [00:10<00:13, 46.52it/s]
 43%|████▎     | 486/1124 [00:10<00:13, 46.50it/s]
 44%|████▎     | 491/1124 [00:10<00:13, 46.48it/s]
 44%|████▍     | 496/1124 [00:10<00:13, 46.62it/s]
 45%|████▍     | 501/1124 [00:11<00:13, 46.51it/s]
 45%|████▌     | 506/1124 [00:11<00:13, 46.45it/s]
 45%|████▌     | 511/1124 [00:11<00:13, 46.38it/s]
 46%|████▌     | 516/1124 [00:11<00:13, 46.51it/s]
 46%|████▋     | 521/1124 [00:11<00:12, 46.67it/s]
 47%|████▋     | 526/1124 [00:11<00:12, 46.83it/s]
 47%|████▋     | 531/1124 [00:11<00:12, 46.84it/s]
 48%|████▊     | 536/1124 [00:11<00:12, 46.92it/s]
 48%|████▊     | 541/1124 [00:11<00:12, 46.86it/s]
 49%|████▊     | 546/1124 [00:12<00:12, 46.97it/s]
 49%|████▉     | 551/1124 [00:12<00:12, 46.98it/s]
 49%|████▉     | 556/1124 [00:12<00:12, 46.86it/s]
 50%|████▉     | 561/1124 [00:12<00:12, 46.80it/s]
 50%|█████     | 566/1124 [00:12<00:11, 46.71it/s]
 51%|█████     | 571/1124 [00:12<00:11, 46.63it/s]
 51%|█████     | 576/1124 [00:12<00:11, 46.68it/s]
 52%|█████▏    | 581/1124 [00:12<00:11, 46.60it/s]
 52%|█████▏    | 586/1124 [00:12<00:11, 46.63it/s]
 53%|█████▎    | 591/1124 [00:12<00:11, 46.65it/s]
 53%|█████▎    | 596/1124 [00:13<00:11, 46.69it/s]
 53%|█████▎    | 601/1124 [00:13<00:11, 46.58it/s]
 54%|█████▍    | 606/1124 [00:13<00:11, 46.64it/s]
 54%|█████▍    | 611/1124 [00:13<00:10, 46.75it/s]
 55%|█████▍    | 616/1124 [00:13<00:10, 46.77it/s]
 55%|█████▌    | 621/1124 [00:13<00:10, 46.84it/s]
 56%|█████▌    | 626/1124 [00:13<00:10, 46.92it/s]
 56%|█████▌    | 631/1124 [00:13<00:10, 46.88it/s]
 57%|█████▋    | 636/1124 [00:13<00:10, 46.96it/s]
 57%|█████▋    | 641/1124 [00:14<00:10, 46.94it/s]
 57%|█████▋    | 646/1124 [00:14<00:10, 47.03it/s]
 58%|█████▊    | 651/1124 [00:14<00:10, 46.88it/s]
 58%|█████▊    | 656/1124 [00:14<00:10, 46.77it/s]
 59%|█████▉    | 661/1124 [00:14<00:09, 46.76it/s]
 59%|█████▉    | 666/1124 [00:14<00:09, 46.65it/s]
 60%|█████▉    | 671/1124 [00:14<00:09, 46.67it/s]
 60%|██████    | 676/1124 [00:14<00:09, 46.62it/s]
 61%|██████    | 681/1124 [00:14<00:09, 46.67it/s]
 61%|██████    | 686/1124 [00:15<00:09, 46.65it/s]
 61%|██████▏   | 691/1124 [00:15<00:09, 46.58it/s]
 62%|██████▏   | 696/1124 [00:15<00:09, 46.55it/s]
 62%|██████▏   | 701/1124 [00:15<00:09, 46.50it/s]
 63%|██████▎   | 706/1124 [00:15<00:08, 46.63it/s]
 63%|██████▎   | 711/1124 [00:15<00:08, 46.81it/s]
 64%|██████▎   | 716/1124 [00:15<00:08, 46.91it/s]
 64%|██████▍   | 721/1124 [00:15<00:08, 46.91it/s]
 65%|██████▍   | 726/1124 [00:15<00:08, 46.89it/s]
 65%|██████▌   | 731/1124 [00:15<00:08, 47.00it/s]
 65%|██████▌   | 736/1124 [00:16<00:08, 47.00it/s]
 66%|██████▌   | 741/1124 [00:16<00:08, 47.01it/s]
 66%|██████▋   | 746/1124 [00:16<00:08, 46.78it/s]
 67%|██████▋   | 751/1124 [00:16<00:07, 46.78it/s]
 67%|██████▋   | 756/1124 [00:16<00:07, 46.73it/s]
 68%|██████▊   | 761/1124 [00:16<00:07, 46.56it/s]
 68%|██████▊   | 766/1124 [00:16<00:07, 46.54it/s]
 69%|██████▊   | 771/1124 [00:16<00:07, 46.63it/s]
 69%|██████▉   | 776/1124 [00:16<00:07, 46.47it/s]
 69%|██████▉   | 781/1124 [00:17<00:07, 46.57it/s]
 70%|██████▉   | 786/1124 [00:17<00:07, 46.65it/s]
 70%|███████   | 791/1124 [00:17<00:07, 46.62it/s]
 71%|███████   | 796/1124 [00:17<00:07, 46.59it/s]
 71%|███████▏  | 801/1124 [00:17<00:06, 46.68it/s]
 72%|███████▏  | 806/1124 [00:17<00:06, 46.79it/s]
 72%|███████▏  | 811/1124 [00:17<00:06, 46.82it/s]
 73%|███████▎  | 816/1124 [00:17<00:06, 46.87it/s]
 73%|███████▎  | 821/1124 [00:17<00:06, 46.92it/s]
 73%|███████▎  | 826/1124 [00:17<00:06, 46.89it/s]
 74%|███████▍  | 831/1124 [00:18<00:06, 47.00it/s]
 74%|███████▍  | 836/1124 [00:18<00:06, 47.02it/s]
 75%|███████▍  | 841/1124 [00:18<00:06, 46.85it/s]
 75%|███████▌  | 846/1124 [00:18<00:05, 46.67it/s]
 76%|███████▌  | 851/1124 [00:18<00:05, 46.60it/s]
 76%|███████▌  | 856/1124 [00:18<00:05, 46.50it/s]
 77%|███████▋  | 861/1124 [00:18<00:05, 46.60it/s]
 77%|███████▋  | 866/1124 [00:18<00:05, 46.62it/s]
 77%|███████▋  | 871/1124 [00:18<00:05, 46.54it/s]
 78%|███████▊  | 876/1124 [00:19<00:05, 46.47it/s]
 78%|███████▊  | 881/1124 [00:19<00:05, 46.47it/s]
 79%|███████▉  | 886/1124 [00:19<00:05, 46.45it/s]
 79%|███████▉  | 891/1124 [00:19<00:05, 46.59it/s]
 80%|███████▉  | 896/1124 [00:19<00:04, 46.71it/s]
 80%|████████  | 901/1124 [00:19<00:04, 46.78it/s]
 81%|████████  | 906/1124 [00:19<00:04, 46.84it/s]
 81%|████████  | 911/1124 [00:19<00:04, 46.86it/s]
 81%|████████▏ | 916/1124 [00:19<00:04, 46.89it/s]
 82%|████████▏ | 921/1124 [00:20<00:04, 46.80it/s]
 82%|████████▏ | 926/1124 [00:20<00:04, 46.86it/s]
 83%|████████▎ | 931/1124 [00:20<00:04, 46.77it/s]
 83%|████████▎ | 936/1124 [00:20<00:04, 46.76it/s]
 84%|████████▎ | 941/1124 [00:20<00:03, 46.68it/s]
 84%|████████▍ | 946/1124 [00:20<00:03, 46.53it/s]
 85%|████████▍ | 951/1124 [00:20<00:03, 46.50it/s]
 85%|████████▌ | 956/1124 [00:20<00:03, 46.59it/s]
 85%|████████▌ | 961/1124 [00:20<00:03, 46.54it/s]
 86%|████████▌ | 966/1124 [00:20<00:03, 46.57it/s]
 86%|████████▋ | 971/1124 [00:21<00:03, 46.51it/s]
 87%|████████▋ | 976/1124 [00:21<00:03, 46.62it/s]
 87%|████████▋ | 981/1124 [00:21<00:03, 46.61it/s]
 88%|████████▊ | 986/1124 [00:21<00:02, 46.58it/s]
 88%|████████▊ | 991/1124 [00:21<00:02, 46.72it/s]
 89%|████████▊ | 996/1124 [00:21<00:02, 46.79it/s]
 89%|████████▉ | 1001/1124 [00:21<00:02, 46.89it/s]
 90%|████████▉ | 1006/1124 [00:21<00:02, 46.93it/s]
 90%|████████▉ | 1011/1124 [00:21<00:02, 46.85it/s]
 90%|█████████ | 1016/1124 [00:22<00:02, 46.85it/s]
 91%|█████████ | 1021/1124 [00:22<00:02, 46.94it/s]
 91%|█████████▏| 1026/1124 [00:22<00:02, 46.77it/s]
 92%|█████████▏| 1031/1124 [00:22<00:01, 46.74it/s]
 92%|█████████▏| 1036/1124 [00:22<00:01, 46.72it/s]
 93%|█████████▎| 1041/1124 [00:22<00:01, 46.56it/s]
 93%|█████████▎| 1046/1124 [00:22<00:01, 46.49it/s]
 94%|█████████▎| 1051/1124 [00:22<00:01, 46.51it/s]
 94%|█████████▍| 1056/1124 [00:22<00:01, 46.45it/s]
 94%|█████████▍| 1061/1124 [00:23<00:01, 46.39it/s]
 95%|█████████▍| 1066/1124 [00:23<00:01, 46.48it/s]
 95%|█████████▌| 1071/1124 [00:23<00:01, 46.38it/s]
 96%|█████████▌| 1076/1124 [00:23<00:01, 46.49it/s]
 96%|█████████▌| 1081/1124 [00:23<00:00, 46.68it/s]
 97%|█████████▋| 1086/1124 [00:23<00:00, 46.76it/s]
 97%|█████████▋| 1091/1124 [00:23<00:00, 46.77it/s]
 98%|█████████▊| 1096/1124 [00:23<00:00, 46.61it/s]
 98%|█████████▊| 1101/1124 [00:23<00:00, 46.74it/s]
 98%|█████████▊| 1106/1124 [00:23<00:00, 46.78it/s]
 99%|█████████▉| 1111/1124 [00:24<00:00, 46.92it/s]
 99%|█████████▉| 1116/1124 [00:24<00:00, 46.77it/s]
100%|█████████▉| 1121/1124 [00:24<00:00, 46.75it/s]
100%|█████████▉| 1123/1124 [00:24<00:00, 46.06it/s]
tensor(40.0312, device='cuda:0', dtype=torch.float16)
Decoder 0 Sparsity: Key - [0.024114206473067987, 0.95278672089144, 0.023099072660349336], Value - [0.03452234131903835, 0.9024472875633274, 0.06303037115077743]
Decoder 1 Sparsity: Key - [0.018242165051877923, 0.9197012218928422, 0.06205661306190852], Value - [0.04009007137547184, 0.8982760541909954, 0.061633874466675884]
Decoder 2 Sparsity: Key - [0.02304818027808573, 0.9216978354810396, 0.05525398423093176], Value - [0.04051779412409271, 0.8964472029663065, 0.06303500292617231]
Decoder 3 Sparsity: Key - [0.02927597414775092, 0.9130795319627613, 0.05764449392760245], Value - [0.04121273039472273, 0.8964902946851432, 0.06229697494002]
Decoder 4 Sparsity: Key - [0.028876786728412762, 0.9054823200685698, 0.06564089319141735], Value - [0.04133919661937553, 0.8957099221461184, 0.06295088123119175]
Decoder 5 Sparsity: Key - [0.026621238257258706, 0.9097232786786089, 0.06365548306247518], Value - [0.04144418371834683, 0.8967229320909629, 0.06183288422714773]
Decoder 6 Sparsity: Key - [0.021954331271933702, 0.9065558244325088, 0.07148984433201497], Value - [0.04105652594985275, 0.8971043479930464, 0.06183912609687267]
Decoder 7 Sparsity: Key - [0.027994309537099457, 0.9013265937142525, 0.07067909673704796], Value - [0.040378152853494435, 0.8970336648386993, 0.0625881823078063]
Decoder 8 Sparsity: Key - [0.024945106846197537, 0.8997027385595431, 0.07535215458597365], Value - [0.03921959670823982, 0.8977191564345275, 0.063061246860547]
Decoder 9 Sparsity: Key - [0.03194822887873469, 0.9025756251133209, 0.06547614603280173], Value - [0.038786845818639226, 0.8978860664091924, 0.06332708779205419]
Decoder 10 Sparsity: Key - [0.030902715164544955, 0.9038699071496407, 0.0652273776957573], Value - [0.03668131342893499, 0.8986203173089282, 0.0646983692588225]
Decoder 11 Sparsity: Key - [0.031379953576947874, 0.9022473742210992, 0.0663726722019529], Value - [0.035732563558528434, 0.8977579869515531, 0.06650944952969025]
Decoder 12 Sparsity: Key - [0.030372357675374828, 0.9036636794270994, 0.06596396292735461], Value - [0.03567121854694925, 0.8969104313871614, 0.06741835009240382]
Decoder 13 Sparsity: Key - [0.031556801915208536, 0.9031976797084367, 0.06524551836806897], Value - [0.037106722536964135, 0.8949443047793311, 0.06794897271353367]
Decoder 14 Sparsity: Key - [0.03770169968057251, 0.8974161536774177, 0.06488214666520997], Value - [0.03760940803619254, 0.8940002796276608, 0.06839031233614662]
Decoder 15 Sparsity: Key - [0.03342377231870629, 0.9014820175450892, 0.0650942101610619], Value - [0.03764603737065588, 0.8936530840566574, 0.06870087860582987]
Decoder 16 Sparsity: Key - [0.038390254353262564, 0.8990717275180851, 0.0625380181120808], Value - [0.0367678479652759, 0.8935033956880671, 0.0697287563764858]
Decoder 17 Sparsity: Key - [0.03660207309717067, 0.9011650265217676, 0.06223290041751921], Value - [0.036388345380906954, 0.8939202142567821, 0.06969144038219681]
Decoder 18 Sparsity: Key - [0.033556437350186485, 0.9037170017741328, 0.06272656086739484], Value - [0.03684012498706579, 0.8949238587953018, 0.06823601621431813]
Decoder 19 Sparsity: Key - [0.03172329083595465, 0.9039383046991885, 0.06433840448639995], Value - [0.03691687450820441, 0.8978286923780985, 0.06525443312695442]
Decoder 20 Sparsity: Key - [0.020897456714088013, 0.9088579206810303, 0.0702446226123389], Value - [0.03881884294684671, 0.8974840428375265, 0.06369711422888409]
Decoder 21 Sparsity: Key - [0.018995964324625466, 0.913605375540214, 0.06739866015670351], Value - [0.038174130012582845, 0.8977945871730716, 0.06403128281765985]
Decoder 22 Sparsity: Key - [0.020947392676953638, 0.9193397870691645, 0.0597128202853678], Value - [0.03782443704872369, 0.8978249386112037, 0.06435062432681539]
Decoder 23 Sparsity: Key - [0.037699412892562637, 0.9043379683723654, 0.057962618728443396], Value - [0.03691276787611195, 0.8988547925423048, 0.06423243959152614]
Total Sparsity: Key - [0.028798754585274106, 0.908272567279151, 0.06292867814617405], Value - [0.038235753045217404, 0.8968274106546653, 0.06493683631668888]
