# run: opt-1.3b_seq128_oaken
# start: 2026-05-12T19:54:37
# idle_vram: {'used_mib': 33, 'free_mib': 7668, 'total_mib': 8151}
# command: docker exec -w /workspace oaken-ae-container /opt/conda/envs/oaken/bin/python eval_perplexity.py -m opt -s 1.3b -t wikitext --gpu-start-idx 0 --gpu-count 1 --sequence-length 128 --stride 128 -q results/rtx5060/opt-1.3b/oaken-quantizer.json --quant-method oaken

= Run Configuration ===================
Model name: opt
Model size: 1.3b
Task: wikitext
Single run: False
Quantization method: oaken
Quantizer path: results/rtx5060/opt-1.3b/oaken-quantizer.json
Used GPUs: 0 - 0
=======================================
Running oaken
Perplexity window: sequence_length=128, stride=128, tokens=287645

  0%|          | 0/2248 [00:00<?, ?it/s]
  0%|          | 1/2248 [00:00<10:56,  3.42it/s]
  0%|          | 5/2248 [00:00<02:26, 15.35it/s]
  0%|          | 9/2248 [00:00<01:36, 23.17it/s]
  1%|          | 14/2248 [00:00<01:16, 29.27it/s]
  1%|          | 18/2248 [00:00<01:08, 32.40it/s]
  1%|          | 22/2248 [00:00<01:04, 34.63it/s]
  1%|          | 27/2248 [00:00<01:00, 36.49it/s]
  1%|▏         | 32/2248 [00:01<00:58, 37.66it/s]
  2%|▏         | 36/2248 [00:01<00:57, 38.30it/s]
  2%|▏         | 41/2248 [00:01<00:56, 38.88it/s]
  2%|▏         | 45/2248 [00:01<00:56, 39.18it/s]
  2%|▏         | 49/2248 [00:01<00:55, 39.41it/s]
  2%|▏         | 53/2248 [00:01<00:55, 39.56it/s]
  3%|▎         | 58/2248 [00:01<00:55, 39.72it/s]
  3%|▎         | 62/2248 [00:01<00:54, 39.80it/s]
  3%|▎         | 66/2248 [00:01<00:54, 39.84it/s]
  3%|▎         | 71/2248 [00:02<00:54, 39.93it/s]
  3%|▎         | 75/2248 [00:02<00:54, 39.93it/s]
  4%|▎         | 80/2248 [00:02<00:54, 39.95it/s]
  4%|▍         | 85/2248 [00:02<00:54, 39.98it/s]
  4%|▍         | 89/2248 [00:02<00:54, 39.97it/s]
  4%|▍         | 94/2248 [00:02<00:53, 39.98it/s]
  4%|▍         | 99/2248 [00:02<00:53, 39.99it/s]
  5%|▍         | 103/2248 [00:02<00:53, 39.97it/s]
  5%|▍         | 108/2248 [00:02<00:53, 39.99it/s]
  5%|▌         | 113/2248 [00:03<00:53, 40.01it/s]
  5%|▌         | 118/2248 [00:03<00:53, 40.01it/s]
  5%|▌         | 123/2248 [00:03<00:53, 40.00it/s]
  6%|▌         | 128/2248 [00:03<00:52, 40.01it/s]
  6%|▌         | 133/2248 [00:03<00:52, 40.01it/s]
  6%|▌         | 138/2248 [00:03<00:52, 40.00it/s]
  6%|▋         | 143/2248 [00:03<00:52, 39.98it/s]
  7%|▋         | 148/2248 [00:03<00:52, 40.00it/s]
  7%|▋         | 153/2248 [00:04<00:52, 40.00it/s]
  7%|▋         | 157/2248 [00:04<00:52, 39.99it/s]
  7%|▋         | 161/2248 [00:04<00:52, 39.97it/s]
  7%|▋         | 166/2248 [00:04<00:52, 40.00it/s]
  8%|▊         | 171/2248 [00:04<00:51, 39.99it/s]
  8%|▊         | 175/2248 [00:04<00:51, 39.99it/s]
  8%|▊         | 179/2248 [00:04<00:51, 39.99it/s]
  8%|▊         | 183/2248 [00:04<00:51, 39.95it/s]
  8%|▊         | 187/2248 [00:04<00:51, 39.91it/s]
  9%|▊         | 192/2248 [00:05<00:51, 39.93it/s]
  9%|▊         | 196/2248 [00:05<00:51, 39.93it/s]
  9%|▉         | 200/2248 [00:05<00:51, 39.89it/s]
  9%|▉         | 204/2248 [00:05<00:51, 39.91it/s]
  9%|▉         | 208/2248 [00:05<00:51, 39.93it/s]
  9%|▉         | 212/2248 [00:05<00:50, 39.95it/s]
 10%|▉         | 216/2248 [00:05<00:50, 39.96it/s]
 10%|▉         | 221/2248 [00:05<00:50, 39.98it/s]
 10%|█         | 225/2248 [00:05<00:50, 39.98it/s]
 10%|█         | 230/2248 [00:06<00:50, 39.99it/s]
 10%|█         | 234/2248 [00:06<00:50, 39.99it/s]
 11%|█         | 238/2248 [00:06<00:50, 39.99it/s]
 11%|█         | 243/2248 [00:06<00:50, 39.98it/s]
 11%|█         | 248/2248 [00:06<00:50, 39.99it/s]
 11%|█▏        | 253/2248 [00:06<00:49, 39.98it/s]
 11%|█▏        | 258/2248 [00:06<00:49, 40.00it/s]
 12%|█▏        | 263/2248 [00:06<00:49, 40.00it/s]
 12%|█▏        | 268/2248 [00:06<00:49, 40.00it/s]
 12%|█▏        | 273/2248 [00:07<00:49, 39.99it/s]
 12%|█▏        | 278/2248 [00:07<00:49, 39.99it/s]
 13%|█▎        | 282/2248 [00:07<00:49, 39.99it/s]
 13%|█▎        | 287/2248 [00:07<00:49, 40.01it/s]
 13%|█▎        | 292/2248 [00:07<00:48, 40.02it/s]
 13%|█▎        | 297/2248 [00:07<00:48, 40.01it/s]
 13%|█▎        | 302/2248 [00:07<00:48, 39.97it/s]
 14%|█▎        | 306/2248 [00:07<00:48, 39.93it/s]
 14%|█▍        | 310/2248 [00:08<00:48, 39.94it/s]
 14%|█▍        | 314/2248 [00:08<00:48, 39.92it/s]
 14%|█▍        | 318/2248 [00:08<00:48, 39.94it/s]
 14%|█▍        | 323/2248 [00:08<00:48, 39.90it/s]
 15%|█▍        | 327/2248 [00:08<00:48, 39.88it/s]
 15%|█▍        | 332/2248 [00:08<00:47, 39.92it/s]
 15%|█▍        | 337/2248 [00:08<00:47, 39.97it/s]
 15%|█▌        | 341/2248 [00:08<00:47, 39.96it/s]
 15%|█▌        | 345/2248 [00:08<00:47, 39.93it/s]
 16%|█▌        | 349/2248 [00:08<00:47, 39.89it/s]
 16%|█▌        | 354/2248 [00:09<00:47, 39.92it/s]
 16%|█▌        | 358/2248 [00:09<00:47, 39.92it/s]
 16%|█▌        | 363/2248 [00:09<00:47, 39.98it/s]
 16%|█▋        | 368/2248 [00:09<00:47, 40.00it/s]
 17%|█▋        | 372/2248 [00:09<00:46, 39.98it/s]
 17%|█▋        | 377/2248 [00:09<00:46, 40.00it/s]
 17%|█▋        | 382/2248 [00:09<00:46, 40.01it/s]
 17%|█▋        | 387/2248 [00:09<00:46, 39.99it/s]
 17%|█▋        | 391/2248 [00:10<00:46, 39.98it/s]
 18%|█▊        | 395/2248 [00:10<00:46, 39.98it/s]
 18%|█▊        | 399/2248 [00:10<00:46, 39.97it/s]
 18%|█▊        | 404/2248 [00:10<00:46, 40.00it/s]
 18%|█▊        | 408/2248 [00:10<00:46, 39.99it/s]
 18%|█▊        | 412/2248 [00:10<00:45, 39.96it/s]
 19%|█▊        | 416/2248 [00:10<00:45, 39.91it/s]
 19%|█▊        | 421/2248 [00:10<00:45, 39.93it/s]
 19%|█▉        | 426/2248 [00:10<00:45, 39.95it/s]
 19%|█▉        | 430/2248 [00:11<00:45, 39.95it/s]
 19%|█▉        | 435/2248 [00:11<00:45, 39.99it/s]
 20%|█▉        | 439/2248 [00:11<00:45, 39.99it/s]
 20%|█▉        | 443/2248 [00:11<00:45, 39.90it/s]
 20%|█▉        | 447/2248 [00:11<00:45, 39.89it/s]
 20%|██        | 451/2248 [00:11<00:45, 39.91it/s]
 20%|██        | 455/2248 [00:11<00:44, 39.88it/s]
 20%|██        | 459/2248 [00:11<00:44, 39.90it/s]
 21%|██        | 463/2248 [00:11<00:44, 39.92it/s]
 21%|██        | 467/2248 [00:11<00:44, 39.92it/s]
 21%|██        | 471/2248 [00:12<00:44, 39.93it/s]
 21%|██        | 475/2248 [00:12<00:44, 39.85it/s]
 21%|██▏       | 479/2248 [00:12<00:44, 39.82it/s]
 21%|██▏       | 483/2248 [00:12<00:44, 39.84it/s]
 22%|██▏       | 487/2248 [00:12<00:44, 39.87it/s]
 22%|██▏       | 492/2248 [00:12<00:43, 39.92it/s]
 22%|██▏       | 496/2248 [00:12<00:43, 39.87it/s]
 22%|██▏       | 500/2248 [00:12<00:43, 39.88it/s]
 22%|██▏       | 504/2248 [00:12<00:43, 39.90it/s]
 23%|██▎       | 509/2248 [00:13<00:43, 39.93it/s]
 23%|██▎       | 514/2248 [00:13<00:43, 39.94it/s]
 23%|██▎       | 519/2248 [00:13<00:43, 39.98it/s]
 23%|██▎       | 523/2248 [00:13<00:43, 39.97it/s]
 23%|██▎       | 527/2248 [00:13<00:43, 39.96it/s]
 24%|██▎       | 532/2248 [00:13<00:42, 40.00it/s]
 24%|██▍       | 537/2248 [00:13<00:42, 40.02it/s]
 24%|██▍       | 542/2248 [00:13<00:42, 40.03it/s]
 24%|██▍       | 547/2248 [00:13<00:42, 39.99it/s]
 25%|██▍       | 552/2248 [00:14<00:42, 39.99it/s]
 25%|██▍       | 556/2248 [00:14<00:42, 39.97it/s]
 25%|██▍       | 560/2248 [00:14<00:42, 39.92it/s]
 25%|██▌       | 564/2248 [00:14<00:42, 39.94it/s]
 25%|██▌       | 568/2248 [00:14<00:42, 39.93it/s]
 25%|██▌       | 572/2248 [00:14<00:41, 39.94it/s]
 26%|██▌       | 576/2248 [00:14<00:41, 39.95it/s]
 26%|██▌       | 580/2248 [00:14<00:41, 39.90it/s]
 26%|██▌       | 584/2248 [00:14<00:41, 39.91it/s]
 26%|██▌       | 588/2248 [00:14<00:41, 39.92it/s]
 26%|██▋       | 592/2248 [00:15<00:41, 39.85it/s]
 27%|██▋       | 596/2248 [00:15<00:41, 39.89it/s]
 27%|██▋       | 600/2248 [00:15<00:41, 39.91it/s]
 27%|██▋       | 605/2248 [00:15<00:41, 39.95it/s]
 27%|██▋       | 609/2248 [00:15<00:41, 39.96it/s]
 27%|██▋       | 614/2248 [00:15<00:40, 39.98it/s]
 27%|██▋       | 618/2248 [00:15<00:40, 39.97it/s]
 28%|██▊       | 623/2248 [00:15<00:40, 39.99it/s]
 28%|██▊       | 628/2248 [00:15<00:40, 39.99it/s]
 28%|██▊       | 632/2248 [00:16<00:40, 39.99it/s]
 28%|██▊       | 636/2248 [00:16<00:40, 39.99it/s]
 28%|██▊       | 640/2248 [00:16<00:40, 39.92it/s]
 29%|██▊       | 644/2248 [00:16<00:40, 39.93it/s]
 29%|██▉       | 648/2248 [00:16<00:40, 39.94it/s]
 29%|██▉       | 653/2248 [00:16<00:39, 39.97it/s]
 29%|██▉       | 657/2248 [00:16<00:39, 39.97it/s]
 29%|██▉       | 661/2248 [00:16<00:39, 39.97it/s]
 30%|██▉       | 666/2248 [00:16<00:39, 39.98it/s]
 30%|██▉       | 671/2248 [00:17<00:39, 40.01it/s]
 30%|███       | 676/2248 [00:17<00:39, 39.99it/s]
 30%|███       | 680/2248 [00:17<00:39, 39.98it/s]
 30%|███       | 685/2248 [00:17<00:39, 40.02it/s]
 31%|███       | 690/2248 [00:17<00:38, 40.01it/s]
 31%|███       | 695/2248 [00:17<00:38, 40.01it/s]
 31%|███       | 700/2248 [00:17<00:38, 40.01it/s]
 31%|███▏      | 705/2248 [00:17<00:38, 39.98it/s]
 32%|███▏      | 710/2248 [00:18<00:38, 40.01it/s]
 32%|███▏      | 715/2248 [00:18<00:38, 39.99it/s]
 32%|███▏      | 719/2248 [00:18<00:38, 39.97it/s]
 32%|███▏      | 723/2248 [00:18<00:38, 39.95it/s]
 32%|███▏      | 727/2248 [00:18<00:38, 39.92it/s]
 33%|███▎      | 731/2248 [00:18<00:38, 39.91it/s]
 33%|███▎      | 735/2248 [00:18<00:37, 39.91it/s]
 33%|███▎      | 739/2248 [00:18<00:37, 39.89it/s]
 33%|███▎      | 743/2248 [00:18<00:37, 39.88it/s]
 33%|███▎      | 747/2248 [00:18<00:37, 39.88it/s]
 33%|███▎      | 751/2248 [00:19<00:37, 39.88it/s]
 34%|███▎      | 755/2248 [00:19<00:37, 39.90it/s]
 34%|███▍      | 759/2248 [00:19<00:37, 39.92it/s]
 34%|███▍      | 764/2248 [00:19<00:37, 39.95it/s]
 34%|███▍      | 769/2248 [00:19<00:36, 39.99it/s]
 34%|███▍      | 773/2248 [00:19<00:36, 39.99it/s]
 35%|███▍      | 778/2248 [00:19<00:36, 40.01it/s]
 35%|███▍      | 783/2248 [00:19<00:36, 39.98it/s]
 35%|███▌      | 787/2248 [00:19<00:36, 39.98it/s]
 35%|███▌      | 791/2248 [00:20<00:36, 39.98it/s]
 35%|███▌      | 795/2248 [00:20<00:36, 39.98it/s]
 36%|███▌      | 799/2248 [00:20<00:36, 39.98it/s]
 36%|███▌      | 804/2248 [00:20<00:36, 40.00it/s]
 36%|███▌      | 808/2248 [00:20<00:36, 39.99it/s]
 36%|███▌      | 812/2248 [00:20<00:35, 39.90it/s]
 36%|███▋      | 816/2248 [00:20<00:35, 39.88it/s]
 36%|███▋      | 820/2248 [00:20<00:35, 39.70it/s]
 37%|███▋      | 824/2248 [00:20<00:35, 39.78it/s]
 37%|███▋      | 828/2248 [00:20<00:35, 39.72it/s]
 37%|███▋      | 832/2248 [00:21<00:35, 39.74it/s]
 37%|███▋      | 836/2248 [00:21<00:35, 39.74it/s]
 37%|███▋      | 840/2248 [00:21<00:35, 39.76it/s]
 38%|███▊      | 844/2248 [00:21<00:35, 39.82it/s]
 38%|███▊      | 849/2248 [00:21<00:35, 39.89it/s]
 38%|███▊      | 854/2248 [00:21<00:34, 39.92it/s]
 38%|███▊      | 858/2248 [00:21<00:34, 39.93it/s]
 38%|███▊      | 863/2248 [00:21<00:34, 39.98it/s]
 39%|███▊      | 867/2248 [00:21<00:34, 39.97it/s]
 39%|███▉      | 872/2248 [00:22<00:34, 39.99it/s]
 39%|███▉      | 876/2248 [00:22<00:34, 39.92it/s]
 39%|███▉      | 880/2248 [00:22<00:34, 39.89it/s]
 39%|███▉      | 884/2248 [00:22<00:34, 39.88it/s]
 40%|███▉      | 888/2248 [00:22<00:34, 39.84it/s]
 40%|███▉      | 892/2248 [00:22<00:34, 39.86it/s]
 40%|███▉      | 896/2248 [00:22<00:33, 39.82it/s]
 40%|████      | 900/2248 [00:22<00:33, 39.82it/s]
 40%|████      | 904/2248 [00:22<00:33, 39.81it/s]
 40%|████      | 908/2248 [00:22<00:33, 39.82it/s]
 41%|████      | 912/2248 [00:23<00:33, 39.80it/s]
 41%|████      | 917/2248 [00:23<00:33, 39.89it/s]
 41%|████      | 921/2248 [00:23<00:33, 39.88it/s]
 41%|████      | 925/2248 [00:23<00:33, 39.86it/s]
 41%|████▏     | 929/2248 [00:23<00:33, 39.88it/s]
 42%|████▏     | 933/2248 [00:23<00:32, 39.90it/s]
 42%|████▏     | 938/2248 [00:23<00:32, 39.95it/s]
 42%|████▏     | 942/2248 [00:23<00:32, 39.96it/s]
 42%|████▏     | 946/2248 [00:23<00:32, 39.96it/s]
 42%|████▏     | 950/2248 [00:24<00:32, 39.97it/s]
 42%|████▏     | 954/2248 [00:24<00:32, 39.94it/s]
 43%|████▎     | 958/2248 [00:24<00:32, 39.88it/s]
 43%|████▎     | 962/2248 [00:24<00:32, 39.91it/s]
 43%|████▎     | 966/2248 [00:24<00:32, 39.90it/s]
 43%|████▎     | 970/2248 [00:24<00:32, 39.84it/s]
 43%|████▎     | 974/2248 [00:24<00:31, 39.86it/s]
 44%|████▎     | 978/2248 [00:24<00:31, 39.83it/s]
 44%|████▎     | 982/2248 [00:24<00:31, 39.78it/s]
 44%|████▍     | 986/2248 [00:24<00:31, 39.80it/s]
 44%|████▍     | 990/2248 [00:25<00:31, 39.77it/s]
 44%|████▍     | 994/2248 [00:25<00:31, 39.78it/s]
 44%|████▍     | 998/2248 [00:25<00:31, 39.79it/s]
 45%|████▍     | 1003/2248 [00:25<00:31, 39.85it/s]
 45%|████▍     | 1007/2248 [00:25<00:31, 39.89it/s]
 45%|████▍     | 1011/2248 [00:25<00:30, 39.92it/s]
 45%|████▌     | 1016/2248 [00:25<00:30, 39.96it/s]
 45%|████▌     | 1021/2248 [00:25<00:30, 39.97it/s]
 46%|████▌     | 1026/2248 [00:25<00:30, 39.99it/s]
 46%|████▌     | 1030/2248 [00:26<00:30, 39.98it/s]
 46%|████▌     | 1034/2248 [00:26<00:30, 39.94it/s]
 46%|████▌     | 1038/2248 [00:26<00:30, 39.89it/s]
 46%|████▋     | 1042/2248 [00:26<00:30, 39.91it/s]
 47%|████▋     | 1046/2248 [00:26<00:30, 39.87it/s]
 47%|████▋     | 1050/2248 [00:26<00:30, 39.88it/s]
 47%|████▋     | 1054/2248 [00:26<00:29, 39.83it/s]
 47%|████▋     | 1058/2248 [00:26<00:29, 39.83it/s]
 47%|████▋     | 1062/2248 [00:26<00:29, 39.83it/s]
 47%|████▋     | 1066/2248 [00:26<00:29, 39.83it/s]
 48%|████▊     | 1070/2248 [00:27<00:29, 39.86it/s]
 48%|████▊     | 1074/2248 [00:27<00:29, 39.84it/s]
 48%|████▊     | 1078/2248 [00:27<00:29, 39.87it/s]
 48%|████▊     | 1082/2248 [00:27<00:29, 39.90it/s]
 48%|████▊     | 1087/2248 [00:27<00:29, 39.94it/s]
 49%|████▊     | 1091/2248 [00:27<00:28, 39.95it/s]
 49%|████▊     | 1095/2248 [00:27<00:28, 39.96it/s]
 49%|████▉     | 1100/2248 [00:27<00:28, 39.98it/s]
 49%|████▉     | 1105/2248 [00:27<00:28, 40.00it/s]
 49%|████▉     | 1109/2248 [00:28<00:28, 39.99it/s]
 50%|████▉     | 1113/2248 [00:28<00:28, 39.97it/s]
 50%|████▉     | 1117/2248 [00:28<00:28, 39.93it/s]
 50%|████▉     | 1121/2248 [00:28<00:28, 39.90it/s]
 50%|█████     | 1125/2248 [00:28<00:28, 39.90it/s]
 50%|█████     | 1129/2248 [00:28<00:28, 39.93it/s]
 50%|█████     | 1133/2248 [00:28<00:27, 39.90it/s]
 51%|█████     | 1137/2248 [00:28<00:27, 39.87it/s]
 51%|█████     | 1141/2248 [00:28<00:27, 39.91it/s]
 51%|█████     | 1145/2248 [00:28<00:27, 39.93it/s]
 51%|█████     | 1150/2248 [00:29<00:27, 39.97it/s]
 51%|█████▏    | 1154/2248 [00:29<00:27, 39.96it/s]
 52%|█████▏    | 1158/2248 [00:29<00:27, 39.90it/s]
 52%|█████▏    | 1162/2248 [00:29<00:27, 39.92it/s]
 52%|█████▏    | 1166/2248 [00:29<00:27, 39.94it/s]
 52%|█████▏    | 1171/2248 [00:29<00:26, 39.97it/s]
 52%|█████▏    | 1176/2248 [00:29<00:26, 39.99it/s]
 52%|█████▏    | 1180/2248 [00:29<00:26, 39.99it/s]
 53%|█████▎    | 1184/2248 [00:29<00:26, 39.98it/s]
 53%|█████▎    | 1189/2248 [00:30<00:26, 39.99it/s]
 53%|█████▎    | 1194/2248 [00:30<00:26, 40.00it/s]
 53%|█████▎    | 1198/2248 [00:30<00:26, 39.94it/s]
 53%|█████▎    | 1202/2248 [00:30<00:26, 39.90it/s]
 54%|█████▎    | 1206/2248 [00:30<00:26, 39.92it/s]
 54%|█████▍    | 1210/2248 [00:30<00:26, 39.92it/s]
 54%|█████▍    | 1215/2248 [00:30<00:25, 39.96it/s]
 54%|█████▍    | 1219/2248 [00:30<00:25, 39.96it/s]
 54%|█████▍    | 1223/2248 [00:30<00:25, 39.94it/s]
 55%|█████▍    | 1227/2248 [00:30<00:25, 39.89it/s]
 55%|█████▍    | 1231/2248 [00:31<00:25, 39.92it/s]
 55%|█████▍    | 1236/2248 [00:31<00:25, 39.93it/s]
 55%|█████▌    | 1241/2248 [00:31<00:25, 39.98it/s]
 55%|█████▌    | 1246/2248 [00:31<00:25, 40.00it/s]
 56%|█████▌    | 1251/2248 [00:31<00:24, 40.01it/s]
 56%|█████▌    | 1256/2248 [00:31<00:24, 40.01it/s]
 56%|█████▌    | 1261/2248 [00:31<00:24, 39.98it/s]
 56%|█████▋    | 1266/2248 [00:31<00:24, 40.00it/s]
 57%|█████▋    | 1271/2248 [00:32<00:24, 40.01it/s]
 57%|█████▋    | 1276/2248 [00:32<00:24, 39.99it/s]
 57%|█████▋    | 1280/2248 [00:32<00:24, 39.99it/s]
 57%|█████▋    | 1285/2248 [00:32<00:24, 40.01it/s]
 57%|█████▋    | 1290/2248 [00:32<00:23, 39.98it/s]
 58%|█████▊    | 1295/2248 [00:32<00:23, 40.02it/s]
 58%|█████▊    | 1300/2248 [00:32<00:23, 39.98it/s]
 58%|█████▊    | 1304/2248 [00:32<00:23, 39.92it/s]
 58%|█████▊    | 1308/2248 [00:33<00:23, 39.92it/s]
 58%|█████▊    | 1312/2248 [00:33<00:23, 39.92it/s]
 59%|█████▊    | 1317/2248 [00:33<00:23, 39.96it/s]
 59%|█████▉    | 1322/2248 [00:33<00:23, 39.99it/s]
 59%|█████▉    | 1326/2248 [00:33<00:23, 39.99it/s]
 59%|█████▉    | 1330/2248 [00:33<00:22, 39.98it/s]
 59%|█████▉    | 1335/2248 [00:33<00:22, 40.00it/s]
 60%|█████▉    | 1339/2248 [00:33<00:22, 39.99it/s]
 60%|█████▉    | 1343/2248 [00:33<00:22, 39.98it/s]
 60%|█████▉    | 1348/2248 [00:34<00:22, 39.99it/s]
 60%|██████    | 1352/2248 [00:34<00:22, 39.98it/s]
 60%|██████    | 1356/2248 [00:34<00:22, 39.94it/s]
 60%|██████    | 1360/2248 [00:34<00:22, 39.91it/s]
 61%|██████    | 1364/2248 [00:34<00:22, 39.93it/s]
 61%|██████    | 1368/2248 [00:34<00:22, 39.94it/s]
 61%|██████    | 1372/2248 [00:34<00:21, 39.90it/s]
 61%|██████    | 1376/2248 [00:34<00:21, 39.84it/s]
 61%|██████▏   | 1380/2248 [00:34<00:21, 39.86it/s]
 62%|██████▏   | 1384/2248 [00:34<00:21, 39.85it/s]
 62%|██████▏   | 1388/2248 [00:35<00:21, 39.89it/s]
 62%|██████▏   | 1392/2248 [00:35<00:21, 39.92it/s]
 62%|██████▏   | 1397/2248 [00:35<00:21, 39.96it/s]
 62%|██████▏   | 1402/2248 [00:35<00:21, 39.98it/s]
 63%|██████▎   | 1406/2248 [00:35<00:21, 39.98it/s]
 63%|██████▎   | 1411/2248 [00:35<00:20, 39.99it/s]
 63%|██████▎   | 1416/2248 [00:35<00:20, 40.00it/s]
 63%|██████▎   | 1421/2248 [00:35<00:20, 40.01it/s]
 63%|██████▎   | 1426/2248 [00:35<00:20, 39.95it/s]
 64%|██████▎   | 1431/2248 [00:36<00:20, 39.97it/s]
 64%|██████▍   | 1435/2248 [00:36<00:20, 39.93it/s]
 64%|██████▍   | 1439/2248 [00:36<00:20, 39.93it/s]
 64%|██████▍   | 1443/2248 [00:36<00:20, 39.95it/s]
 64%|██████▍   | 1447/2248 [00:36<00:20, 39.94it/s]
 65%|██████▍   | 1451/2248 [00:36<00:19, 39.94it/s]
 65%|██████▍   | 1455/2248 [00:36<00:19, 39.89it/s]
 65%|██████▍   | 1459/2248 [00:36<00:19, 39.91it/s]
 65%|██████▌   | 1463/2248 [00:36<00:19, 39.93it/s]
 65%|██████▌   | 1467/2248 [00:36<00:19, 39.92it/s]
 65%|██████▌   | 1471/2248 [00:37<00:19, 39.87it/s]
 66%|██████▌   | 1475/2248 [00:37<00:19, 39.87it/s]
 66%|██████▌   | 1480/2248 [00:37<00:19, 39.93it/s]
 66%|██████▌   | 1485/2248 [00:37<00:19, 39.97it/s]
 66%|██████▌   | 1489/2248 [00:37<00:18, 39.95it/s]
 66%|██████▋   | 1494/2248 [00:37<00:18, 39.99it/s]
 67%|██████▋   | 1499/2248 [00:37<00:18, 39.99it/s]
 67%|██████▋   | 1503/2248 [00:37<00:18, 39.98it/s]
 67%|██████▋   | 1508/2248 [00:38<00:18, 39.99it/s]
 67%|██████▋   | 1512/2248 [00:38<00:18, 39.98it/s]
 67%|██████▋   | 1516/2248 [00:38<00:18, 39.92it/s]
 68%|██████▊   | 1520/2248 [00:38<00:18, 39.91it/s]
 68%|██████▊   | 1524/2248 [00:38<00:18, 39.86it/s]
 68%|██████▊   | 1528/2248 [00:38<00:18, 39.88it/s]
 68%|██████▊   | 1532/2248 [00:38<00:17, 39.83it/s]
 68%|██████▊   | 1536/2248 [00:38<00:17, 39.83it/s]
 69%|██████▊   | 1540/2248 [00:38<00:17, 39.87it/s]
 69%|██████▊   | 1545/2248 [00:38<00:17, 39.92it/s]
 69%|██████▉   | 1550/2248 [00:39<00:17, 39.94it/s]
 69%|██████▉   | 1554/2248 [00:39<00:17, 39.95it/s]
 69%|██████▉   | 1559/2248 [00:39<00:17, 40.00it/s]
 70%|██████▉   | 1564/2248 [00:39<00:17, 40.00it/s]
 70%|██████▉   | 1569/2248 [00:39<00:16, 40.01it/s]
 70%|███████   | 1574/2248 [00:39<00:16, 40.00it/s]
 70%|███████   | 1578/2248 [00:39<00:16, 40.00it/s]
 70%|███████   | 1582/2248 [00:39<00:16, 39.98it/s]
 71%|███████   | 1587/2248 [00:40<00:16, 39.99it/s]
 71%|███████   | 1591/2248 [00:40<00:16, 39.96it/s]
 71%|███████   | 1595/2248 [00:40<00:16, 39.90it/s]
 71%|███████   | 1599/2248 [00:40<00:16, 39.89it/s]
 71%|███████▏  | 1603/2248 [00:40<00:16, 39.86it/s]
 71%|███████▏  | 1607/2248 [00:40<00:16, 39.89it/s]
 72%|███████▏  | 1611/2248 [00:40<00:15, 39.87it/s]
 72%|███████▏  | 1615/2248 [00:40<00:15, 39.82it/s]
 72%|███████▏  | 1619/2248 [00:40<00:15, 39.87it/s]
 72%|███████▏  | 1623/2248 [00:40<00:15, 39.89it/s]
 72%|███████▏  | 1627/2248 [00:41<00:15, 39.85it/s]
 73%|███████▎  | 1631/2248 [00:41<00:15, 39.87it/s]
 73%|███████▎  | 1635/2248 [00:41<00:15, 39.90it/s]
 73%|███████▎  | 1639/2248 [00:41<00:15, 39.92it/s]
 73%|███████▎  | 1643/2248 [00:41<00:15, 39.89it/s]
 73%|███████▎  | 1647/2248 [00:41<00:15, 39.90it/s]
 73%|███████▎  | 1651/2248 [00:41<00:14, 39.93it/s]
 74%|███████▎  | 1655/2248 [00:41<00:14, 39.90it/s]
 74%|███████▍  | 1660/2248 [00:41<00:14, 39.95it/s]
 74%|███████▍  | 1664/2248 [00:41<00:14, 39.91it/s]
 74%|███████▍  | 1668/2248 [00:42<00:14, 39.93it/s]
 74%|███████▍  | 1672/2248 [00:42<00:14, 39.93it/s]
 75%|███████▍  | 1676/2248 [00:42<00:14, 39.93it/s]
 75%|███████▍  | 1680/2248 [00:42<00:14, 39.92it/s]
 75%|███████▍  | 1684/2248 [00:42<00:14, 39.88it/s]
 75%|███████▌  | 1688/2248 [00:42<00:14, 39.90it/s]
 75%|███████▌  | 1692/2248 [00:42<00:13, 39.91it/s]
 75%|███████▌  | 1696/2248 [00:42<00:13, 39.91it/s]
 76%|███████▌  | 1700/2248 [00:42<00:13, 39.85it/s]
 76%|███████▌  | 1704/2248 [00:42<00:13, 39.85it/s]
 76%|███████▌  | 1708/2248 [00:43<00:13, 39.85it/s]
 76%|███████▌  | 1712/2248 [00:43<00:13, 39.87it/s]
 76%|███████▋  | 1716/2248 [00:43<00:13, 39.88it/s]
 77%|███████▋  | 1720/2248 [00:43<00:13, 39.90it/s]
 77%|███████▋  | 1724/2248 [00:43<00:13, 39.88it/s]
 77%|███████▋  | 1728/2248 [00:43<00:13, 39.91it/s]
 77%|███████▋  | 1732/2248 [00:43<00:12, 39.93it/s]
 77%|███████▋  | 1736/2248 [00:43<00:12, 39.93it/s]
 77%|███████▋  | 1740/2248 [00:43<00:12, 39.92it/s]
 78%|███████▊  | 1744/2248 [00:43<00:12, 39.88it/s]
 78%|███████▊  | 1749/2248 [00:44<00:12, 39.93it/s]
 78%|███████▊  | 1753/2248 [00:44<00:12, 39.92it/s]
 78%|███████▊  | 1757/2248 [00:44<00:12, 39.87it/s]
 78%|███████▊  | 1761/2248 [00:44<00:12, 39.86it/s]
 79%|███████▊  | 1765/2248 [00:44<00:12, 39.84it/s]
 79%|███████▊  | 1769/2248 [00:44<00:12, 39.82it/s]
 79%|███████▉  | 1773/2248 [00:44<00:11, 39.81it/s]
 79%|███████▉  | 1777/2248 [00:44<00:11, 39.82it/s]
 79%|███████▉  | 1781/2248 [00:44<00:11, 39.80it/s]
 79%|███████▉  | 1785/2248 [00:44<00:11, 39.79it/s]
 80%|███████▉  | 1789/2248 [00:45<00:11, 39.81it/s]
 80%|███████▉  | 1793/2248 [00:45<00:11, 39.84it/s]
 80%|███████▉  | 1797/2248 [00:45<00:11, 39.83it/s]
 80%|████████  | 1801/2248 [00:45<00:11, 39.83it/s]
 80%|████████  | 1805/2248 [00:45<00:11, 39.87it/s]
 80%|████████  | 1809/2248 [00:45<00:11, 39.90it/s]
 81%|████████  | 1814/2248 [00:45<00:10, 39.96it/s]
 81%|████████  | 1818/2248 [00:45<00:10, 39.96it/s]
 81%|████████  | 1822/2248 [00:45<00:10, 39.97it/s]
 81%|████████▏ | 1827/2248 [00:46<00:10, 39.99it/s]
 81%|████████▏ | 1831/2248 [00:46<00:10, 39.98it/s]
 82%|████████▏ | 1835/2248 [00:46<00:10, 39.93it/s]
 82%|████████▏ | 1839/2248 [00:46<00:10, 39.92it/s]
 82%|████████▏ | 1843/2248 [00:46<00:10, 39.92it/s]
 82%|████████▏ | 1847/2248 [00:46<00:10, 39.93it/s]
 82%|████████▏ | 1851/2248 [00:46<00:09, 39.91it/s]
 83%|████████▎ | 1855/2248 [00:46<00:09, 39.89it/s]
 83%|████████▎ | 1859/2248 [00:46<00:09, 39.90it/s]
 83%|████████▎ | 1863/2248 [00:46<00:09, 39.89it/s]
 83%|████████▎ | 1867/2248 [00:47<00:09, 39.86it/s]
 83%|████████▎ | 1871/2248 [00:47<00:09, 39.90it/s]
 83%|████████▎ | 1875/2248 [00:47<00:09, 39.91it/s]
 84%|████████▎ | 1880/2248 [00:47<00:09, 39.96it/s]
 84%|████████▍ | 1884/2248 [00:47<00:09, 39.96it/s]
 84%|████████▍ | 1888/2248 [00:47<00:09, 39.97it/s]
 84%|████████▍ | 1892/2248 [00:47<00:08, 39.96it/s]
 84%|████████▍ | 1897/2248 [00:47<00:08, 39.99it/s]
 85%|████████▍ | 1901/2248 [00:47<00:08, 39.92it/s]
 85%|████████▍ | 1905/2248 [00:47<00:08, 39.89it/s]
 85%|████████▍ | 1909/2248 [00:48<00:08, 39.92it/s]
 85%|████████▌ | 1913/2248 [00:48<00:08, 39.88it/s]
 85%|████████▌ | 1917/2248 [00:48<00:08, 39.85it/s]
 85%|████████▌ | 1921/2248 [00:48<00:08, 39.82it/s]
 86%|████████▌ | 1925/2248 [00:48<00:08, 39.83it/s]
 86%|████████▌ | 1929/2248 [00:48<00:08, 39.81it/s]
 86%|████████▌ | 1933/2248 [00:48<00:07, 39.82it/s]
 86%|████████▌ | 1937/2248 [00:48<00:07, 39.84it/s]
 86%|████████▋ | 1941/2248 [00:48<00:07, 39.83it/s]
 87%|████████▋ | 1945/2248 [00:48<00:07, 39.85it/s]
 87%|████████▋ | 1949/2248 [00:49<00:07, 39.80it/s]
 87%|████████▋ | 1953/2248 [00:49<00:07, 39.81it/s]
 87%|████████▋ | 1957/2248 [00:49<00:07, 39.82it/s]
 87%|████████▋ | 1961/2248 [00:49<00:07, 39.85it/s]
 87%|████████▋ | 1965/2248 [00:49<00:07, 39.88it/s]
 88%|████████▊ | 1970/2248 [00:49<00:06, 39.94it/s]
 88%|████████▊ | 1974/2248 [00:49<00:06, 39.95it/s]
 88%|████████▊ | 1978/2248 [00:49<00:06, 39.97it/s]
 88%|████████▊ | 1983/2248 [00:49<00:06, 39.97it/s]
 88%|████████▊ | 1988/2248 [00:50<00:06, 39.98it/s]
 89%|████████▊ | 1992/2248 [00:50<00:06, 39.89it/s]
 89%|████████▉ | 1996/2248 [00:50<00:06, 39.84it/s]
 89%|████████▉ | 2000/2248 [00:50<00:06, 39.86it/s]
 89%|████████▉ | 2004/2248 [00:50<00:06, 39.87it/s]
 89%|████████▉ | 2008/2248 [00:50<00:06, 39.81it/s]
 90%|████████▉ | 2012/2248 [00:50<00:05, 39.85it/s]
 90%|████████▉ | 2016/2248 [00:50<00:05, 39.84it/s]
 90%|████████▉ | 2020/2248 [00:50<00:05, 39.84it/s]
 90%|█████████ | 2024/2248 [00:50<00:05, 39.84it/s]
 90%|█████████ | 2028/2248 [00:51<00:05, 39.84it/s]
 90%|█████████ | 2032/2248 [00:51<00:05, 39.83it/s]
 91%|█████████ | 2036/2248 [00:51<00:05, 39.83it/s]
 91%|█████████ | 2040/2248 [00:51<00:05, 39.88it/s]
 91%|█████████ | 2044/2248 [00:51<00:05, 39.91it/s]
 91%|█████████ | 2048/2248 [00:51<00:05, 39.91it/s]
 91%|█████████▏| 2053/2248 [00:51<00:04, 39.95it/s]
 92%|█████████▏| 2057/2248 [00:51<00:04, 39.96it/s]
 92%|█████████▏| 2061/2248 [00:51<00:04, 39.96it/s]
 92%|█████████▏| 2065/2248 [00:51<00:04, 39.90it/s]
 92%|█████████▏| 2069/2248 [00:52<00:04, 39.90it/s]
 92%|█████████▏| 2073/2248 [00:52<00:04, 39.85it/s]
 92%|█████████▏| 2077/2248 [00:52<00:04, 39.83it/s]
 93%|█████████▎| 2081/2248 [00:52<00:04, 39.85it/s]
 93%|█████████▎| 2085/2248 [00:52<00:04, 39.82it/s]
 93%|█████████▎| 2089/2248 [00:52<00:03, 39.78it/s]
 93%|█████████▎| 2093/2248 [00:52<00:03, 39.79it/s]
 93%|█████████▎| 2097/2248 [00:52<00:03, 39.78it/s]
 93%|█████████▎| 2101/2248 [00:52<00:03, 39.75it/s]
 94%|█████████▎| 2105/2248 [00:52<00:03, 39.79it/s]
 94%|█████████▍| 2109/2248 [00:53<00:03, 39.78it/s]
 94%|█████████▍| 2113/2248 [00:53<00:03, 39.79it/s]
 94%|█████████▍| 2117/2248 [00:53<00:03, 39.79it/s]
 94%|█████████▍| 2121/2248 [00:53<00:03, 39.83it/s]
 95%|█████████▍| 2125/2248 [00:53<00:03, 39.86it/s]
 95%|█████████▍| 2129/2248 [00:53<00:02, 39.90it/s]
 95%|█████████▍| 2133/2248 [00:53<00:02, 39.86it/s]
 95%|█████████▌| 2137/2248 [00:53<00:02, 39.88it/s]
 95%|█████████▌| 2141/2248 [00:53<00:02, 39.88it/s]
 95%|█████████▌| 2145/2248 [00:53<00:02, 39.92it/s]
 96%|█████████▌| 2150/2248 [00:54<00:02, 39.92it/s]
 96%|█████████▌| 2154/2248 [00:54<00:02, 39.85it/s]
 96%|█████████▌| 2158/2248 [00:54<00:02, 39.78it/s]
 96%|█████████▌| 2162/2248 [00:54<00:02, 39.83it/s]
 96%|█████████▋| 2166/2248 [00:54<00:02, 39.79it/s]
 97%|█████████▋| 2170/2248 [00:54<00:01, 39.76it/s]
 97%|█████████▋| 2174/2248 [00:54<00:01, 39.76it/s]
 97%|█████████▋| 2178/2248 [00:54<00:01, 39.75it/s]
 97%|█████████▋| 2182/2248 [00:54<00:01, 39.74it/s]
 97%|█████████▋| 2186/2248 [00:55<00:01, 39.77it/s]
 97%|█████████▋| 2190/2248 [00:55<00:01, 39.74it/s]
 98%|█████████▊| 2194/2248 [00:55<00:01, 39.79it/s]
 98%|█████████▊| 2198/2248 [00:55<00:01, 39.78it/s]
 98%|█████████▊| 2202/2248 [00:55<00:01, 39.74it/s]
 98%|█████████▊| 2206/2248 [00:55<00:01, 39.73it/s]
 98%|█████████▊| 2210/2248 [00:55<00:00, 39.75it/s]
 98%|█████████▊| 2214/2248 [00:55<00:00, 39.80it/s]
 99%|█████████▊| 2218/2248 [00:55<00:00, 39.81it/s]
 99%|█████████▉| 2222/2248 [00:55<00:00, 39.84it/s]
 99%|█████████▉| 2226/2248 [00:56<00:00, 39.77it/s]
 99%|█████████▉| 2230/2248 [00:56<00:00, 39.78it/s]
 99%|█████████▉| 2234/2248 [00:56<00:00, 39.77it/s]
100%|█████████▉| 2238/2248 [00:56<00:00, 39.76it/s]
100%|█████████▉| 2242/2248 [00:56<00:00, 39.76it/s]
100%|█████████▉| 2246/2248 [00:56<00:00, 39.72it/s]
100%|█████████▉| 2247/2248 [00:56<00:00, 39.71it/s]
tensor(36.6562, device='cuda:0', dtype=torch.float16)
Decoder 0 Sparsity: Key - [0.01965782232499711, 0.9134220284711424, 0.06692014920634626], Value - [0.03262326450856051, 0.9047781283373935, 0.06259860716150324]
Decoder 1 Sparsity: Key - [0.044516808533994645, 0.9009974934028137, 0.05448569805490589], Value - [0.04011175556114984, 0.8977399098809503, 0.06214833455624264]
Decoder 2 Sparsity: Key - [0.040095973239542115, 0.8998908338226458, 0.060013192931183505], Value - [0.042839983194814565, 0.8956714043413617, 0.06148861247210952]
Decoder 3 Sparsity: Key - [0.07864606545846975, 0.8706903442528324, 0.05066359030029793], Value - [0.044144272907004026, 0.893529408157296, 0.062326318925757]
Decoder 4 Sparsity: Key - [0.07812454147774765, 0.8659147593156299, 0.05596069921490826], Value - [0.04367897006951511, 0.8937427058709898, 0.06257832405949508]
Decoder 5 Sparsity: Key - [0.07331180379285189, 0.8724923879438448, 0.05419580827324628], Value - [0.041816965204554205, 0.8946219047140397, 0.06356113008637763]
Decoder 6 Sparsity: Key - [0.07086501535346393, 0.8851778775559626, 0.04395710709554498], Value - [0.041205753065194944, 0.8951995074748993, 0.0635947394698487]
Decoder 7 Sparsity: Key - [0.08677459058759475, 0.8774411910316274, 0.03578421838077786], Value - [0.041483708226463335, 0.8945999696214428, 0.0639163221620368]
Decoder 8 Sparsity: Key - [0.08846457690013791, 0.8757491530154523, 0.0357862700860669], Value - [0.040849051719988795, 0.8949620994437631, 0.06418884884619097]
Decoder 9 Sparsity: Key - [0.10242590217708587, 0.8637762824570581, 0.033797815367513175], Value - [0.04001145901695371, 0.8955227746180793, 0.06446576636165274]
Decoder 10 Sparsity: Key - [0.12370524129886644, 0.8426841286895962, 0.03361063001153732], Value - [0.04090381110438354, 0.894604842089037, 0.06449134681320806]
Decoder 11 Sparsity: Key - [0.12598946601072877, 0.8361832291895385, 0.03782730480470426], Value - [0.04048431225392795, 0.8944428007638752, 0.06507288697059681]
Decoder 12 Sparsity: Key - [0.12243465336165606, 0.8422131333699006, 0.03535221327838631], Value - [0.03901183729480912, 0.8953162206873775, 0.06567194201781339]
Decoder 13 Sparsity: Key - [0.12892939371729661, 0.8399231659506988, 0.03114744033780466], Value - [0.03749116585553488, 0.896539406420073, 0.06596942772273491]
Decoder 14 Sparsity: Key - [0.12155809688292364, 0.8419110456289346, 0.03653085748151316], Value - [0.03660155583199551, 0.8967193350514059, 0.06667910910665564]
Decoder 15 Sparsity: Key - [0.12780854213333215, 0.8295758677865263, 0.042615590088427385], Value - [0.03563996931882674, 0.897146791511371, 0.06721323916483074]
Decoder 16 Sparsity: Key - [0.11972373716029408, 0.8409186487891496, 0.0393576140439277], Value - [0.03389494356805346, 0.8982048852110672, 0.06790017122170786]
Decoder 17 Sparsity: Key - [0.11244515480732155, 0.8438257675525133, 0.043729077645136685], Value - [0.03464030739652437, 0.8979409277916379, 0.06741876481598064]
Decoder 18 Sparsity: Key - [0.08819249832134336, 0.8614144571045964, 0.050393044575717416], Value - [0.03787188296408469, 0.8952389929536398, 0.06688912407067535]
Decoder 19 Sparsity: Key - [0.0803148748545354, 0.8670680255652322, 0.0526170995669751], Value - [0.03986692334959462, 0.8937771974191122, 0.06635587922632163]
Decoder 20 Sparsity: Key - [0.08261719105758594, 0.8653481195405709, 0.052034689408471786], Value - [0.04060460611501728, 0.8933615067251213, 0.06603388716649013]
Decoder 21 Sparsity: Key - [0.057022536161862765, 0.8861711382388644, 0.05680632559098701], Value - [0.04068112347003245, 0.8928164312901021, 0.06650244524152253]
Decoder 22 Sparsity: Key - [0.044811013023770045, 0.8981543507069031, 0.05703463626269821], Value - [0.0413054691410534, 0.8921556852996562, 0.06653884554686178]
Decoder 23 Sparsity: Key - [0.038742938060711184, 0.9031036261508898, 0.0581534357950277], Value - [0.041304891951402044, 0.8922154297555045, 0.06647967829889356]
Total Sparsity: Key - [0.08571576819575476, 0.8676686273138717, 0.04661560449175441], Value - [0.039544499295393304, 0.8954520110595499, 0.06500348964522946]
