# run: opt-1.3b_seq256_oaken
# start: 2026-05-12T19:56:13
# idle_vram: {'used_mib': 33, 'free_mib': 7668, 'total_mib': 8151}
# command: docker exec -w /workspace oaken-ae-container /opt/conda/envs/oaken/bin/python eval_perplexity.py -m opt -s 1.3b -t wikitext --gpu-start-idx 0 --gpu-count 1 --sequence-length 256 --stride 256 -q results/rtx5060/opt-1.3b/oaken-quantizer.json --quant-method oaken


  0%|          | 0/1124 [00:00<?, ?it/s]= Run Configuration ===================
Model name: opt
Model size: 1.3b
Task: wikitext
Single run: False
Quantization method: oaken
Quantizer path: results/rtx5060/opt-1.3b/oaken-quantizer.json
Used GPUs: 0 - 0
=======================================
Running oaken
Perplexity window: sequence_length=256, stride=256, tokens=287645

  0%|          | 1/1124 [00:00<05:38,  3.32it/s]
  0%|          | 4/1124 [00:00<01:36, 11.65it/s]
  1%|          | 7/1124 [00:00<01:05, 17.04it/s]
  1%|          | 10/1124 [00:00<00:54, 20.63it/s]
  1%|          | 13/1124 [00:00<00:48, 23.05it/s]
  1%|▏         | 16/1124 [00:00<00:44, 24.71it/s]
  2%|▏         | 19/1124 [00:00<00:42, 25.84it/s]
  2%|▏         | 22/1124 [00:01<00:41, 26.62it/s]
  2%|▏         | 25/1124 [00:01<00:40, 27.15it/s]
  2%|▏         | 28/1124 [00:01<00:39, 27.47it/s]
  3%|▎         | 31/1124 [00:01<00:39, 27.73it/s]
  3%|▎         | 34/1124 [00:01<00:38, 27.95it/s]
  3%|▎         | 37/1124 [00:01<00:38, 28.08it/s]
  4%|▎         | 40/1124 [00:01<00:38, 28.18it/s]
  4%|▍         | 43/1124 [00:01<00:38, 28.22it/s]
  4%|▍         | 46/1124 [00:01<00:38, 28.26it/s]
  4%|▍         | 49/1124 [00:01<00:37, 28.30it/s]
  5%|▍         | 52/1124 [00:02<00:37, 28.32it/s]
  5%|▍         | 55/1124 [00:02<00:37, 28.35it/s]
  5%|▌         | 58/1124 [00:02<00:37, 28.36it/s]
  5%|▌         | 61/1124 [00:02<00:37, 28.35it/s]
  6%|▌         | 64/1124 [00:02<00:37, 28.35it/s]
  6%|▌         | 67/1124 [00:02<00:37, 28.36it/s]
  6%|▌         | 70/1124 [00:02<00:37, 28.39it/s]
  6%|▋         | 73/1124 [00:02<00:37, 28.40it/s]
  7%|▋         | 76/1124 [00:02<00:36, 28.42it/s]
  7%|▋         | 79/1124 [00:03<00:36, 28.39it/s]
  7%|▋         | 82/1124 [00:03<00:36, 28.41it/s]
  8%|▊         | 85/1124 [00:03<00:36, 28.42it/s]
  8%|▊         | 88/1124 [00:03<00:36, 28.43it/s]
  8%|▊         | 91/1124 [00:03<00:36, 28.43it/s]
  8%|▊         | 94/1124 [00:03<00:36, 28.43it/s]
  9%|▊         | 97/1124 [00:03<00:36, 28.40it/s]
  9%|▉         | 100/1124 [00:03<00:36, 28.39it/s]
  9%|▉         | 103/1124 [00:03<00:35, 28.40it/s]
  9%|▉         | 106/1124 [00:04<00:35, 28.38it/s]
 10%|▉         | 109/1124 [00:04<00:35, 28.38it/s]
 10%|▉         | 112/1124 [00:04<00:35, 28.39it/s]
 10%|█         | 115/1124 [00:04<00:35, 28.38it/s]
 10%|█         | 118/1124 [00:04<00:35, 28.38it/s]
 11%|█         | 121/1124 [00:04<00:35, 28.38it/s]
 11%|█         | 124/1124 [00:04<00:35, 28.37it/s]
 11%|█▏        | 127/1124 [00:04<00:35, 28.38it/s]
 12%|█▏        | 130/1124 [00:04<00:35, 28.39it/s]
 12%|█▏        | 133/1124 [00:04<00:34, 28.39it/s]
 12%|█▏        | 136/1124 [00:05<00:34, 28.39it/s]
 12%|█▏        | 139/1124 [00:05<00:34, 28.41it/s]
 13%|█▎        | 142/1124 [00:05<00:34, 28.41it/s]
 13%|█▎        | 145/1124 [00:05<00:34, 28.43it/s]
 13%|█▎        | 148/1124 [00:05<00:34, 28.43it/s]
 13%|█▎        | 151/1124 [00:05<00:34, 28.40it/s]
 14%|█▎        | 154/1124 [00:05<00:34, 28.40it/s]
 14%|█▍        | 157/1124 [00:05<00:34, 28.39it/s]
 14%|█▍        | 160/1124 [00:05<00:33, 28.38it/s]
 15%|█▍        | 163/1124 [00:06<00:33, 28.38it/s]
 15%|█▍        | 166/1124 [00:06<00:33, 28.38it/s]
 15%|█▌        | 169/1124 [00:06<00:33, 28.39it/s]
 15%|█▌        | 172/1124 [00:06<00:33, 28.35it/s]
 16%|█▌        | 175/1124 [00:06<00:33, 28.33it/s]
 16%|█▌        | 178/1124 [00:06<00:33, 28.34it/s]
 16%|█▌        | 181/1124 [00:06<00:33, 28.35it/s]
 16%|█▋        | 184/1124 [00:06<00:33, 28.36it/s]
 17%|█▋        | 187/1124 [00:06<00:33, 28.37it/s]
 17%|█▋        | 190/1124 [00:06<00:32, 28.39it/s]
 17%|█▋        | 193/1124 [00:07<00:32, 28.38it/s]
 17%|█▋        | 196/1124 [00:07<00:32, 28.40it/s]
 18%|█▊        | 199/1124 [00:07<00:32, 28.40it/s]
 18%|█▊        | 202/1124 [00:07<00:32, 28.32it/s]
 18%|█▊        | 205/1124 [00:07<00:32, 28.33it/s]
 19%|█▊        | 208/1124 [00:07<00:32, 28.31it/s]
 19%|█▉        | 211/1124 [00:07<00:32, 28.30it/s]
 19%|█▉        | 214/1124 [00:07<00:32, 28.27it/s]
 19%|█▉        | 217/1124 [00:07<00:32, 28.31it/s]
 20%|█▉        | 220/1124 [00:08<00:31, 28.28it/s]
 20%|█▉        | 223/1124 [00:08<00:31, 28.31it/s]
 20%|██        | 226/1124 [00:08<00:31, 28.30it/s]
 20%|██        | 229/1124 [00:08<00:31, 28.31it/s]
 21%|██        | 232/1124 [00:08<00:31, 28.29it/s]
 21%|██        | 235/1124 [00:08<00:31, 28.30it/s]
 21%|██        | 238/1124 [00:08<00:31, 28.29it/s]
 21%|██▏       | 241/1124 [00:08<00:31, 28.31it/s]
 22%|██▏       | 244/1124 [00:08<00:31, 28.30it/s]
 22%|██▏       | 247/1124 [00:08<00:30, 28.33it/s]
 22%|██▏       | 250/1124 [00:09<00:30, 28.34it/s]
 23%|██▎       | 253/1124 [00:09<00:30, 28.34it/s]
 23%|██▎       | 256/1124 [00:09<00:30, 28.36it/s]
 23%|██▎       | 259/1124 [00:09<00:30, 28.34it/s]
 23%|██▎       | 262/1124 [00:09<00:30, 28.34it/s]
 24%|██▎       | 265/1124 [00:09<00:30, 28.33it/s]
 24%|██▍       | 268/1124 [00:09<00:30, 28.31it/s]
 24%|██▍       | 271/1124 [00:09<00:30, 28.31it/s]
 24%|██▍       | 274/1124 [00:09<00:30, 28.27it/s]
 25%|██▍       | 277/1124 [00:10<00:29, 28.25it/s]
 25%|██▍       | 280/1124 [00:10<00:29, 28.31it/s]
 25%|██▌       | 283/1124 [00:10<00:29, 28.33it/s]
 25%|██▌       | 286/1124 [00:10<00:29, 28.33it/s]
 26%|██▌       | 289/1124 [00:10<00:29, 28.33it/s]
 26%|██▌       | 292/1124 [00:10<00:29, 28.32it/s]
 26%|██▌       | 295/1124 [00:10<00:29, 28.33it/s]
 27%|██▋       | 298/1124 [00:10<00:29, 28.36it/s]
 27%|██▋       | 301/1124 [00:10<00:29, 28.37it/s]
 27%|██▋       | 304/1124 [00:10<00:28, 28.38it/s]
 27%|██▋       | 307/1124 [00:11<00:28, 28.38it/s]
 28%|██▊       | 310/1124 [00:11<00:28, 28.35it/s]
 28%|██▊       | 313/1124 [00:11<00:28, 28.33it/s]
 28%|██▊       | 316/1124 [00:11<00:28, 28.35it/s]
 28%|██▊       | 319/1124 [00:11<00:28, 28.37it/s]
 29%|██▊       | 322/1124 [00:11<00:28, 28.37it/s]
 29%|██▉       | 325/1124 [00:11<00:28, 28.35it/s]
 29%|██▉       | 328/1124 [00:11<00:28, 28.35it/s]
 29%|██▉       | 331/1124 [00:11<00:28, 28.31it/s]
 30%|██▉       | 334/1124 [00:12<00:27, 28.32it/s]
 30%|██▉       | 337/1124 [00:12<00:27, 28.33it/s]
 30%|███       | 340/1124 [00:12<00:27, 28.35it/s]
 31%|███       | 343/1124 [00:12<00:27, 28.34it/s]
 31%|███       | 346/1124 [00:12<00:27, 28.35it/s]
 31%|███       | 349/1124 [00:12<00:27, 28.31it/s]
 31%|███▏      | 352/1124 [00:12<00:27, 28.32it/s]
 32%|███▏      | 355/1124 [00:12<00:27, 28.36it/s]
 32%|███▏      | 358/1124 [00:12<00:26, 28.39it/s]
 32%|███▏      | 361/1124 [00:12<00:26, 28.38it/s]
 32%|███▏      | 364/1124 [00:13<00:26, 28.39it/s]
 33%|███▎      | 367/1124 [00:13<00:26, 28.38it/s]
 33%|███▎      | 370/1124 [00:13<00:26, 28.38it/s]
 33%|███▎      | 373/1124 [00:13<00:26, 28.35it/s]
 33%|███▎      | 376/1124 [00:13<00:26, 28.38it/s]
 34%|███▎      | 379/1124 [00:13<00:26, 28.37it/s]
 34%|███▍      | 382/1124 [00:13<00:26, 28.33it/s]
 34%|███▍      | 385/1124 [00:13<00:26, 28.34it/s]
 35%|███▍      | 388/1124 [00:13<00:25, 28.32it/s]
 35%|███▍      | 391/1124 [00:14<00:25, 28.32it/s]
 35%|███▌      | 394/1124 [00:14<00:25, 28.35it/s]
 35%|███▌      | 397/1124 [00:14<00:25, 28.36it/s]
 36%|███▌      | 400/1124 [00:14<00:25, 28.34it/s]
 36%|███▌      | 403/1124 [00:14<00:25, 28.36it/s]
 36%|███▌      | 406/1124 [00:14<00:25, 28.33it/s]
 36%|███▋      | 409/1124 [00:14<00:25, 28.36it/s]
 37%|███▋      | 412/1124 [00:14<00:25, 28.38it/s]
 37%|███▋      | 415/1124 [00:14<00:24, 28.38it/s]
 37%|███▋      | 418/1124 [00:15<00:24, 28.37it/s]
 37%|███▋      | 421/1124 [00:15<00:24, 28.39it/s]
 38%|███▊      | 424/1124 [00:15<00:24, 28.38it/s]
 38%|███▊      | 427/1124 [00:15<00:24, 28.40it/s]
 38%|███▊      | 430/1124 [00:15<00:24, 28.43it/s]
 39%|███▊      | 433/1124 [00:15<00:24, 28.42it/s]
 39%|███▉      | 436/1124 [00:15<00:24, 28.38it/s]
 39%|███▉      | 439/1124 [00:15<00:24, 28.37it/s]
 39%|███▉      | 442/1124 [00:15<00:24, 28.36it/s]
 40%|███▉      | 445/1124 [00:15<00:23, 28.38it/s]
 40%|███▉      | 448/1124 [00:16<00:23, 28.37it/s]
 40%|████      | 451/1124 [00:16<00:23, 28.37it/s]
 40%|████      | 454/1124 [00:16<00:23, 28.34it/s]
 41%|████      | 457/1124 [00:16<00:23, 28.30it/s]
 41%|████      | 460/1124 [00:16<00:23, 28.22it/s]
 41%|████      | 463/1124 [00:16<00:23, 28.22it/s]
 41%|████▏     | 466/1124 [00:16<00:23, 28.22it/s]
 42%|████▏     | 469/1124 [00:16<00:23, 28.27it/s]
 42%|████▏     | 472/1124 [00:16<00:23, 28.26it/s]
 42%|████▏     | 475/1124 [00:17<00:22, 28.28it/s]
 43%|████▎     | 478/1124 [00:17<00:22, 28.32it/s]
 43%|████▎     | 481/1124 [00:17<00:22, 28.34it/s]
 43%|████▎     | 484/1124 [00:17<00:22, 28.36it/s]
 43%|████▎     | 487/1124 [00:17<00:22, 28.38it/s]
 44%|████▎     | 490/1124 [00:17<00:22, 28.33it/s]
 44%|████▍     | 493/1124 [00:17<00:22, 28.28it/s]
 44%|████▍     | 496/1124 [00:17<00:22, 28.31it/s]
 44%|████▍     | 499/1124 [00:17<00:22, 28.32it/s]
 45%|████▍     | 502/1124 [00:17<00:21, 28.33it/s]
 45%|████▍     | 505/1124 [00:18<00:21, 28.34it/s]
 45%|████▌     | 508/1124 [00:18<00:21, 28.33it/s]
 45%|████▌     | 511/1124 [00:18<00:21, 28.31it/s]
 46%|████▌     | 514/1124 [00:18<00:21, 28.35it/s]
 46%|████▌     | 517/1124 [00:18<00:21, 28.35it/s]
 46%|████▋     | 520/1124 [00:18<00:21, 28.36it/s]
 47%|████▋     | 523/1124 [00:18<00:21, 28.36it/s]
 47%|████▋     | 526/1124 [00:18<00:21, 28.37it/s]
 47%|████▋     | 529/1124 [00:18<00:20, 28.37it/s]
 47%|████▋     | 532/1124 [00:19<00:20, 28.39it/s]
 48%|████▊     | 535/1124 [00:19<00:20, 28.42it/s]
 48%|████▊     | 538/1124 [00:19<00:20, 28.42it/s]
 48%|████▊     | 541/1124 [00:19<00:20, 28.43it/s]
 48%|████▊     | 544/1124 [00:19<00:20, 28.42it/s]
 49%|████▊     | 547/1124 [00:19<00:20, 28.40it/s]
 49%|████▉     | 550/1124 [00:19<00:20, 28.40it/s]
 49%|████▉     | 553/1124 [00:19<00:20, 28.37it/s]
 49%|████▉     | 556/1124 [00:19<00:20, 28.38it/s]
 50%|████▉     | 559/1124 [00:19<00:19, 28.37it/s]
 50%|█████     | 562/1124 [00:20<00:19, 28.37it/s]
 50%|█████     | 565/1124 [00:20<00:19, 28.37it/s]
 51%|█████     | 568/1124 [00:20<00:19, 28.38it/s]
 51%|█████     | 571/1124 [00:20<00:19, 28.39it/s]
 51%|█████     | 574/1124 [00:20<00:19, 28.41it/s]
 51%|█████▏    | 577/1124 [00:20<00:19, 28.39it/s]
 52%|█████▏    | 580/1124 [00:20<00:19, 28.37it/s]
 52%|█████▏    | 583/1124 [00:20<00:19, 28.38it/s]
 52%|█████▏    | 586/1124 [00:20<00:18, 28.37it/s]
 52%|█████▏    | 589/1124 [00:21<00:18, 28.39it/s]
 53%|█████▎    | 592/1124 [00:21<00:18, 28.41it/s]
 53%|█████▎    | 595/1124 [00:21<00:18, 28.41it/s]
 53%|█████▎    | 598/1124 [00:21<00:18, 28.35it/s]
 53%|█████▎    | 601/1124 [00:21<00:18, 28.37it/s]
 54%|█████▎    | 604/1124 [00:21<00:18, 28.39it/s]
 54%|█████▍    | 607/1124 [00:21<00:18, 28.38it/s]
 54%|█████▍    | 610/1124 [00:21<00:18, 28.40it/s]
 55%|█████▍    | 613/1124 [00:21<00:18, 28.39it/s]
 55%|█████▍    | 616/1124 [00:21<00:17, 28.37it/s]
 55%|█████▌    | 619/1124 [00:22<00:17, 28.37it/s]
 55%|█████▌    | 622/1124 [00:22<00:17, 28.40it/s]
 56%|█████▌    | 625/1124 [00:22<00:17, 28.36it/s]
 56%|█████▌    | 628/1124 [00:22<00:17, 28.38it/s]
 56%|█████▌    | 631/1124 [00:22<00:17, 28.39it/s]
 56%|█████▋    | 634/1124 [00:22<00:17, 28.38it/s]
 57%|█████▋    | 637/1124 [00:22<00:17, 28.39it/s]
 57%|█████▋    | 640/1124 [00:22<00:17, 28.40it/s]
 57%|█████▋    | 643/1124 [00:22<00:16, 28.41it/s]
 57%|█████▋    | 646/1124 [00:23<00:16, 28.41it/s]
 58%|█████▊    | 649/1124 [00:23<00:16, 28.43it/s]
 58%|█████▊    | 652/1124 [00:23<00:16, 28.43it/s]
 58%|█████▊    | 655/1124 [00:23<00:16, 28.42it/s]
 59%|█████▊    | 658/1124 [00:23<00:16, 28.41it/s]
 59%|█████▉    | 661/1124 [00:23<00:16, 28.38it/s]
 59%|█████▉    | 664/1124 [00:23<00:16, 28.40it/s]
 59%|█████▉    | 667/1124 [00:23<00:16, 28.39it/s]
 60%|█████▉    | 670/1124 [00:23<00:15, 28.39it/s]
 60%|█████▉    | 673/1124 [00:23<00:15, 28.38it/s]
 60%|██████    | 676/1124 [00:24<00:15, 28.40it/s]
 60%|██████    | 679/1124 [00:24<00:15, 28.36it/s]
 61%|██████    | 682/1124 [00:24<00:15, 28.37it/s]
 61%|██████    | 685/1124 [00:24<00:15, 28.37it/s]
 61%|██████    | 688/1124 [00:24<00:15, 28.39it/s]
 61%|██████▏   | 691/1124 [00:24<00:15, 28.40it/s]
 62%|██████▏   | 694/1124 [00:24<00:15, 28.38it/s]
 62%|██████▏   | 697/1124 [00:24<00:15, 28.37it/s]
 62%|██████▏   | 700/1124 [00:24<00:14, 28.39it/s]
 63%|██████▎   | 703/1124 [00:25<00:14, 28.39it/s]
 63%|██████▎   | 706/1124 [00:25<00:14, 28.40it/s]
 63%|██████▎   | 709/1124 [00:25<00:14, 28.42it/s]
 63%|██████▎   | 712/1124 [00:25<00:14, 28.42it/s]
 64%|██████▎   | 715/1124 [00:25<00:14, 28.40it/s]
 64%|██████▍   | 718/1124 [00:25<00:14, 28.37it/s]
 64%|██████▍   | 721/1124 [00:25<00:14, 28.36it/s]
 64%|██████▍   | 724/1124 [00:25<00:14, 28.36it/s]
 65%|██████▍   | 727/1124 [00:25<00:14, 28.35it/s]
 65%|██████▍   | 730/1124 [00:26<00:13, 28.35it/s]
 65%|██████▌   | 733/1124 [00:26<00:13, 28.33it/s]
 65%|██████▌   | 736/1124 [00:26<00:13, 28.32it/s]
 66%|██████▌   | 739/1124 [00:26<00:13, 28.32it/s]
 66%|██████▌   | 742/1124 [00:26<00:13, 28.33it/s]
 66%|██████▋   | 745/1124 [00:26<00:13, 28.34it/s]
 67%|██████▋   | 748/1124 [00:26<00:13, 28.35it/s]
 67%|██████▋   | 751/1124 [00:26<00:13, 28.37it/s]
 67%|██████▋   | 754/1124 [00:26<00:13, 28.38it/s]
 67%|██████▋   | 757/1124 [00:26<00:12, 28.41it/s]
 68%|██████▊   | 760/1124 [00:27<00:12, 28.42it/s]
 68%|██████▊   | 763/1124 [00:27<00:12, 28.43it/s]
 68%|██████▊   | 766/1124 [00:27<00:12, 28.44it/s]
 68%|██████▊   | 769/1124 [00:27<00:12, 28.45it/s]
 69%|██████▊   | 772/1124 [00:27<00:12, 28.42it/s]
 69%|██████▉   | 775/1124 [00:27<00:12, 28.40it/s]
 69%|██████▉   | 778/1124 [00:27<00:12, 28.40it/s]
 69%|██████▉   | 781/1124 [00:27<00:12, 28.38it/s]
 70%|██████▉   | 784/1124 [00:27<00:11, 28.39it/s]
 70%|███████   | 787/1124 [00:28<00:11, 28.37it/s]
 70%|███████   | 790/1124 [00:28<00:11, 28.35it/s]
 71%|███████   | 793/1124 [00:28<00:11, 28.33it/s]
 71%|███████   | 796/1124 [00:28<00:11, 28.35it/s]
 71%|███████   | 799/1124 [00:28<00:11, 28.34it/s]
 71%|███████▏  | 802/1124 [00:28<00:11, 28.35it/s]
 72%|███████▏  | 805/1124 [00:28<00:11, 28.36it/s]
 72%|███████▏  | 808/1124 [00:28<00:11, 28.36it/s]
 72%|███████▏  | 811/1124 [00:28<00:11, 28.36it/s]
 72%|███████▏  | 814/1124 [00:28<00:10, 28.39it/s]
 73%|███████▎  | 817/1124 [00:29<00:10, 28.39it/s]
 73%|███████▎  | 820/1124 [00:29<00:10, 28.37it/s]
 73%|███████▎  | 823/1124 [00:29<00:10, 28.40it/s]
 73%|███████▎  | 826/1124 [00:29<00:10, 28.39it/s]
 74%|███████▍  | 829/1124 [00:29<00:10, 28.37it/s]
 74%|███████▍  | 832/1124 [00:29<00:10, 28.36it/s]
 74%|███████▍  | 835/1124 [00:29<00:10, 28.36it/s]
 75%|███████▍  | 838/1124 [00:29<00:10, 28.36it/s]
 75%|███████▍  | 841/1124 [00:29<00:09, 28.36it/s]
 75%|███████▌  | 844/1124 [00:30<00:09, 28.34it/s]
 75%|███████▌  | 847/1124 [00:30<00:09, 28.32it/s]
 76%|███████▌  | 850/1124 [00:30<00:09, 28.33it/s]
 76%|███████▌  | 853/1124 [00:30<00:09, 28.31it/s]
 76%|███████▌  | 856/1124 [00:30<00:09, 28.31it/s]
 76%|███████▋  | 859/1124 [00:30<00:09, 28.34it/s]
 77%|███████▋  | 862/1124 [00:30<00:09, 28.33it/s]
 77%|███████▋  | 865/1124 [00:30<00:09, 28.32it/s]
 77%|███████▋  | 868/1124 [00:30<00:09, 28.34it/s]
 77%|███████▋  | 871/1124 [00:30<00:08, 28.33it/s]
 78%|███████▊  | 874/1124 [00:31<00:08, 28.32it/s]
 78%|███████▊  | 877/1124 [00:31<00:08, 28.36it/s]
 78%|███████▊  | 880/1124 [00:31<00:08, 28.34it/s]
 79%|███████▊  | 883/1124 [00:31<00:08, 28.34it/s]
 79%|███████▉  | 886/1124 [00:31<00:08, 28.36it/s]
 79%|███████▉  | 889/1124 [00:31<00:08, 28.35it/s]
 79%|███████▉  | 892/1124 [00:31<00:08, 28.36it/s]
 80%|███████▉  | 895/1124 [00:31<00:08, 28.36it/s]
 80%|███████▉  | 898/1124 [00:31<00:07, 28.36it/s]
 80%|████████  | 901/1124 [00:32<00:07, 28.35it/s]
 80%|████████  | 904/1124 [00:32<00:07, 28.35it/s]
 81%|████████  | 907/1124 [00:32<00:07, 28.34it/s]
 81%|████████  | 910/1124 [00:32<00:07, 28.35it/s]
 81%|████████  | 913/1124 [00:32<00:07, 28.37it/s]
 81%|████████▏ | 916/1124 [00:32<00:07, 28.38it/s]
 82%|████████▏ | 919/1124 [00:32<00:07, 28.38it/s]
 82%|████████▏ | 922/1124 [00:32<00:07, 28.39it/s]
 82%|████████▏ | 925/1124 [00:32<00:07, 28.39it/s]
 83%|████████▎ | 928/1124 [00:32<00:06, 28.41it/s]
 83%|████████▎ | 931/1124 [00:33<00:06, 28.40it/s]
 83%|████████▎ | 934/1124 [00:33<00:06, 28.40it/s]
 83%|████████▎ | 937/1124 [00:33<00:06, 28.39it/s]
 84%|████████▎ | 940/1124 [00:33<00:06, 28.41it/s]
 84%|████████▍ | 943/1124 [00:33<00:06, 28.41it/s]
 84%|████████▍ | 946/1124 [00:33<00:06, 28.38it/s]
 84%|████████▍ | 949/1124 [00:33<00:06, 28.37it/s]
 85%|████████▍ | 952/1124 [00:33<00:06, 28.39it/s]
 85%|████████▍ | 955/1124 [00:33<00:05, 28.37it/s]
 85%|████████▌ | 958/1124 [00:34<00:05, 28.38it/s]
 85%|████████▌ | 961/1124 [00:34<00:05, 28.36it/s]
 86%|████████▌ | 964/1124 [00:34<00:05, 28.35it/s]
 86%|████████▌ | 967/1124 [00:34<00:05, 28.34it/s]
 86%|████████▋ | 970/1124 [00:34<00:05, 28.35it/s]
 87%|████████▋ | 973/1124 [00:34<00:05, 28.36it/s]
 87%|████████▋ | 976/1124 [00:34<00:05, 28.35it/s]
 87%|████████▋ | 979/1124 [00:34<00:05, 28.37it/s]
 87%|████████▋ | 982/1124 [00:34<00:05, 28.38it/s]
 88%|████████▊ | 985/1124 [00:34<00:04, 28.36it/s]
 88%|████████▊ | 988/1124 [00:35<00:04, 28.39it/s]
 88%|████████▊ | 991/1124 [00:35<00:04, 28.39it/s]
 88%|████████▊ | 994/1124 [00:35<00:04, 28.39it/s]
 89%|████████▊ | 997/1124 [00:35<00:04, 28.40it/s]
 89%|████████▉ | 1000/1124 [00:35<00:04, 28.41it/s]
 89%|████████▉ | 1003/1124 [00:35<00:04, 28.33it/s]
 90%|████████▉ | 1006/1124 [00:35<00:04, 28.35it/s]
 90%|████████▉ | 1009/1124 [00:35<00:04, 28.34it/s]
 90%|█████████ | 1012/1124 [00:35<00:03, 28.35it/s]
 90%|█████████ | 1015/1124 [00:36<00:03, 28.37it/s]
 91%|█████████ | 1018/1124 [00:36<00:03, 28.36it/s]
 91%|█████████ | 1021/1124 [00:36<00:03, 28.34it/s]
 91%|█████████ | 1024/1124 [00:36<00:03, 28.32it/s]
 91%|█████████▏| 1027/1124 [00:36<00:03, 28.31it/s]
 92%|█████████▏| 1030/1124 [00:36<00:03, 28.33it/s]
 92%|█████████▏| 1033/1124 [00:36<00:03, 28.35it/s]
 92%|█████████▏| 1036/1124 [00:36<00:03, 28.36it/s]
 92%|█████████▏| 1039/1124 [00:36<00:02, 28.37it/s]
 93%|█████████▎| 1042/1124 [00:37<00:02, 28.38it/s]
 93%|█████████▎| 1045/1124 [00:37<00:02, 28.35it/s]
 93%|█████████▎| 1048/1124 [00:37<00:02, 28.39it/s]
 94%|█████████▎| 1051/1124 [00:37<00:02, 28.40it/s]
 94%|█████████▍| 1054/1124 [00:37<00:02, 28.39it/s]
 94%|█████████▍| 1057/1124 [00:37<00:02, 28.40it/s]
 94%|█████████▍| 1060/1124 [00:37<00:02, 28.37it/s]
 95%|█████████▍| 1063/1124 [00:37<00:02, 28.35it/s]
 95%|█████████▍| 1066/1124 [00:37<00:02, 28.34it/s]
 95%|█████████▌| 1069/1124 [00:37<00:01, 28.33it/s]
 95%|█████████▌| 1072/1124 [00:38<00:01, 28.35it/s]
 96%|█████████▌| 1075/1124 [00:38<00:01, 28.34it/s]
 96%|█████████▌| 1078/1124 [00:38<00:01, 28.33it/s]
 96%|█████████▌| 1081/1124 [00:38<00:01, 28.27it/s]
 96%|█████████▋| 1084/1124 [00:38<00:01, 28.30it/s]
 97%|█████████▋| 1087/1124 [00:38<00:01, 28.30it/s]
 97%|█████████▋| 1090/1124 [00:38<00:01, 28.33it/s]
 97%|█████████▋| 1093/1124 [00:38<00:01, 28.32it/s]
 98%|█████████▊| 1096/1124 [00:38<00:00, 28.35it/s]
 98%|█████████▊| 1099/1124 [00:39<00:00, 28.31it/s]
 98%|█████████▊| 1102/1124 [00:39<00:00, 28.34it/s]
 98%|█████████▊| 1105/1124 [00:39<00:00, 28.36it/s]
 99%|█████████▊| 1108/1124 [00:39<00:00, 28.36it/s]
 99%|█████████▉| 1111/1124 [00:39<00:00, 28.36it/s]
 99%|█████████▉| 1114/1124 [00:39<00:00, 28.37it/s]
 99%|█████████▉| 1117/1124 [00:39<00:00, 28.33it/s]
100%|█████████▉| 1120/1124 [00:39<00:00, 28.34it/s]
100%|█████████▉| 1123/1124 [00:39<00:00, 28.32it/s]
100%|█████████▉| 1123/1124 [00:39<00:00, 28.15it/s]
tensor(26.9219, device='cuda:0', dtype=torch.float16)
Decoder 0 Sparsity: Key - [0.023579512086441722, 0.9109767404951659, 0.06544374745484985], Value - [0.03586343167104437, 0.9028078385519387, 0.0613287297803312]
Decoder 1 Sparsity: Key - [0.04333861879474116, 0.9013821243497401, 0.05527925686877605], Value - [0.03922225252204836, 0.8985634936132465, 0.062214253854762196]
Decoder 2 Sparsity: Key - [0.04012730126053731, 0.9023735274517664, 0.05749917132415381], Value - [0.04153945493210253, 0.8977237536283574, 0.06073679143291139]
Decoder 3 Sparsity: Key - [0.06996478663353096, 0.8790060156074707, 0.05102919778882715], Value - [0.0428904736301865, 0.8964045855392341, 0.060704940817322174]
Decoder 4 Sparsity: Key - [0.06967889272286375, 0.8754746692248511, 0.054846438039027924], Value - [0.04247138955136529, 0.896779470331304, 0.06074914013390227]
Decoder 5 Sparsity: Key - [0.06650864756483836, 0.8791663510413357, 0.054325001413711875], Value - [0.041460631256160785, 0.8972361494001545, 0.0613032193768279]
Decoder 6 Sparsity: Key - [0.06526381414370393, 0.8905415263994733, 0.0441946594568228], Value - [0.04065393350580939, 0.8980445465159161, 0.06130151999484602]
Decoder 7 Sparsity: Key - [0.07808866337259893, 0.8849413511591874, 0.036969985458270724], Value - [0.0408517681592512, 0.8978234917667837, 0.06132474010710826]
Decoder 8 Sparsity: Key - [0.07739698910734408, 0.8861188849308312, 0.03648412595519604], Value - [0.04030820738948431, 0.898081518683145, 0.06161027393731358]
Decoder 9 Sparsity: Key - [0.08893064148326361, 0.8758120386732007, 0.03525731987005027], Value - [0.03962757529233486, 0.8985710897055385, 0.0618013350153839]
Decoder 10 Sparsity: Key - [0.10633196767910096, 0.8585996123501415, 0.03506841997407191], Value - [0.04041358905105298, 0.898025200566363, 0.06156121037264099]
Decoder 11 Sparsity: Key - [0.10831732436802463, 0.8528074626396559, 0.0388752129856908], Value - [0.04024569705141927, 0.8979713158993534, 0.061782987079056134]
Decoder 12 Sparsity: Key - [0.10677204863085442, 0.8565389984867327, 0.03668895288572723], Value - [0.0393885196090487, 0.8984162724209002, 0.062195207963422525]
Decoder 13 Sparsity: Key - [0.11268223102247588, 0.854417436275618, 0.03290033270190619], Value - [0.03853882795855986, 0.8992299095485559, 0.06223126248956999]
Decoder 14 Sparsity: Key - [0.10869221804245935, 0.8531825711082309, 0.03812521084599542], Value - [0.037738242050719004, 0.8995577563064379, 0.06270400164947179]
Decoder 15 Sparsity: Key - [0.11412838171650506, 0.8418026521430745, 0.044068966123848835], Value - [0.036878201467551795, 0.9000534760464128, 0.06306832250592123]
Decoder 16 Sparsity: Key - [0.10888562379968336, 0.8503341766014643, 0.040780199622052635], Value - [0.0358188086424646, 0.900636962883413, 0.06354422851389413]
Decoder 17 Sparsity: Key - [0.1022993921040428, 0.8526633802363881, 0.04503722767614067], Value - [0.03631919934298326, 0.9004215243342084, 0.06325927633275129]
Decoder 18 Sparsity: Key - [0.08263508819733013, 0.866300872265232, 0.0510640395440665], Value - [0.03858261230298951, 0.8985331614776862, 0.06288422622926719]
Decoder 19 Sparsity: Key - [0.0762257359961704, 0.8709665135980925, 0.05280775042230867], Value - [0.04024900526497712, 0.897224813434577, 0.06252618130707444]
Decoder 20 Sparsity: Key - [0.07815096598264373, 0.8696290523980436, 0.052219981615998355], Value - [0.04091382507248069, 0.8968648132056104, 0.06222136172190892]
Decoder 21 Sparsity: Key - [0.056075034878511655, 0.8872082805612334, 0.05671668459671248], Value - [0.041049449840474386, 0.8963308908655125, 0.06261965932052754]
Decoder 22 Sparsity: Key - [0.044929478347327995, 0.8983027809879534, 0.056767740674661574], Value - [0.04193352339822415, 0.8954644256215079, 0.0626020510001539]
Decoder 23 Sparsity: Key - [0.03884981895442323, 0.9030443526459758, 0.05810582842280114], Value - [0.04198574101771112, 0.8953563307952203, 0.0626579281936973]
Total Sparsity: Key - [0.07782721570372574, 0.8750663071512856, 0.04710647715506954], Value - [0.039789348332518494, 0.8981717829642241, 0.062038868713752755]
