# run: opt-1.3b_seq1024_original_fp16
# start: 2026-05-12T19:58:13
# idle_vram: {'used_mib': 33, 'free_mib': 7668, 'total_mib': 8151}
# command: docker exec -w /workspace oaken-ae-container /opt/conda/envs/oaken/bin/python eval_perplexity.py -m opt -s 1.3b -t wikitext --gpu-start-idx 0 --gpu-count 1 --sequence-length 1024 --stride 1024 --quant-method none

= Run Configuration ===================
Model name: opt
Model size: 1.3b
Task: wikitext
Single run: False
Quantization method: none
Quantizer path: None
Used GPUs: 0 - 0
=======================================
Running Original Model
Perplexity window: sequence_length=1024, stride=1024, tokens=287645

  0%|          | 0/281 [00:00<?, ?it/s]
  0%|          | 1/281 [00:00<01:10,  3.99it/s]
  1%|▏         | 4/281 [00:00<00:25, 11.04it/s]
  2%|▏         | 6/281 [00:00<00:23, 11.68it/s]
  3%|▎         | 8/281 [00:00<00:22, 11.99it/s]
  4%|▎         | 10/281 [00:00<00:22, 12.18it/s]
  4%|▍         | 12/281 [00:01<00:21, 12.29it/s]
  5%|▍         | 14/281 [00:01<00:21, 12.36it/s]
  6%|▌         | 16/281 [00:01<00:21, 12.41it/s]
  6%|▋         | 18/281 [00:01<00:21, 12.44it/s]
  7%|▋         | 20/281 [00:01<00:20, 12.46it/s]
  8%|▊         | 22/281 [00:01<00:20, 12.48it/s]
  9%|▊         | 24/281 [00:02<00:20, 12.48it/s]
  9%|▉         | 26/281 [00:02<00:20, 12.49it/s]
 10%|▉         | 28/281 [00:02<00:20, 12.49it/s]
 11%|█         | 30/281 [00:02<00:20, 12.49it/s]
 11%|█▏        | 32/281 [00:02<00:19, 12.49it/s]
 12%|█▏        | 34/281 [00:02<00:19, 12.49it/s]
 13%|█▎        | 36/281 [00:02<00:19, 12.50it/s]
 14%|█▎        | 38/281 [00:03<00:19, 12.49it/s]
 14%|█▍        | 40/281 [00:03<00:19, 12.49it/s]
 15%|█▍        | 42/281 [00:03<00:19, 12.50it/s]
 16%|█▌        | 44/281 [00:03<00:18, 12.50it/s]
 16%|█▋        | 46/281 [00:03<00:18, 12.49it/s]
 17%|█▋        | 48/281 [00:03<00:18, 12.49it/s]
 18%|█▊        | 50/281 [00:04<00:18, 12.49it/s]
 19%|█▊        | 52/281 [00:04<00:18, 12.49it/s]
 19%|█▉        | 54/281 [00:04<00:18, 12.49it/s]
 20%|█▉        | 56/281 [00:04<00:18, 12.48it/s]
 21%|██        | 58/281 [00:04<00:17, 12.49it/s]
 21%|██▏       | 60/281 [00:04<00:17, 12.49it/s]
 22%|██▏       | 62/281 [00:05<00:17, 12.49it/s]
 23%|██▎       | 64/281 [00:05<00:17, 12.49it/s]
 23%|██▎       | 66/281 [00:05<00:17, 12.48it/s]
 24%|██▍       | 68/281 [00:05<00:17, 12.48it/s]
 25%|██▍       | 70/281 [00:05<00:16, 12.48it/s]
 26%|██▌       | 72/281 [00:05<00:16, 12.48it/s]
 26%|██▋       | 74/281 [00:06<00:16, 12.48it/s]
 27%|██▋       | 76/281 [00:06<00:16, 12.48it/s]
 28%|██▊       | 78/281 [00:06<00:16, 12.48it/s]
 28%|██▊       | 80/281 [00:06<00:16, 12.48it/s]
 29%|██▉       | 82/281 [00:06<00:15, 12.48it/s]
 30%|██▉       | 84/281 [00:06<00:15, 12.47it/s]
 31%|███       | 86/281 [00:06<00:15, 12.47it/s]
 31%|███▏      | 88/281 [00:07<00:15, 12.47it/s]
 32%|███▏      | 90/281 [00:07<00:15, 12.47it/s]
 33%|███▎      | 92/281 [00:07<00:15, 12.46it/s]
 33%|███▎      | 94/281 [00:07<00:14, 12.47it/s]
 34%|███▍      | 96/281 [00:07<00:14, 12.47it/s]
 35%|███▍      | 98/281 [00:07<00:14, 12.47it/s]
 36%|███▌      | 100/281 [00:08<00:14, 12.47it/s]
 36%|███▋      | 102/281 [00:08<00:14, 12.47it/s]
 37%|███▋      | 104/281 [00:08<00:14, 12.46it/s]
 38%|███▊      | 106/281 [00:08<00:14, 12.46it/s]
 38%|███▊      | 108/281 [00:08<00:13, 12.46it/s]
 39%|███▉      | 110/281 [00:08<00:13, 12.45it/s]
 40%|███▉      | 112/281 [00:09<00:13, 12.46it/s]
 41%|████      | 114/281 [00:09<00:13, 12.46it/s]
 41%|████▏     | 116/281 [00:09<00:13, 12.46it/s]
 42%|████▏     | 118/281 [00:09<00:13, 12.46it/s]
 43%|████▎     | 120/281 [00:09<00:12, 12.45it/s]
 43%|████▎     | 122/281 [00:09<00:12, 12.46it/s]
 44%|████▍     | 124/281 [00:10<00:12, 12.46it/s]
 45%|████▍     | 126/281 [00:10<00:12, 12.45it/s]
 46%|████▌     | 128/281 [00:10<00:12, 12.46it/s]
 46%|████▋     | 130/281 [00:10<00:12, 12.45it/s]
 47%|████▋     | 132/281 [00:10<00:11, 12.45it/s]
 48%|████▊     | 134/281 [00:10<00:11, 12.45it/s]
 48%|████▊     | 136/281 [00:10<00:11, 12.45it/s]
 49%|████▉     | 138/281 [00:11<00:11, 12.45it/s]
 50%|████▉     | 140/281 [00:11<00:11, 12.45it/s]
 51%|█████     | 142/281 [00:11<00:11, 12.45it/s]
 51%|█████     | 144/281 [00:11<00:11, 12.45it/s]
 52%|█████▏    | 146/281 [00:11<00:10, 12.46it/s]
 53%|█████▎    | 148/281 [00:11<00:10, 12.46it/s]
 53%|█████▎    | 150/281 [00:12<00:10, 12.45it/s]
 54%|█████▍    | 152/281 [00:12<00:10, 12.46it/s]
 55%|█████▍    | 154/281 [00:12<00:10, 12.46it/s]
 56%|█████▌    | 156/281 [00:12<00:10, 12.46it/s]
 56%|█████▌    | 158/281 [00:12<00:09, 12.45it/s]
 57%|█████▋    | 160/281 [00:12<00:09, 12.45it/s]
 58%|█████▊    | 162/281 [00:13<00:09, 12.45it/s]
 58%|█████▊    | 164/281 [00:13<00:09, 12.45it/s]
 59%|█████▉    | 166/281 [00:13<00:09, 12.45it/s]
 60%|█████▉    | 168/281 [00:13<00:09, 12.45it/s]
 60%|██████    | 170/281 [00:13<00:08, 12.45it/s]
 61%|██████    | 172/281 [00:13<00:08, 12.44it/s]
 62%|██████▏   | 174/281 [00:14<00:08, 12.45it/s]
 63%|██████▎   | 176/281 [00:14<00:08, 12.45it/s]
 63%|██████▎   | 178/281 [00:14<00:08, 12.45it/s]
 64%|██████▍   | 180/281 [00:14<00:08, 12.44it/s]
 65%|██████▍   | 182/281 [00:14<00:07, 12.44it/s]
 65%|██████▌   | 184/281 [00:14<00:07, 12.45it/s]
 66%|██████▌   | 186/281 [00:15<00:07, 12.45it/s]
 67%|██████▋   | 188/281 [00:15<00:07, 12.45it/s]
 68%|██████▊   | 190/281 [00:15<00:07, 12.44it/s]
 68%|██████▊   | 192/281 [00:15<00:07, 12.44it/s]
 69%|██████▉   | 194/281 [00:15<00:06, 12.44it/s]
 70%|██████▉   | 196/281 [00:15<00:06, 12.44it/s]
 70%|███████   | 198/281 [00:15<00:06, 12.44it/s]
 71%|███████   | 200/281 [00:16<00:06, 12.44it/s]
 72%|███████▏  | 202/281 [00:16<00:06, 12.43it/s]
 73%|███████▎  | 204/281 [00:16<00:06, 12.43it/s]
 73%|███████▎  | 206/281 [00:16<00:06, 12.42it/s]
 74%|███████▍  | 208/281 [00:16<00:05, 12.42it/s]
 75%|███████▍  | 210/281 [00:16<00:05, 12.41it/s]
 75%|███████▌  | 212/281 [00:17<00:05, 12.41it/s]
 76%|███████▌  | 214/281 [00:17<00:05, 12.41it/s]
 77%|███████▋  | 216/281 [00:17<00:05, 12.42it/s]
 78%|███████▊  | 218/281 [00:17<00:05, 12.41it/s]
 78%|███████▊  | 220/281 [00:17<00:04, 12.40it/s]
 79%|███████▉  | 222/281 [00:17<00:04, 12.41it/s]
 80%|███████▉  | 224/281 [00:18<00:04, 12.41it/s]
 80%|████████  | 226/281 [00:18<00:04, 12.41it/s]
 81%|████████  | 228/281 [00:18<00:04, 12.41it/s]
 82%|████████▏ | 230/281 [00:18<00:04, 12.42it/s]
 83%|████████▎ | 232/281 [00:18<00:03, 12.43it/s]
 83%|████████▎ | 234/281 [00:18<00:03, 12.43it/s]
 84%|████████▍ | 236/281 [00:19<00:03, 12.43it/s]
 85%|████████▍ | 238/281 [00:19<00:03, 12.44it/s]
 85%|████████▌ | 240/281 [00:19<00:03, 12.44it/s]
 86%|████████▌ | 242/281 [00:19<00:03, 12.44it/s]
 87%|████████▋ | 244/281 [00:19<00:02, 12.43it/s]
 88%|████████▊ | 246/281 [00:19<00:02, 12.44it/s]
 88%|████████▊ | 248/281 [00:19<00:02, 12.44it/s]
 89%|████████▉ | 250/281 [00:20<00:02, 12.44it/s]
 90%|████████▉ | 252/281 [00:20<00:02, 12.44it/s]
 90%|█████████ | 254/281 [00:20<00:02, 12.44it/s]
 91%|█████████ | 256/281 [00:20<00:02, 12.44it/s]
 92%|█████████▏| 258/281 [00:20<00:01, 12.45it/s]
 93%|█████████▎| 260/281 [00:20<00:01, 12.44it/s]
 93%|█████████▎| 262/281 [00:21<00:01, 12.45it/s]
 94%|█████████▍| 264/281 [00:21<00:01, 12.44it/s]
 95%|█████████▍| 266/281 [00:21<00:01, 12.44it/s]
 95%|█████████▌| 268/281 [00:21<00:01, 12.44it/s]
 96%|█████████▌| 270/281 [00:21<00:00, 12.44it/s]
 97%|█████████▋| 272/281 [00:21<00:00, 12.45it/s]
 98%|█████████▊| 274/281 [00:22<00:00, 12.44it/s]
 98%|█████████▊| 276/281 [00:22<00:00, 12.44it/s]
 99%|█████████▉| 278/281 [00:22<00:00, 12.44it/s]
100%|█████████▉| 280/281 [00:22<00:00, 12.44it/s]
100%|█████████▉| 280/281 [00:22<00:00, 12.37it/s]
tensor(16.7812, device='cuda:0', dtype=torch.float16)
