# run: opt-1.3b_seq512_original_fp16
# start: 2026-05-12T19:57:01
# idle_vram: {'used_mib': 33, 'free_mib': 7668, 'total_mib': 8151}
# command: docker exec -w /workspace oaken-ae-container /opt/conda/envs/oaken/bin/python eval_perplexity.py -m opt -s 1.3b -t wikitext --gpu-start-idx 0 --gpu-count 1 --sequence-length 512 --stride 512 --quant-method none

= Run Configuration ===================
Model name: opt
Model size: 1.3b
Task: wikitext
Single run: False
Quantization method: none
Quantizer path: None
Used GPUs: 0 - 0
=======================================
Running Original Model
Perplexity window: sequence_length=512, stride=512, tokens=287645

  0%|          | 0/562 [00:00<?, ?it/s]
  0%|          | 1/562 [00:00<02:00,  4.66it/s]
  1%|          | 5/562 [00:00<00:32, 17.38it/s]
  1%|▏         | 8/562 [00:00<00:27, 20.35it/s]
  2%|▏         | 11/562 [00:00<00:25, 21.94it/s]
  2%|▏         | 14/562 [00:00<00:23, 22.91it/s]
  3%|▎         | 17/562 [00:00<00:23, 23.51it/s]
  4%|▎         | 20/562 [00:00<00:22, 23.91it/s]
  4%|▍         | 23/562 [00:01<00:22, 24.18it/s]
  5%|▍         | 26/562 [00:01<00:22, 24.35it/s]
  5%|▌         | 29/562 [00:01<00:21, 24.46it/s]
  6%|▌         | 32/562 [00:01<00:21, 24.56it/s]
  6%|▌         | 35/562 [00:01<00:21, 24.61it/s]
  7%|▋         | 38/562 [00:01<00:21, 24.65it/s]
  7%|▋         | 41/562 [00:01<00:21, 24.67it/s]
  8%|▊         | 44/562 [00:01<00:20, 24.69it/s]
  8%|▊         | 47/562 [00:02<00:20, 24.70it/s]
  9%|▉         | 50/562 [00:02<00:20, 24.70it/s]
  9%|▉         | 53/562 [00:02<00:20, 24.72it/s]
 10%|▉         | 56/562 [00:02<00:20, 24.72it/s]
 10%|█         | 59/562 [00:02<00:20, 24.71it/s]
 11%|█         | 62/562 [00:02<00:20, 24.72it/s]
 12%|█▏        | 65/562 [00:02<00:20, 24.72it/s]
 12%|█▏        | 68/562 [00:02<00:19, 24.72it/s]
 13%|█▎        | 71/562 [00:03<00:19, 24.73it/s]
 13%|█▎        | 74/562 [00:03<00:19, 24.72it/s]
 14%|█▎        | 77/562 [00:03<00:19, 24.73it/s]
 14%|█▍        | 80/562 [00:03<00:19, 24.72it/s]
 15%|█▍        | 83/562 [00:03<00:19, 24.70it/s]
 15%|█▌        | 86/562 [00:03<00:19, 24.70it/s]
 16%|█▌        | 89/562 [00:03<00:19, 24.71it/s]
 16%|█▋        | 92/562 [00:03<00:19, 24.71it/s]
 17%|█▋        | 95/562 [00:03<00:18, 24.72it/s]
 17%|█▋        | 98/562 [00:04<00:18, 24.71it/s]
 18%|█▊        | 101/562 [00:04<00:18, 24.70it/s]
 19%|█▊        | 104/562 [00:04<00:18, 24.71it/s]
 19%|█▉        | 107/562 [00:04<00:18, 24.70it/s]
 20%|█▉        | 110/562 [00:04<00:18, 24.69it/s]
 20%|██        | 113/562 [00:04<00:18, 24.70it/s]
 21%|██        | 116/562 [00:04<00:18, 24.68it/s]
 21%|██        | 119/562 [00:04<00:17, 24.69it/s]
 22%|██▏       | 122/562 [00:05<00:17, 24.70it/s]
 22%|██▏       | 125/562 [00:05<00:17, 24.70it/s]
 23%|██▎       | 128/562 [00:05<00:17, 24.71it/s]
 23%|██▎       | 131/562 [00:05<00:17, 24.69it/s]
 24%|██▍       | 134/562 [00:05<00:17, 24.69it/s]
 24%|██▍       | 137/562 [00:05<00:17, 24.70it/s]
 25%|██▍       | 140/562 [00:05<00:17, 24.69it/s]
 25%|██▌       | 143/562 [00:05<00:16, 24.69it/s]
 26%|██▌       | 146/562 [00:06<00:16, 24.70it/s]
 27%|██▋       | 149/562 [00:06<00:16, 24.69it/s]
 27%|██▋       | 152/562 [00:06<00:16, 24.69it/s]
 28%|██▊       | 155/562 [00:06<00:16, 24.67it/s]
 28%|██▊       | 158/562 [00:06<00:16, 24.68it/s]
 29%|██▊       | 161/562 [00:06<00:16, 24.69it/s]
 29%|██▉       | 164/562 [00:06<00:16, 24.69it/s]
 30%|██▉       | 167/562 [00:06<00:16, 24.67it/s]
 30%|███       | 170/562 [00:07<00:15, 24.69it/s]
 31%|███       | 173/562 [00:07<00:15, 24.68it/s]
 31%|███▏      | 176/562 [00:07<00:15, 24.69it/s]
 32%|███▏      | 179/562 [00:07<00:15, 24.69it/s]
 32%|███▏      | 182/562 [00:07<00:15, 24.69it/s]
 33%|███▎      | 185/562 [00:07<00:15, 24.68it/s]
 33%|███▎      | 188/562 [00:07<00:15, 24.68it/s]
 34%|███▍      | 191/562 [00:07<00:15, 24.67it/s]
 35%|███▍      | 194/562 [00:07<00:14, 24.66it/s]
 35%|███▌      | 197/562 [00:08<00:14, 24.67it/s]
 36%|███▌      | 200/562 [00:08<00:14, 24.67it/s]
 36%|███▌      | 203/562 [00:08<00:14, 24.68it/s]
 37%|███▋      | 206/562 [00:08<00:14, 24.66it/s]
 37%|███▋      | 209/562 [00:08<00:14, 24.67it/s]
 38%|███▊      | 212/562 [00:08<00:14, 24.64it/s]
 38%|███▊      | 215/562 [00:08<00:14, 24.66it/s]
 39%|███▉      | 218/562 [00:08<00:13, 24.67it/s]
 39%|███▉      | 221/562 [00:09<00:13, 24.66it/s]
 40%|███▉      | 224/562 [00:09<00:13, 24.66it/s]
 40%|████      | 227/562 [00:09<00:13, 24.66it/s]
 41%|████      | 230/562 [00:09<00:13, 24.66it/s]
 41%|████▏     | 233/562 [00:09<00:13, 24.66it/s]
 42%|████▏     | 236/562 [00:09<00:13, 24.66it/s]
 43%|████▎     | 239/562 [00:09<00:13, 24.66it/s]
 43%|████▎     | 242/562 [00:09<00:12, 24.66it/s]
 44%|████▎     | 245/562 [00:10<00:12, 24.66it/s]
 44%|████▍     | 248/562 [00:10<00:12, 24.66it/s]
 45%|████▍     | 251/562 [00:10<00:12, 24.66it/s]
 45%|████▌     | 254/562 [00:10<00:12, 24.66it/s]
 46%|████▌     | 257/562 [00:10<00:12, 24.66it/s]
 46%|████▋     | 260/562 [00:10<00:12, 24.65it/s]
 47%|████▋     | 263/562 [00:10<00:12, 24.64it/s]
 47%|████▋     | 266/562 [00:10<00:12, 24.65it/s]
 48%|████▊     | 269/562 [00:11<00:11, 24.66it/s]
 48%|████▊     | 272/562 [00:11<00:11, 24.65it/s]
 49%|████▉     | 275/562 [00:11<00:11, 24.65it/s]
 49%|████▉     | 278/562 [00:11<00:11, 24.66it/s]
 50%|█████     | 281/562 [00:11<00:11, 24.66it/s]
 51%|█████     | 284/562 [00:11<00:11, 24.65it/s]
 51%|█████     | 287/562 [00:11<00:11, 24.66it/s]
 52%|█████▏    | 290/562 [00:11<00:11, 24.66it/s]
 52%|█████▏    | 293/562 [00:11<00:10, 24.65it/s]
 53%|█████▎    | 296/562 [00:12<00:10, 24.65it/s]
 53%|█████▎    | 299/562 [00:12<00:10, 24.65it/s]
 54%|█████▎    | 302/562 [00:12<00:10, 24.66it/s]
 54%|█████▍    | 305/562 [00:12<00:10, 24.65it/s]
 55%|█████▍    | 308/562 [00:12<00:10, 24.64it/s]
 55%|█████▌    | 311/562 [00:12<00:10, 24.65it/s]
 56%|█████▌    | 314/562 [00:12<00:10, 24.65it/s]
 56%|█████▋    | 317/562 [00:12<00:09, 24.65it/s]
 57%|█████▋    | 320/562 [00:13<00:09, 24.63it/s]
 57%|█████▋    | 323/562 [00:13<00:09, 24.64it/s]
 58%|█████▊    | 326/562 [00:13<00:09, 24.64it/s]
 59%|█████▊    | 329/562 [00:13<00:09, 24.62it/s]
 59%|█████▉    | 332/562 [00:13<00:09, 24.65it/s]
 60%|█████▉    | 335/562 [00:13<00:09, 24.64it/s]
 60%|██████    | 338/562 [00:13<00:09, 24.64it/s]
 61%|██████    | 341/562 [00:13<00:08, 24.63it/s]
 61%|██████    | 344/562 [00:14<00:08, 24.63it/s]
 62%|██████▏   | 347/562 [00:14<00:08, 24.62it/s]
 62%|██████▏   | 350/562 [00:14<00:08, 24.63it/s]
 63%|██████▎   | 353/562 [00:14<00:08, 24.64it/s]
 63%|██████▎   | 356/562 [00:14<00:08, 24.64it/s]
 64%|██████▍   | 359/562 [00:14<00:08, 24.64it/s]
 64%|██████▍   | 362/562 [00:14<00:08, 24.63it/s]
 65%|██████▍   | 365/562 [00:14<00:07, 24.63it/s]
 65%|██████▌   | 368/562 [00:15<00:07, 24.64it/s]
 66%|██████▌   | 371/562 [00:15<00:07, 24.64it/s]
 67%|██████▋   | 374/562 [00:15<00:07, 24.65it/s]
 67%|██████▋   | 377/562 [00:15<00:07, 24.64it/s]
 68%|██████▊   | 380/562 [00:15<00:07, 24.65it/s]
 68%|██████▊   | 383/562 [00:15<00:07, 24.63it/s]
 69%|██████▊   | 386/562 [00:15<00:07, 24.63it/s]
 69%|██████▉   | 389/562 [00:15<00:07, 24.64it/s]
 70%|██████▉   | 392/562 [00:16<00:06, 24.64it/s]
 70%|███████   | 395/562 [00:16<00:06, 24.63it/s]
 71%|███████   | 398/562 [00:16<00:06, 24.63it/s]
 71%|███████▏  | 401/562 [00:16<00:06, 24.62it/s]
 72%|███████▏  | 404/562 [00:16<00:06, 24.63it/s]
 72%|███████▏  | 407/562 [00:16<00:06, 24.61it/s]
 73%|███████▎  | 410/562 [00:16<00:06, 24.62it/s]
 73%|███████▎  | 413/562 [00:16<00:06, 24.62it/s]
 74%|███████▍  | 416/562 [00:16<00:05, 24.62it/s]
 75%|███████▍  | 419/562 [00:17<00:05, 24.62it/s]
 75%|███████▌  | 422/562 [00:17<00:05, 24.62it/s]
 76%|███████▌  | 425/562 [00:17<00:05, 24.63it/s]
 76%|███████▌  | 428/562 [00:17<00:05, 24.63it/s]
 77%|███████▋  | 431/562 [00:17<00:05, 24.63it/s]
 77%|███████▋  | 434/562 [00:17<00:05, 24.61it/s]
 78%|███████▊  | 437/562 [00:17<00:05, 24.61it/s]
 78%|███████▊  | 440/562 [00:17<00:04, 24.60it/s]
 79%|███████▉  | 443/562 [00:18<00:04, 24.61it/s]
 79%|███████▉  | 446/562 [00:18<00:04, 24.61it/s]
 80%|███████▉  | 449/562 [00:18<00:04, 24.61it/s]
 80%|████████  | 452/562 [00:18<00:04, 24.60it/s]
 81%|████████  | 455/562 [00:18<00:04, 24.61it/s]
 81%|████████▏ | 458/562 [00:18<00:04, 24.61it/s]
 82%|████████▏ | 461/562 [00:18<00:04, 24.61it/s]
 83%|████████▎ | 464/562 [00:18<00:03, 24.61it/s]
 83%|████████▎ | 467/562 [00:19<00:03, 24.61it/s]
 84%|████████▎ | 470/562 [00:19<00:03, 24.61it/s]
 84%|████████▍ | 473/562 [00:19<00:03, 24.62it/s]
 85%|████████▍ | 476/562 [00:19<00:03, 24.61it/s]
 85%|████████▌ | 479/562 [00:19<00:03, 24.62it/s]
 86%|████████▌ | 482/562 [00:19<00:03, 24.62it/s]
 86%|████████▋ | 485/562 [00:19<00:03, 24.61it/s]
 87%|████████▋ | 488/562 [00:19<00:03, 24.62it/s]
 87%|████████▋ | 491/562 [00:20<00:02, 24.62it/s]
 88%|████████▊ | 494/562 [00:20<00:02, 24.62it/s]
 88%|████████▊ | 497/562 [00:20<00:02, 24.62it/s]
 89%|████████▉ | 500/562 [00:20<00:02, 24.61it/s]
 90%|████████▉ | 503/562 [00:20<00:02, 24.61it/s]
 90%|█████████ | 506/562 [00:20<00:02, 24.61it/s]
 91%|█████████ | 509/562 [00:20<00:02, 24.61it/s]
 91%|█████████ | 512/562 [00:20<00:02, 24.61it/s]
 92%|█████████▏| 515/562 [00:21<00:01, 24.62it/s]
 92%|█████████▏| 518/562 [00:21<00:01, 24.61it/s]
 93%|█████████▎| 521/562 [00:21<00:01, 24.61it/s]
 93%|█████████▎| 524/562 [00:21<00:01, 24.62it/s]
 94%|█████████▍| 527/562 [00:21<00:01, 24.62it/s]
 94%|█████████▍| 530/562 [00:21<00:01, 24.61it/s]
 95%|█████████▍| 533/562 [00:21<00:01, 24.62it/s]
 95%|█████████▌| 536/562 [00:21<00:01, 24.62it/s]
 96%|█████████▌| 539/562 [00:21<00:00, 24.63it/s]
 96%|█████████▋| 542/562 [00:22<00:00, 24.62it/s]
 97%|█████████▋| 545/562 [00:22<00:00, 24.62it/s]
 98%|█████████▊| 548/562 [00:22<00:00, 24.62it/s]
 98%|█████████▊| 551/562 [00:22<00:00, 24.62it/s]
 99%|█████████▊| 554/562 [00:22<00:00, 24.62it/s]
 99%|█████████▉| 557/562 [00:22<00:00, 24.62it/s]
100%|█████████▉| 560/562 [00:22<00:00, 24.62it/s]
100%|█████████▉| 561/562 [00:22<00:00, 24.47it/s]
tensor(20.2031, device='cuda:0', dtype=torch.float16)
