# run: opt-1.3b_seq2048_original_fp16
# start: 2026-05-12T19:59:24
# idle_vram: {'used_mib': 33, 'free_mib': 7668, 'total_mib': 8151}
# command: docker exec -w /workspace oaken-ae-container /opt/conda/envs/oaken/bin/python eval_perplexity.py -m opt -s 1.3b -t wikitext --gpu-start-idx 0 --gpu-count 1 --sequence-length 2048 --stride 2048 --quant-method none

= Run Configuration ===================
Model name: opt
Model size: 1.3b
Task: wikitext
Single run: False
Quantization method: none
Quantizer path: None
Used GPUs: 0 - 0
=======================================
Running Original Model
Perplexity window: sequence_length=2048, stride=2048, tokens=287645

  0%|          | 0/141 [00:00<?, ?it/s]
  1%|          | 1/141 [00:00<00:46,  3.03it/s]
  2%|▏         | 3/141 [00:00<00:20,  6.80it/s]
  3%|▎         | 4/141 [00:00<00:20,  6.55it/s]
  4%|▎         | 5/141 [00:00<00:21,  6.38it/s]
  4%|▍         | 6/141 [00:00<00:21,  6.29it/s]
  5%|▍         | 7/141 [00:01<00:21,  6.23it/s]
  6%|▌         | 8/141 [00:01<00:21,  6.19it/s]
  6%|▋         | 9/141 [00:01<00:21,  6.16it/s]
  7%|▋         | 10/141 [00:01<00:21,  6.14it/s]
  8%|▊         | 11/141 [00:01<00:21,  6.12it/s]
  9%|▊         | 12/141 [00:01<00:21,  6.12it/s]
  9%|▉         | 13/141 [00:02<00:20,  6.11it/s]
 10%|▉         | 14/141 [00:02<00:20,  6.10it/s]
 11%|█         | 15/141 [00:02<00:20,  6.10it/s]
 11%|█▏        | 16/141 [00:02<00:20,  6.10it/s]
 12%|█▏        | 17/141 [00:02<00:20,  6.10it/s]
 13%|█▎        | 18/141 [00:02<00:20,  6.09it/s]
 13%|█▎        | 19/141 [00:03<00:20,  6.09it/s]
 14%|█▍        | 20/141 [00:03<00:19,  6.09it/s]
 15%|█▍        | 21/141 [00:03<00:19,  6.09it/s]
 16%|█▌        | 22/141 [00:03<00:19,  6.09it/s]
 16%|█▋        | 23/141 [00:03<00:19,  6.09it/s]
 17%|█▋        | 24/141 [00:03<00:19,  6.09it/s]
 18%|█▊        | 25/141 [00:04<00:19,  6.08it/s]
 18%|█▊        | 26/141 [00:04<00:18,  6.09it/s]
 19%|█▉        | 27/141 [00:04<00:18,  6.08it/s]
 20%|█▉        | 28/141 [00:04<00:18,  6.09it/s]
 21%|██        | 29/141 [00:04<00:18,  6.09it/s]
 21%|██▏       | 30/141 [00:04<00:18,  6.08it/s]
 22%|██▏       | 31/141 [00:05<00:18,  6.08it/s]
 23%|██▎       | 32/141 [00:05<00:17,  6.08it/s]
 23%|██▎       | 33/141 [00:05<00:17,  6.08it/s]
 24%|██▍       | 34/141 [00:05<00:17,  6.08it/s]
 25%|██▍       | 35/141 [00:05<00:17,  6.08it/s]
 26%|██▌       | 36/141 [00:05<00:17,  6.08it/s]
 26%|██▌       | 37/141 [00:06<00:17,  6.08it/s]
 27%|██▋       | 38/141 [00:06<00:16,  6.08it/s]
 28%|██▊       | 39/141 [00:06<00:16,  6.08it/s]
 28%|██▊       | 40/141 [00:06<00:16,  6.08it/s]
 29%|██▉       | 41/141 [00:06<00:16,  6.08it/s]
 30%|██▉       | 42/141 [00:06<00:16,  6.08it/s]
 30%|███       | 43/141 [00:07<00:16,  6.08it/s]
 31%|███       | 44/141 [00:07<00:15,  6.08it/s]
 32%|███▏      | 45/141 [00:07<00:15,  6.08it/s]
 33%|███▎      | 46/141 [00:07<00:15,  6.08it/s]
 33%|███▎      | 47/141 [00:07<00:15,  6.08it/s]
 34%|███▍      | 48/141 [00:07<00:15,  6.07it/s]
 35%|███▍      | 49/141 [00:08<00:15,  6.08it/s]
 35%|███▌      | 50/141 [00:08<00:14,  6.08it/s]
 36%|███▌      | 51/141 [00:08<00:14,  6.08it/s]
 37%|███▋      | 52/141 [00:08<00:14,  6.08it/s]
 38%|███▊      | 53/141 [00:08<00:14,  6.08it/s]
 38%|███▊      | 54/141 [00:08<00:14,  6.08it/s]
 39%|███▉      | 55/141 [00:09<00:14,  6.08it/s]
 40%|███▉      | 56/141 [00:09<00:13,  6.08it/s]
 40%|████      | 57/141 [00:09<00:13,  6.08it/s]
 41%|████      | 58/141 [00:09<00:13,  6.08it/s]
 42%|████▏     | 59/141 [00:09<00:13,  6.08it/s]
 43%|████▎     | 60/141 [00:09<00:13,  6.07it/s]
 43%|████▎     | 61/141 [00:10<00:13,  6.07it/s]
 44%|████▍     | 62/141 [00:10<00:13,  6.07it/s]
 45%|████▍     | 63/141 [00:10<00:12,  6.07it/s]
 45%|████▌     | 64/141 [00:10<00:12,  6.07it/s]
 46%|████▌     | 65/141 [00:10<00:12,  6.07it/s]
 47%|████▋     | 66/141 [00:10<00:12,  6.07it/s]
 48%|████▊     | 67/141 [00:11<00:12,  6.07it/s]
 48%|████▊     | 68/141 [00:11<00:12,  6.07it/s]
 49%|████▉     | 69/141 [00:11<00:11,  6.07it/s]
 50%|████▉     | 70/141 [00:11<00:11,  6.07it/s]
 50%|█████     | 71/141 [00:11<00:11,  6.07it/s]
 51%|█████     | 72/141 [00:11<00:11,  6.07it/s]
 52%|█████▏    | 73/141 [00:12<00:11,  6.07it/s]
 52%|█████▏    | 74/141 [00:12<00:11,  6.07it/s]
 53%|█████▎    | 75/141 [00:12<00:10,  6.07it/s]
 54%|█████▍    | 76/141 [00:12<00:10,  6.07it/s]
 55%|█████▍    | 77/141 [00:12<00:10,  6.07it/s]
 55%|█████▌    | 78/141 [00:12<00:10,  6.07it/s]
 56%|█████▌    | 79/141 [00:12<00:10,  6.07it/s]
 57%|█████▋    | 80/141 [00:13<00:10,  6.07it/s]
 57%|█████▋    | 81/141 [00:13<00:09,  6.07it/s]
 58%|█████▊    | 82/141 [00:13<00:09,  6.07it/s]
 59%|█████▉    | 83/141 [00:13<00:09,  6.07it/s]
 60%|█████▉    | 84/141 [00:13<00:09,  6.07it/s]
 60%|██████    | 85/141 [00:13<00:09,  6.07it/s]
 61%|██████    | 86/141 [00:14<00:09,  6.07it/s]
 62%|██████▏   | 87/141 [00:14<00:08,  6.07it/s]
 62%|██████▏   | 88/141 [00:14<00:08,  6.07it/s]
 63%|██████▎   | 89/141 [00:14<00:08,  6.07it/s]
 64%|██████▍   | 90/141 [00:14<00:08,  6.07it/s]
 65%|██████▍   | 91/141 [00:14<00:08,  6.07it/s]
 65%|██████▌   | 92/141 [00:15<00:08,  6.07it/s]
 66%|██████▌   | 93/141 [00:15<00:07,  6.07it/s]
 67%|██████▋   | 94/141 [00:15<00:07,  6.07it/s]
 67%|██████▋   | 95/141 [00:15<00:07,  6.07it/s]
 68%|██████▊   | 96/141 [00:15<00:07,  6.07it/s]
 69%|██████▉   | 97/141 [00:15<00:07,  6.07it/s]
 70%|██████▉   | 98/141 [00:16<00:07,  6.07it/s]
 70%|███████   | 99/141 [00:16<00:06,  6.07it/s]
 71%|███████   | 100/141 [00:16<00:06,  6.07it/s]
 72%|███████▏  | 101/141 [00:16<00:06,  6.07it/s]
 72%|███████▏  | 102/141 [00:16<00:06,  6.07it/s]
 73%|███████▎  | 103/141 [00:16<00:06,  6.07it/s]
 74%|███████▍  | 104/141 [00:17<00:06,  6.07it/s]
 74%|███████▍  | 105/141 [00:17<00:05,  6.07it/s]
 75%|███████▌  | 106/141 [00:17<00:05,  6.07it/s]
 76%|███████▌  | 107/141 [00:17<00:05,  6.07it/s]
 77%|███████▋  | 108/141 [00:17<00:05,  6.07it/s]
 77%|███████▋  | 109/141 [00:17<00:05,  6.07it/s]
 78%|███████▊  | 110/141 [00:18<00:05,  6.07it/s]
 79%|███████▊  | 111/141 [00:18<00:04,  6.07it/s]
 79%|███████▉  | 112/141 [00:18<00:04,  6.06it/s]
 80%|████████  | 113/141 [00:18<00:04,  6.06it/s]
 81%|████████  | 114/141 [00:18<00:04,  6.06it/s]
 82%|████████▏ | 115/141 [00:18<00:04,  6.05it/s]
 82%|████████▏ | 116/141 [00:19<00:04,  6.06it/s]
 83%|████████▎ | 117/141 [00:19<00:03,  6.05it/s]
 84%|████████▎ | 118/141 [00:19<00:03,  6.06it/s]
 84%|████████▍ | 119/141 [00:19<00:03,  6.05it/s]
 85%|████████▌ | 120/141 [00:19<00:03,  6.06it/s]
 86%|████████▌ | 121/141 [00:19<00:03,  6.05it/s]
 87%|████████▋ | 122/141 [00:20<00:03,  6.06it/s]
 87%|████████▋ | 123/141 [00:20<00:02,  6.05it/s]
 88%|████████▊ | 124/141 [00:20<00:02,  6.06it/s]
 89%|████████▊ | 125/141 [00:20<00:02,  6.05it/s]
 89%|████████▉ | 126/141 [00:20<00:02,  6.05it/s]
 90%|█████████ | 127/141 [00:20<00:02,  6.05it/s]
 91%|█████████ | 128/141 [00:21<00:02,  6.05it/s]
 91%|█████████▏| 129/141 [00:21<00:01,  6.05it/s]
 92%|█████████▏| 130/141 [00:21<00:01,  6.05it/s]
 93%|█████████▎| 131/141 [00:21<00:01,  6.05it/s]
 94%|█████████▎| 132/141 [00:21<00:01,  6.05it/s]
 94%|█████████▍| 133/141 [00:21<00:01,  6.05it/s]
 95%|█████████▌| 134/141 [00:22<00:01,  6.06it/s]
 96%|█████████▌| 135/141 [00:22<00:00,  6.06it/s]
 96%|█████████▋| 136/141 [00:22<00:00,  6.06it/s]
 97%|█████████▋| 137/141 [00:22<00:00,  6.06it/s]
 98%|█████████▊| 138/141 [00:22<00:00,  6.06it/s]
 99%|█████████▊| 139/141 [00:22<00:00,  6.06it/s]
 99%|█████████▉| 140/141 [00:23<00:00,  6.07it/s]
 99%|█████████▉| 140/141 [00:23<00:00,  6.03it/s]
tensor(14.6406, device='cuda:0', dtype=torch.float16)
