# run: opt-1.3b_seq512_oaken
# start: 2026-05-12T19:57:31
# idle_vram: {'used_mib': 33, 'free_mib': 7668, 'total_mib': 8151}
# command: docker exec -w /workspace oaken-ae-container /opt/conda/envs/oaken/bin/python eval_perplexity.py -m opt -s 1.3b -t wikitext --gpu-start-idx 0 --gpu-count 1 --sequence-length 512 --stride 512 -q results/rtx5060/opt-1.3b/oaken-quantizer.json --quant-method oaken


  0%|          | 0/562 [00:00<?, ?it/s]= Run Configuration ===================
Model name: opt
Model size: 1.3b
Task: wikitext
Single run: False
Quantization method: oaken
Quantizer path: results/rtx5060/opt-1.3b/oaken-quantizer.json
Used GPUs: 0 - 0
=======================================
Running oaken
Perplexity window: sequence_length=512, stride=512, tokens=287645

  0%|          | 1/562 [00:00<02:59,  3.13it/s]
  1%|          | 3/562 [00:00<01:09,  7.99it/s]
  1%|          | 5/562 [00:00<00:50, 10.98it/s]
  1%|          | 7/562 [00:00<00:42, 12.91it/s]
  2%|▏         | 9/562 [00:00<00:38, 14.19it/s]
  2%|▏         | 11/562 [00:00<00:36, 15.04it/s]
  2%|▏         | 13/562 [00:01<00:35, 15.62it/s]
  3%|▎         | 15/562 [00:01<00:34, 16.00it/s]
  3%|▎         | 17/562 [00:01<00:33, 16.28it/s]
  3%|▎         | 19/562 [00:01<00:32, 16.46it/s]
  4%|▎         | 21/562 [00:01<00:32, 16.59it/s]
  4%|▍         | 23/562 [00:01<00:32, 16.68it/s]
  4%|▍         | 25/562 [00:01<00:32, 16.75it/s]
  5%|▍         | 27/562 [00:01<00:31, 16.80it/s]
  5%|▌         | 29/562 [00:01<00:31, 16.83it/s]
  6%|▌         | 31/562 [00:02<00:31, 16.85it/s]
  6%|▌         | 33/562 [00:02<00:31, 16.86it/s]
  6%|▌         | 35/562 [00:02<00:31, 16.87it/s]
  7%|▋         | 37/562 [00:02<00:31, 16.88it/s]
  7%|▋         | 39/562 [00:02<00:30, 16.88it/s]
  7%|▋         | 41/562 [00:02<00:30, 16.89it/s]
  8%|▊         | 43/562 [00:02<00:30, 16.89it/s]
  8%|▊         | 45/562 [00:02<00:30, 16.89it/s]
  8%|▊         | 47/562 [00:03<00:30, 16.90it/s]
  9%|▊         | 49/562 [00:03<00:30, 16.89it/s]
  9%|▉         | 51/562 [00:03<00:30, 16.89it/s]
  9%|▉         | 53/562 [00:03<00:30, 16.88it/s]
 10%|▉         | 55/562 [00:03<00:30, 16.88it/s]
 10%|█         | 57/562 [00:03<00:29, 16.88it/s]
 10%|█         | 59/562 [00:03<00:29, 16.88it/s]
 11%|█         | 61/562 [00:03<00:29, 16.88it/s]
 11%|█         | 63/562 [00:03<00:29, 16.87it/s]
 12%|█▏        | 65/562 [00:04<00:29, 16.87it/s]
 12%|█▏        | 67/562 [00:04<00:29, 16.88it/s]
 12%|█▏        | 69/562 [00:04<00:29, 16.89it/s]
 13%|█▎        | 71/562 [00:04<00:29, 16.88it/s]
 13%|█▎        | 73/562 [00:04<00:28, 16.88it/s]
 13%|█▎        | 75/562 [00:04<00:28, 16.89it/s]
 14%|█▎        | 77/562 [00:04<00:28, 16.89it/s]
 14%|█▍        | 79/562 [00:04<00:28, 16.89it/s]
 14%|█▍        | 81/562 [00:05<00:28, 16.89it/s]
 15%|█▍        | 83/562 [00:05<00:28, 16.89it/s]
 15%|█▌        | 85/562 [00:05<00:28, 16.88it/s]
 15%|█▌        | 87/562 [00:05<00:28, 16.87it/s]
 16%|█▌        | 89/562 [00:05<00:28, 16.88it/s]
 16%|█▌        | 91/562 [00:05<00:27, 16.87it/s]
 17%|█▋        | 93/562 [00:05<00:27, 16.87it/s]
 17%|█▋        | 95/562 [00:05<00:27, 16.87it/s]
 17%|█▋        | 97/562 [00:05<00:27, 16.87it/s]
 18%|█▊        | 99/562 [00:06<00:27, 16.87it/s]
 18%|█▊        | 101/562 [00:06<00:27, 16.87it/s]
 18%|█▊        | 103/562 [00:06<00:27, 16.87it/s]
 19%|█▊        | 105/562 [00:06<00:27, 16.87it/s]
 19%|█▉        | 107/562 [00:06<00:26, 16.87it/s]
 19%|█▉        | 109/562 [00:06<00:26, 16.88it/s]
 20%|█▉        | 111/562 [00:06<00:26, 16.88it/s]
 20%|██        | 113/562 [00:06<00:26, 16.88it/s]
 20%|██        | 115/562 [00:07<00:26, 16.87it/s]
 21%|██        | 117/562 [00:07<00:26, 16.86it/s]
 21%|██        | 119/562 [00:07<00:26, 16.86it/s]
 22%|██▏       | 121/562 [00:07<00:26, 16.86it/s]
 22%|██▏       | 123/562 [00:07<00:26, 16.86it/s]
 22%|██▏       | 125/562 [00:07<00:25, 16.85it/s]
 23%|██▎       | 127/562 [00:07<00:25, 16.86it/s]
 23%|██▎       | 129/562 [00:07<00:25, 16.85it/s]
 23%|██▎       | 131/562 [00:08<00:25, 16.86it/s]
 24%|██▎       | 133/562 [00:08<00:25, 16.86it/s]
 24%|██▍       | 135/562 [00:08<00:25, 16.86it/s]
 24%|██▍       | 137/562 [00:08<00:25, 16.86it/s]
 25%|██▍       | 139/562 [00:08<00:25, 16.86it/s]
 25%|██▌       | 141/562 [00:08<00:24, 16.87it/s]
 25%|██▌       | 143/562 [00:08<00:24, 16.87it/s]
 26%|██▌       | 145/562 [00:08<00:24, 16.86it/s]
 26%|██▌       | 147/562 [00:08<00:24, 16.86it/s]
 27%|██▋       | 149/562 [00:09<00:24, 16.86it/s]
 27%|██▋       | 151/562 [00:09<00:24, 16.86it/s]
 27%|██▋       | 153/562 [00:09<00:24, 16.86it/s]
 28%|██▊       | 155/562 [00:09<00:24, 16.85it/s]
 28%|██▊       | 157/562 [00:09<00:24, 16.85it/s]
 28%|██▊       | 159/562 [00:09<00:23, 16.85it/s]
 29%|██▊       | 161/562 [00:09<00:23, 16.85it/s]
 29%|██▉       | 163/562 [00:09<00:23, 16.85it/s]
 29%|██▉       | 165/562 [00:10<00:23, 16.85it/s]
 30%|██▉       | 167/562 [00:10<00:23, 16.85it/s]
 30%|███       | 169/562 [00:10<00:23, 16.85it/s]
 30%|███       | 171/562 [00:10<00:23, 16.85it/s]
 31%|███       | 173/562 [00:10<00:23, 16.85it/s]
 31%|███       | 175/562 [00:10<00:22, 16.86it/s]
 31%|███▏      | 177/562 [00:10<00:22, 16.86it/s]
 32%|███▏      | 179/562 [00:10<00:22, 16.86it/s]
 32%|███▏      | 181/562 [00:10<00:22, 16.86it/s]
 33%|███▎      | 183/562 [00:11<00:22, 16.86it/s]
 33%|███▎      | 185/562 [00:11<00:22, 16.85it/s]
 33%|███▎      | 187/562 [00:11<00:22, 16.85it/s]
 34%|███▎      | 189/562 [00:11<00:22, 16.85it/s]
 34%|███▍      | 191/562 [00:11<00:22, 16.85it/s]
 34%|███▍      | 193/562 [00:11<00:21, 16.85it/s]
 35%|███▍      | 195/562 [00:11<00:21, 16.84it/s]
 35%|███▌      | 197/562 [00:11<00:21, 16.84it/s]
 35%|███▌      | 199/562 [00:12<00:21, 16.85it/s]
 36%|███▌      | 201/562 [00:12<00:21, 16.84it/s]
 36%|███▌      | 203/562 [00:12<00:21, 16.85it/s]
 36%|███▋      | 205/562 [00:12<00:21, 16.85it/s]
 37%|███▋      | 207/562 [00:12<00:21, 16.85it/s]
 37%|███▋      | 209/562 [00:12<00:20, 16.85it/s]
 38%|███▊      | 211/562 [00:12<00:20, 16.85it/s]
 38%|███▊      | 213/562 [00:12<00:20, 16.85it/s]
 38%|███▊      | 215/562 [00:12<00:20, 16.85it/s]
 39%|███▊      | 217/562 [00:13<00:20, 16.84it/s]
 39%|███▉      | 219/562 [00:13<00:20, 16.83it/s]
 39%|███▉      | 221/562 [00:13<00:20, 16.83it/s]
 40%|███▉      | 223/562 [00:13<00:20, 16.84it/s]
 40%|████      | 225/562 [00:13<00:20, 16.83it/s]
 40%|████      | 227/562 [00:13<00:19, 16.83it/s]
 41%|████      | 229/562 [00:13<00:19, 16.83it/s]
 41%|████      | 231/562 [00:13<00:19, 16.83it/s]
 41%|████▏     | 233/562 [00:14<00:19, 16.83it/s]
 42%|████▏     | 235/562 [00:14<00:19, 16.83it/s]
 42%|████▏     | 237/562 [00:14<00:19, 16.84it/s]
 43%|████▎     | 239/562 [00:14<00:19, 16.84it/s]
 43%|████▎     | 241/562 [00:14<00:19, 16.84it/s]
 43%|████▎     | 243/562 [00:14<00:18, 16.84it/s]
 44%|████▎     | 245/562 [00:14<00:18, 16.85it/s]
 44%|████▍     | 247/562 [00:14<00:18, 16.85it/s]
 44%|████▍     | 249/562 [00:15<00:18, 16.84it/s]
 45%|████▍     | 251/562 [00:15<00:18, 16.84it/s]
 45%|████▌     | 253/562 [00:15<00:18, 16.84it/s]
 45%|████▌     | 255/562 [00:15<00:18, 16.84it/s]
 46%|████▌     | 257/562 [00:15<00:18, 16.84it/s]
 46%|████▌     | 259/562 [00:15<00:18, 16.83it/s]
 46%|████▋     | 261/562 [00:15<00:17, 16.82it/s]
 47%|████▋     | 263/562 [00:15<00:17, 16.82it/s]
 47%|████▋     | 265/562 [00:15<00:17, 16.82it/s]
 48%|████▊     | 267/562 [00:16<00:17, 16.82it/s]
 48%|████▊     | 269/562 [00:16<00:17, 16.82it/s]
 48%|████▊     | 271/562 [00:16<00:17, 16.83it/s]
 49%|████▊     | 273/562 [00:16<00:17, 16.83it/s]
 49%|████▉     | 275/562 [00:16<00:17, 16.83it/s]
 49%|████▉     | 277/562 [00:16<00:16, 16.83it/s]
 50%|████▉     | 279/562 [00:16<00:16, 16.83it/s]
 50%|█████     | 281/562 [00:16<00:16, 16.83it/s]
 50%|█████     | 283/562 [00:17<00:16, 16.83it/s]
 51%|█████     | 285/562 [00:17<00:16, 16.82it/s]
 51%|█████     | 287/562 [00:17<00:16, 16.82it/s]
 51%|█████▏    | 289/562 [00:17<00:16, 16.82it/s]
 52%|█████▏    | 291/562 [00:17<00:16, 16.82it/s]
 52%|█████▏    | 293/562 [00:17<00:15, 16.82it/s]
 52%|█████▏    | 295/562 [00:17<00:15, 16.81it/s]
 53%|█████▎    | 297/562 [00:17<00:15, 16.81it/s]
 53%|█████▎    | 299/562 [00:17<00:15, 16.81it/s]
 54%|█████▎    | 301/562 [00:18<00:15, 16.82it/s]
 54%|█████▍    | 303/562 [00:18<00:15, 16.82it/s]
 54%|█████▍    | 305/562 [00:18<00:15, 16.82it/s]
 55%|█████▍    | 307/562 [00:18<00:15, 16.82it/s]
 55%|█████▍    | 309/562 [00:18<00:15, 16.82it/s]
 55%|█████▌    | 311/562 [00:18<00:14, 16.83it/s]
 56%|█████▌    | 313/562 [00:18<00:14, 16.82it/s]
 56%|█████▌    | 315/562 [00:18<00:14, 16.82it/s]
 56%|█████▋    | 317/562 [00:19<00:14, 16.83it/s]
 57%|█████▋    | 319/562 [00:19<00:14, 16.83it/s]
 57%|█████▋    | 321/562 [00:19<00:14, 16.82it/s]
 57%|█████▋    | 323/562 [00:19<00:14, 16.82it/s]
 58%|█████▊    | 325/562 [00:19<00:14, 16.83it/s]
 58%|█████▊    | 327/562 [00:19<00:13, 16.83it/s]
 59%|█████▊    | 329/562 [00:19<00:13, 16.82it/s]
 59%|█████▉    | 331/562 [00:19<00:13, 16.82it/s]
 59%|█████▉    | 333/562 [00:20<00:13, 16.82it/s]
 60%|█████▉    | 335/562 [00:20<00:13, 16.82it/s]
 60%|█████▉    | 337/562 [00:20<00:13, 16.82it/s]
 60%|██████    | 339/562 [00:20<00:13, 16.82it/s]
 61%|██████    | 341/562 [00:20<00:13, 16.83it/s]
 61%|██████    | 343/562 [00:20<00:13, 16.83it/s]
 61%|██████▏   | 345/562 [00:20<00:12, 16.83it/s]
 62%|██████▏   | 347/562 [00:20<00:12, 16.82it/s]
 62%|██████▏   | 349/562 [00:20<00:12, 16.82it/s]
 62%|██████▏   | 351/562 [00:21<00:12, 16.82it/s]
 63%|██████▎   | 353/562 [00:21<00:12, 16.82it/s]
 63%|██████▎   | 355/562 [00:21<00:12, 16.81it/s]
 64%|██████▎   | 357/562 [00:21<00:12, 16.81it/s]
 64%|██████▍   | 359/562 [00:21<00:12, 16.81it/s]
 64%|██████▍   | 361/562 [00:21<00:11, 16.81it/s]
 65%|██████▍   | 363/562 [00:21<00:11, 16.80it/s]
 65%|██████▍   | 365/562 [00:21<00:11, 16.80it/s]
 65%|██████▌   | 367/562 [00:22<00:11, 16.80it/s]
 66%|██████▌   | 369/562 [00:22<00:11, 16.80it/s]
 66%|██████▌   | 371/562 [00:22<00:11, 16.80it/s]
 66%|██████▋   | 373/562 [00:22<00:11, 16.81it/s]
 67%|██████▋   | 375/562 [00:22<00:11, 16.81it/s]
 67%|██████▋   | 377/562 [00:22<00:11, 16.82it/s]
 67%|██████▋   | 379/562 [00:22<00:10, 16.82it/s]
 68%|██████▊   | 381/562 [00:22<00:10, 16.81it/s]
 68%|██████▊   | 383/562 [00:22<00:10, 16.81it/s]
 69%|██████▊   | 385/562 [00:23<00:10, 16.80it/s]
 69%|██████▉   | 387/562 [00:23<00:10, 16.80it/s]
 69%|██████▉   | 389/562 [00:23<00:10, 16.80it/s]
 70%|██████▉   | 391/562 [00:23<00:10, 16.80it/s]
 70%|██████▉   | 393/562 [00:23<00:10, 16.79it/s]
 70%|███████   | 395/562 [00:23<00:09, 16.79it/s]
 71%|███████   | 397/562 [00:23<00:09, 16.80it/s]
 71%|███████   | 399/562 [00:23<00:09, 16.80it/s]
 71%|███████▏  | 401/562 [00:24<00:09, 16.79it/s]
 72%|███████▏  | 403/562 [00:24<00:09, 16.80it/s]
 72%|███████▏  | 405/562 [00:24<00:09, 16.80it/s]
 72%|███████▏  | 407/562 [00:24<00:09, 16.81it/s]
 73%|███████▎  | 409/562 [00:24<00:09, 16.80it/s]
 73%|███████▎  | 411/562 [00:24<00:08, 16.80it/s]
 73%|███████▎  | 413/562 [00:24<00:08, 16.81it/s]
 74%|███████▍  | 415/562 [00:24<00:08, 16.81it/s]
 74%|███████▍  | 417/562 [00:25<00:08, 16.81it/s]
 75%|███████▍  | 419/562 [00:25<00:08, 16.80it/s]
 75%|███████▍  | 421/562 [00:25<00:08, 16.79it/s]
 75%|███████▌  | 423/562 [00:25<00:08, 16.80it/s]
 76%|███████▌  | 425/562 [00:25<00:08, 16.80it/s]
 76%|███████▌  | 427/562 [00:25<00:08, 16.79it/s]
 76%|███████▋  | 429/562 [00:25<00:07, 16.79it/s]
 77%|███████▋  | 431/562 [00:25<00:07, 16.79it/s]
 77%|███████▋  | 433/562 [00:25<00:07, 16.79it/s]
 77%|███████▋  | 435/562 [00:26<00:07, 16.80it/s]
 78%|███████▊  | 437/562 [00:26<00:07, 16.79it/s]
 78%|███████▊  | 439/562 [00:26<00:07, 16.79it/s]
 78%|███████▊  | 441/562 [00:26<00:07, 16.80it/s]
 79%|███████▉  | 443/562 [00:26<00:07, 16.80it/s]
 79%|███████▉  | 445/562 [00:26<00:06, 16.81it/s]
 80%|███████▉  | 447/562 [00:26<00:06, 16.81it/s]
 80%|███████▉  | 449/562 [00:26<00:06, 16.81it/s]
 80%|████████  | 451/562 [00:27<00:06, 16.81it/s]
 81%|████████  | 453/562 [00:27<00:06, 16.80it/s]
 81%|████████  | 455/562 [00:27<00:06, 16.79it/s]
 81%|████████▏ | 457/562 [00:27<00:06, 16.80it/s]
 82%|████████▏ | 459/562 [00:27<00:06, 16.79it/s]
 82%|████████▏ | 461/562 [00:27<00:06, 16.80it/s]
 82%|████████▏ | 463/562 [00:27<00:05, 16.79it/s]
 83%|████████▎ | 465/562 [00:27<00:05, 16.79it/s]
 83%|████████▎ | 467/562 [00:27<00:05, 16.79it/s]
 83%|████████▎ | 469/562 [00:28<00:05, 16.79it/s]
 84%|████████▍ | 471/562 [00:28<00:05, 16.79it/s]
 84%|████████▍ | 473/562 [00:28<00:05, 16.79it/s]
 85%|████████▍ | 475/562 [00:28<00:05, 16.79it/s]
 85%|████████▍ | 477/562 [00:28<00:05, 16.80it/s]
 85%|████████▌ | 479/562 [00:28<00:04, 16.80it/s]
 86%|████████▌ | 481/562 [00:28<00:04, 16.80it/s]
 86%|████████▌ | 483/562 [00:28<00:04, 16.81it/s]
 86%|████████▋ | 485/562 [00:29<00:04, 16.81it/s]
 87%|████████▋ | 487/562 [00:29<00:04, 16.81it/s]
 87%|████████▋ | 489/562 [00:29<00:04, 16.80it/s]
 87%|████████▋ | 491/562 [00:29<00:04, 16.80it/s]
 88%|████████▊ | 493/562 [00:29<00:04, 16.79it/s]
 88%|████████▊ | 495/562 [00:29<00:03, 16.79it/s]
 88%|████████▊ | 497/562 [00:29<00:03, 16.79it/s]
 89%|████████▉ | 499/562 [00:29<00:03, 16.79it/s]
 89%|████████▉ | 501/562 [00:30<00:03, 16.79it/s]
 90%|████████▉ | 503/562 [00:30<00:03, 16.79it/s]
 90%|████████▉ | 505/562 [00:30<00:03, 16.79it/s]
 90%|█████████ | 507/562 [00:30<00:03, 16.80it/s]
 91%|█████████ | 509/562 [00:30<00:03, 16.80it/s]
 91%|█████████ | 511/562 [00:30<00:03, 16.81it/s]
 91%|█████████▏| 513/562 [00:30<00:02, 16.80it/s]
 92%|█████████▏| 515/562 [00:30<00:02, 16.80it/s]
 92%|█████████▏| 517/562 [00:30<00:02, 16.80it/s]
 92%|█████████▏| 519/562 [00:31<00:02, 16.81it/s]
 93%|█████████▎| 521/562 [00:31<00:02, 16.80it/s]
 93%|█████████▎| 523/562 [00:31<00:02, 16.80it/s]
 93%|█████████▎| 525/562 [00:31<00:02, 16.80it/s]
 94%|█████████▍| 527/562 [00:31<00:02, 16.80it/s]
 94%|█████████▍| 529/562 [00:31<00:01, 16.80it/s]
 94%|█████████▍| 531/562 [00:31<00:01, 16.80it/s]
 95%|█████████▍| 533/562 [00:31<00:01, 16.80it/s]
 95%|█████████▌| 535/562 [00:32<00:01, 16.80it/s]
 96%|█████████▌| 537/562 [00:32<00:01, 16.80it/s]
 96%|█████████▌| 539/562 [00:32<00:01, 16.80it/s]
 96%|█████████▋| 541/562 [00:32<00:01, 16.81it/s]
 97%|█████████▋| 543/562 [00:32<00:01, 16.81it/s]
 97%|█████████▋| 545/562 [00:32<00:01, 16.81it/s]
 97%|█████████▋| 547/562 [00:32<00:00, 16.81it/s]
 98%|█████████▊| 549/562 [00:32<00:00, 16.80it/s]
 98%|█████████▊| 551/562 [00:32<00:00, 16.80it/s]
 98%|█████████▊| 553/562 [00:33<00:00, 16.80it/s]
 99%|█████████▉| 555/562 [00:33<00:00, 16.79it/s]
 99%|█████████▉| 557/562 [00:33<00:00, 16.79it/s]
 99%|█████████▉| 559/562 [00:33<00:00, 16.80it/s]
100%|█████████▉| 561/562 [00:33<00:00, 16.79it/s]
100%|█████████▉| 561/562 [00:33<00:00, 16.68it/s]
tensor(21.0938, device='cuda:0', dtype=torch.float16)
Decoder 0 Sparsity: Key - [0.028268962515206525, 0.9077035604422627, 0.06402747712207435], Value - [0.03795375915582282, 0.9015296296717009, 0.06051661127853436]
Decoder 1 Sparsity: Key - [0.04278231239827927, 0.9014340313516054, 0.055783656296515806], Value - [0.03858171746108244, 0.8991068882662206, 0.0623113943323546]
Decoder 2 Sparsity: Key - [0.03755115954954429, 0.9069423135701448, 0.05550652695322588], Value - [0.040556068025078634, 0.8992679295166531, 0.06017600257095493]
Decoder 3 Sparsity: Key - [0.05418901729440562, 0.8938720732184916, 0.05193890953350322], Value - [0.04157492365303625, 0.898543971183037, 0.059881105243470324]
Decoder 4 Sparsity: Key - [0.05705827653567137, 0.888602944349479, 0.05433877922753634], Value - [0.041147385660916885, 0.8988628084125043, 0.05998980597960779]
Decoder 5 Sparsity: Key - [0.05596703418209035, 0.888555491946346, 0.05547747395110724], Value - [0.040780692603240236, 0.8989160201939824, 0.06030328732209274]
Decoder 6 Sparsity: Key - [0.05391955115166211, 0.8996385245772868, 0.04644192429756567], Value - [0.04001896791292679, 0.8996322593018677, 0.06034877281171996]
Decoder 7 Sparsity: Key - [0.06131349533159962, 0.8972807447044875, 0.041405760010313306], Value - [0.040136541309517895, 0.8994423284649424, 0.06042113033159772]
Decoder 8 Sparsity: Key - [0.05879831349881518, 0.9008706262951643, 0.04033106025242084], Value - [0.03962338747609128, 0.8996127844917392, 0.060763828058684]
Decoder 9 Sparsity: Key - [0.06636572988485102, 0.8933681229467494, 0.04026614724794317], Value - [0.03921718366470625, 0.8998903046723362, 0.060892511782272854]
Decoder 10 Sparsity: Key - [0.07677056396452982, 0.8834734249369529, 0.03975601112503174], Value - [0.03995887449945844, 0.8994555203940097, 0.06058560521259002]
Decoder 11 Sparsity: Key - [0.07782770311493042, 0.8796680996002252, 0.04250419738427388], Value - [0.03999470213421511, 0.8993486404631061, 0.06065665744907915]
Decoder 12 Sparsity: Key - [0.0796797797349, 0.8791904224619747, 0.04112979791581207], Value - [0.03960774277479411, 0.8995082550201552, 0.06088400230448017]
Decoder 13 Sparsity: Key - [0.08521034451884307, 0.8765467002298484, 0.038242955324223456], Value - [0.03925929562556574, 0.8999156651759911, 0.06082503928461533]
Decoder 14 Sparsity: Key - [0.08388410060537244, 0.8736874377388123, 0.042428461682329825], Value - [0.03855242247418152, 0.9003203786989123, 0.06112719888656377]
Decoder 15 Sparsity: Key - [0.08999307152692533, 0.8626820676267359, 0.04732486088611053], Value - [0.03790495247046506, 0.9007458334715766, 0.06134921407784431]
Decoder 16 Sparsity: Key - [0.08799657551737443, 0.8674946816578455, 0.04450874286455192], Value - [0.03736830778499515, 0.9010441172801728, 0.06158757496134666]
Decoder 17 Sparsity: Key - [0.08302386026842738, 0.8687664316005979, 0.04820970819726109], Value - [0.03778154393028322, 0.9008196824598143, 0.06139877374247512]
Decoder 18 Sparsity: Key - [0.07120453192458034, 0.8759126728964022, 0.05288279527181832], Value - [0.03913143417695239, 0.8997270588985117, 0.061141506997450815]
Decoder 19 Sparsity: Key - [0.06769803491192355, 0.878474626570834, 0.05382733858352878], Value - [0.04034248842224744, 0.8987624496751833, 0.060895061968855586]
Decoder 20 Sparsity: Key - [0.06915073877604831, 0.8776679287177388, 0.05318133258575646], Value - [0.04081438127175981, 0.898559208548366, 0.06062641025278916]
Decoder 21 Sparsity: Key - [0.05310683943384271, 0.8899568725523151, 0.05693628810001438], Value - [0.04096308069509119, 0.8981699056896875, 0.06086701366162173]
Decoder 22 Sparsity: Key - [0.04421817790385455, 0.8993586810882406, 0.05642314108081984], Value - [0.04176819828932184, 0.8974562427327302, 0.06077555901771975]
Decoder 23 Sparsity: Key - [0.03897331424349144, 0.9029946855378745, 0.058032000337949426], Value - [0.04195610454365664, 0.897245155110478, 0.06079874044529484]
Total Sparsity: Key - [0.06353964536613206, 0.8872559652757673, 0.04920438942632032], Value - [0.03979142316730864, 0.8994117932414034, 0.06079678366558397]
