# run: opt-350m_seq2048_original_fp16
# start: 2026-05-12T19:53:27
# idle_vram: {'used_mib': 33, 'free_mib': 7668, 'total_mib': 8151}
# command: docker exec -w /workspace oaken-ae-container /opt/conda/envs/oaken/bin/python eval_perplexity.py -m opt -s 350m -t wikitext --gpu-start-idx 0 --gpu-count 1 --sequence-length 2048 --stride 2048 --quant-method none


  0%|          | 0/141 [00:00<?, ?it/s]= Run Configuration ===================
Model name: opt
Model size: 350m
Task: wikitext
Single run: False
Quantization method: none
Quantizer path: None
Used GPUs: 0 - 0
=======================================
Running Original Model
Perplexity window: sequence_length=2048, stride=2048, tokens=287645

  1%|          | 1/141 [00:00<00:31,  4.48it/s]
  4%|▎         | 5/141 [00:00<00:08, 15.52it/s]
  6%|▌         | 8/141 [00:00<00:07, 17.66it/s]
  8%|▊         | 11/141 [00:00<00:06, 18.76it/s]
 10%|▉         | 14/141 [00:00<00:06, 19.39it/s]
 12%|█▏        | 17/141 [00:00<00:06, 19.78it/s]
 14%|█▍        | 20/141 [00:01<00:06, 20.03it/s]
 16%|█▋        | 23/141 [00:01<00:05, 20.20it/s]
 18%|█▊        | 26/141 [00:01<00:05, 20.31it/s]
 21%|██        | 29/141 [00:01<00:05, 20.37it/s]
 23%|██▎       | 32/141 [00:01<00:05, 20.44it/s]
 25%|██▍       | 35/141 [00:01<00:05, 20.47it/s]
 27%|██▋       | 38/141 [00:01<00:05, 20.49it/s]
 29%|██▉       | 41/141 [00:02<00:04, 20.50it/s]
 31%|███       | 44/141 [00:02<00:04, 20.50it/s]
 33%|███▎      | 47/141 [00:02<00:04, 20.52it/s]
 35%|███▌      | 50/141 [00:02<00:04, 20.53it/s]
 38%|███▊      | 53/141 [00:02<00:04, 20.53it/s]
 40%|███▉      | 56/141 [00:02<00:04, 20.54it/s]
 42%|████▏     | 59/141 [00:02<00:03, 20.53it/s]
 44%|████▍     | 62/141 [00:03<00:03, 20.52it/s]
 46%|████▌     | 65/141 [00:03<00:03, 20.53it/s]
 48%|████▊     | 68/141 [00:03<00:03, 20.53it/s]
 50%|█████     | 71/141 [00:03<00:03, 20.53it/s]
 52%|█████▏    | 74/141 [00:03<00:03, 20.54it/s]
 55%|█████▍    | 77/141 [00:03<00:03, 20.52it/s]
 57%|█████▋    | 80/141 [00:04<00:02, 20.54it/s]
 59%|█████▉    | 83/141 [00:04<00:02, 20.53it/s]
 61%|██████    | 86/141 [00:04<00:02, 20.53it/s]
 63%|██████▎   | 89/141 [00:04<00:02, 20.53it/s]
 65%|██████▌   | 92/141 [00:04<00:02, 20.52it/s]
 67%|██████▋   | 95/141 [00:04<00:02, 20.53it/s]
 70%|██████▉   | 98/141 [00:04<00:02, 20.53it/s]
 72%|███████▏  | 101/141 [00:05<00:01, 20.53it/s]
 74%|███████▍  | 104/141 [00:05<00:01, 20.51it/s]
 76%|███████▌  | 107/141 [00:05<00:01, 20.52it/s]
 78%|███████▊  | 110/141 [00:05<00:01, 20.52it/s]
 80%|████████  | 113/141 [00:05<00:01, 20.52it/s]
 82%|████████▏ | 116/141 [00:05<00:01, 20.51it/s]
 84%|████████▍ | 119/141 [00:05<00:01, 20.51it/s]
 87%|████████▋ | 122/141 [00:06<00:00, 20.51it/s]
 89%|████████▊ | 125/141 [00:06<00:00, 20.51it/s]
 91%|█████████ | 128/141 [00:06<00:00, 20.50it/s]
 93%|█████████▎| 131/141 [00:06<00:00, 20.51it/s]
 95%|█████████▌| 134/141 [00:06<00:00, 20.50it/s]
 97%|█████████▋| 137/141 [00:06<00:00, 20.51it/s]
 99%|█████████▉| 140/141 [00:06<00:00, 20.51it/s]
 99%|█████████▉| 140/141 [00:06<00:00, 20.02it/s]
tensor(22.0156, device='cuda:0', dtype=torch.float16)
