# run: opt-350m_seq128_oaken
# start: 2026-05-12T19:50:32
# idle_vram: {'used_mib': 33, 'free_mib': 7668, 'total_mib': 8151}
# command: docker exec -w /workspace oaken-ae-container /opt/conda/envs/oaken/bin/python eval_perplexity.py -m opt -s 350m -t wikitext --gpu-start-idx 0 --gpu-count 1 --sequence-length 128 --stride 128 -q quantizer/oaken/opt-350m.json --quant-method oaken


  0%|          | 0/2248 [00:00<?, ?it/s]= Run Configuration ===================
Model name: opt
Model size: 350m
Task: wikitext
Single run: False
Quantization method: oaken
Quantizer path: quantizer/oaken/opt-350m.json
Used GPUs: 0 - 0
=======================================
Running oaken
Perplexity window: sequence_length=128, stride=128, tokens=287645

  0%|          | 1/2248 [00:00<11:26,  3.27it/s]
  0%|          | 6/2248 [00:00<02:05, 17.80it/s]
  0%|          | 11/2248 [00:00<01:21, 27.48it/s]
  1%|          | 16/2248 [00:00<01:05, 33.97it/s]
  1%|          | 21/2248 [00:00<00:57, 38.47it/s]
  1%|          | 26/2248 [00:00<00:53, 41.39it/s]
  1%|▏         | 31/2248 [00:00<00:50, 43.60it/s]
  2%|▏         | 36/2248 [00:01<00:49, 45.08it/s]
  2%|▏         | 41/2248 [00:01<00:47, 46.07it/s]
  2%|▏         | 46/2248 [00:01<00:47, 46.69it/s]
  2%|▏         | 51/2248 [00:01<00:46, 47.09it/s]
  2%|▏         | 56/2248 [00:01<00:46, 47.49it/s]
  3%|▎         | 61/2248 [00:01<00:45, 47.77it/s]
  3%|▎         | 66/2248 [00:01<00:45, 47.92it/s]
  3%|▎         | 71/2248 [00:01<00:45, 47.98it/s]
  3%|▎         | 76/2248 [00:01<00:45, 48.02it/s]
  4%|▎         | 81/2248 [00:01<00:45, 48.10it/s]
  4%|▍         | 86/2248 [00:02<00:45, 47.99it/s]
  4%|▍         | 91/2248 [00:02<00:44, 48.12it/s]
  4%|▍         | 96/2248 [00:02<00:44, 48.32it/s]
  4%|▍         | 101/2248 [00:02<00:44, 48.40it/s]
  5%|▍         | 106/2248 [00:02<00:44, 48.39it/s]
  5%|▍         | 111/2248 [00:02<00:44, 48.48it/s]
  5%|▌         | 116/2248 [00:02<00:44, 48.36it/s]
  5%|▌         | 121/2248 [00:02<00:44, 48.23it/s]
  6%|▌         | 126/2248 [00:02<00:43, 48.29it/s]
  6%|▌         | 131/2248 [00:02<00:43, 48.38it/s]
  6%|▌         | 136/2248 [00:03<00:43, 48.20it/s]
  6%|▋         | 141/2248 [00:03<00:43, 48.19it/s]
  6%|▋         | 146/2248 [00:03<00:43, 48.23it/s]
  7%|▋         | 151/2248 [00:03<00:43, 48.03it/s]
  7%|▋         | 156/2248 [00:03<00:43, 48.06it/s]
  7%|▋         | 161/2248 [00:03<00:43, 48.13it/s]
  7%|▋         | 166/2248 [00:03<00:43, 48.04it/s]
  8%|▊         | 171/2248 [00:03<00:43, 48.03it/s]
  8%|▊         | 176/2248 [00:03<00:43, 47.99it/s]
  8%|▊         | 181/2248 [00:04<00:42, 48.08it/s]
  8%|▊         | 186/2248 [00:04<00:42, 48.08it/s]
  8%|▊         | 191/2248 [00:04<00:42, 48.16it/s]
  9%|▊         | 196/2248 [00:04<00:42, 48.23it/s]
  9%|▉         | 201/2248 [00:04<00:42, 48.32it/s]
  9%|▉         | 206/2248 [00:04<00:42, 48.35it/s]
  9%|▉         | 211/2248 [00:04<00:42, 48.41it/s]
 10%|▉         | 216/2248 [00:04<00:41, 48.41it/s]
 10%|▉         | 221/2248 [00:04<00:41, 48.40it/s]
 10%|█         | 226/2248 [00:04<00:41, 48.41it/s]
 10%|█         | 231/2248 [00:05<00:41, 48.29it/s]
 10%|█         | 236/2248 [00:05<00:41, 48.22it/s]
 11%|█         | 241/2248 [00:05<00:41, 48.29it/s]
 11%|█         | 246/2248 [00:05<00:41, 48.20it/s]
 11%|█         | 251/2248 [00:05<00:41, 48.00it/s]
 11%|█▏        | 256/2248 [00:05<00:41, 48.11it/s]
 12%|█▏        | 261/2248 [00:05<00:41, 48.20it/s]
 12%|█▏        | 266/2248 [00:05<00:41, 48.12it/s]
 12%|█▏        | 271/2248 [00:05<00:41, 48.12it/s]
 12%|█▏        | 276/2248 [00:06<00:40, 48.13it/s]
 12%|█▎        | 281/2248 [00:06<00:40, 48.16it/s]
 13%|█▎        | 286/2248 [00:06<00:40, 48.19it/s]
 13%|█▎        | 291/2248 [00:06<00:40, 48.24it/s]
 13%|█▎        | 296/2248 [00:06<00:40, 48.33it/s]
 13%|█▎        | 301/2248 [00:06<00:40, 48.23it/s]
 14%|█▎        | 306/2248 [00:06<00:40, 48.33it/s]
 14%|█▍        | 311/2248 [00:06<00:40, 48.37it/s]
 14%|█▍        | 316/2248 [00:06<00:39, 48.42it/s]
 14%|█▍        | 321/2248 [00:06<00:39, 48.38it/s]
 15%|█▍        | 326/2248 [00:07<00:39, 48.27it/s]
 15%|█▍        | 331/2248 [00:07<00:39, 48.12it/s]
 15%|█▍        | 336/2248 [00:07<00:39, 48.16it/s]
 15%|█▌        | 341/2248 [00:07<00:39, 48.09it/s]
 15%|█▌        | 346/2248 [00:07<00:39, 47.94it/s]
 16%|█▌        | 351/2248 [00:07<00:39, 47.92it/s]
 16%|█▌        | 356/2248 [00:07<00:39, 47.98it/s]
 16%|█▌        | 361/2248 [00:07<00:39, 47.74it/s]
 16%|█▋        | 366/2248 [00:07<00:39, 47.71it/s]
 17%|█▋        | 371/2248 [00:07<00:39, 47.84it/s]
 17%|█▋        | 376/2248 [00:08<00:39, 47.73it/s]
 17%|█▋        | 381/2248 [00:08<00:39, 47.81it/s]
 17%|█▋        | 386/2248 [00:08<00:38, 47.98it/s]
 17%|█▋        | 391/2248 [00:08<00:38, 48.05it/s]
 18%|█▊        | 396/2248 [00:08<00:38, 48.12it/s]
 18%|█▊        | 401/2248 [00:08<00:38, 48.11it/s]
 18%|█▊        | 406/2248 [00:08<00:38, 48.26it/s]
 18%|█▊        | 411/2248 [00:08<00:38, 48.26it/s]
 19%|█▊        | 416/2248 [00:08<00:37, 48.26it/s]
 19%|█▊        | 421/2248 [00:09<00:37, 48.21it/s]
 19%|█▉        | 426/2248 [00:09<00:37, 48.08it/s]
 19%|█▉        | 431/2248 [00:09<00:37, 48.03it/s]
 19%|█▉        | 436/2248 [00:09<00:37, 48.00it/s]
 20%|█▉        | 441/2248 [00:09<00:37, 47.97it/s]
 20%|█▉        | 446/2248 [00:09<00:37, 47.91it/s]
 20%|██        | 451/2248 [00:09<00:37, 47.77it/s]
 20%|██        | 456/2248 [00:09<00:37, 47.82it/s]
 21%|██        | 461/2248 [00:09<00:37, 47.79it/s]
 21%|██        | 466/2248 [00:09<00:37, 47.85it/s]
 21%|██        | 471/2248 [00:10<00:37, 47.79it/s]
 21%|██        | 476/2248 [00:10<00:37, 47.84it/s]
 21%|██▏       | 481/2248 [00:10<00:36, 47.98it/s]
 22%|██▏       | 486/2248 [00:10<00:36, 48.02it/s]
 22%|██▏       | 491/2248 [00:10<00:36, 48.09it/s]
 22%|██▏       | 496/2248 [00:10<00:36, 48.01it/s]
 22%|██▏       | 501/2248 [00:10<00:36, 48.03it/s]
 23%|██▎       | 506/2248 [00:10<00:36, 48.18it/s]
 23%|██▎       | 511/2248 [00:10<00:36, 48.21it/s]
 23%|██▎       | 516/2248 [00:11<00:35, 48.26it/s]
 23%|██▎       | 521/2248 [00:11<00:36, 47.95it/s]
 23%|██▎       | 526/2248 [00:11<00:36, 47.61it/s]
 24%|██▎       | 531/2248 [00:11<00:36, 47.50it/s]
 24%|██▍       | 536/2248 [00:11<00:36, 47.42it/s]
 24%|██▍       | 541/2248 [00:11<00:35, 47.49it/s]
 24%|██▍       | 546/2248 [00:11<00:35, 47.49it/s]
 25%|██▍       | 551/2248 [00:11<00:35, 47.54it/s]
 25%|██▍       | 556/2248 [00:11<00:35, 47.57it/s]
 25%|██▍       | 561/2248 [00:11<00:35, 47.60it/s]
 25%|██▌       | 566/2248 [00:12<00:35, 47.55it/s]
 25%|██▌       | 571/2248 [00:12<00:35, 47.57it/s]
 26%|██▌       | 576/2248 [00:12<00:35, 47.56it/s]
 26%|██▌       | 581/2248 [00:12<00:35, 47.58it/s]
 26%|██▌       | 586/2248 [00:12<00:34, 47.91it/s]
 26%|██▋       | 591/2248 [00:12<00:34, 48.11it/s]
 27%|██▋       | 596/2248 [00:12<00:34, 48.20it/s]
 27%|██▋       | 601/2248 [00:12<00:34, 48.12it/s]
 27%|██▋       | 606/2248 [00:12<00:34, 47.95it/s]
 27%|██▋       | 611/2248 [00:12<00:34, 47.97it/s]
 27%|██▋       | 616/2248 [00:13<00:34, 47.91it/s]
 28%|██▊       | 621/2248 [00:13<00:34, 47.72it/s]
 28%|██▊       | 626/2248 [00:13<00:33, 47.74it/s]
 28%|██▊       | 631/2248 [00:13<00:33, 47.68it/s]
 28%|██▊       | 636/2248 [00:13<00:33, 47.69it/s]
 29%|██▊       | 641/2248 [00:13<00:33, 47.72it/s]
 29%|██▊       | 646/2248 [00:13<00:33, 47.68it/s]
 29%|██▉       | 651/2248 [00:13<00:33, 47.66it/s]
 29%|██▉       | 656/2248 [00:13<00:33, 47.56it/s]
 29%|██▉       | 661/2248 [00:14<00:33, 47.54it/s]
 30%|██▉       | 666/2248 [00:14<00:33, 47.60it/s]
 30%|██▉       | 671/2248 [00:14<00:33, 47.55it/s]
 30%|███       | 676/2248 [00:14<00:33, 47.55it/s]
 30%|███       | 681/2248 [00:14<00:32, 47.81it/s]
 31%|███       | 686/2248 [00:14<00:32, 48.02it/s]
 31%|███       | 691/2248 [00:14<00:32, 48.10it/s]
 31%|███       | 696/2248 [00:14<00:32, 48.19it/s]
 31%|███       | 701/2248 [00:14<00:32, 47.99it/s]
 31%|███▏      | 706/2248 [00:14<00:32, 47.84it/s]
 32%|███▏      | 711/2248 [00:15<00:32, 47.72it/s]
 32%|███▏      | 716/2248 [00:15<00:32, 47.70it/s]
 32%|███▏      | 721/2248 [00:15<00:32, 47.66it/s]
 32%|███▏      | 726/2248 [00:15<00:31, 47.60it/s]
 33%|███▎      | 731/2248 [00:15<00:31, 47.60it/s]
 33%|███▎      | 736/2248 [00:15<00:31, 47.56it/s]
 33%|███▎      | 741/2248 [00:15<00:31, 47.55it/s]
 33%|███▎      | 746/2248 [00:15<00:31, 47.50it/s]
 33%|███▎      | 751/2248 [00:15<00:31, 47.56it/s]
 34%|███▎      | 756/2248 [00:16<00:31, 47.52it/s]
 34%|███▍      | 761/2248 [00:16<00:31, 47.62it/s]
 34%|███▍      | 766/2248 [00:16<00:30, 47.89it/s]
 34%|███▍      | 771/2248 [00:16<00:30, 47.87it/s]
 35%|███▍      | 776/2248 [00:16<00:30, 48.05it/s]
 35%|███▍      | 781/2248 [00:16<00:30, 48.14it/s]
 35%|███▍      | 786/2248 [00:16<00:30, 48.19it/s]
 35%|███▌      | 791/2248 [00:16<00:30, 48.27it/s]
 35%|███▌      | 796/2248 [00:16<00:30, 48.27it/s]
 36%|███▌      | 801/2248 [00:16<00:29, 48.24it/s]
 36%|███▌      | 806/2248 [00:17<00:29, 48.18it/s]
 36%|███▌      | 811/2248 [00:17<00:29, 47.96it/s]
 36%|███▋      | 816/2248 [00:17<00:29, 47.94it/s]
 37%|███▋      | 821/2248 [00:17<00:29, 47.77it/s]
 37%|███▋      | 826/2248 [00:17<00:29, 47.69it/s]
 37%|███▋      | 831/2248 [00:17<00:29, 47.71it/s]
 37%|███▋      | 836/2248 [00:17<00:29, 47.61it/s]
 37%|███▋      | 841/2248 [00:17<00:29, 47.58it/s]
 38%|███▊      | 846/2248 [00:17<00:29, 47.73it/s]
 38%|███▊      | 851/2248 [00:18<00:29, 47.72it/s]
 38%|███▊      | 856/2248 [00:18<00:29, 47.74it/s]
 38%|███▊      | 861/2248 [00:18<00:28, 47.89it/s]
 39%|███▊      | 866/2248 [00:18<00:28, 47.86it/s]
 39%|███▊      | 871/2248 [00:18<00:28, 47.93it/s]
 39%|███▉      | 876/2248 [00:18<00:28, 47.98it/s]
 39%|███▉      | 881/2248 [00:18<00:28, 48.13it/s]
 39%|███▉      | 886/2248 [00:18<00:28, 48.16it/s]
 40%|███▉      | 891/2248 [00:18<00:28, 48.12it/s]
 40%|███▉      | 896/2248 [00:18<00:28, 48.08it/s]
 40%|████      | 901/2248 [00:19<00:28, 48.04it/s]
 40%|████      | 906/2248 [00:19<00:28, 47.82it/s]
 41%|████      | 911/2248 [00:19<00:27, 47.84it/s]
 41%|████      | 916/2248 [00:19<00:27, 47.78it/s]
 41%|████      | 921/2248 [00:19<00:27, 47.70it/s]
 41%|████      | 926/2248 [00:19<00:27, 47.64it/s]
 41%|████▏     | 931/2248 [00:19<00:27, 47.70it/s]
 42%|████▏     | 936/2248 [00:19<00:27, 47.61it/s]
 42%|████▏     | 941/2248 [00:19<00:27, 47.67it/s]
 42%|████▏     | 946/2248 [00:20<00:27, 47.57it/s]
 42%|████▏     | 951/2248 [00:20<00:27, 47.63it/s]
 43%|████▎     | 956/2248 [00:20<00:27, 47.77it/s]
 43%|████▎     | 961/2248 [00:20<00:26, 47.83it/s]
 43%|████▎     | 966/2248 [00:20<00:26, 47.92it/s]
 43%|████▎     | 971/2248 [00:20<00:26, 47.99it/s]
 43%|████▎     | 976/2248 [00:20<00:26, 48.08it/s]
 44%|████▎     | 981/2248 [00:20<00:26, 48.14it/s]
 44%|████▍     | 986/2248 [00:20<00:26, 47.97it/s]
 44%|████▍     | 991/2248 [00:20<00:26, 48.02it/s]
 44%|████▍     | 996/2248 [00:21<00:26, 47.68it/s]
 45%|████▍     | 1001/2248 [00:21<00:26, 47.38it/s]
 45%|████▍     | 1006/2248 [00:21<00:26, 47.31it/s]
 45%|████▍     | 1011/2248 [00:21<00:26, 47.39it/s]
 45%|████▌     | 1016/2248 [00:21<00:26, 47.14it/s]
 45%|████▌     | 1021/2248 [00:21<00:26, 47.00it/s]
 46%|████▌     | 1026/2248 [00:21<00:25, 47.02it/s]
 46%|████▌     | 1031/2248 [00:21<00:25, 46.88it/s]
 46%|████▌     | 1036/2248 [00:21<00:25, 46.95it/s]
 46%|████▋     | 1041/2248 [00:22<00:25, 47.04it/s]
 47%|████▋     | 1046/2248 [00:22<00:25, 47.24it/s]
 47%|████▋     | 1051/2248 [00:22<00:25, 47.39it/s]
 47%|████▋     | 1056/2248 [00:22<00:25, 47.62it/s]
 47%|████▋     | 1061/2248 [00:22<00:24, 47.70it/s]
 47%|████▋     | 1066/2248 [00:22<00:24, 47.91it/s]
 48%|████▊     | 1071/2248 [00:22<00:24, 47.96it/s]
 48%|████▊     | 1076/2248 [00:22<00:24, 47.80it/s]
 48%|████▊     | 1081/2248 [00:22<00:24, 47.86it/s]
 48%|████▊     | 1086/2248 [00:22<00:24, 47.85it/s]
 49%|████▊     | 1091/2248 [00:23<00:24, 47.79it/s]
 49%|████▉     | 1096/2248 [00:23<00:24, 47.66it/s]
 49%|████▉     | 1101/2248 [00:23<00:24, 47.61it/s]
 49%|████▉     | 1106/2248 [00:23<00:23, 47.63it/s]
 49%|████▉     | 1111/2248 [00:23<00:23, 47.51it/s]
 50%|████▉     | 1116/2248 [00:23<00:23, 47.56it/s]
 50%|████▉     | 1121/2248 [00:23<00:23, 47.60it/s]
 50%|█████     | 1126/2248 [00:23<00:23, 47.70it/s]
 50%|█████     | 1131/2248 [00:23<00:23, 47.63it/s]
 51%|█████     | 1136/2248 [00:23<00:23, 47.61it/s]
 51%|█████     | 1141/2248 [00:24<00:23, 47.62it/s]
 51%|█████     | 1146/2248 [00:24<00:23, 47.65it/s]
 51%|█████     | 1151/2248 [00:24<00:22, 47.76it/s]
 51%|█████▏    | 1156/2248 [00:24<00:22, 47.90it/s]
 52%|█████▏    | 1161/2248 [00:24<00:22, 48.01it/s]
 52%|█████▏    | 1166/2248 [00:24<00:22, 48.03it/s]
 52%|█████▏    | 1171/2248 [00:24<00:22, 48.09it/s]
 52%|█████▏    | 1176/2248 [00:24<00:22, 48.01it/s]
 53%|█████▎    | 1181/2248 [00:24<00:22, 48.04it/s]
 53%|█████▎    | 1186/2248 [00:25<00:22, 47.94it/s]
 53%|█████▎    | 1191/2248 [00:25<00:22, 47.90it/s]
 53%|█████▎    | 1196/2248 [00:25<00:22, 47.64it/s]
 53%|█████▎    | 1201/2248 [00:25<00:21, 47.65it/s]
 54%|█████▎    | 1206/2248 [00:25<00:21, 47.65it/s]
 54%|█████▍    | 1211/2248 [00:25<00:21, 47.59it/s]
 54%|█████▍    | 1216/2248 [00:25<00:21, 47.69it/s]
 54%|█████▍    | 1221/2248 [00:25<00:21, 47.53it/s]
 55%|█████▍    | 1226/2248 [00:25<00:21, 47.52it/s]
 55%|█████▍    | 1231/2248 [00:25<00:21, 47.52it/s]
 55%|█████▍    | 1236/2248 [00:26<00:21, 47.46it/s]
 55%|█████▌    | 1241/2248 [00:26<00:21, 47.57it/s]
 55%|█████▌    | 1246/2248 [00:26<00:21, 47.67it/s]
 56%|█████▌    | 1251/2248 [00:26<00:20, 47.85it/s]
 56%|█████▌    | 1256/2248 [00:26<00:20, 47.91it/s]
 56%|█████▌    | 1261/2248 [00:26<00:20, 48.00it/s]
 56%|█████▋    | 1266/2248 [00:26<00:20, 48.02it/s]
 57%|█████▋    | 1271/2248 [00:26<00:20, 47.99it/s]
 57%|█████▋    | 1276/2248 [00:26<00:20, 48.03it/s]
 57%|█████▋    | 1281/2248 [00:27<00:20, 47.92it/s]
 57%|█████▋    | 1286/2248 [00:27<00:20, 47.73it/s]
 57%|█████▋    | 1291/2248 [00:27<00:20, 47.66it/s]
 58%|█████▊    | 1296/2248 [00:27<00:19, 47.65it/s]
 58%|█████▊    | 1301/2248 [00:27<00:19, 47.56it/s]
 58%|█████▊    | 1306/2248 [00:27<00:19, 47.53it/s]
 58%|█████▊    | 1311/2248 [00:27<00:19, 47.50it/s]
 59%|█████▊    | 1316/2248 [00:27<00:19, 47.28it/s]
 59%|█████▉    | 1321/2248 [00:27<00:19, 47.29it/s]
 59%|█████▉    | 1326/2248 [00:27<00:19, 47.38it/s]
 59%|█████▉    | 1331/2248 [00:28<00:19, 47.53it/s]
 59%|█████▉    | 1336/2248 [00:28<00:19, 47.65it/s]
 60%|█████▉    | 1341/2248 [00:28<00:18, 47.77it/s]
 60%|█████▉    | 1346/2248 [00:28<00:18, 47.77it/s]
 60%|██████    | 1351/2248 [00:28<00:18, 47.84it/s]
 60%|██████    | 1356/2248 [00:28<00:18, 47.96it/s]
 61%|██████    | 1361/2248 [00:28<00:18, 48.02it/s]
 61%|██████    | 1366/2248 [00:28<00:18, 47.97it/s]
 61%|██████    | 1371/2248 [00:28<00:18, 48.02it/s]
 61%|██████    | 1376/2248 [00:29<00:18, 47.90it/s]
 61%|██████▏   | 1381/2248 [00:29<00:18, 47.88it/s]
 62%|██████▏   | 1386/2248 [00:29<00:18, 47.68it/s]
 62%|██████▏   | 1391/2248 [00:29<00:18, 47.54it/s]
 62%|██████▏   | 1396/2248 [00:29<00:17, 47.49it/s]
 62%|██████▏   | 1401/2248 [00:29<00:17, 47.45it/s]
 63%|██████▎   | 1406/2248 [00:29<00:17, 47.40it/s]
 63%|██████▎   | 1411/2248 [00:29<00:17, 47.39it/s]
 63%|██████▎   | 1416/2248 [00:29<00:17, 47.30it/s]
 63%|██████▎   | 1421/2248 [00:29<00:17, 47.43it/s]
 63%|██████▎   | 1426/2248 [00:30<00:17, 47.23it/s]
 64%|██████▎   | 1431/2248 [00:30<00:17, 47.36it/s]
 64%|██████▍   | 1436/2248 [00:30<00:17, 47.49it/s]
 64%|██████▍   | 1441/2248 [00:30<00:16, 47.62it/s]
 64%|██████▍   | 1446/2248 [00:30<00:16, 47.72it/s]
 65%|██████▍   | 1451/2248 [00:30<00:16, 47.78it/s]
 65%|██████▍   | 1456/2248 [00:30<00:16, 47.85it/s]
 65%|██████▍   | 1461/2248 [00:30<00:16, 47.84it/s]
 65%|██████▌   | 1466/2248 [00:30<00:16, 47.83it/s]
 65%|██████▌   | 1471/2248 [00:31<00:16, 47.86it/s]
 66%|██████▌   | 1476/2248 [00:31<00:16, 47.70it/s]
 66%|██████▌   | 1481/2248 [00:31<00:16, 47.58it/s]
 66%|██████▌   | 1486/2248 [00:31<00:15, 47.67it/s]
 66%|██████▋   | 1491/2248 [00:31<00:15, 47.51it/s]
 67%|██████▋   | 1496/2248 [00:31<00:15, 47.51it/s]
 67%|██████▋   | 1501/2248 [00:31<00:15, 47.49it/s]
 67%|██████▋   | 1506/2248 [00:31<00:15, 47.61it/s]
 67%|██████▋   | 1511/2248 [00:31<00:15, 47.50it/s]
 67%|██████▋   | 1516/2248 [00:31<00:15, 47.46it/s]
 68%|██████▊   | 1521/2248 [00:32<00:15, 47.53it/s]
 68%|██████▊   | 1526/2248 [00:32<00:15, 47.51it/s]
 68%|██████▊   | 1531/2248 [00:32<00:15, 47.61it/s]
 68%|██████▊   | 1536/2248 [00:32<00:14, 47.73it/s]
 69%|██████▊   | 1541/2248 [00:32<00:14, 47.75it/s]
 69%|██████▉   | 1546/2248 [00:32<00:14, 47.91it/s]
 69%|██████▉   | 1551/2248 [00:32<00:14, 47.82it/s]
 69%|██████▉   | 1556/2248 [00:32<00:14, 47.79it/s]
 69%|██████▉   | 1561/2248 [00:32<00:14, 47.98it/s]
 70%|██████▉   | 1566/2248 [00:33<00:14, 47.91it/s]
 70%|██████▉   | 1571/2248 [00:33<00:14, 47.79it/s]
 70%|███████   | 1576/2248 [00:33<00:14, 47.68it/s]
 70%|███████   | 1581/2248 [00:33<00:13, 47.70it/s]
 71%|███████   | 1586/2248 [00:33<00:13, 47.75it/s]
 71%|███████   | 1591/2248 [00:33<00:13, 47.59it/s]
 71%|███████   | 1596/2248 [00:33<00:13, 47.56it/s]
 71%|███████   | 1601/2248 [00:33<00:13, 47.60it/s]
 71%|███████▏  | 1606/2248 [00:33<00:13, 47.52it/s]
 72%|███████▏  | 1611/2248 [00:33<00:13, 47.58it/s]
 72%|███████▏  | 1616/2248 [00:34<00:13, 47.49it/s]
 72%|███████▏  | 1621/2248 [00:34<00:13, 47.57it/s]
 72%|███████▏  | 1626/2248 [00:34<00:13, 47.74it/s]
 73%|███████▎  | 1631/2248 [00:34<00:12, 47.79it/s]
 73%|███████▎  | 1636/2248 [00:34<00:12, 47.92it/s]
 73%|███████▎  | 1641/2248 [00:34<00:12, 47.92it/s]
 73%|███████▎  | 1646/2248 [00:34<00:12, 48.00it/s]
 73%|███████▎  | 1651/2248 [00:34<00:12, 48.06it/s]
 74%|███████▎  | 1656/2248 [00:34<00:12, 47.96it/s]
 74%|███████▍  | 1661/2248 [00:34<00:12, 47.86it/s]
 74%|███████▍  | 1666/2248 [00:35<00:12, 47.83it/s]
 74%|███████▍  | 1671/2248 [00:35<00:12, 47.68it/s]
 75%|███████▍  | 1676/2248 [00:35<00:12, 47.64it/s]
 75%|███████▍  | 1681/2248 [00:35<00:11, 47.58it/s]
 75%|███████▌  | 1686/2248 [00:35<00:11, 47.58it/s]
 75%|███████▌  | 1691/2248 [00:35<00:11, 47.57it/s]
 75%|███████▌  | 1696/2248 [00:35<00:11, 47.59it/s]
 76%|███████▌  | 1701/2248 [00:35<00:11, 47.56it/s]
 76%|███████▌  | 1706/2248 [00:35<00:11, 47.68it/s]
 76%|███████▌  | 1711/2248 [00:36<00:11, 47.63it/s]
 76%|███████▋  | 1716/2248 [00:36<00:11, 47.59it/s]
 77%|███████▋  | 1721/2248 [00:36<00:11, 47.67it/s]
 77%|███████▋  | 1726/2248 [00:36<00:10, 47.88it/s]
 77%|███████▋  | 1731/2248 [00:36<00:10, 47.99it/s]
 77%|███████▋  | 1736/2248 [00:36<00:10, 47.99it/s]
 77%|███████▋  | 1741/2248 [00:36<00:10, 48.02it/s]
 78%|███████▊  | 1746/2248 [00:36<00:10, 48.08it/s]
 78%|███████▊  | 1751/2248 [00:36<00:10, 48.18it/s]
 78%|███████▊  | 1756/2248 [00:36<00:10, 48.15it/s]
 78%|███████▊  | 1761/2248 [00:37<00:10, 47.97it/s]
 79%|███████▊  | 1766/2248 [00:37<00:10, 47.73it/s]
 79%|███████▉  | 1771/2248 [00:37<00:09, 47.84it/s]
 79%|███████▉  | 1776/2248 [00:37<00:09, 47.65it/s]
 79%|███████▉  | 1781/2248 [00:37<00:09, 47.55it/s]
 79%|███████▉  | 1786/2248 [00:37<00:09, 47.53it/s]
 80%|███████▉  | 1791/2248 [00:37<00:09, 47.31it/s]
 80%|███████▉  | 1796/2248 [00:37<00:09, 47.35it/s]
 80%|████████  | 1801/2248 [00:37<00:09, 47.35it/s]
 80%|████████  | 1806/2248 [00:38<00:09, 47.41it/s]
 81%|████████  | 1811/2248 [00:38<00:09, 47.45it/s]
 81%|████████  | 1816/2248 [00:38<00:09, 47.59it/s]
 81%|████████  | 1821/2248 [00:38<00:08, 47.67it/s]
 81%|████████  | 1826/2248 [00:38<00:08, 47.85it/s]
 81%|████████▏ | 1831/2248 [00:38<00:08, 47.98it/s]
 82%|████████▏ | 1836/2248 [00:38<00:08, 48.03it/s]
 82%|████████▏ | 1841/2248 [00:38<00:08, 48.04it/s]
 82%|████████▏ | 1846/2248 [00:38<00:08, 48.04it/s]
 82%|████████▏ | 1851/2248 [00:38<00:08, 48.05it/s]
 83%|████████▎ | 1856/2248 [00:39<00:08, 47.91it/s]
 83%|████████▎ | 1861/2248 [00:39<00:08, 47.85it/s]
 83%|████████▎ | 1866/2248 [00:39<00:08, 47.71it/s]
 83%|████████▎ | 1871/2248 [00:39<00:07, 47.56it/s]
 83%|████████▎ | 1876/2248 [00:39<00:07, 47.52it/s]
 84%|████████▎ | 1881/2248 [00:39<00:07, 47.57it/s]
 84%|████████▍ | 1886/2248 [00:39<00:07, 47.55it/s]
 84%|████████▍ | 1891/2248 [00:39<00:07, 47.48it/s]
 84%|████████▍ | 1896/2248 [00:39<00:07, 47.53it/s]
 85%|████████▍ | 1901/2248 [00:40<00:07, 47.50it/s]
 85%|████████▍ | 1906/2248 [00:40<00:07, 47.54it/s]
 85%|████████▌ | 1911/2248 [00:40<00:07, 47.63it/s]
 85%|████████▌ | 1916/2248 [00:40<00:06, 47.72it/s]
 85%|████████▌ | 1921/2248 [00:40<00:06, 47.91it/s]
 86%|████████▌ | 1926/2248 [00:40<00:06, 47.98it/s]
 86%|████████▌ | 1931/2248 [00:40<00:06, 47.99it/s]
 86%|████████▌ | 1936/2248 [00:40<00:06, 48.04it/s]
 86%|████████▋ | 1941/2248 [00:40<00:06, 48.01it/s]
 87%|████████▋ | 1946/2248 [00:40<00:06, 48.07it/s]
 87%|████████▋ | 1951/2248 [00:41<00:06, 47.87it/s]
 87%|████████▋ | 1956/2248 [00:41<00:06, 47.79it/s]
 87%|████████▋ | 1961/2248 [00:41<00:06, 47.78it/s]
 87%|████████▋ | 1966/2248 [00:41<00:05, 47.75it/s]
 88%|████████▊ | 1971/2248 [00:41<00:05, 47.60it/s]
 88%|████████▊ | 1976/2248 [00:41<00:05, 47.60it/s]
 88%|████████▊ | 1981/2248 [00:41<00:05, 47.70it/s]
 88%|████████▊ | 1986/2248 [00:41<00:05, 47.58it/s]
 89%|████████▊ | 1991/2248 [00:41<00:05, 47.67it/s]
 89%|████████▉ | 1996/2248 [00:42<00:05, 47.69it/s]
 89%|████████▉ | 2001/2248 [00:42<00:05, 47.75it/s]
 89%|████████▉ | 2006/2248 [00:42<00:05, 47.82it/s]
 89%|████████▉ | 2011/2248 [00:42<00:04, 47.91it/s]
 90%|████████▉ | 2016/2248 [00:42<00:04, 48.06it/s]
 90%|████████▉ | 2021/2248 [00:42<00:04, 48.12it/s]
 90%|█████████ | 2026/2248 [00:42<00:04, 48.17it/s]
 90%|█████████ | 2031/2248 [00:42<00:04, 47.94it/s]
 91%|█████████ | 2036/2248 [00:42<00:04, 48.06it/s]
 91%|█████████ | 2041/2248 [00:42<00:04, 48.08it/s]
 91%|█████████ | 2046/2248 [00:43<00:04, 47.95it/s]
 91%|█████████ | 2051/2248 [00:43<00:04, 47.86it/s]
 91%|█████████▏| 2056/2248 [00:43<00:04, 47.77it/s]
 92%|█████████▏| 2061/2248 [00:43<00:03, 47.77it/s]
 92%|█████████▏| 2066/2248 [00:43<00:03, 47.65it/s]
 92%|█████████▏| 2071/2248 [00:43<00:03, 47.74it/s]
 92%|█████████▏| 2076/2248 [00:43<00:03, 47.73it/s]
 93%|█████████▎| 2081/2248 [00:43<00:03, 47.62it/s]
 93%|█████████▎| 2086/2248 [00:43<00:03, 47.55it/s]
 93%|█████████▎| 2091/2248 [00:44<00:03, 47.66it/s]
 93%|█████████▎| 2096/2248 [00:44<00:03, 47.54it/s]
 93%|█████████▎| 2101/2248 [00:44<00:03, 47.65it/s]
 94%|█████████▎| 2106/2248 [00:44<00:02, 47.72it/s]
 94%|█████████▍| 2111/2248 [00:44<00:02, 47.83it/s]
 94%|█████████▍| 2116/2248 [00:44<00:02, 47.73it/s]
 94%|█████████▍| 2121/2248 [00:44<00:02, 47.68it/s]
 95%|█████████▍| 2126/2248 [00:44<00:02, 47.79it/s]
 95%|█████████▍| 2131/2248 [00:44<00:02, 47.89it/s]
 95%|█████████▌| 2136/2248 [00:44<00:02, 47.87it/s]
 95%|█████████▌| 2141/2248 [00:45<00:02, 47.79it/s]
 95%|█████████▌| 2146/2248 [00:45<00:02, 47.63it/s]
 96%|█████████▌| 2151/2248 [00:45<00:02, 47.64it/s]
 96%|█████████▌| 2156/2248 [00:45<00:01, 47.61it/s]
 96%|█████████▌| 2161/2248 [00:45<00:01, 47.54it/s]
 96%|█████████▋| 2166/2248 [00:45<00:01, 47.62it/s]
 97%|█████████▋| 2171/2248 [00:45<00:01, 47.61it/s]
 97%|█████████▋| 2176/2248 [00:45<00:01, 47.61it/s]
 97%|█████████▋| 2181/2248 [00:45<00:01, 47.68it/s]
 97%|█████████▋| 2186/2248 [00:45<00:01, 47.59it/s]
 97%|█████████▋| 2191/2248 [00:46<00:01, 47.59it/s]
 98%|█████████▊| 2196/2248 [00:46<00:01, 47.68it/s]
 98%|█████████▊| 2201/2248 [00:46<00:00, 47.82it/s]
 98%|█████████▊| 2206/2248 [00:46<00:00, 47.89it/s]
 98%|█████████▊| 2211/2248 [00:46<00:00, 47.84it/s]
 99%|█████████▊| 2216/2248 [00:46<00:00, 47.96it/s]
 99%|█████████▉| 2221/2248 [00:46<00:00, 48.05it/s]
 99%|█████████▉| 2226/2248 [00:46<00:00, 48.02it/s]
 99%|█████████▉| 2231/2248 [00:46<00:00, 48.17it/s]
 99%|█████████▉| 2236/2248 [00:47<00:00, 47.90it/s]
100%|█████████▉| 2241/2248 [00:47<00:00, 47.76it/s]
100%|█████████▉| 2246/2248 [00:47<00:00, 47.65it/s]
100%|█████████▉| 2247/2248 [00:47<00:00, 47.49it/s]
tensor(53.9688, device='cuda:0', dtype=torch.float16)
Decoder 0 Sparsity: Key - [0.04476029186234461, 0.9363664895614271, 0.01887321858368549], Value - [0.033988032549672705, 0.9029787306895883, 0.06303323677068186]
Decoder 1 Sparsity: Key - [0.014738559313168172, 0.923601284517088, 0.06166015617430104], Value - [0.03950039063848794, 0.8981091440572433, 0.062390465315868844]
Decoder 2 Sparsity: Key - [0.02092362632162975, 0.9244344776688521, 0.05464189601697531], Value - [0.039906834835498145, 0.8949565526853677, 0.0651366124625626]
Decoder 3 Sparsity: Key - [0.02585952216676466, 0.9160996503942378, 0.05804082744314047], Value - [0.04078252354365015, 0.8943636820939936, 0.06485379437229917]
Decoder 4 Sparsity: Key - [0.023440627967839352, 0.9086788332759274, 0.06788053874297605], Value - [0.041593824198396606, 0.8925358261714202, 0.06587034963349749]
Decoder 5 Sparsity: Key - [0.021506919701636713, 0.9115110097247511, 0.0669820705707122], Value - [0.042459136708656135, 0.8933882435445684, 0.06415261975506129]
Decoder 6 Sparsity: Key - [0.018834508113228315, 0.8993693049798233, 0.08179618689327689], Value - [0.04208043391329114, 0.8940269918681464, 0.0638925742185625]
Decoder 7 Sparsity: Key - [0.027684057486041372, 0.8924181835454129, 0.07989775896191703], Value - [0.040628207829247275, 0.893907606442628, 0.0654641857231533]
Decoder 8 Sparsity: Key - [0.022217254460958295, 0.8943093403166299, 0.08347340521744032], Value - [0.03873681313991281, 0.8947055879648894, 0.06655759889685492]
Decoder 9 Sparsity: Key - [0.029427612408352653, 0.9021806803621432, 0.0683917072386186], Value - [0.03816806572220981, 0.8948904670165103, 0.06694146726293708]
Decoder 10 Sparsity: Key - [0.028828759357048154, 0.904143283799874, 0.06702795682733488], Value - [0.03591827896267865, 0.8948334162504648, 0.06924830478851375]
Decoder 11 Sparsity: Key - [0.030892284475996082, 0.9005541948343087, 0.06855352069135238], Value - [0.03370734369398834, 0.89362207712652, 0.0726705791753488]
Decoder 12 Sparsity: Key - [0.028960550499722043, 0.9037367478543329, 0.06730270163351637], Value - [0.03380208045204445, 0.8914917764449459, 0.0747061431129526]
Decoder 13 Sparsity: Key - [0.030325158737811966, 0.9029342680904364, 0.06674057317506588], Value - [0.03515545969822335, 0.8891273381128855, 0.07571720219551986]
Decoder 14 Sparsity: Key - [0.03584681073322998, 0.8973456137014878, 0.06680757555699646], Value - [0.03585203516949963, 0.8880076406530214, 0.07614032416753604]
Decoder 15 Sparsity: Key - [0.031246863606342802, 0.9021120092357605, 0.06664112714712518], Value - [0.03581104215377034, 0.8882571329425663, 0.07593182490946347]
Decoder 16 Sparsity: Key - [0.035048522134692645, 0.9010281282546682, 0.06392334961395353], Value - [0.034686756215896786, 0.8879929055787915, 0.0773203382036546]
Decoder 17 Sparsity: Key - [0.03170070315800687, 0.9042568195120719, 0.0640424773315783], Value - [0.034102495469722986, 0.8887773591799668, 0.07712014535528167]
Decoder 18 Sparsity: Key - [0.02766673183698353, 0.9070995343431459, 0.06523373381655624], Value - [0.03468279136938053, 0.8907864427068055, 0.07453076592795684]
Decoder 19 Sparsity: Key - [0.02457683933965093, 0.9071667998021608, 0.06825636085321683], Value - [0.035314228157827705, 0.8952087318504832, 0.069477039985889]
Decoder 20 Sparsity: Key - [0.012736236234319817, 0.9060457819191162, 0.08121798184511395], Value - [0.03807252180991277, 0.8943593519809407, 0.06756812620086072]
Decoder 21 Sparsity: Key - [0.012125715798138247, 0.9104062883296047, 0.07746799586811418], Value - [0.037141787989423, 0.8947161451989646, 0.0681420668091267]
Decoder 22 Sparsity: Key - [0.015179940243748769, 0.9105741277443132, 0.07424593200158076], Value - [0.03628544298951842, 0.8949913316774198, 0.06872322533306172]
Decoder 23 Sparsity: Key - [0.032332383836138984, 0.9067914140977469, 0.06087620206694268], Value - [0.03541501218724823, 0.8965066890381409, 0.06807829877461084]
Total Sparsity: Key - [0.026119186658074788, 0.9072151777443883, 0.06666563559464546], Value - [0.03724131414158991, 0.8934392154698448, 0.06931947038963565]
