# run: opt-350m_seq256_original_fp16
# start: 2026-05-12T19:51:27
# idle_vram: {'used_mib': 33, 'free_mib': 7668, 'total_mib': 8151}
# command: docker exec -w /workspace oaken-ae-container /opt/conda/envs/oaken/bin/python eval_perplexity.py -m opt -s 350m -t wikitext --gpu-start-idx 0 --gpu-count 1 --sequence-length 256 --stride 256 --quant-method none

= Run Configuration ===================
Model name: opt
Model size: 350m
Task: wikitext
Single run: False
Quantization method: none
Quantizer path: None
Used GPUs: 0 - 0
=======================================
Running Original Model
Perplexity window: sequence_length=256, stride=256, tokens=287645

  0%|          | 0/1124 [00:00<?, ?it/s]
  0%|          | 1/1124 [00:00<03:39,  5.12it/s]
  1%|▏         | 16/1124 [00:00<00:16, 66.06it/s]
  3%|▎         | 31/1124 [00:00<00:11, 96.52it/s]
  4%|▍         | 46/1124 [00:00<00:09, 113.75it/s]
  5%|▌         | 61/1124 [00:00<00:08, 123.87it/s]
  7%|▋         | 76/1124 [00:00<00:08, 130.33it/s]
  8%|▊         | 91/1124 [00:00<00:07, 134.82it/s]
  9%|▉         | 106/1124 [00:00<00:07, 137.45it/s]
 11%|█         | 121/1124 [00:01<00:07, 139.23it/s]
 12%|█▏        | 136/1124 [00:01<00:07, 140.52it/s]
 13%|█▎        | 151/1124 [00:01<00:06, 141.51it/s]
 15%|█▍        | 166/1124 [00:01<00:06, 142.24it/s]
 16%|█▌        | 181/1124 [00:01<00:06, 142.61it/s]
 17%|█▋        | 196/1124 [00:01<00:06, 142.96it/s]
 19%|█▉        | 211/1124 [00:01<00:06, 143.22it/s]
 20%|██        | 226/1124 [00:01<00:06, 143.57it/s]
 21%|██▏       | 241/1124 [00:01<00:06, 143.65it/s]
 23%|██▎       | 256/1124 [00:01<00:06, 143.60it/s]
 24%|██▍       | 271/1124 [00:02<00:05, 143.36it/s]
 25%|██▌       | 286/1124 [00:02<00:05, 143.28it/s]
 27%|██▋       | 301/1124 [00:02<00:05, 143.19it/s]
 28%|██▊       | 316/1124 [00:02<00:05, 143.28it/s]
 29%|██▉       | 331/1124 [00:02<00:05, 143.25it/s]
 31%|███       | 346/1124 [00:02<00:05, 143.13it/s]
 32%|███▏      | 361/1124 [00:02<00:05, 143.19it/s]
 33%|███▎      | 376/1124 [00:02<00:05, 143.07it/s]
 35%|███▍      | 391/1124 [00:02<00:05, 143.40it/s]
 36%|███▌      | 406/1124 [00:03<00:05, 143.10it/s]
 37%|███▋      | 421/1124 [00:03<00:04, 143.35it/s]
 39%|███▉      | 436/1124 [00:03<00:04, 143.53it/s]
 40%|████      | 451/1124 [00:03<00:04, 143.55it/s]
 41%|████▏     | 466/1124 [00:03<00:04, 143.68it/s]
 43%|████▎     | 481/1124 [00:03<00:04, 143.72it/s]
 44%|████▍     | 496/1124 [00:03<00:04, 143.67it/s]
 45%|████▌     | 511/1124 [00:03<00:04, 143.79it/s]
 47%|████▋     | 526/1124 [00:03<00:04, 143.65it/s]
 48%|████▊     | 541/1124 [00:03<00:04, 143.47it/s]
 49%|████▉     | 556/1124 [00:04<00:03, 143.42it/s]
 51%|█████     | 571/1124 [00:04<00:03, 143.39it/s]
 52%|█████▏    | 586/1124 [00:04<00:03, 143.29it/s]
 53%|█████▎    | 601/1124 [00:04<00:03, 143.22it/s]
 55%|█████▍    | 616/1124 [00:04<00:03, 143.23it/s]
 56%|█████▌    | 631/1124 [00:04<00:03, 143.13it/s]
 57%|█████▋    | 646/1124 [00:04<00:03, 143.02it/s]
 59%|█████▉    | 661/1124 [00:04<00:03, 142.81it/s]
 60%|██████    | 676/1124 [00:04<00:03, 142.84it/s]
 61%|██████▏   | 691/1124 [00:05<00:03, 142.76it/s]
 63%|██████▎   | 706/1124 [00:05<00:02, 142.92it/s]
 64%|██████▍   | 721/1124 [00:05<00:02, 142.95it/s]
 65%|██████▌   | 736/1124 [00:05<00:02, 143.12it/s]
 67%|██████▋   | 751/1124 [00:05<00:02, 143.33it/s]
 68%|██████▊   | 766/1124 [00:05<00:02, 143.45it/s]
 69%|██████▉   | 781/1124 [00:05<00:02, 143.50it/s]
 71%|███████   | 796/1124 [00:05<00:02, 143.37it/s]
 72%|███████▏  | 811/1124 [00:05<00:02, 143.24it/s]
 73%|███████▎  | 826/1124 [00:05<00:02, 143.19it/s]
 75%|███████▍  | 841/1124 [00:06<00:01, 143.17it/s]
 76%|███████▌  | 856/1124 [00:06<00:01, 143.16it/s]
 77%|███████▋  | 871/1124 [00:06<00:01, 143.14it/s]
 79%|███████▉  | 886/1124 [00:06<00:01, 142.78it/s]
 80%|████████  | 901/1124 [00:06<00:01, 143.02it/s]
 81%|████████▏ | 916/1124 [00:06<00:01, 142.89it/s]
 83%|████████▎ | 931/1124 [00:06<00:01, 142.82it/s]
 84%|████████▍ | 946/1124 [00:06<00:01, 142.91it/s]
 85%|████████▌ | 961/1124 [00:06<00:01, 142.81it/s]
 87%|████████▋ | 976/1124 [00:06<00:01, 142.86it/s]
 88%|████████▊ | 991/1124 [00:07<00:00, 142.63it/s]
 90%|████████▉ | 1006/1124 [00:07<00:00, 142.93it/s]
 91%|█████████ | 1021/1124 [00:07<00:00, 142.98it/s]
 92%|█████████▏| 1036/1124 [00:07<00:00, 143.26it/s]
 94%|█████████▎| 1051/1124 [00:07<00:00, 143.26it/s]
 95%|█████████▍| 1066/1124 [00:07<00:00, 143.14it/s]
 96%|█████████▌| 1081/1124 [00:07<00:00, 143.21it/s]
 98%|█████████▊| 1096/1124 [00:07<00:00, 143.22it/s]
 99%|█████████▉| 1111/1124 [00:07<00:00, 142.80it/s]
100%|█████████▉| 1123/1124 [00:08<00:00, 139.88it/s]
tensor(39.8750, device='cuda:0', dtype=torch.float16)
