# run: opt-350m_seq1024_original_fp16
# start: 2026-05-12T19:52:53
# idle_vram: {'used_mib': 33, 'free_mib': 7668, 'total_mib': 8151}
# command: docker exec -w /workspace oaken-ae-container /opt/conda/envs/oaken/bin/python eval_perplexity.py -m opt -s 350m -t wikitext --gpu-start-idx 0 --gpu-count 1 --sequence-length 1024 --stride 1024 --quant-method none


  0%|          | 0/281 [00:00<?, ?it/s]= Run Configuration ===================
Model name: opt
Model size: 350m
Task: wikitext
Single run: False
Quantization method: none
Quantizer path: None
Used GPUs: 0 - 0
=======================================
Running Original Model
Perplexity window: sequence_length=1024, stride=1024, tokens=287645

  0%|          | 1/281 [00:00<00:56,  4.97it/s]
  2%|▏         | 7/281 [00:00<00:10, 25.89it/s]
  4%|▍         | 12/281 [00:00<00:08, 32.61it/s]
  6%|▌         | 17/281 [00:00<00:07, 36.31it/s]
  8%|▊         | 22/281 [00:00<00:06, 38.51it/s]
 10%|▉         | 27/281 [00:00<00:06, 39.89it/s]
 11%|█▏        | 32/281 [00:00<00:06, 40.78it/s]
 13%|█▎        | 37/281 [00:01<00:05, 41.36it/s]
 15%|█▍        | 42/281 [00:01<00:05, 41.76it/s]
 17%|█▋        | 47/281 [00:01<00:05, 42.05it/s]
 19%|█▊        | 52/281 [00:01<00:05, 42.23it/s]
 20%|██        | 57/281 [00:01<00:05, 42.34it/s]
 22%|██▏       | 62/281 [00:01<00:05, 42.44it/s]
 24%|██▍       | 67/281 [00:01<00:05, 42.48it/s]
 26%|██▌       | 72/281 [00:01<00:04, 42.51it/s]
 27%|██▋       | 77/281 [00:01<00:04, 42.55it/s]
 29%|██▉       | 82/281 [00:02<00:04, 42.53it/s]
 31%|███       | 87/281 [00:02<00:04, 42.51it/s]
 33%|███▎      | 92/281 [00:02<00:04, 42.58it/s]
 35%|███▍      | 97/281 [00:02<00:04, 42.56it/s]
 36%|███▋      | 102/281 [00:02<00:04, 42.56it/s]
 38%|███▊      | 107/281 [00:02<00:04, 42.53it/s]
 40%|███▉      | 112/281 [00:02<00:03, 42.55it/s]
 42%|████▏     | 117/281 [00:02<00:03, 42.55it/s]
 43%|████▎     | 122/281 [00:03<00:03, 42.56it/s]
 45%|████▌     | 127/281 [00:03<00:03, 42.53it/s]
 47%|████▋     | 132/281 [00:03<00:03, 42.57it/s]
 49%|████▉     | 137/281 [00:03<00:03, 42.55it/s]
 51%|█████     | 142/281 [00:03<00:03, 42.57it/s]
 52%|█████▏    | 147/281 [00:03<00:03, 42.56it/s]
 54%|█████▍    | 152/281 [00:03<00:03, 42.56it/s]
 56%|█████▌    | 157/281 [00:03<00:02, 42.56it/s]
 58%|█████▊    | 162/281 [00:03<00:02, 42.54it/s]
 59%|█████▉    | 167/281 [00:04<00:02, 42.51it/s]
 61%|██████    | 172/281 [00:04<00:02, 42.48it/s]
 63%|██████▎   | 177/281 [00:04<00:02, 42.48it/s]
 65%|██████▍   | 182/281 [00:04<00:02, 42.53it/s]
 67%|██████▋   | 187/281 [00:04<00:02, 42.52it/s]
 68%|██████▊   | 192/281 [00:04<00:02, 42.54it/s]
 70%|███████   | 197/281 [00:04<00:01, 42.51it/s]
 72%|███████▏  | 202/281 [00:04<00:01, 42.52it/s]
 74%|███████▎  | 207/281 [00:05<00:01, 42.49it/s]
 75%|███████▌  | 212/281 [00:05<00:01, 42.50it/s]
 77%|███████▋  | 217/281 [00:05<00:01, 42.52it/s]
 79%|███████▉  | 222/281 [00:05<00:01, 42.55it/s]
 81%|████████  | 227/281 [00:05<00:01, 42.52it/s]
 83%|████████▎ | 232/281 [00:05<00:01, 42.52it/s]
 84%|████████▍ | 237/281 [00:05<00:01, 42.51it/s]
 86%|████████▌ | 242/281 [00:05<00:00, 42.50it/s]
 88%|████████▊ | 247/281 [00:05<00:00, 42.54it/s]
 90%|████████▉ | 252/281 [00:06<00:00, 42.50it/s]
 91%|█████████▏| 257/281 [00:06<00:00, 42.49it/s]
 93%|█████████▎| 262/281 [00:06<00:00, 42.49it/s]
 95%|█████████▌| 267/281 [00:06<00:00, 42.48it/s]
 97%|█████████▋| 272/281 [00:06<00:00, 42.48it/s]
 99%|█████████▊| 277/281 [00:06<00:00, 42.47it/s]
100%|█████████▉| 280/281 [00:06<00:00, 41.44it/s]
tensor(25.5469, device='cuda:0', dtype=torch.float16)
