# run: opt-350m_seq128_original_fp16
# start: 2026-05-12T19:50:09
# idle_vram: {'used_mib': 33, 'free_mib': 7668, 'total_mib': 8151}
# command: docker exec -w /workspace oaken-ae-container /opt/conda/envs/oaken/bin/python eval_perplexity.py -m opt -s 350m -t wikitext --gpu-start-idx 0 --gpu-count 1 --sequence-length 128 --stride 128 --quant-method none


  0%|          | 0/2248 [00:00<?, ?it/s]= Run Configuration ===================
Model name: opt
Model size: 350m
Task: wikitext
Single run: False
Quantization method: none
Quantizer path: None
Used GPUs: 0 - 0
=======================================
Running Original Model
Perplexity window: sequence_length=128, stride=128, tokens=287645

  0%|          | 1/2248 [00:00<08:45,  4.28it/s]
  1%|          | 17/2248 [00:00<00:35, 62.52it/s]
  1%|▏         | 33/2248 [00:00<00:23, 94.85it/s]
  2%|▏         | 49/2248 [00:00<00:19, 114.17it/s]
  3%|▎         | 65/2248 [00:00<00:17, 126.54it/s]
  4%|▎         | 81/2248 [00:00<00:16, 134.63it/s]
  4%|▍         | 97/2248 [00:00<00:15, 140.13it/s]
  5%|▌         | 113/2248 [00:00<00:14, 143.79it/s]
  6%|▌         | 129/2248 [00:01<00:14, 146.40it/s]
  6%|▋         | 145/2248 [00:01<00:14, 148.25it/s]
  7%|▋         | 161/2248 [00:01<00:13, 149.42it/s]
  8%|▊         | 177/2248 [00:01<00:13, 150.39it/s]
  9%|▊         | 193/2248 [00:01<00:13, 151.09it/s]
  9%|▉         | 209/2248 [00:01<00:13, 151.53it/s]
 10%|█         | 225/2248 [00:01<00:13, 151.74it/s]
 11%|█         | 241/2248 [00:01<00:13, 151.50it/s]
 11%|█▏        | 257/2248 [00:01<00:13, 151.67it/s]
 12%|█▏        | 273/2248 [00:02<00:13, 151.75it/s]
 13%|█▎        | 289/2248 [00:02<00:12, 151.61it/s]
 14%|█▎        | 305/2248 [00:02<00:12, 151.71it/s]
 14%|█▍        | 321/2248 [00:02<00:12, 151.48it/s]
 15%|█▍        | 337/2248 [00:02<00:12, 151.80it/s]
 16%|█▌        | 353/2248 [00:02<00:12, 151.48it/s]
 16%|█▋        | 369/2248 [00:02<00:12, 151.65it/s]
 17%|█▋        | 385/2248 [00:02<00:12, 151.68it/s]
 18%|█▊        | 401/2248 [00:02<00:12, 151.68it/s]
 19%|█▊        | 417/2248 [00:02<00:12, 152.01it/s]
 19%|█▉        | 433/2248 [00:03<00:11, 152.11it/s]
 20%|█▉        | 449/2248 [00:03<00:11, 152.15it/s]
 21%|██        | 465/2248 [00:03<00:11, 152.19it/s]
 21%|██▏       | 481/2248 [00:03<00:11, 152.38it/s]
 22%|██▏       | 497/2248 [00:03<00:11, 152.44it/s]
 23%|██▎       | 513/2248 [00:03<00:11, 152.32it/s]
 24%|██▎       | 529/2248 [00:03<00:11, 152.30it/s]
 24%|██▍       | 545/2248 [00:03<00:11, 152.17it/s]
 25%|██▍       | 561/2248 [00:03<00:11, 151.94it/s]
 26%|██▌       | 577/2248 [00:04<00:10, 151.93it/s]
 26%|██▋       | 593/2248 [00:04<00:10, 151.70it/s]
 27%|██▋       | 609/2248 [00:04<00:10, 151.80it/s]
 28%|██▊       | 625/2248 [00:04<00:10, 151.64it/s]
 29%|██▊       | 641/2248 [00:04<00:10, 151.53it/s]
 29%|██▉       | 657/2248 [00:04<00:10, 151.64it/s]
 30%|██▉       | 673/2248 [00:04<00:10, 151.56it/s]
 31%|███       | 689/2248 [00:04<00:10, 151.68it/s]
 31%|███▏      | 705/2248 [00:04<00:10, 151.67it/s]
 32%|███▏      | 721/2248 [00:04<00:10, 151.92it/s]
 33%|███▎      | 737/2248 [00:05<00:09, 151.93it/s]
 33%|███▎      | 753/2248 [00:05<00:09, 152.17it/s]
 34%|███▍      | 769/2248 [00:05<00:09, 152.24it/s]
 35%|███▍      | 785/2248 [00:05<00:09, 152.22it/s]
 36%|███▌      | 801/2248 [00:05<00:09, 152.20it/s]
 36%|███▋      | 817/2248 [00:05<00:09, 152.25it/s]
 37%|███▋      | 833/2248 [00:05<00:09, 152.31it/s]
 38%|███▊      | 849/2248 [00:05<00:09, 152.00it/s]
 38%|███▊      | 865/2248 [00:05<00:09, 151.78it/s]
 39%|███▉      | 881/2248 [00:06<00:08, 151.92it/s]
 40%|███▉      | 897/2248 [00:06<00:08, 151.76it/s]
 41%|████      | 913/2248 [00:06<00:08, 151.68it/s]
 41%|████▏     | 929/2248 [00:06<00:08, 151.65it/s]
 42%|████▏     | 945/2248 [00:06<00:08, 151.56it/s]
 43%|████▎     | 961/2248 [00:06<00:08, 151.63it/s]
 43%|████▎     | 977/2248 [00:06<00:08, 151.57it/s]
 44%|████▍     | 993/2248 [00:06<00:08, 151.52it/s]
 45%|████▍     | 1009/2248 [00:06<00:08, 151.57it/s]
 46%|████▌     | 1025/2248 [00:06<00:08, 151.76it/s]
 46%|████▋     | 1041/2248 [00:07<00:07, 151.91it/s]
 47%|████▋     | 1057/2248 [00:07<00:07, 152.02it/s]
 48%|████▊     | 1073/2248 [00:07<00:07, 152.16it/s]
 48%|████▊     | 1089/2248 [00:07<00:07, 152.23it/s]
 49%|████▉     | 1105/2248 [00:07<00:07, 152.17it/s]
 50%|████▉     | 1121/2248 [00:07<00:07, 152.33it/s]
 51%|█████     | 1137/2248 [00:07<00:07, 152.39it/s]
 51%|█████▏    | 1153/2248 [00:07<00:07, 152.23it/s]
 52%|█████▏    | 1169/2248 [00:07<00:07, 151.94it/s]
 53%|█████▎    | 1185/2248 [00:08<00:07, 151.78it/s]
 53%|█████▎    | 1201/2248 [00:08<00:06, 151.92it/s]
 54%|█████▍    | 1217/2248 [00:08<00:06, 151.69it/s]
 55%|█████▍    | 1233/2248 [00:08<00:06, 151.64it/s]
 56%|█████▌    | 1249/2248 [00:08<00:06, 151.59it/s]
 56%|█████▋    | 1265/2248 [00:08<00:06, 151.32it/s]
 57%|█████▋    | 1281/2248 [00:08<00:06, 151.71it/s]
 58%|█████▊    | 1297/2248 [00:08<00:06, 151.64it/s]
 58%|█████▊    | 1313/2248 [00:08<00:06, 151.72it/s]
 59%|█████▉    | 1329/2248 [00:08<00:06, 151.88it/s]
 60%|█████▉    | 1345/2248 [00:09<00:05, 151.91it/s]
 61%|██████    | 1361/2248 [00:09<00:05, 152.15it/s]
 61%|██████▏   | 1377/2248 [00:09<00:05, 152.16it/s]
 62%|██████▏   | 1393/2248 [00:09<00:05, 152.26it/s]
 63%|██████▎   | 1409/2248 [00:09<00:05, 152.21it/s]
 63%|██████▎   | 1425/2248 [00:09<00:05, 152.43it/s]
 64%|██████▍   | 1441/2248 [00:09<00:05, 152.37it/s]
 65%|██████▍   | 1457/2248 [00:09<00:05, 151.90it/s]
 66%|██████▌   | 1473/2248 [00:09<00:05, 151.95it/s]
 66%|██████▌   | 1489/2248 [00:10<00:04, 151.88it/s]
 67%|██████▋   | 1505/2248 [00:10<00:04, 151.79it/s]
 68%|██████▊   | 1521/2248 [00:10<00:04, 151.86it/s]
 68%|██████▊   | 1537/2248 [00:10<00:04, 151.65it/s]
 69%|██████▉   | 1553/2248 [00:10<00:04, 151.50it/s]
 70%|██████▉   | 1569/2248 [00:10<00:04, 151.29it/s]
 71%|███████   | 1585/2248 [00:10<00:04, 151.55it/s]
 71%|███████   | 1601/2248 [00:10<00:04, 151.50it/s]
 72%|███████▏  | 1617/2248 [00:10<00:04, 151.64it/s]
 73%|███████▎  | 1633/2248 [00:10<00:04, 151.89it/s]
 73%|███████▎  | 1649/2248 [00:11<00:03, 152.16it/s]
 74%|███████▍  | 1665/2248 [00:11<00:03, 152.21it/s]
 75%|███████▍  | 1681/2248 [00:11<00:03, 152.19it/s]
 75%|███████▌  | 1697/2248 [00:11<00:03, 152.37it/s]
 76%|███████▌  | 1713/2248 [00:11<00:03, 152.29it/s]
 77%|███████▋  | 1729/2248 [00:11<00:03, 152.26it/s]
 78%|███████▊  | 1745/2248 [00:11<00:03, 152.39it/s]
 78%|███████▊  | 1761/2248 [00:11<00:03, 152.13it/s]
 79%|███████▉  | 1777/2248 [00:11<00:03, 151.95it/s]
 80%|███████▉  | 1793/2248 [00:12<00:02, 151.91it/s]
 80%|████████  | 1809/2248 [00:12<00:02, 151.74it/s]
 81%|████████  | 1825/2248 [00:12<00:02, 151.70it/s]
 82%|████████▏ | 1841/2248 [00:12<00:02, 151.43it/s]
 83%|████████▎ | 1857/2248 [00:12<00:02, 151.48it/s]
 83%|████████▎ | 1873/2248 [00:12<00:02, 151.34it/s]
 84%|████████▍ | 1889/2248 [00:12<00:02, 151.43it/s]
 85%|████████▍ | 1905/2248 [00:12<00:02, 151.66it/s]
 85%|████████▌ | 1921/2248 [00:12<00:02, 151.69it/s]
 86%|████████▌ | 1937/2248 [00:12<00:02, 151.93it/s]
 87%|████████▋ | 1953/2248 [00:13<00:01, 152.03it/s]
 88%|████████▊ | 1969/2248 [00:13<00:01, 152.00it/s]
 88%|████████▊ | 1985/2248 [00:13<00:01, 152.19it/s]
 89%|████████▉ | 2001/2248 [00:13<00:01, 152.24it/s]
 90%|████████▉ | 2017/2248 [00:13<00:01, 152.36it/s]
 90%|█████████ | 2033/2248 [00:13<00:01, 152.34it/s]
 91%|█████████ | 2049/2248 [00:13<00:01, 152.29it/s]
 92%|█████████▏| 2065/2248 [00:13<00:01, 151.95it/s]
 93%|█████████▎| 2081/2248 [00:13<00:01, 151.63it/s]
 93%|█████████▎| 2097/2248 [00:14<00:00, 151.84it/s]
 94%|█████████▍| 2113/2248 [00:14<00:00, 151.73it/s]
 95%|█████████▍| 2129/2248 [00:14<00:00, 151.60it/s]
 95%|█████████▌| 2145/2248 [00:14<00:00, 151.84it/s]
 96%|█████████▌| 2161/2248 [00:14<00:00, 151.74it/s]
 97%|█████████▋| 2177/2248 [00:14<00:00, 151.55it/s]
 98%|█████████▊| 2193/2248 [00:14<00:00, 151.67it/s]
 98%|█████████▊| 2209/2248 [00:14<00:00, 151.69it/s]
 99%|█████████▉| 2225/2248 [00:14<00:00, 151.55it/s]
100%|█████████▉| 2241/2248 [00:14<00:00, 151.73it/s]
100%|█████████▉| 2247/2248 [00:15<00:00, 149.19it/s]
tensor(53.7500, device='cuda:0', dtype=torch.float16)
