# run: opt-350m_seq512_original_fp16
# start: 2026-05-12T19:52:15
# idle_vram: {'used_mib': 33, 'free_mib': 7668, 'total_mib': 8151}
# command: docker exec -w /workspace oaken-ae-container /opt/conda/envs/oaken/bin/python eval_perplexity.py -m opt -s 350m -t wikitext --gpu-start-idx 0 --gpu-count 1 --sequence-length 512 --stride 512 --quant-method none

= Run Configuration ===================
Model name: opt
Model size: 350m
Task: wikitext
Single run: False
Quantization method: none
Quantizer path: None
Used GPUs: 0 - 0
=======================================
Running Original Model
Perplexity window: sequence_length=512, stride=512, tokens=287645

  0%|          | 0/562 [00:00<?, ?it/s]
  0%|          | 1/562 [00:00<01:49,  5.14it/s]
  2%|▏         | 10/562 [00:00<00:13, 40.65it/s]
  3%|▎         | 19/562 [00:00<00:09, 56.57it/s]
  5%|▍         | 27/562 [00:00<00:08, 64.42it/s]
  6%|▌         | 35/562 [00:00<00:07, 69.32it/s]
  8%|▊         | 43/562 [00:00<00:07, 72.43it/s]
  9%|▉         | 51/562 [00:00<00:06, 74.48it/s]
 10%|█         | 59/562 [00:00<00:06, 75.84it/s]
 12%|█▏        | 67/562 [00:01<00:06, 76.73it/s]
 13%|█▎        | 75/562 [00:01<00:06, 77.49it/s]
 15%|█▍        | 83/562 [00:01<00:06, 77.94it/s]
 16%|█▌        | 91/562 [00:01<00:06, 78.15it/s]
 18%|█▊        | 99/562 [00:01<00:05, 78.39it/s]
 19%|█▉        | 107/562 [00:01<00:05, 78.61it/s]
 20%|██        | 115/562 [00:01<00:05, 78.75it/s]
 22%|██▏       | 123/562 [00:01<00:05, 78.77it/s]
 23%|██▎       | 131/562 [00:01<00:05, 78.90it/s]
 25%|██▍       | 139/562 [00:01<00:05, 78.93it/s]
 26%|██▌       | 147/562 [00:02<00:05, 78.92it/s]
 28%|██▊       | 155/562 [00:02<00:05, 78.94it/s]
 29%|██▉       | 163/562 [00:02<00:05, 79.00it/s]
 30%|███       | 171/562 [00:02<00:04, 78.88it/s]
 32%|███▏      | 179/562 [00:02<00:04, 78.80it/s]
 33%|███▎      | 187/562 [00:02<00:04, 78.85it/s]
 35%|███▍      | 195/562 [00:02<00:04, 78.83it/s]
 36%|███▌      | 203/562 [00:02<00:04, 78.69it/s]
 38%|███▊      | 211/562 [00:02<00:04, 78.74it/s]
 39%|███▉      | 219/562 [00:02<00:04, 78.74it/s]
 40%|████      | 227/562 [00:03<00:04, 78.77it/s]
 42%|████▏     | 235/562 [00:03<00:04, 78.69it/s]
 43%|████▎     | 243/562 [00:03<00:04, 78.73it/s]
 45%|████▍     | 251/562 [00:03<00:03, 78.78it/s]
 46%|████▌     | 259/562 [00:03<00:03, 78.82it/s]
 48%|████▊     | 267/562 [00:03<00:03, 78.86it/s]
 49%|████▉     | 275/562 [00:03<00:03, 78.89it/s]
 50%|█████     | 283/562 [00:03<00:03, 78.92it/s]
 52%|█████▏    | 291/562 [00:03<00:03, 78.86it/s]
 53%|█████▎    | 299/562 [00:03<00:03, 78.92it/s]
 55%|█████▍    | 307/562 [00:04<00:03, 78.93it/s]
 56%|█████▌    | 315/562 [00:04<00:03, 78.89it/s]
 57%|█████▋    | 323/562 [00:04<00:03, 78.82it/s]
 59%|█████▉    | 331/562 [00:04<00:02, 78.76it/s]
 60%|██████    | 339/562 [00:04<00:02, 78.75it/s]
 62%|██████▏   | 347/562 [00:04<00:02, 78.66it/s]
 63%|██████▎   | 355/562 [00:04<00:02, 78.59it/s]
 65%|██████▍   | 363/562 [00:04<00:02, 78.62it/s]
 66%|██████▌   | 371/562 [00:04<00:02, 78.64it/s]
 67%|██████▋   | 379/562 [00:04<00:02, 78.54it/s]
 69%|██████▉   | 387/562 [00:05<00:02, 78.60it/s]
 70%|███████   | 395/562 [00:05<00:02, 78.64it/s]
 72%|███████▏  | 403/562 [00:05<00:02, 78.60it/s]
 73%|███████▎  | 411/562 [00:05<00:01, 78.60it/s]
 75%|███████▍  | 419/562 [00:05<00:01, 78.72it/s]
 76%|███████▌  | 427/562 [00:05<00:01, 78.71it/s]
 77%|███████▋  | 435/562 [00:05<00:01, 78.71it/s]
 79%|███████▉  | 443/562 [00:05<00:01, 78.82it/s]
 80%|████████  | 451/562 [00:05<00:01, 78.86it/s]
 82%|████████▏ | 459/562 [00:05<00:01, 78.79it/s]
 83%|████████▎ | 467/562 [00:06<00:01, 78.87it/s]
 85%|████████▍ | 475/562 [00:06<00:01, 78.88it/s]
 86%|████████▌ | 483/562 [00:06<00:01, 78.77it/s]
 87%|████████▋ | 491/562 [00:06<00:00, 78.67it/s]
 89%|████████▉ | 499/562 [00:06<00:00, 78.80it/s]
 90%|█████████ | 507/562 [00:06<00:00, 78.64it/s]
 92%|█████████▏| 515/562 [00:06<00:00, 78.54it/s]
 93%|█████████▎| 523/562 [00:06<00:00, 78.59it/s]
 94%|█████████▍| 531/562 [00:06<00:00, 78.63it/s]
 96%|█████████▌| 539/562 [00:07<00:00, 78.54it/s]
 97%|█████████▋| 547/562 [00:07<00:00, 78.59it/s]
 99%|█████████▉| 555/562 [00:07<00:00, 78.64it/s]
100%|█████████▉| 561/562 [00:07<00:00, 76.85it/s]
tensor(31.1094, device='cuda:0', dtype=torch.float16)
