# run: opt-350m_seq512_oaken
# start: 2026-05-12T19:52:29
# idle_vram: {'used_mib': 33, 'free_mib': 7668, 'total_mib': 8151}
# command: docker exec -w /workspace oaken-ae-container /opt/conda/envs/oaken/bin/python eval_perplexity.py -m opt -s 350m -t wikitext --gpu-start-idx 0 --gpu-count 1 --sequence-length 512 --stride 512 -q quantizer/oaken/opt-350m.json --quant-method oaken

= Run Configuration ===================
Model name: opt
Model size: 350m
Task: wikitext
Single run: False
Quantization method: oaken
Quantizer path: quantizer/oaken/opt-350m.json
Used GPUs: 0 - 0
=======================================
Running oaken
Perplexity window: sequence_length=512, stride=512, tokens=287645

  0%|          | 0/562 [00:00<?, ?it/s]
  0%|          | 1/562 [00:00<02:48,  3.33it/s]
  1%|          | 5/562 [00:00<00:38, 14.60it/s]
  2%|▏         | 9/562 [00:00<00:25, 21.71it/s]
  2%|▏         | 13/562 [00:00<00:20, 26.36it/s]
  3%|▎         | 17/562 [00:00<00:18, 29.46it/s]
  4%|▎         | 21/562 [00:00<00:17, 31.56it/s]
  4%|▍         | 25/562 [00:00<00:16, 33.02it/s]
  5%|▌         | 29/562 [00:01<00:15, 34.02it/s]
  6%|▌         | 33/562 [00:01<00:15, 34.74it/s]
  7%|▋         | 37/562 [00:01<00:14, 35.23it/s]
  7%|▋         | 41/562 [00:01<00:14, 35.40it/s]
  8%|▊         | 45/562 [00:01<00:14, 35.65it/s]
  9%|▊         | 49/562 [00:01<00:14, 35.84it/s]
  9%|▉         | 53/562 [00:01<00:14, 35.97it/s]
 10%|█         | 57/562 [00:01<00:14, 36.04it/s]
 11%|█         | 61/562 [00:01<00:13, 36.10it/s]
 12%|█▏        | 65/562 [00:02<00:13, 36.14it/s]
 12%|█▏        | 69/562 [00:02<00:13, 36.15it/s]
 13%|█▎        | 73/562 [00:02<00:13, 36.17it/s]
 14%|█▎        | 77/562 [00:02<00:13, 36.18it/s]
 14%|█▍        | 81/562 [00:02<00:13, 36.17it/s]
 15%|█▌        | 85/562 [00:02<00:13, 36.23it/s]
 16%|█▌        | 89/562 [00:02<00:13, 36.24it/s]
 17%|█▋        | 93/562 [00:02<00:12, 36.28it/s]
 17%|█▋        | 97/562 [00:02<00:12, 36.29it/s]
 18%|█▊        | 101/562 [00:03<00:12, 36.30it/s]
 19%|█▊        | 105/562 [00:03<00:12, 36.29it/s]
 19%|█▉        | 109/562 [00:03<00:12, 36.30it/s]
 20%|██        | 113/562 [00:03<00:12, 36.29it/s]
 21%|██        | 117/562 [00:03<00:12, 36.24it/s]
 22%|██▏       | 121/562 [00:03<00:12, 36.24it/s]
 22%|██▏       | 125/562 [00:03<00:12, 36.24it/s]
 23%|██▎       | 129/562 [00:03<00:11, 36.20it/s]
 24%|██▎       | 133/562 [00:03<00:11, 36.20it/s]
 24%|██▍       | 137/562 [00:04<00:11, 36.17it/s]
 25%|██▌       | 141/562 [00:04<00:11, 36.16it/s]
 26%|██▌       | 145/562 [00:04<00:11, 36.17it/s]
 27%|██▋       | 149/562 [00:04<00:11, 36.20it/s]
 27%|██▋       | 153/562 [00:04<00:11, 36.20it/s]
 28%|██▊       | 157/562 [00:04<00:11, 36.23it/s]
 29%|██▊       | 161/562 [00:04<00:11, 36.27it/s]
 29%|██▉       | 165/562 [00:04<00:10, 36.30it/s]
 30%|███       | 169/562 [00:04<00:10, 36.31it/s]
 31%|███       | 173/562 [00:05<00:10, 36.20it/s]
 31%|███▏      | 177/562 [00:05<00:10, 36.13it/s]
 32%|███▏      | 181/562 [00:05<00:10, 36.15it/s]
 33%|███▎      | 185/562 [00:05<00:10, 36.15it/s]
 34%|███▎      | 189/562 [00:05<00:10, 36.12it/s]
 34%|███▍      | 193/562 [00:05<00:10, 36.12it/s]
 35%|███▌      | 197/562 [00:05<00:10, 36.13it/s]
 36%|███▌      | 201/562 [00:05<00:09, 36.15it/s]
 36%|███▋      | 205/562 [00:05<00:09, 36.15it/s]
 37%|███▋      | 209/562 [00:06<00:09, 36.18it/s]
 38%|███▊      | 213/562 [00:06<00:09, 36.19it/s]
 39%|███▊      | 217/562 [00:06<00:09, 36.16it/s]
 39%|███▉      | 221/562 [00:06<00:09, 36.17it/s]
 40%|████      | 225/562 [00:06<00:09, 36.16it/s]
 41%|████      | 229/562 [00:06<00:09, 36.18it/s]
 41%|████▏     | 233/562 [00:06<00:09, 36.22it/s]
 42%|████▏     | 237/562 [00:06<00:08, 36.21it/s]
 43%|████▎     | 241/562 [00:06<00:08, 36.24it/s]
 44%|████▎     | 245/562 [00:07<00:08, 36.24it/s]
 44%|████▍     | 249/562 [00:07<00:08, 36.25it/s]
 45%|████▌     | 253/562 [00:07<00:08, 36.24it/s]
 46%|████▌     | 257/562 [00:07<00:08, 36.24it/s]
 46%|████▋     | 261/562 [00:07<00:08, 36.16it/s]
 47%|████▋     | 265/562 [00:07<00:08, 36.14it/s]
 48%|████▊     | 269/562 [00:07<00:08, 36.10it/s]
 49%|████▊     | 273/562 [00:07<00:08, 36.06it/s]
 49%|████▉     | 277/562 [00:07<00:07, 36.07it/s]
 50%|█████     | 281/562 [00:08<00:07, 36.07it/s]
 51%|█████     | 285/562 [00:08<00:07, 36.03it/s]
 51%|█████▏    | 289/562 [00:08<00:07, 36.05it/s]
 52%|█████▏    | 293/562 [00:08<00:07, 36.05it/s]
 53%|█████▎    | 297/562 [00:08<00:07, 36.06it/s]
 54%|█████▎    | 301/562 [00:08<00:07, 36.09it/s]
 54%|█████▍    | 305/562 [00:08<00:07, 36.11it/s]
 55%|█████▍    | 309/562 [00:08<00:06, 36.15it/s]
 56%|█████▌    | 313/562 [00:08<00:06, 36.18it/s]
 56%|█████▋    | 317/562 [00:09<00:06, 36.20it/s]
 57%|█████▋    | 321/562 [00:09<00:06, 36.21it/s]
 58%|█████▊    | 325/562 [00:09<00:06, 36.21it/s]
 59%|█████▊    | 329/562 [00:09<00:06, 36.19it/s]
 59%|█████▉    | 333/562 [00:09<00:06, 36.16it/s]
 60%|█████▉    | 337/562 [00:09<00:06, 36.15it/s]
 61%|██████    | 341/562 [00:09<00:06, 36.12it/s]
 61%|██████▏   | 345/562 [00:09<00:06, 36.10it/s]
 62%|██████▏   | 349/562 [00:09<00:05, 36.10it/s]
 63%|██████▎   | 353/562 [00:10<00:05, 36.06it/s]
 64%|██████▎   | 357/562 [00:10<00:05, 35.99it/s]
 64%|██████▍   | 361/562 [00:10<00:05, 36.03it/s]
 65%|██████▍   | 365/562 [00:10<00:05, 36.06it/s]
 66%|██████▌   | 369/562 [00:10<00:05, 36.06it/s]
 66%|██████▋   | 373/562 [00:10<00:05, 36.11it/s]
 67%|██████▋   | 377/562 [00:10<00:05, 36.12it/s]
 68%|██████▊   | 381/562 [00:10<00:05, 36.13it/s]
 69%|██████▊   | 385/562 [00:10<00:04, 36.14it/s]
 69%|██████▉   | 389/562 [00:11<00:04, 36.16it/s]
 70%|██████▉   | 393/562 [00:11<00:04, 36.15it/s]
 71%|███████   | 397/562 [00:11<00:04, 36.16it/s]
 71%|███████▏  | 401/562 [00:11<00:04, 36.16it/s]
 72%|███████▏  | 405/562 [00:11<00:04, 36.11it/s]
 73%|███████▎  | 409/562 [00:11<00:04, 36.12it/s]
 73%|███████▎  | 413/562 [00:11<00:04, 36.12it/s]
 74%|███████▍  | 417/562 [00:11<00:04, 36.09it/s]
 75%|███████▍  | 421/562 [00:11<00:03, 36.11it/s]
 76%|███████▌  | 425/562 [00:12<00:03, 36.11it/s]
 76%|███████▋  | 429/562 [00:12<00:03, 36.11it/s]
 77%|███████▋  | 433/562 [00:12<00:03, 36.09it/s]
 78%|███████▊  | 437/562 [00:12<00:03, 36.10it/s]
 78%|███████▊  | 441/562 [00:12<00:03, 36.11it/s]
 79%|███████▉  | 445/562 [00:12<00:03, 36.11it/s]
 80%|███████▉  | 449/562 [00:12<00:03, 36.14it/s]
 81%|████████  | 453/562 [00:12<00:03, 36.16it/s]
 81%|████████▏ | 457/562 [00:12<00:02, 36.16it/s]
 82%|████████▏ | 461/562 [00:13<00:02, 36.16it/s]
 83%|████████▎ | 465/562 [00:13<00:02, 36.14it/s]
 83%|████████▎ | 469/562 [00:13<00:02, 36.14it/s]
 84%|████████▍ | 473/562 [00:13<00:02, 36.14it/s]
 85%|████████▍ | 477/562 [00:13<00:02, 36.07it/s]
 86%|████████▌ | 481/562 [00:13<00:02, 36.08it/s]
 86%|████████▋ | 485/562 [00:13<00:02, 36.05it/s]
 87%|████████▋ | 489/562 [00:13<00:02, 36.03it/s]
 88%|████████▊ | 493/562 [00:13<00:01, 36.05it/s]
 88%|████████▊ | 497/562 [00:14<00:01, 36.04it/s]
 89%|████████▉ | 501/562 [00:14<00:01, 36.01it/s]
 90%|████████▉ | 505/562 [00:14<00:01, 35.99it/s]
 91%|█████████ | 509/562 [00:14<00:01, 36.00it/s]
 91%|█████████▏| 513/562 [00:14<00:01, 36.00it/s]
 92%|█████████▏| 517/562 [00:14<00:01, 36.04it/s]
 93%|█████████▎| 521/562 [00:14<00:01, 36.07it/s]
 93%|█████████▎| 525/562 [00:14<00:01, 36.04it/s]
 94%|█████████▍| 529/562 [00:14<00:00, 36.09it/s]
 95%|█████████▍| 533/562 [00:15<00:00, 36.12it/s]
 96%|█████████▌| 537/562 [00:15<00:00, 36.11it/s]
 96%|█████████▋| 541/562 [00:15<00:00, 36.16it/s]
 97%|█████████▋| 545/562 [00:15<00:00, 36.15it/s]
 98%|█████████▊| 549/562 [00:15<00:00, 36.12it/s]
 98%|█████████▊| 553/562 [00:15<00:00, 36.11it/s]
 99%|█████████▉| 557/562 [00:15<00:00, 36.08it/s]
100%|█████████▉| 561/562 [00:15<00:00, 36.05it/s]
100%|█████████▉| 561/562 [00:15<00:00, 35.47it/s]
tensor(31.2344, device='cuda:0', dtype=torch.float16)
Decoder 0 Sparsity: Key - [0.013497709959506776, 0.9493576557610807, 0.03714463430924136], Value - [0.03484084963586407, 0.9023941824232556, 0.06276496796739484]
Decoder 1 Sparsity: Key - [0.029716758541365112, 0.908578314178779, 0.06170492737928531], Value - [0.040634342605161924, 0.8980635347315425, 0.06130212278923954]
Decoder 2 Sparsity: Key - [0.03660488258583266, 0.905686861255415, 0.05770825625818183], Value - [0.040801677468408466, 0.8975846011231379, 0.06161372154102631]
Decoder 3 Sparsity: Key - [0.038940011261833093, 0.9040429718341692, 0.05701701695702678], Value - [0.041159649309950794, 0.8979342340150338, 0.06090611679433079]
Decoder 4 Sparsity: Key - [0.037497574529772974, 0.8997822849351741, 0.06272014059471066], Value - [0.04059775173664093, 0.8980289748554976, 0.06137327351391952]
Decoder 5 Sparsity: Key - [0.03565765910009684, 0.9026327023938882, 0.06170963853915815], Value - [0.04042219365300657, 0.8987901960615585, 0.060787610371607056]
Decoder 6 Sparsity: Key - [0.031071475412020478, 0.9037041263223967, 0.06522439836501227], Value - [0.040188360250028005, 0.8989972260074683, 0.060814413802161335]
Decoder 7 Sparsity: Key - [0.03440662962633095, 0.900269124113368, 0.06532424631333011], Value - [0.03999534776944707, 0.8988339215835218, 0.06117073070006014]
Decoder 8 Sparsity: Key - [0.03123451130351986, 0.9017421441994528, 0.06702334453679913], Value - [0.03963726842477652, 0.8990933849506106, 0.061269346704156374]
Decoder 9 Sparsity: Key - [0.036725484013716524, 0.9008141115466896, 0.06246040452576617], Value - [0.039216687816635995, 0.899315693306329, 0.061467618969835845]
Decoder 10 Sparsity: Key - [0.03562450585257116, 0.901763887910232, 0.06261160631011177], Value - [0.036968615409848526, 0.9007306398021793, 0.06230074489403026]
Decoder 11 Sparsity: Key - [0.035735277339710034, 0.9010704270037043, 0.06319429575601507], Value - [0.03745206918739764, 0.899469775767513, 0.06307815517766195]
Decoder 12 Sparsity: Key - [0.03439946281077386, 0.902289843007763, 0.06331069426763525], Value - [0.03715402155027483, 0.8993472845104665, 0.06349869397240177]
Decoder 13 Sparsity: Key - [0.03594983573936695, 0.9013708944422495, 0.06267926986478402], Value - [0.03850708386174725, 0.8978985109999511, 0.06359440520458798]
Decoder 14 Sparsity: Key - [0.0411953733524712, 0.896295006589109, 0.06250962009156302], Value - [0.03886507924818484, 0.8973332871533798, 0.06380163367797896]
Decoder 15 Sparsity: Key - [0.03739743222386387, 0.8996030135723195, 0.06299955427010288], Value - [0.038938537399115514, 0.8970665800189632, 0.06399488262169302]
Decoder 16 Sparsity: Key - [0.042190783680333785, 0.8965998460601657, 0.06120937034567268], Value - [0.03841762209569644, 0.897000603934624, 0.06458177405585173]
Decoder 17 Sparsity: Key - [0.04081024928184167, 0.8983715723842064, 0.060818178406866846], Value - [0.03811872846635847, 0.8972633258303714, 0.06461794582921415]
Decoder 18 Sparsity: Key - [0.03921691075073443, 0.9001137124261822, 0.06066937692251282], Value - [0.038044769250625395, 0.8979133212693645, 0.06404190959932542]
Decoder 19 Sparsity: Key - [0.03971604338028465, 0.8997164416355594, 0.060567515023927675], Value - [0.0380266902510912, 0.8993206142954979, 0.0626526955395831]
Decoder 20 Sparsity: Key - [0.0338584901135269, 0.9041567792671855, 0.06198473065243073], Value - [0.03921798903667418, 0.8990732177932915, 0.061708793242949186]
Decoder 21 Sparsity: Key - [0.03224032157468626, 0.9068785347972477, 0.060881143661209274], Value - [0.03890874621945556, 0.8992813420465409, 0.061809911793661285]
Decoder 22 Sparsity: Key - [0.03352848555746876, 0.9133542867317743, 0.05311722779030053], Value - [0.03889201726645125, 0.8991218276083257, 0.06198615521802384]
Decoder 23 Sparsity: Key - [0.043220488394335496, 0.9007531509492746, 0.0560263607027904], Value - [0.0382389846022549, 0.8997536660089187, 0.062007349461741294]
Total Sparsity: Key - [0.03543484818274851, 0.9041228205548909, 0.06044233132685146], Value - [0.038885211771462355, 0.898733747754056, 0.0623810405601015]
