run_start=2026-05-12T11:08:57
model=opt-1.3b
batch_size=2
sequence_length=128
use_cache=True
start_memory_allocated_bytes=2641084416
start_memory_reserved_bytes=2850029568
layer 0: key_shape=(2, 32, 128, 64) value_shape=(2, 32, 128, 64) key_bytes=1048576 value_bytes=1048576
layer 1: key_shape=(2, 32, 128, 64) value_shape=(2, 32, 128, 64) key_bytes=1048576 value_bytes=1048576
layer 2: key_shape=(2, 32, 128, 64) value_shape=(2, 32, 128, 64) key_bytes=1048576 value_bytes=1048576
layer 3: key_shape=(2, 32, 128, 64) value_shape=(2, 32, 128, 64) key_bytes=1048576 value_bytes=1048576
layer 4: key_shape=(2, 32, 128, 64) value_shape=(2, 32, 128, 64) key_bytes=1048576 value_bytes=1048576
layer 5: key_shape=(2, 32, 128, 64) value_shape=(2, 32, 128, 64) key_bytes=1048576 value_bytes=1048576
layer 6: key_shape=(2, 32, 128, 64) value_shape=(2, 32, 128, 64) key_bytes=1048576 value_bytes=1048576
layer 7: key_shape=(2, 32, 128, 64) value_shape=(2, 32, 128, 64) key_bytes=1048576 value_bytes=1048576
layer 8: key_shape=(2, 32, 128, 64) value_shape=(2, 32, 128, 64) key_bytes=1048576 value_bytes=1048576
layer 9: key_shape=(2, 32, 128, 64) value_shape=(2, 32, 128, 64) key_bytes=1048576 value_bytes=1048576
layer 10: key_shape=(2, 32, 128, 64) value_shape=(2, 32, 128, 64) key_bytes=1048576 value_bytes=1048576
layer 11: key_shape=(2, 32, 128, 64) value_shape=(2, 32, 128, 64) key_bytes=1048576 value_bytes=1048576
layer 12: key_shape=(2, 32, 128, 64) value_shape=(2, 32, 128, 64) key_bytes=1048576 value_bytes=1048576
layer 13: key_shape=(2, 32, 128, 64) value_shape=(2, 32, 128, 64) key_bytes=1048576 value_bytes=1048576
layer 14: key_shape=(2, 32, 128, 64) value_shape=(2, 32, 128, 64) key_bytes=1048576 value_bytes=1048576
layer 15: key_shape=(2, 32, 128, 64) value_shape=(2, 32, 128, 64) key_bytes=1048576 value_bytes=1048576
layer 16: key_shape=(2, 32, 128, 64) value_shape=(2, 32, 128, 64) key_bytes=1048576 value_bytes=1048576
layer 17: key_shape=(2, 32, 128, 64) value_shape=(2, 32, 128, 64) key_bytes=1048576 value_bytes=1048576
layer 18: key_shape=(2, 32, 128, 64) value_shape=(2, 32, 128, 64) key_bytes=1048576 value_bytes=1048576
layer 19: key_shape=(2, 32, 128, 64) value_shape=(2, 32, 128, 64) key_bytes=1048576 value_bytes=1048576
layer 20: key_shape=(2, 32, 128, 64) value_shape=(2, 32, 128, 64) key_bytes=1048576 value_bytes=1048576
layer 21: key_shape=(2, 32, 128, 64) value_shape=(2, 32, 128, 64) key_bytes=1048576 value_bytes=1048576
layer 22: key_shape=(2, 32, 128, 64) value_shape=(2, 32, 128, 64) key_bytes=1048576 value_bytes=1048576
layer 23: key_shape=(2, 32, 128, 64) value_shape=(2, 32, 128, 64) key_bytes=1048576 value_bytes=1048576
run_end=2026-05-12T11:08:57
success=True
theoretical_kv_bytes=50331648
actual_past_key_values_bytes=50331648
torch_cuda_max_memory_allocated_bytes=2718208000
torch_cuda_max_memory_reserved_bytes=2933915648
elapsed_sec=0.019935
vram_csv=analysis/outputs/kv_cache_growth/rtx5060/raw_logs/opt-1.3b_bs2_seq128_cachetrue_vram.csv
