run_start=2026-05-12T11:08:54
model=opt-350m
batch_size=1
sequence_length=512
use_cache=True
start_memory_allocated_bytes=672911360
start_memory_reserved_bytes=687865856
layer 0: key_shape=(1, 16, 512, 64) value_shape=(1, 16, 512, 64) key_bytes=1048576 value_bytes=1048576
layer 1: key_shape=(1, 16, 512, 64) value_shape=(1, 16, 512, 64) key_bytes=1048576 value_bytes=1048576
layer 2: key_shape=(1, 16, 512, 64) value_shape=(1, 16, 512, 64) key_bytes=1048576 value_bytes=1048576
layer 3: key_shape=(1, 16, 512, 64) value_shape=(1, 16, 512, 64) key_bytes=1048576 value_bytes=1048576
layer 4: key_shape=(1, 16, 512, 64) value_shape=(1, 16, 512, 64) key_bytes=1048576 value_bytes=1048576
layer 5: key_shape=(1, 16, 512, 64) value_shape=(1, 16, 512, 64) key_bytes=1048576 value_bytes=1048576
layer 6: key_shape=(1, 16, 512, 64) value_shape=(1, 16, 512, 64) key_bytes=1048576 value_bytes=1048576
layer 7: key_shape=(1, 16, 512, 64) value_shape=(1, 16, 512, 64) key_bytes=1048576 value_bytes=1048576
layer 8: key_shape=(1, 16, 512, 64) value_shape=(1, 16, 512, 64) key_bytes=1048576 value_bytes=1048576
layer 9: key_shape=(1, 16, 512, 64) value_shape=(1, 16, 512, 64) key_bytes=1048576 value_bytes=1048576
layer 10: key_shape=(1, 16, 512, 64) value_shape=(1, 16, 512, 64) key_bytes=1048576 value_bytes=1048576
layer 11: key_shape=(1, 16, 512, 64) value_shape=(1, 16, 512, 64) key_bytes=1048576 value_bytes=1048576
layer 12: key_shape=(1, 16, 512, 64) value_shape=(1, 16, 512, 64) key_bytes=1048576 value_bytes=1048576
layer 13: key_shape=(1, 16, 512, 64) value_shape=(1, 16, 512, 64) key_bytes=1048576 value_bytes=1048576
layer 14: key_shape=(1, 16, 512, 64) value_shape=(1, 16, 512, 64) key_bytes=1048576 value_bytes=1048576
layer 15: key_shape=(1, 16, 512, 64) value_shape=(1, 16, 512, 64) key_bytes=1048576 value_bytes=1048576
layer 16: key_shape=(1, 16, 512, 64) value_shape=(1, 16, 512, 64) key_bytes=1048576 value_bytes=1048576
layer 17: key_shape=(1, 16, 512, 64) value_shape=(1, 16, 512, 64) key_bytes=1048576 value_bytes=1048576
layer 18: key_shape=(1, 16, 512, 64) value_shape=(1, 16, 512, 64) key_bytes=1048576 value_bytes=1048576
layer 19: key_shape=(1, 16, 512, 64) value_shape=(1, 16, 512, 64) key_bytes=1048576 value_bytes=1048576
layer 20: key_shape=(1, 16, 512, 64) value_shape=(1, 16, 512, 64) key_bytes=1048576 value_bytes=1048576
layer 21: key_shape=(1, 16, 512, 64) value_shape=(1, 16, 512, 64) key_bytes=1048576 value_bytes=1048576
layer 22: key_shape=(1, 16, 512, 64) value_shape=(1, 16, 512, 64) key_bytes=1048576 value_bytes=1048576
layer 23: key_shape=(1, 16, 512, 64) value_shape=(1, 16, 512, 64) key_bytes=1048576 value_bytes=1048576
run_end=2026-05-12T11:08:54
success=True
theoretical_kv_bytes=50331648
actual_past_key_values_bytes=50331648
torch_cuda_max_memory_allocated_bytes=776204288
torch_cuda_max_memory_reserved_bytes=817889280
elapsed_sec=0.012338
vram_csv=analysis/outputs/kv_cache_growth/rtx5060/raw_logs/opt-350m_bs1_seq512_cachetrue_vram.csv
