run_start=2026-05-12T11:08:58
model=opt-1.3b
batch_size=4
sequence_length=1024
use_cache=True
start_memory_allocated_bytes=2641084416
start_memory_reserved_bytes=2850029568
layer 0: key_shape=(4, 32, 1024, 64) value_shape=(4, 32, 1024, 64) key_bytes=16777216 value_bytes=16777216
layer 1: key_shape=(4, 32, 1024, 64) value_shape=(4, 32, 1024, 64) key_bytes=16777216 value_bytes=16777216
layer 2: key_shape=(4, 32, 1024, 64) value_shape=(4, 32, 1024, 64) key_bytes=16777216 value_bytes=16777216
layer 3: key_shape=(4, 32, 1024, 64) value_shape=(4, 32, 1024, 64) key_bytes=16777216 value_bytes=16777216
layer 4: key_shape=(4, 32, 1024, 64) value_shape=(4, 32, 1024, 64) key_bytes=16777216 value_bytes=16777216
layer 5: key_shape=(4, 32, 1024, 64) value_shape=(4, 32, 1024, 64) key_bytes=16777216 value_bytes=16777216
layer 6: key_shape=(4, 32, 1024, 64) value_shape=(4, 32, 1024, 64) key_bytes=16777216 value_bytes=16777216
layer 7: key_shape=(4, 32, 1024, 64) value_shape=(4, 32, 1024, 64) key_bytes=16777216 value_bytes=16777216
layer 8: key_shape=(4, 32, 1024, 64) value_shape=(4, 32, 1024, 64) key_bytes=16777216 value_bytes=16777216
layer 9: key_shape=(4, 32, 1024, 64) value_shape=(4, 32, 1024, 64) key_bytes=16777216 value_bytes=16777216
layer 10: key_shape=(4, 32, 1024, 64) value_shape=(4, 32, 1024, 64) key_bytes=16777216 value_bytes=16777216
layer 11: key_shape=(4, 32, 1024, 64) value_shape=(4, 32, 1024, 64) key_bytes=16777216 value_bytes=16777216
layer 12: key_shape=(4, 32, 1024, 64) value_shape=(4, 32, 1024, 64) key_bytes=16777216 value_bytes=16777216
layer 13: key_shape=(4, 32, 1024, 64) value_shape=(4, 32, 1024, 64) key_bytes=16777216 value_bytes=16777216
layer 14: key_shape=(4, 32, 1024, 64) value_shape=(4, 32, 1024, 64) key_bytes=16777216 value_bytes=16777216
layer 15: key_shape=(4, 32, 1024, 64) value_shape=(4, 32, 1024, 64) key_bytes=16777216 value_bytes=16777216
layer 16: key_shape=(4, 32, 1024, 64) value_shape=(4, 32, 1024, 64) key_bytes=16777216 value_bytes=16777216
layer 17: key_shape=(4, 32, 1024, 64) value_shape=(4, 32, 1024, 64) key_bytes=16777216 value_bytes=16777216
layer 18: key_shape=(4, 32, 1024, 64) value_shape=(4, 32, 1024, 64) key_bytes=16777216 value_bytes=16777216
layer 19: key_shape=(4, 32, 1024, 64) value_shape=(4, 32, 1024, 64) key_bytes=16777216 value_bytes=16777216
layer 20: key_shape=(4, 32, 1024, 64) value_shape=(4, 32, 1024, 64) key_bytes=16777216 value_bytes=16777216
layer 21: key_shape=(4, 32, 1024, 64) value_shape=(4, 32, 1024, 64) key_bytes=16777216 value_bytes=16777216
layer 22: key_shape=(4, 32, 1024, 64) value_shape=(4, 32, 1024, 64) key_bytes=16777216 value_bytes=16777216
layer 23: key_shape=(4, 32, 1024, 64) value_shape=(4, 32, 1024, 64) key_bytes=16777216 value_bytes=16777216
run_end=2026-05-12T11:08:59
success=True
theoretical_kv_bytes=805306368
actual_past_key_values_bytes=805306368
torch_cuda_max_memory_allocated_bytes=3875061760
torch_cuda_max_memory_reserved_bytes=4353687552
elapsed_sec=0.308874
vram_csv=analysis/outputs/kv_cache_growth/rtx5060/raw_logs/opt-1.3b_bs4_seq1024_cachetrue_vram.csv
