run_start=2026-05-12T11:08:58
model=opt-1.3b
batch_size=4
sequence_length=512
use_cache=True
start_memory_allocated_bytes=2641084416
start_memory_reserved_bytes=2850029568
layer 0: key_shape=(4, 32, 512, 64) value_shape=(4, 32, 512, 64) key_bytes=8388608 value_bytes=8388608
layer 1: key_shape=(4, 32, 512, 64) value_shape=(4, 32, 512, 64) key_bytes=8388608 value_bytes=8388608
layer 2: key_shape=(4, 32, 512, 64) value_shape=(4, 32, 512, 64) key_bytes=8388608 value_bytes=8388608
layer 3: key_shape=(4, 32, 512, 64) value_shape=(4, 32, 512, 64) key_bytes=8388608 value_bytes=8388608
layer 4: key_shape=(4, 32, 512, 64) value_shape=(4, 32, 512, 64) key_bytes=8388608 value_bytes=8388608
layer 5: key_shape=(4, 32, 512, 64) value_shape=(4, 32, 512, 64) key_bytes=8388608 value_bytes=8388608
layer 6: key_shape=(4, 32, 512, 64) value_shape=(4, 32, 512, 64) key_bytes=8388608 value_bytes=8388608
layer 7: key_shape=(4, 32, 512, 64) value_shape=(4, 32, 512, 64) key_bytes=8388608 value_bytes=8388608
layer 8: key_shape=(4, 32, 512, 64) value_shape=(4, 32, 512, 64) key_bytes=8388608 value_bytes=8388608
layer 9: key_shape=(4, 32, 512, 64) value_shape=(4, 32, 512, 64) key_bytes=8388608 value_bytes=8388608
layer 10: key_shape=(4, 32, 512, 64) value_shape=(4, 32, 512, 64) key_bytes=8388608 value_bytes=8388608
layer 11: key_shape=(4, 32, 512, 64) value_shape=(4, 32, 512, 64) key_bytes=8388608 value_bytes=8388608
layer 12: key_shape=(4, 32, 512, 64) value_shape=(4, 32, 512, 64) key_bytes=8388608 value_bytes=8388608
layer 13: key_shape=(4, 32, 512, 64) value_shape=(4, 32, 512, 64) key_bytes=8388608 value_bytes=8388608
layer 14: key_shape=(4, 32, 512, 64) value_shape=(4, 32, 512, 64) key_bytes=8388608 value_bytes=8388608
layer 15: key_shape=(4, 32, 512, 64) value_shape=(4, 32, 512, 64) key_bytes=8388608 value_bytes=8388608
layer 16: key_shape=(4, 32, 512, 64) value_shape=(4, 32, 512, 64) key_bytes=8388608 value_bytes=8388608
layer 17: key_shape=(4, 32, 512, 64) value_shape=(4, 32, 512, 64) key_bytes=8388608 value_bytes=8388608
layer 18: key_shape=(4, 32, 512, 64) value_shape=(4, 32, 512, 64) key_bytes=8388608 value_bytes=8388608
layer 19: key_shape=(4, 32, 512, 64) value_shape=(4, 32, 512, 64) key_bytes=8388608 value_bytes=8388608
layer 20: key_shape=(4, 32, 512, 64) value_shape=(4, 32, 512, 64) key_bytes=8388608 value_bytes=8388608
layer 21: key_shape=(4, 32, 512, 64) value_shape=(4, 32, 512, 64) key_bytes=8388608 value_bytes=8388608
layer 22: key_shape=(4, 32, 512, 64) value_shape=(4, 32, 512, 64) key_bytes=8388608 value_bytes=8388608
layer 23: key_shape=(4, 32, 512, 64) value_shape=(4, 32, 512, 64) key_bytes=8388608 value_bytes=8388608
run_end=2026-05-12T11:08:58
success=True
theoretical_kv_bytes=402653184
actual_past_key_values_bytes=402653184
torch_cuda_max_memory_allocated_bytes=3258073088
torch_cuda_max_memory_reserved_bytes=3598712832
elapsed_sec=0.146417
vram_csv=analysis/outputs/kv_cache_growth/rtx5060/raw_logs/opt-1.3b_bs4_seq512_cachetrue_vram.csv
