# model: OPT-1.3B
# gpu: RTX 5080
# mode: original
# sequence_length: 1024
# start: 2026-05-12T19:45:41
# idle_vram: {'used_mib': 131, 'free_mib': 15701, 'total_mib': 16303}
# command: docker exec -w /workspace oaken-ae-container /opt/conda/envs/oaken/bin/python eval_perplexity.py -m opt -s 1.3b -t wikitext --max-length 1024 --stride 1024 --gpu-start-idx 0 --gpu-count 1 --quant-method none

= Run Configuration ===================
Model name: opt
Model size: 1.3b
Task: wikitext
Single run: False
Quantization method: none
Quantizer path: None
Used GPUs: 0 - 0
=======================================
Running Original Model
Max sequence length: 1024
Stride: 1024
Evaluated tokens: 287645

  0%|          | 0/281 [00:00<?, ?it/s]
  0%|          | 1/281 [00:00<01:00,  4.62it/s]
  2%|▏         | 6/281 [00:00<00:13, 20.70it/s]
  4%|▎         | 10/281 [00:00<00:10, 25.60it/s]
  5%|▍         | 14/281 [00:00<00:09, 28.38it/s]
  6%|▋         | 18/281 [00:00<00:08, 30.10it/s]
  8%|▊         | 22/281 [00:00<00:08, 31.20it/s]
  9%|▉         | 26/281 [00:00<00:07, 31.93it/s]
 11%|█         | 30/281 [00:01<00:07, 32.42it/s]
 12%|█▏        | 34/281 [00:01<00:07, 32.77it/s]
 14%|█▎        | 38/281 [00:01<00:07, 32.99it/s]
 15%|█▍        | 42/281 [00:01<00:07, 33.14it/s]
 16%|█▋        | 46/281 [00:01<00:07, 33.22it/s]
 18%|█▊        | 50/281 [00:01<00:06, 33.28it/s]
 19%|█▉        | 54/281 [00:01<00:06, 33.32it/s]
 21%|██        | 58/281 [00:01<00:06, 33.34it/s]
 22%|██▏       | 62/281 [00:02<00:06, 33.35it/s]
 23%|██▎       | 66/281 [00:02<00:06, 33.37it/s]
 25%|██▍       | 70/281 [00:02<00:06, 33.37it/s]
 26%|██▋       | 74/281 [00:02<00:06, 33.38it/s]
 28%|██▊       | 78/281 [00:02<00:06, 33.39it/s]
 29%|██▉       | 82/281 [00:02<00:05, 33.40it/s]
 31%|███       | 86/281 [00:02<00:05, 33.40it/s]
 32%|███▏      | 90/281 [00:02<00:05, 33.39it/s]
 33%|███▎      | 94/281 [00:02<00:05, 33.39it/s]
 35%|███▍      | 98/281 [00:03<00:05, 33.40it/s]
 36%|███▋      | 102/281 [00:03<00:05, 33.39it/s]
 38%|███▊      | 106/281 [00:03<00:05, 33.39it/s]
 39%|███▉      | 110/281 [00:03<00:05, 33.38it/s]
 41%|████      | 114/281 [00:03<00:05, 33.39it/s]
 42%|████▏     | 118/281 [00:03<00:04, 33.39it/s]
 43%|████▎     | 122/281 [00:03<00:04, 33.39it/s]
 45%|████▍     | 126/281 [00:03<00:04, 33.40it/s]
 46%|████▋     | 130/281 [00:04<00:04, 33.39it/s]
 48%|████▊     | 134/281 [00:04<00:04, 33.39it/s]
 49%|████▉     | 138/281 [00:04<00:04, 33.36it/s]
 51%|█████     | 142/281 [00:04<00:04, 33.38it/s]
 52%|█████▏    | 146/281 [00:04<00:04, 33.38it/s]
 53%|█████▎    | 150/281 [00:04<00:03, 33.38it/s]
 55%|█████▍    | 154/281 [00:04<00:03, 33.38it/s]
 56%|█████▌    | 158/281 [00:04<00:03, 33.39it/s]
 58%|█████▊    | 162/281 [00:05<00:03, 33.39it/s]
 59%|█████▉    | 166/281 [00:05<00:03, 33.40it/s]
 60%|██████    | 170/281 [00:05<00:03, 33.39it/s]
 62%|██████▏   | 174/281 [00:05<00:03, 33.39it/s]
 63%|██████▎   | 178/281 [00:05<00:03, 33.39it/s]
 65%|██████▍   | 182/281 [00:05<00:02, 33.38it/s]
 66%|██████▌   | 186/281 [00:05<00:02, 33.39it/s]
 68%|██████▊   | 190/281 [00:05<00:02, 33.38it/s]
 69%|██████▉   | 194/281 [00:05<00:02, 33.38it/s]
 70%|███████   | 198/281 [00:06<00:02, 33.39it/s]
 72%|███████▏  | 202/281 [00:06<00:02, 33.38it/s]
 73%|███████▎  | 206/281 [00:06<00:02, 33.36it/s]
 75%|███████▍  | 210/281 [00:06<00:02, 33.37it/s]
 76%|███████▌  | 214/281 [00:06<00:02, 33.38it/s]
 78%|███████▊  | 218/281 [00:06<00:01, 33.38it/s]
 79%|███████▉  | 222/281 [00:06<00:01, 33.39it/s]
 80%|████████  | 226/281 [00:06<00:01, 33.39it/s]
 82%|████████▏ | 230/281 [00:07<00:01, 33.38it/s]
 83%|████████▎ | 234/281 [00:07<00:01, 33.38it/s]
 85%|████████▍ | 238/281 [00:07<00:01, 33.40it/s]
 86%|████████▌ | 242/281 [00:07<00:01, 33.41it/s]
 88%|████████▊ | 246/281 [00:07<00:01, 33.39it/s]
 89%|████████▉ | 250/281 [00:07<00:00, 33.39it/s]
 90%|█████████ | 254/281 [00:07<00:00, 33.40it/s]
 92%|█████████▏| 258/281 [00:07<00:00, 33.38it/s]
 93%|█████████▎| 262/281 [00:08<00:00, 33.38it/s]
 95%|█████████▍| 266/281 [00:08<00:00, 33.37it/s]
 96%|█████████▌| 270/281 [00:08<00:00, 33.37it/s]
 98%|█████████▊| 274/281 [00:08<00:00, 33.36it/s]
 99%|█████████▉| 278/281 [00:08<00:00, 33.34it/s]
100%|█████████▉| 280/281 [00:08<00:00, 32.66it/s]
tensor(16.7812, device='cuda:0', dtype=torch.float16)
