# model: OPT-1.3B
# gpu: RTX 5080
# mode: original
# sequence_length: 2048
# start: 2026-05-12T19:46:20
# idle_vram: {'used_mib': 131, 'free_mib': 15701, 'total_mib': 16303}
# command: docker exec -w /workspace oaken-ae-container /opt/conda/envs/oaken/bin/python eval_perplexity.py -m opt -s 1.3b -t wikitext --max-length 2048 --stride 2048 --gpu-start-idx 0 --gpu-count 1 --quant-method none

= Run Configuration ===================
Model name: opt
Model size: 1.3b
Task: wikitext
Single run: False
Quantization method: none
Quantizer path: None
Used GPUs: 0 - 0
=======================================
Running Original Model
Max sequence length: 2048
Stride: 2048
Evaluated tokens: 287645

  0%|          | 0/141 [00:00<?, ?it/s]
  1%|          | 1/141 [00:00<00:34,  4.11it/s]
  3%|▎         | 4/141 [00:00<00:10, 12.65it/s]
  4%|▍         | 6/141 [00:00<00:09, 14.25it/s]
  6%|▌         | 8/141 [00:00<00:08, 15.21it/s]
  7%|▋         | 10/141 [00:00<00:08, 15.80it/s]
  9%|▊         | 12/141 [00:00<00:07, 16.18it/s]
 10%|▉         | 14/141 [00:00<00:07, 16.43it/s]
 11%|█▏        | 16/141 [00:01<00:07, 16.62it/s]
 13%|█▎        | 18/141 [00:01<00:07, 16.72it/s]
 14%|█▍        | 20/141 [00:01<00:07, 16.80it/s]
 16%|█▌        | 22/141 [00:01<00:07, 16.86it/s]
 17%|█▋        | 24/141 [00:01<00:06, 16.90it/s]
 18%|█▊        | 26/141 [00:01<00:06, 16.92it/s]
 20%|█▉        | 28/141 [00:01<00:06, 16.94it/s]
 21%|██▏       | 30/141 [00:01<00:06, 16.95it/s]
 23%|██▎       | 32/141 [00:02<00:06, 16.96it/s]
 24%|██▍       | 34/141 [00:02<00:06, 16.97it/s]
 26%|██▌       | 36/141 [00:02<00:06, 16.98it/s]
 27%|██▋       | 38/141 [00:02<00:06, 16.97it/s]
 28%|██▊       | 40/141 [00:02<00:05, 16.98it/s]
 30%|██▉       | 42/141 [00:02<00:05, 16.98it/s]
 31%|███       | 44/141 [00:02<00:05, 16.97it/s]
 33%|███▎      | 46/141 [00:02<00:05, 16.98it/s]
 34%|███▍      | 48/141 [00:02<00:05, 16.98it/s]
 35%|███▌      | 50/141 [00:03<00:05, 16.98it/s]
 37%|███▋      | 52/141 [00:03<00:05, 16.97it/s]
 38%|███▊      | 54/141 [00:03<00:05, 16.98it/s]
 40%|███▉      | 56/141 [00:03<00:05, 16.97it/s]
 41%|████      | 58/141 [00:03<00:04, 16.98it/s]
 43%|████▎     | 60/141 [00:03<00:04, 16.97it/s]
 44%|████▍     | 62/141 [00:03<00:04, 16.98it/s]
 45%|████▌     | 64/141 [00:03<00:04, 16.98it/s]
 47%|████▋     | 66/141 [00:04<00:04, 16.98it/s]
 48%|████▊     | 68/141 [00:04<00:04, 16.98it/s]
 50%|████▉     | 70/141 [00:04<00:04, 16.98it/s]
 51%|█████     | 72/141 [00:04<00:04, 16.99it/s]
 52%|█████▏    | 74/141 [00:04<00:03, 16.99it/s]
 54%|█████▍    | 76/141 [00:04<00:03, 16.94it/s]
 55%|█████▌    | 78/141 [00:04<00:03, 16.93it/s]
 57%|█████▋    | 80/141 [00:04<00:03, 16.94it/s]
 58%|█████▊    | 82/141 [00:04<00:03, 16.96it/s]
 60%|█████▉    | 84/141 [00:05<00:03, 16.97it/s]
 61%|██████    | 86/141 [00:05<00:03, 16.98it/s]
 62%|██████▏   | 88/141 [00:05<00:03, 16.97it/s]
 64%|██████▍   | 90/141 [00:05<00:03, 16.98it/s]
 65%|██████▌   | 92/141 [00:05<00:02, 16.98it/s]
 67%|██████▋   | 94/141 [00:05<00:02, 16.95it/s]
 68%|██████▊   | 96/141 [00:05<00:02, 16.93it/s]
 70%|██████▉   | 98/141 [00:05<00:02, 16.93it/s]
 71%|███████   | 100/141 [00:06<00:02, 16.90it/s]
 72%|███████▏  | 102/141 [00:06<00:02, 16.87it/s]
 74%|███████▍  | 104/141 [00:06<00:02, 16.85it/s]
 75%|███████▌  | 106/141 [00:06<00:02, 16.85it/s]
 77%|███████▋  | 108/141 [00:06<00:01, 16.83it/s]
 78%|███████▊  | 110/141 [00:06<00:01, 16.83it/s]
 79%|███████▉  | 112/141 [00:06<00:01, 16.83it/s]
 81%|████████  | 114/141 [00:06<00:01, 16.82it/s]
 82%|████████▏ | 116/141 [00:06<00:01, 16.81it/s]
 84%|████████▎ | 118/141 [00:07<00:01, 16.87it/s]
 85%|████████▌ | 120/141 [00:07<00:01, 16.90it/s]
 87%|████████▋ | 122/141 [00:07<00:01, 16.91it/s]
 88%|████████▊ | 124/141 [00:07<00:01, 16.90it/s]
 89%|████████▉ | 126/141 [00:07<00:00, 16.93it/s]
 91%|█████████ | 128/141 [00:07<00:00, 16.93it/s]
 92%|█████████▏| 130/141 [00:07<00:00, 16.95it/s]
 94%|█████████▎| 132/141 [00:07<00:00, 16.96it/s]
 95%|█████████▌| 134/141 [00:08<00:00, 16.96it/s]
 96%|█████████▋| 136/141 [00:08<00:00, 16.97it/s]
 98%|█████████▊| 138/141 [00:08<00:00, 16.98it/s]
 99%|█████████▉| 140/141 [00:08<00:00, 16.96it/s]
 99%|█████████▉| 140/141 [00:08<00:00, 16.57it/s]
tensor(14.6406, device='cuda:0', dtype=torch.float16)
