# model: OPT-1.3B
# gpu: RTX 5080
# mode: original
# sequence_length: 128
# start: 2026-05-12T19:42:46
# idle_vram: {'used_mib': 131, 'free_mib': 15701, 'total_mib': 16303}
# command: docker exec -w /workspace oaken-ae-container /opt/conda/envs/oaken/bin/python eval_perplexity.py -m opt -s 1.3b -t wikitext --max-length 128 --stride 128 --gpu-start-idx 0 --gpu-count 1 --quant-method none

= Run Configuration ===================
Model name: opt
Model size: 1.3b
Task: wikitext
Single run: False
Quantization method: none
Quantizer path: None
Used GPUs: 0 - 0
=======================================
Running Original Model
Max sequence length: 128
Stride: 128
Evaluated tokens: 287645

  0%|          | 0/2248 [00:00<?, ?it/s]
  0%|          | 1/2248 [00:00<07:37,  4.91it/s]
  1%|          | 17/2248 [00:00<00:33, 67.36it/s]
  1%|▏         | 32/2248 [00:00<00:22, 97.16it/s]
  2%|▏         | 47/2248 [00:00<00:19, 114.96it/s]
  3%|▎         | 62/2248 [00:00<00:17, 126.38it/s]
  3%|▎         | 77/2248 [00:00<00:16, 133.76it/s]
  4%|▍         | 92/2248 [00:00<00:15, 138.61it/s]
  5%|▍         | 107/2248 [00:00<00:15, 141.75it/s]
  5%|▌         | 122/2248 [00:01<00:14, 143.81it/s]
  6%|▌         | 137/2248 [00:01<00:14, 145.35it/s]
  7%|▋         | 152/2248 [00:01<00:14, 146.53it/s]
  7%|▋         | 167/2248 [00:01<00:14, 147.12it/s]
  8%|▊         | 182/2248 [00:01<00:14, 147.29it/s]
  9%|▉         | 197/2248 [00:01<00:13, 147.76it/s]
  9%|▉         | 212/2248 [00:01<00:13, 148.15it/s]
 10%|█         | 227/2248 [00:01<00:13, 148.29it/s]
 11%|█         | 242/2248 [00:01<00:13, 148.46it/s]
 11%|█▏        | 257/2248 [00:01<00:13, 148.50it/s]
 12%|█▏        | 272/2248 [00:02<00:13, 148.65it/s]
 13%|█▎        | 287/2248 [00:02<00:13, 148.92it/s]
 13%|█▎        | 302/2248 [00:02<00:13, 148.98it/s]
 14%|█▍        | 317/2248 [00:02<00:12, 148.88it/s]
 15%|█▍        | 332/2248 [00:02<00:12, 148.73it/s]
 15%|█▌        | 347/2248 [00:02<00:12, 148.83it/s]
 16%|█▌        | 362/2248 [00:02<00:12, 149.08it/s]
 17%|█▋        | 377/2248 [00:02<00:12, 149.20it/s]
 17%|█▋        | 392/2248 [00:02<00:12, 149.15it/s]
 18%|█▊        | 407/2248 [00:02<00:12, 149.08it/s]
 19%|█▉        | 422/2248 [00:03<00:12, 148.91it/s]
 19%|█▉        | 437/2248 [00:03<00:12, 148.86it/s]
 20%|██        | 452/2248 [00:03<00:12, 149.01it/s]
 21%|██        | 467/2248 [00:03<00:11, 148.90it/s]
 21%|██▏       | 482/2248 [00:03<00:11, 148.60it/s]
 22%|██▏       | 497/2248 [00:03<00:11, 148.74it/s]
 23%|██▎       | 512/2248 [00:03<00:11, 148.82it/s]
 23%|██▎       | 527/2248 [00:03<00:11, 149.02it/s]
 24%|██▍       | 542/2248 [00:03<00:11, 149.02it/s]
 25%|██▍       | 557/2248 [00:03<00:11, 149.10it/s]
 25%|██▌       | 572/2248 [00:04<00:11, 149.09it/s]
 26%|██▌       | 587/2248 [00:04<00:11, 149.15it/s]
 27%|██▋       | 602/2248 [00:04<00:11, 149.18it/s]
 27%|██▋       | 617/2248 [00:04<00:10, 149.01it/s]
 28%|██▊       | 632/2248 [00:04<00:10, 148.78it/s]
 29%|██▉       | 647/2248 [00:04<00:10, 148.93it/s]
 29%|██▉       | 662/2248 [00:04<00:10, 149.05it/s]
 30%|███       | 677/2248 [00:04<00:10, 149.18it/s]
 31%|███       | 692/2248 [00:04<00:10, 149.22it/s]
 31%|███▏      | 707/2248 [00:04<00:10, 149.04it/s]
 32%|███▏      | 722/2248 [00:05<00:10, 148.97it/s]
 33%|███▎      | 737/2248 [00:05<00:10, 148.98it/s]
 33%|███▎      | 752/2248 [00:05<00:10, 148.93it/s]
 34%|███▍      | 767/2248 [00:05<00:09, 148.81it/s]
 35%|███▍      | 782/2248 [00:05<00:09, 148.59it/s]
 35%|███▌      | 797/2248 [00:05<00:09, 148.65it/s]
 36%|███▌      | 812/2248 [00:05<00:09, 148.75it/s]
 37%|███▋      | 827/2248 [00:05<00:09, 148.90it/s]
 37%|███▋      | 842/2248 [00:05<00:09, 148.82it/s]
 38%|███▊      | 857/2248 [00:05<00:09, 148.86it/s]
 39%|███▉      | 872/2248 [00:06<00:09, 148.99it/s]
 39%|███▉      | 887/2248 [00:06<00:09, 149.06it/s]
 40%|████      | 902/2248 [00:06<00:09, 149.08it/s]
 41%|████      | 917/2248 [00:06<00:08, 148.93it/s]
 41%|████▏     | 932/2248 [00:06<00:08, 148.78it/s]
 42%|████▏     | 947/2248 [00:06<00:08, 148.84it/s]
 43%|████▎     | 962/2248 [00:06<00:08, 148.81it/s]
 43%|████▎     | 977/2248 [00:06<00:08, 148.94it/s]
 44%|████▍     | 992/2248 [00:06<00:08, 149.03it/s]
 45%|████▍     | 1007/2248 [00:06<00:08, 148.85it/s]
 45%|████▌     | 1022/2248 [00:07<00:08, 148.84it/s]
 46%|████▌     | 1037/2248 [00:07<00:08, 148.81it/s]
 47%|████▋     | 1052/2248 [00:07<00:08, 148.84it/s]
 47%|████▋     | 1067/2248 [00:07<00:07, 148.66it/s]
 48%|████▊     | 1082/2248 [00:07<00:07, 148.52it/s]
 49%|████▉     | 1097/2248 [00:07<00:07, 148.69it/s]
 49%|████▉     | 1112/2248 [00:07<00:07, 148.78it/s]
 50%|█████     | 1127/2248 [00:07<00:07, 148.93it/s]
 51%|█████     | 1142/2248 [00:07<00:07, 148.94it/s]
 51%|█████▏    | 1157/2248 [00:07<00:07, 148.90it/s]
 52%|█████▏    | 1172/2248 [00:08<00:07, 149.03it/s]
 53%|█████▎    | 1187/2248 [00:08<00:07, 149.13it/s]
 53%|█████▎    | 1202/2248 [00:08<00:07, 149.08it/s]
 54%|█████▍    | 1217/2248 [00:08<00:06, 148.90it/s]
 55%|█████▍    | 1232/2248 [00:08<00:06, 148.68it/s]
 55%|█████▌    | 1247/2248 [00:08<00:06, 148.79it/s]
 56%|█████▌    | 1262/2248 [00:08<00:06, 148.95it/s]
 57%|█████▋    | 1277/2248 [00:08<00:06, 149.03it/s]
 57%|█████▋    | 1292/2248 [00:08<00:06, 149.08it/s]
 58%|█████▊    | 1307/2248 [00:08<00:06, 148.96it/s]
 59%|█████▉    | 1322/2248 [00:09<00:06, 148.85it/s]
 59%|█████▉    | 1337/2248 [00:09<00:06, 148.72it/s]
 60%|██████    | 1352/2248 [00:09<00:06, 148.71it/s]
 61%|██████    | 1367/2248 [00:09<00:05, 148.61it/s]
 61%|██████▏   | 1382/2248 [00:09<00:05, 148.45it/s]
 62%|██████▏   | 1397/2248 [00:09<00:05, 148.54it/s]
 63%|██████▎   | 1412/2248 [00:09<00:05, 148.56it/s]
 63%|██████▎   | 1427/2248 [00:09<00:05, 148.26it/s]
 64%|██████▍   | 1442/2248 [00:09<00:05, 148.49it/s]
 65%|██████▍   | 1457/2248 [00:09<00:05, 148.64it/s]
 65%|██████▌   | 1472/2248 [00:10<00:05, 148.83it/s]
 66%|██████▌   | 1487/2248 [00:10<00:05, 148.83it/s]
 67%|██████▋   | 1502/2248 [00:10<00:05, 148.92it/s]
 67%|██████▋   | 1517/2248 [00:10<00:04, 148.76it/s]
 68%|██████▊   | 1532/2248 [00:10<00:04, 148.47it/s]
 69%|██████▉   | 1547/2248 [00:10<00:04, 148.81it/s]
 69%|██████▉   | 1562/2248 [00:10<00:04, 148.88it/s]
 70%|███████   | 1577/2248 [00:10<00:04, 148.90it/s]
 71%|███████   | 1592/2248 [00:10<00:04, 149.00it/s]
 71%|███████▏  | 1607/2248 [00:10<00:04, 148.82it/s]
 72%|███████▏  | 1622/2248 [00:11<00:04, 148.83it/s]
 73%|███████▎  | 1637/2248 [00:11<00:04, 148.67it/s]
 73%|███████▎  | 1652/2248 [00:11<00:04, 148.70it/s]
 74%|███████▍  | 1667/2248 [00:11<00:03, 148.49it/s]
 75%|███████▍  | 1682/2248 [00:11<00:03, 148.24it/s]
 75%|███████▌  | 1697/2248 [00:11<00:03, 148.43it/s]
 76%|███████▌  | 1712/2248 [00:11<00:03, 148.52it/s]
 77%|███████▋  | 1727/2248 [00:11<00:03, 148.60it/s]
 77%|███████▋  | 1742/2248 [00:11<00:03, 148.61it/s]
 78%|███████▊  | 1757/2248 [00:11<00:03, 148.73it/s]
 79%|███████▉  | 1772/2248 [00:12<00:03, 148.67it/s]
 79%|███████▉  | 1787/2248 [00:12<00:03, 148.82it/s]
 80%|████████  | 1802/2248 [00:12<00:02, 148.84it/s]
 81%|████████  | 1817/2248 [00:12<00:02, 148.58it/s]
 81%|████████▏ | 1832/2248 [00:12<00:02, 148.46it/s]
 82%|████████▏ | 1847/2248 [00:12<00:02, 148.63it/s]
 83%|████████▎ | 1862/2248 [00:12<00:02, 148.79it/s]
 83%|████████▎ | 1877/2248 [00:12<00:02, 148.90it/s]
 84%|████████▍ | 1892/2248 [00:12<00:02, 148.80it/s]
 85%|████████▍ | 1907/2248 [00:13<00:02, 148.86it/s]
 85%|████████▌ | 1922/2248 [00:13<00:02, 148.65it/s]
 86%|████████▌ | 1937/2248 [00:13<00:02, 148.76it/s]
 87%|████████▋ | 1952/2248 [00:13<00:01, 148.63it/s]
 88%|████████▊ | 1967/2248 [00:13<00:01, 148.54it/s]
 88%|████████▊ | 1982/2248 [00:13<00:01, 148.47it/s]
 89%|████████▉ | 1997/2248 [00:13<00:01, 148.54it/s]
 90%|████████▉ | 2012/2248 [00:13<00:01, 148.54it/s]
 90%|█████████ | 2027/2248 [00:13<00:01, 148.63it/s]
 91%|█████████ | 2042/2248 [00:13<00:01, 148.64it/s]
 92%|█████████▏| 2057/2248 [00:14<00:01, 148.83it/s]
 92%|█████████▏| 2072/2248 [00:14<00:01, 148.90it/s]
 93%|█████████▎| 2087/2248 [00:14<00:01, 148.87it/s]
 94%|█████████▎| 2102/2248 [00:14<00:00, 148.90it/s]
 94%|█████████▍| 2117/2248 [00:14<00:00, 148.61it/s]
 95%|█████████▍| 2132/2248 [00:14<00:00, 148.61it/s]
 96%|█████████▌| 2147/2248 [00:14<00:00, 148.74it/s]
 96%|█████████▌| 2162/2248 [00:14<00:00, 148.81it/s]
 97%|█████████▋| 2177/2248 [00:14<00:00, 148.88it/s]
 98%|█████████▊| 2192/2248 [00:14<00:00, 148.91it/s]
 98%|█████████▊| 2207/2248 [00:15<00:00, 148.87it/s]
 99%|█████████▉| 2222/2248 [00:15<00:00, 148.83it/s]
100%|█████████▉| 2237/2248 [00:15<00:00, 148.56it/s]
100%|█████████▉| 2247/2248 [00:15<00:00, 146.85it/s]
tensor(35.3750, device='cuda:0', dtype=torch.float16)
