# model: OPT-1.3B
# gpu: RTX 5080
# mode: oaken
# sequence_length: 256
# start: 2026-05-12T19:44:24
# idle_vram: {'used_mib': 131, 'free_mib': 15701, 'total_mib': 16303}
# command: docker exec -w /workspace oaken-ae-container /opt/conda/envs/oaken/bin/python eval_perplexity.py -m opt -s 1.3b -t wikitext --max-length 256 --stride 256 --gpu-start-idx 0 --gpu-count 1 -q quantizer/oaken/opt-1.3b.json --quant-method oaken


  0%|          | 0/1124 [00:00<?, ?it/s]= Run Configuration ===================
Model name: opt
Model size: 1.3b
Task: wikitext
Single run: False
Quantization method: oaken
Quantizer path: quantizer/oaken/opt-1.3b.json
Used GPUs: 0 - 0
=======================================
Running oaken
Max sequence length: 256
Stride: 256
Evaluated tokens: 287645

  0%|          | 1/1124 [00:00<05:38,  3.31it/s]
  1%|          | 6/1124 [00:00<01:04, 17.44it/s]
  1%|          | 11/1124 [00:00<00:42, 26.30it/s]
  1%|▏         | 16/1124 [00:00<00:34, 32.02it/s]
  2%|▏         | 21/1124 [00:00<00:30, 35.87it/s]
  2%|▏         | 26/1124 [00:00<00:28, 38.51it/s]
  3%|▎         | 31/1124 [00:00<00:27, 40.28it/s]
  3%|▎         | 36/1124 [00:01<00:26, 41.50it/s]
  4%|▎         | 41/1124 [00:01<00:25, 42.35it/s]
  4%|▍         | 46/1124 [00:01<00:25, 42.92it/s]
  5%|▍         | 51/1124 [00:01<00:24, 43.34it/s]
  5%|▍         | 56/1124 [00:01<00:24, 43.64it/s]
  5%|▌         | 61/1124 [00:01<00:24, 43.81it/s]
  6%|▌         | 66/1124 [00:01<00:24, 43.97it/s]
  6%|▋         | 71/1124 [00:01<00:23, 44.06it/s]
  7%|▋         | 76/1124 [00:01<00:23, 44.15it/s]
  7%|▋         | 81/1124 [00:02<00:23, 44.23it/s]
  8%|▊         | 86/1124 [00:02<00:23, 44.32it/s]
  8%|▊         | 91/1124 [00:02<00:23, 44.34it/s]
  9%|▊         | 96/1124 [00:02<00:23, 44.34it/s]
  9%|▉         | 101/1124 [00:02<00:23, 44.32it/s]
  9%|▉         | 106/1124 [00:02<00:22, 44.28it/s]
 10%|▉         | 111/1124 [00:02<00:22, 44.30it/s]
 10%|█         | 116/1124 [00:02<00:22, 44.30it/s]
 11%|█         | 121/1124 [00:03<00:22, 44.28it/s]
 11%|█         | 126/1124 [00:03<00:22, 44.29it/s]
 12%|█▏        | 131/1124 [00:03<00:22, 44.33it/s]
 12%|█▏        | 136/1124 [00:03<00:22, 44.34it/s]
 13%|█▎        | 141/1124 [00:03<00:22, 44.33it/s]
 13%|█▎        | 146/1124 [00:03<00:22, 44.28it/s]
 13%|█▎        | 151/1124 [00:03<00:21, 44.24it/s]
 14%|█▍        | 156/1124 [00:03<00:21, 44.23it/s]
 14%|█▍        | 161/1124 [00:03<00:21, 44.25it/s]
 15%|█▍        | 166/1124 [00:04<00:21, 44.28it/s]
 15%|█▌        | 171/1124 [00:04<00:21, 44.29it/s]
 16%|█▌        | 176/1124 [00:04<00:21, 44.29it/s]
 16%|█▌        | 181/1124 [00:04<00:21, 44.32it/s]
 17%|█▋        | 186/1124 [00:04<00:21, 44.33it/s]
 17%|█▋        | 191/1124 [00:04<00:21, 44.29it/s]
 17%|█▋        | 196/1124 [00:04<00:20, 44.26it/s]
 18%|█▊        | 201/1124 [00:04<00:20, 44.29it/s]
 18%|█▊        | 206/1124 [00:04<00:20, 44.29it/s]
 19%|█▉        | 211/1124 [00:05<00:20, 44.28it/s]
 19%|█▉        | 216/1124 [00:05<00:20, 44.31it/s]
 20%|█▉        | 221/1124 [00:05<00:20, 44.28it/s]
 20%|██        | 226/1124 [00:05<00:20, 44.29it/s]
 21%|██        | 231/1124 [00:05<00:20, 44.30it/s]
 21%|██        | 236/1124 [00:05<00:20, 44.25it/s]
 21%|██▏       | 241/1124 [00:05<00:19, 44.25it/s]
 22%|██▏       | 246/1124 [00:05<00:19, 44.26it/s]
 22%|██▏       | 251/1124 [00:05<00:19, 44.25it/s]
 23%|██▎       | 256/1124 [00:06<00:19, 44.27it/s]
 23%|██▎       | 261/1124 [00:06<00:19, 44.29it/s]
 24%|██▎       | 266/1124 [00:06<00:19, 44.31it/s]
 24%|██▍       | 271/1124 [00:06<00:19, 44.32it/s]
 25%|██▍       | 276/1124 [00:06<00:19, 44.30it/s]
 25%|██▌       | 281/1124 [00:06<00:19, 44.28it/s]
 25%|██▌       | 286/1124 [00:06<00:18, 44.27it/s]
 26%|██▌       | 291/1124 [00:06<00:18, 44.28it/s]
 26%|██▋       | 296/1124 [00:06<00:18, 44.29it/s]
 27%|██▋       | 301/1124 [00:07<00:18, 44.27it/s]
 27%|██▋       | 306/1124 [00:07<00:18, 44.27it/s]
 28%|██▊       | 311/1124 [00:07<00:18, 44.25it/s]
 28%|██▊       | 316/1124 [00:07<00:18, 44.25it/s]
 29%|██▊       | 321/1124 [00:07<00:18, 44.25it/s]
 29%|██▉       | 326/1124 [00:07<00:18, 44.18it/s]
 29%|██▉       | 331/1124 [00:07<00:17, 44.17it/s]
 30%|██▉       | 336/1124 [00:07<00:17, 44.19it/s]
 30%|███       | 341/1124 [00:07<00:17, 44.21it/s]
 31%|███       | 346/1124 [00:08<00:17, 44.21it/s]
 31%|███       | 351/1124 [00:08<00:17, 44.24it/s]
 32%|███▏      | 356/1124 [00:08<00:17, 44.25it/s]
 32%|███▏      | 361/1124 [00:08<00:17, 44.27it/s]
 33%|███▎      | 366/1124 [00:08<00:17, 44.25it/s]
 33%|███▎      | 371/1124 [00:08<00:17, 44.22it/s]
 33%|███▎      | 376/1124 [00:08<00:16, 44.25it/s]
 34%|███▍      | 381/1124 [00:08<00:16, 44.26it/s]
 34%|███▍      | 386/1124 [00:08<00:16, 44.25it/s]
 35%|███▍      | 391/1124 [00:09<00:16, 44.24it/s]
 35%|███▌      | 396/1124 [00:09<00:16, 44.26it/s]
 36%|███▌      | 401/1124 [00:09<00:16, 44.24it/s]
 36%|███▌      | 406/1124 [00:09<00:16, 44.21it/s]
 37%|███▋      | 411/1124 [00:09<00:16, 44.23it/s]
 37%|███▋      | 416/1124 [00:09<00:16, 44.21it/s]
 37%|███▋      | 421/1124 [00:09<00:15, 44.21it/s]
 38%|███▊      | 426/1124 [00:09<00:15, 44.22it/s]
 38%|███▊      | 431/1124 [00:10<00:15, 44.22it/s]
 39%|███▉      | 436/1124 [00:10<00:15, 44.20it/s]
 39%|███▉      | 441/1124 [00:10<00:15, 44.23it/s]
 40%|███▉      | 446/1124 [00:10<00:15, 44.28it/s]
 40%|████      | 451/1124 [00:10<00:15, 44.29it/s]
 41%|████      | 456/1124 [00:10<00:15, 44.24it/s]
 41%|████      | 461/1124 [00:10<00:15, 44.18it/s]
 41%|████▏     | 466/1124 [00:10<00:14, 44.20it/s]
 42%|████▏     | 471/1124 [00:10<00:14, 44.23it/s]
 42%|████▏     | 476/1124 [00:11<00:14, 44.23it/s]
 43%|████▎     | 481/1124 [00:11<00:14, 44.22it/s]
 43%|████▎     | 486/1124 [00:11<00:14, 44.25it/s]
 44%|████▎     | 491/1124 [00:11<00:14, 44.26it/s]
 44%|████▍     | 496/1124 [00:11<00:14, 44.24it/s]
 45%|████▍     | 501/1124 [00:11<00:14, 44.19it/s]
 45%|████▌     | 506/1124 [00:11<00:13, 44.18it/s]
 45%|████▌     | 511/1124 [00:11<00:13, 44.22it/s]
 46%|████▌     | 516/1124 [00:11<00:13, 44.26it/s]
 46%|████▋     | 521/1124 [00:12<00:13, 44.28it/s]
 47%|████▋     | 526/1124 [00:12<00:13, 44.26it/s]
 47%|████▋     | 531/1124 [00:12<00:13, 44.28it/s]
 48%|████▊     | 536/1124 [00:12<00:13, 44.31it/s]
 48%|████▊     | 541/1124 [00:12<00:13, 44.32it/s]
 49%|████▊     | 546/1124 [00:12<00:13, 44.23it/s]
 49%|████▉     | 551/1124 [00:12<00:12, 44.23it/s]
 49%|████▉     | 556/1124 [00:12<00:12, 44.26it/s]
 50%|████▉     | 561/1124 [00:12<00:12, 44.29it/s]
 50%|█████     | 566/1124 [00:13<00:12, 44.25it/s]
 51%|█████     | 571/1124 [00:13<00:12, 44.27it/s]
 51%|█████     | 576/1124 [00:13<00:12, 44.27it/s]
 52%|█████▏    | 581/1124 [00:13<00:12, 44.25it/s]
 52%|█████▏    | 586/1124 [00:13<00:12, 44.27it/s]
 53%|█████▎    | 591/1124 [00:13<00:12, 44.24it/s]
 53%|█████▎    | 596/1124 [00:13<00:11, 44.20it/s]
 53%|█████▎    | 601/1124 [00:13<00:11, 44.21it/s]
 54%|█████▍    | 606/1124 [00:13<00:11, 44.22it/s]
 54%|█████▍    | 611/1124 [00:14<00:11, 44.22it/s]
 55%|█████▍    | 616/1124 [00:14<00:11, 44.23it/s]
 55%|█████▌    | 621/1124 [00:14<00:11, 44.28it/s]
 56%|█████▌    | 626/1124 [00:14<00:11, 44.31it/s]
 56%|█████▌    | 631/1124 [00:14<00:11, 44.32it/s]
 57%|█████▋    | 636/1124 [00:14<00:11, 44.28it/s]
 57%|█████▋    | 641/1124 [00:14<00:10, 44.27it/s]
 57%|█████▋    | 646/1124 [00:14<00:10, 44.27it/s]
 58%|█████▊    | 651/1124 [00:14<00:10, 44.28it/s]
 58%|█████▊    | 656/1124 [00:15<00:10, 44.27it/s]
 59%|█████▉    | 661/1124 [00:15<00:10, 44.27it/s]
 59%|█████▉    | 666/1124 [00:15<00:10, 44.27it/s]
 60%|█████▉    | 671/1124 [00:15<00:10, 44.25it/s]
 60%|██████    | 676/1124 [00:15<00:10, 44.23it/s]
 61%|██████    | 681/1124 [00:15<00:10, 44.18it/s]
 61%|██████    | 686/1124 [00:15<00:09, 44.18it/s]
 61%|██████▏   | 691/1124 [00:15<00:09, 44.18it/s]
 62%|██████▏   | 696/1124 [00:16<00:09, 44.21it/s]
 62%|██████▏   | 701/1124 [00:16<00:09, 44.22it/s]
 63%|██████▎   | 706/1124 [00:16<00:09, 44.23it/s]
 63%|██████▎   | 711/1124 [00:16<00:09, 44.24it/s]
 64%|██████▎   | 716/1124 [00:16<00:09, 44.27it/s]
 64%|██████▍   | 721/1124 [00:16<00:09, 44.25it/s]
 65%|██████▍   | 726/1124 [00:16<00:08, 44.23it/s]
 65%|██████▌   | 731/1124 [00:16<00:08, 44.23it/s]
 65%|██████▌   | 736/1124 [00:16<00:08, 44.23it/s]
 66%|██████▌   | 741/1124 [00:17<00:08, 44.21it/s]
 66%|██████▋   | 746/1124 [00:17<00:08, 44.23it/s]
 67%|██████▋   | 751/1124 [00:17<00:08, 44.24it/s]
 67%|██████▋   | 756/1124 [00:17<00:08, 44.20it/s]
 68%|██████▊   | 761/1124 [00:17<00:08, 44.22it/s]
 68%|██████▊   | 766/1124 [00:17<00:08, 44.21it/s]
 69%|██████▊   | 771/1124 [00:17<00:07, 44.18it/s]
 69%|██████▉   | 776/1124 [00:17<00:07, 44.20it/s]
 69%|██████▉   | 781/1124 [00:17<00:07, 44.21it/s]
 70%|██████▉   | 786/1124 [00:18<00:07, 44.22it/s]
 70%|███████   | 791/1124 [00:18<00:07, 44.25it/s]
 71%|███████   | 796/1124 [00:18<00:07, 44.27it/s]
 71%|███████▏  | 801/1124 [00:18<00:07, 44.26it/s]
 72%|███████▏  | 806/1124 [00:18<00:07, 44.28it/s]
 72%|███████▏  | 811/1124 [00:18<00:07, 44.21it/s]
 73%|███████▎  | 816/1124 [00:18<00:06, 44.19it/s]
 73%|███████▎  | 821/1124 [00:18<00:06, 44.21it/s]
 73%|███████▎  | 826/1124 [00:18<00:06, 44.21it/s]
 74%|███████▍  | 831/1124 [00:19<00:06, 44.21it/s]
 74%|███████▍  | 836/1124 [00:19<00:06, 44.24it/s]
 75%|███████▍  | 841/1124 [00:19<00:06, 44.26it/s]
 75%|███████▌  | 846/1124 [00:19<00:06, 44.28it/s]
 76%|███████▌  | 851/1124 [00:19<00:06, 44.23it/s]
 76%|███████▌  | 856/1124 [00:19<00:06, 44.17it/s]
 77%|███████▋  | 861/1124 [00:19<00:05, 44.14it/s]
 77%|███████▋  | 866/1124 [00:19<00:05, 44.16it/s]
 77%|███████▋  | 871/1124 [00:19<00:05, 44.16it/s]
 78%|███████▊  | 876/1124 [00:20<00:05, 44.14it/s]
 78%|███████▊  | 881/1124 [00:20<00:05, 44.20it/s]
 79%|███████▉  | 886/1124 [00:20<00:05, 44.24it/s]
 79%|███████▉  | 891/1124 [00:20<00:05, 44.27it/s]
 80%|███████▉  | 896/1124 [00:20<00:05, 44.25it/s]
 80%|████████  | 901/1124 [00:20<00:05, 44.23it/s]
 81%|████████  | 906/1124 [00:20<00:04, 44.22it/s]
 81%|████████  | 911/1124 [00:20<00:04, 44.21it/s]
 81%|████████▏ | 916/1124 [00:20<00:04, 44.22it/s]
 82%|████████▏ | 921/1124 [00:21<00:04, 44.23it/s]
 82%|████████▏ | 926/1124 [00:21<00:04, 44.20it/s]
 83%|████████▎ | 931/1124 [00:21<00:04, 44.23it/s]
 83%|████████▎ | 936/1124 [00:21<00:04, 44.24it/s]
 84%|████████▎ | 941/1124 [00:21<00:04, 44.24it/s]
 84%|████████▍ | 946/1124 [00:21<00:04, 43.45it/s]
 85%|████████▍ | 951/1124 [00:21<00:03, 43.62it/s]
 85%|████████▌ | 956/1124 [00:21<00:03, 43.77it/s]
 85%|████████▌ | 961/1124 [00:22<00:03, 43.76it/s]
 86%|████████▌ | 966/1124 [00:22<00:03, 43.89it/s]
 86%|████████▋ | 971/1124 [00:22<00:03, 43.98it/s]
 87%|████████▋ | 976/1124 [00:22<00:03, 44.01it/s]
 87%|████████▋ | 981/1124 [00:22<00:03, 44.03it/s]
 88%|████████▊ | 986/1124 [00:22<00:03, 43.98it/s]
 88%|████████▊ | 991/1124 [00:22<00:03, 43.95it/s]
 89%|████████▊ | 996/1124 [00:22<00:02, 43.94it/s]
 89%|████████▉ | 1001/1124 [00:22<00:02, 43.95it/s]
 90%|████████▉ | 1006/1124 [00:23<00:02, 43.98it/s]
 90%|████████▉ | 1011/1124 [00:23<00:02, 43.93it/s]
 90%|█████████ | 1016/1124 [00:23<00:02, 43.94it/s]
 91%|█████████ | 1021/1124 [00:23<00:02, 43.98it/s]
 91%|█████████▏| 1026/1124 [00:23<00:02, 44.00it/s]
 92%|█████████▏| 1031/1124 [00:23<00:02, 43.97it/s]
 92%|█████████▏| 1036/1124 [00:23<00:02, 43.93it/s]
 93%|█████████▎| 1041/1124 [00:23<00:01, 43.93it/s]
 93%|█████████▎| 1046/1124 [00:23<00:01, 43.98it/s]
 94%|█████████▎| 1051/1124 [00:24<00:01, 43.99it/s]
 94%|█████████▍| 1056/1124 [00:24<00:01, 43.98it/s]
 94%|█████████▍| 1061/1124 [00:24<00:01, 43.99it/s]
 95%|█████████▍| 1066/1124 [00:24<00:01, 44.00it/s]
 95%|█████████▌| 1071/1124 [00:24<00:01, 44.01it/s]
 96%|█████████▌| 1076/1124 [00:24<00:01, 43.99it/s]
 96%|█████████▌| 1081/1124 [00:24<00:00, 43.95it/s]
 97%|█████████▋| 1086/1124 [00:24<00:00, 43.96it/s]
 97%|█████████▋| 1091/1124 [00:24<00:00, 43.98it/s]
 98%|█████████▊| 1096/1124 [00:25<00:00, 43.96it/s]
 98%|█████████▊| 1101/1124 [00:25<00:00, 43.99it/s]
 98%|█████████▊| 1106/1124 [00:25<00:00, 44.00it/s]
 99%|█████████▉| 1111/1124 [00:25<00:00, 44.04it/s]
 99%|█████████▉| 1116/1124 [00:25<00:00, 44.02it/s]
100%|█████████▉| 1121/1124 [00:25<00:00, 44.00it/s]
100%|█████████▉| 1123/1124 [00:25<00:00, 43.68it/s]
tensor(26.9219, device='cuda:0', dtype=torch.float16)
Decoder 0 Sparsity: Key - [0.023579512086441722, 0.9109767404951659, 0.06544374745484985], Value - [0.03586343167104437, 0.9028078385519387, 0.0613287297803312]
Decoder 1 Sparsity: Key - [0.04333873481234516, 0.9013814384190637, 0.05527982677853405], Value - [0.03922200288782658, 0.8985636857374707, 0.06221431136475975]
Decoder 2 Sparsity: Key - [0.04012790348818294, 0.9023739375253589, 0.05749815899308678], Value - [0.04154069272940481, 0.8977234472265447, 0.06073586008382225]
Decoder 3 Sparsity: Key - [0.06995808140265347, 0.8790110340109923, 0.05103088457972554], Value - [0.04289228963629207, 0.8964065652725111, 0.06070114507793956]
Decoder 4 Sparsity: Key - [0.06966674740151155, 0.8754853134265573, 0.05484793919513128], Value - [0.042476925853096294, 0.8967756192030856, 0.06074745496370402]
Decoder 5 Sparsity: Key - [0.06650000219349335, 0.8791787812612235, 0.05432121657179768], Value - [0.04146873644715526, 0.897239459260927, 0.06129180428528913]
Decoder 6 Sparsity: Key - [0.06527312732304967, 0.8905383579671595, 0.04418851472304809], Value - [0.04065029528920018, 0.8980437262096439, 0.061305978504470234]
Decoder 7 Sparsity: Key - [0.0780920736836369, 0.8849401861641331, 0.03696774017211593], Value - [0.04084857543300691, 0.8978046200029366, 0.06134680457731371]
Decoder 8 Sparsity: Key - [0.07737362748707953, 0.8861341603179843, 0.03649221219162182], Value - [0.04030913319040978, 0.8980800275594738, 0.06161083925343069]
Decoder 9 Sparsity: Key - [0.088907451617442, 0.8758311582417675, 0.035261390167305055], Value - [0.039626282533743416, 0.8985899440758593, 0.06178377340696885]
Decoder 10 Sparsity: Key - [0.10629743804286808, 0.8586332347787572, 0.035069327201574935], Value - [0.04041571241680838, 0.8980154283212173, 0.06156885925534569]
Decoder 11 Sparsity: Key - [0.1084565398717478, 0.8526805814793101, 0.03886287868539952], Value - [0.04023561058930549, 0.8979758434130204, 0.061788545987731196]
Decoder 12 Sparsity: Key - [0.10686563207267442, 0.8564499572608819, 0.03668441068301528], Value - [0.03939356777843525, 0.8984156437085616, 0.06219078852294603]
Decoder 13 Sparsity: Key - [0.11275183194684812, 0.8543463690319095, 0.03290179906598561], Value - [0.038545661072289815, 0.8992157163781204, 0.06223862256947573]
Decoder 14 Sparsity: Key - [0.10874095789796517, 0.8531370544772979, 0.03812198764130845], Value - [0.03773064211050705, 0.8995706589090442, 0.06269869898376304]
Decoder 15 Sparsity: Key - [0.11417763950667771, 0.8417660459292741, 0.04405631459719134], Value - [0.0368694203219698, 0.9000517249743709, 0.06307885473680241]
Decoder 16 Sparsity: Key - [0.10891633806915894, 0.8502909165154148, 0.0407927454518837], Value - [0.03585555616872273, 0.900591332505182, 0.06355311134266683]
Decoder 17 Sparsity: Key - [0.10233222323990165, 0.8526374149364933, 0.0450303618567482], Value - [0.03632031875626048, 0.9004320299179953, 0.06324765136551602]
Decoder 18 Sparsity: Key - [0.08265694193674576, 0.8662808475969525, 0.05106221046961605], Value - [0.03858092978092911, 0.898539204084152, 0.06287986617469066]
Decoder 19 Sparsity: Key - [0.07624717697739813, 0.8709571297376606, 0.05279569328494131], Value - [0.040241510822732675, 0.8972456527350212, 0.06251283646213203]
Decoder 20 Sparsity: Key - [0.07816194158935674, 0.8696250450992924, 0.0522130133113509], Value - [0.04091408226996979, 0.8968812477546231, 0.062204669968778555]
Decoder 21 Sparsity: Key - [0.05608213588171158, 0.8871959758610912, 0.05672188824725427], Value - [0.0410539708580835, 0.8963256924814177, 0.06262033666712746]
Decoder 22 Sparsity: Key - [0.0449249897536646, 0.8983033565121613, 0.05677165373748838], Value - [0.041928269250775786, 0.8954879747060694, 0.06258375605972637]
Decoder 23 Sparsity: Key - [0.038849383990323415, 0.9030447139858775, 0.058105902050313574], Value - [0.04198467867362754, 0.8953608749600067, 0.06265444637299432]
Total Sparsity: Key - [0.07784493467803662, 0.8750499896263242, 0.04710507571297032], Value - [0.03979034568923321, 0.8981726649145495, 0.06203698940698859]
