# model: OPT-1.3B
# gpu: RTX 5080
# mode: original
# sequence_length: 256
# start: 2026-05-12T19:44:05
# idle_vram: {'used_mib': 131, 'free_mib': 15701, 'total_mib': 16303}
# command: docker exec -w /workspace oaken-ae-container /opt/conda/envs/oaken/bin/python eval_perplexity.py -m opt -s 1.3b -t wikitext --max-length 256 --stride 256 --gpu-start-idx 0 --gpu-count 1 --quant-method none


  0%|          | 0/1124 [00:00<?, ?it/s]= Run Configuration ===================
Model name: opt
Model size: 1.3b
Task: wikitext
Single run: False
Quantization method: none
Quantizer path: None
Used GPUs: 0 - 0
=======================================
Running Original Model
Max sequence length: 256
Stride: 256
Evaluated tokens: 287645

  0%|          | 1/1124 [00:00<03:51,  4.85it/s]
  1%|          | 13/1124 [00:00<00:21, 51.85it/s]
  2%|▏         | 25/1124 [00:00<00:14, 75.68it/s]
  3%|▎         | 37/1124 [00:00<00:12, 89.42it/s]
  4%|▍         | 49/1124 [00:00<00:10, 97.98it/s]
  5%|▌         | 61/1124 [00:00<00:10, 103.39it/s]
  6%|▋         | 73/1124 [00:00<00:09, 106.88it/s]
  8%|▊         | 85/1124 [00:00<00:09, 109.29it/s]
  9%|▊         | 97/1124 [00:01<00:09, 110.96it/s]
 10%|▉         | 109/1124 [00:01<00:09, 112.02it/s]
 11%|█         | 121/1124 [00:01<00:08, 112.84it/s]
 12%|█▏        | 133/1124 [00:01<00:08, 113.33it/s]
 13%|█▎        | 145/1124 [00:01<00:08, 113.60it/s]
 14%|█▍        | 157/1124 [00:01<00:08, 113.77it/s]
 15%|█▌        | 169/1124 [00:01<00:08, 114.01it/s]
 16%|█▌        | 181/1124 [00:01<00:08, 113.95it/s]
 17%|█▋        | 193/1124 [00:01<00:08, 113.97it/s]
 18%|█▊        | 205/1124 [00:01<00:08, 114.03it/s]
 19%|█▉        | 217/1124 [00:02<00:07, 114.06it/s]
 20%|██        | 229/1124 [00:02<00:07, 114.18it/s]
 21%|██▏       | 241/1124 [00:02<00:07, 114.22it/s]
 23%|██▎       | 253/1124 [00:02<00:07, 114.32it/s]
 24%|██▎       | 265/1124 [00:02<00:07, 114.33it/s]
 25%|██▍       | 277/1124 [00:02<00:07, 114.24it/s]
 26%|██▌       | 289/1124 [00:02<00:07, 114.38it/s]
 27%|██▋       | 301/1124 [00:02<00:07, 114.28it/s]
 28%|██▊       | 313/1124 [00:02<00:07, 114.23it/s]
 29%|██▉       | 325/1124 [00:03<00:06, 114.24it/s]
 30%|██▉       | 337/1124 [00:03<00:06, 114.21it/s]
 31%|███       | 349/1124 [00:03<00:06, 114.32it/s]
 32%|███▏      | 361/1124 [00:03<00:06, 114.26it/s]
 33%|███▎      | 373/1124 [00:03<00:06, 114.32it/s]
 34%|███▍      | 385/1124 [00:03<00:06, 114.33it/s]
 35%|███▌      | 397/1124 [00:03<00:06, 114.24it/s]
 36%|███▋      | 409/1124 [00:03<00:06, 114.26it/s]
 37%|███▋      | 421/1124 [00:03<00:06, 114.20it/s]
 39%|███▊      | 433/1124 [00:03<00:06, 114.28it/s]
 40%|███▉      | 445/1124 [00:04<00:05, 114.22it/s]
 41%|████      | 457/1124 [00:04<00:05, 114.22it/s]
 42%|████▏     | 469/1124 [00:04<00:05, 114.29it/s]
 43%|████▎     | 481/1124 [00:04<00:05, 114.36it/s]
 44%|████▍     | 493/1124 [00:04<00:05, 114.30it/s]
 45%|████▍     | 505/1124 [00:04<00:05, 114.43it/s]
 46%|████▌     | 517/1124 [00:04<00:05, 114.42it/s]
 47%|████▋     | 529/1124 [00:04<00:05, 114.28it/s]
 48%|████▊     | 541/1124 [00:04<00:05, 114.27it/s]
 49%|████▉     | 553/1124 [00:05<00:04, 114.42it/s]
 50%|█████     | 565/1124 [00:05<00:04, 114.43it/s]
 51%|█████▏    | 577/1124 [00:05<00:04, 114.34it/s]
 52%|█████▏    | 589/1124 [00:05<00:04, 114.40it/s]
 53%|█████▎    | 601/1124 [00:05<00:04, 114.34it/s]
 55%|█████▍    | 613/1124 [00:05<00:04, 114.31it/s]
 56%|█████▌    | 625/1124 [00:05<00:04, 114.39it/s]
 57%|█████▋    | 637/1124 [00:05<00:04, 114.35it/s]
 58%|█████▊    | 649/1124 [00:05<00:04, 114.16it/s]
 59%|█████▉    | 661/1124 [00:05<00:04, 114.17it/s]
 60%|█████▉    | 673/1124 [00:06<00:03, 114.25it/s]
 61%|██████    | 685/1124 [00:06<00:03, 114.35it/s]
 62%|██████▏   | 697/1124 [00:06<00:03, 114.26it/s]
 63%|██████▎   | 709/1124 [00:06<00:03, 114.28it/s]
 64%|██████▍   | 721/1124 [00:06<00:03, 114.18it/s]
 65%|██████▌   | 733/1124 [00:06<00:03, 114.26it/s]
 66%|██████▋   | 745/1124 [00:06<00:03, 114.30it/s]
 67%|██████▋   | 757/1124 [00:06<00:03, 114.25it/s]
 68%|██████▊   | 769/1124 [00:06<00:03, 114.28it/s]
 69%|██████▉   | 781/1124 [00:07<00:03, 114.27it/s]
 71%|███████   | 793/1124 [00:07<00:02, 114.24it/s]
 72%|███████▏  | 805/1124 [00:07<00:02, 114.39it/s]
 73%|███████▎  | 817/1124 [00:07<00:02, 114.39it/s]
 74%|███████▍  | 829/1124 [00:07<00:02, 114.31it/s]
 75%|███████▍  | 841/1124 [00:07<00:02, 114.33it/s]
 76%|███████▌  | 853/1124 [00:07<00:02, 114.25it/s]
 77%|███████▋  | 865/1124 [00:07<00:02, 114.17it/s]
 78%|███████▊  | 877/1124 [00:07<00:02, 114.10it/s]
 79%|███████▉  | 889/1124 [00:07<00:02, 114.22it/s]
 80%|████████  | 901/1124 [00:08<00:01, 114.21it/s]
 81%|████████  | 913/1124 [00:08<00:01, 114.17it/s]
 82%|████████▏ | 925/1124 [00:08<00:01, 114.14it/s]
 83%|████████▎ | 937/1124 [00:08<00:01, 114.38it/s]
 84%|████████▍ | 949/1124 [00:08<00:01, 114.31it/s]
 85%|████████▌ | 961/1124 [00:08<00:01, 114.24it/s]
 87%|████████▋ | 973/1124 [00:08<00:01, 114.33it/s]
 88%|████████▊ | 985/1124 [00:08<00:01, 114.29it/s]
 89%|████████▊ | 997/1124 [00:08<00:01, 114.21it/s]
 90%|████████▉ | 1009/1124 [00:09<00:01, 114.23it/s]
 91%|█████████ | 1021/1124 [00:09<00:00, 114.21it/s]
 92%|█████████▏| 1033/1124 [00:09<00:00, 114.20it/s]
 93%|█████████▎| 1045/1124 [00:09<00:00, 114.19it/s]
 94%|█████████▍| 1057/1124 [00:09<00:00, 114.34it/s]
 95%|█████████▌| 1069/1124 [00:09<00:00, 114.29it/s]
 96%|█████████▌| 1081/1124 [00:09<00:00, 114.23it/s]
 97%|█████████▋| 1093/1124 [00:09<00:00, 114.26it/s]
 98%|█████████▊| 1105/1124 [00:09<00:00, 114.25it/s]
 99%|█████████▉| 1117/1124 [00:09<00:00, 114.27it/s]
100%|█████████▉| 1123/1124 [00:10<00:00, 112.01it/s]
tensor(25.8906, device='cuda:0', dtype=torch.float16)
