# model: OPT-1.3B
# gpu: RTX 5080
# mode: original
# sequence_length: 512
# start: 2026-05-12T19:44:57
# idle_vram: {'used_mib': 131, 'free_mib': 15701, 'total_mib': 16303}
# command: docker exec -w /workspace oaken-ae-container /opt/conda/envs/oaken/bin/python eval_perplexity.py -m opt -s 1.3b -t wikitext --max-length 512 --stride 512 --gpu-start-idx 0 --gpu-count 1 --quant-method none

= Run Configuration ===================
Model name: opt
Model size: 1.3b
Task: wikitext
Single run: False
Quantization method: none
Quantizer path: None
Used GPUs: 0 - 0
=======================================
Running Original Model
Max sequence length: 512
Stride: 512
Evaluated tokens: 287645

  0%|          | 0/562 [00:00<?, ?it/s]
  0%|          | 1/562 [00:00<01:54,  4.92it/s]
  2%|▏         | 9/562 [00:00<00:16, 33.92it/s]
  3%|▎         | 16/562 [00:00<00:12, 45.13it/s]
  4%|▍         | 23/562 [00:00<00:10, 51.58it/s]
  5%|▌         | 30/562 [00:00<00:09, 55.54it/s]
  7%|▋         | 37/562 [00:00<00:09, 58.10it/s]
  8%|▊         | 44/562 [00:00<00:08, 59.80it/s]
  9%|▉         | 51/562 [00:00<00:08, 60.95it/s]
 10%|█         | 58/562 [00:01<00:08, 61.74it/s]
 12%|█▏        | 65/562 [00:01<00:07, 62.26it/s]
 13%|█▎        | 72/562 [00:01<00:07, 62.63it/s]
 14%|█▍        | 79/562 [00:01<00:07, 62.85it/s]
 15%|█▌        | 86/562 [00:01<00:07, 63.03it/s]
 17%|█▋        | 93/562 [00:01<00:07, 63.15it/s]
 18%|█▊        | 100/562 [00:01<00:07, 63.21it/s]
 19%|█▉        | 107/562 [00:01<00:07, 63.30it/s]
 20%|██        | 114/562 [00:01<00:07, 63.30it/s]
 22%|██▏       | 121/562 [00:02<00:06, 63.38it/s]
 23%|██▎       | 128/562 [00:02<00:06, 63.40it/s]
 24%|██▍       | 135/562 [00:02<00:06, 63.43it/s]
 25%|██▌       | 142/562 [00:02<00:06, 63.39it/s]
 27%|██▋       | 149/562 [00:02<00:06, 63.40it/s]
 28%|██▊       | 156/562 [00:02<00:06, 63.41it/s]
 29%|██▉       | 163/562 [00:02<00:06, 63.39it/s]
 30%|███       | 170/562 [00:02<00:06, 63.38it/s]
 31%|███▏      | 177/562 [00:02<00:06, 63.37it/s]
 33%|███▎      | 184/562 [00:03<00:05, 63.40it/s]
 34%|███▍      | 191/562 [00:03<00:05, 63.42it/s]
 35%|███▌      | 198/562 [00:03<00:05, 63.42it/s]
 36%|███▋      | 205/562 [00:03<00:05, 63.39it/s]
 38%|███▊      | 212/562 [00:03<00:05, 63.39it/s]
 39%|███▉      | 219/562 [00:03<00:05, 63.38it/s]
 40%|████      | 226/562 [00:03<00:05, 63.36it/s]
 41%|████▏     | 233/562 [00:03<00:05, 63.38it/s]
 43%|████▎     | 240/562 [00:03<00:05, 63.31it/s]
 44%|████▍     | 247/562 [00:04<00:04, 63.25it/s]
 45%|████▌     | 254/562 [00:04<00:04, 63.26it/s]
 46%|████▋     | 261/562 [00:04<00:04, 63.32it/s]
 48%|████▊     | 268/562 [00:04<00:04, 63.33it/s]
 49%|████▉     | 275/562 [00:04<00:04, 63.37it/s]
 50%|█████     | 282/562 [00:04<00:04, 63.35it/s]
 51%|█████▏    | 289/562 [00:04<00:04, 63.33it/s]
 53%|█████▎    | 296/562 [00:04<00:04, 63.37it/s]
 54%|█████▍    | 303/562 [00:04<00:04, 63.34it/s]
 55%|█████▌    | 310/562 [00:05<00:03, 63.39it/s]
 56%|█████▋    | 317/562 [00:05<00:03, 63.30it/s]
 58%|█████▊    | 324/562 [00:05<00:03, 63.35it/s]
 59%|█████▉    | 331/562 [00:05<00:03, 63.30it/s]
 60%|██████    | 338/562 [00:05<00:03, 63.35it/s]
 61%|██████▏   | 345/562 [00:05<00:03, 63.37it/s]
 63%|██████▎   | 352/562 [00:05<00:03, 63.32it/s]
 64%|██████▍   | 359/562 [00:05<00:03, 63.26it/s]
 65%|██████▌   | 366/562 [00:05<00:03, 63.27it/s]
 66%|██████▋   | 373/562 [00:06<00:02, 63.27it/s]
 68%|██████▊   | 380/562 [00:06<00:02, 63.23it/s]
 69%|██████▉   | 387/562 [00:06<00:02, 63.20it/s]
 70%|███████   | 394/562 [00:06<00:02, 63.13it/s]
 71%|███████▏  | 401/562 [00:06<00:02, 63.09it/s]
 73%|███████▎  | 408/562 [00:06<00:02, 63.09it/s]
 74%|███████▍  | 415/562 [00:06<00:02, 63.07it/s]
 75%|███████▌  | 422/562 [00:06<00:02, 63.07it/s]
 76%|███████▋  | 429/562 [00:06<00:02, 63.10it/s]
 78%|███████▊  | 436/562 [00:07<00:01, 63.07it/s]
 79%|███████▉  | 443/562 [00:07<00:01, 63.09it/s]
 80%|████████  | 450/562 [00:07<00:01, 63.06it/s]
 81%|████████▏ | 457/562 [00:07<00:01, 63.04it/s]
 83%|████████▎ | 464/562 [00:07<00:01, 63.04it/s]
 84%|████████▍ | 471/562 [00:07<00:01, 63.05it/s]
 85%|████████▌ | 478/562 [00:07<00:01, 63.05it/s]
 86%|████████▋ | 485/562 [00:07<00:01, 63.04it/s]
 88%|████████▊ | 492/562 [00:07<00:01, 63.07it/s]
 89%|████████▉ | 499/562 [00:08<00:00, 63.03it/s]
 90%|█████████ | 506/562 [00:08<00:00, 63.10it/s]
 91%|█████████▏| 513/562 [00:08<00:00, 63.04it/s]
 93%|█████████▎| 520/562 [00:08<00:00, 63.05it/s]
 94%|█████████▍| 527/562 [00:08<00:00, 63.03it/s]
 95%|█████████▌| 534/562 [00:08<00:00, 63.06it/s]
 96%|█████████▋| 541/562 [00:08<00:00, 63.05it/s]
 98%|█████████▊| 548/562 [00:08<00:00, 63.06it/s]
 99%|█████████▉| 555/562 [00:08<00:00, 63.06it/s]
100%|█████████▉| 561/562 [00:09<00:00, 61.93it/s]
tensor(20.2031, device='cuda:0', dtype=torch.float16)
