# model: OPT-1.3B
# gpu: RTX 5080
# mode: oaken
# sequence_length: 2048
# start: 2026-05-12T19:46:36
# idle_vram: {'used_mib': 131, 'free_mib': 15701, 'total_mib': 16303}
# command: docker exec -w /workspace oaken-ae-container /opt/conda/envs/oaken/bin/python eval_perplexity.py -m opt -s 1.3b -t wikitext --max-length 2048 --stride 2048 --gpu-start-idx 0 --gpu-count 1 -q quantizer/oaken/opt-1.3b.json --quant-method oaken

= Run Configuration ===================
Model name: opt
Model size: 1.3b
Task: wikitext
Single run: False
Quantization method: oaken
Quantizer path: quantizer/oaken/opt-1.3b.json
Used GPUs: 0 - 0
=======================================
Running oaken
Max sequence length: 2048
Stride: 2048
Evaluated tokens: 287645

  0%|          | 0/141 [00:00<?, ?it/s]
  1%|          | 1/141 [00:00<00:50,  2.79it/s]
  2%|▏         | 3/141 [00:00<00:21,  6.45it/s]
  4%|▎         | 5/141 [00:00<00:16,  8.36it/s]
  5%|▍         | 7/141 [00:00<00:14,  9.48it/s]
  6%|▋         | 9/141 [00:01<00:12, 10.18it/s]
  8%|▊         | 11/141 [00:01<00:12, 10.64it/s]
  9%|▉         | 13/141 [00:01<00:11, 10.94it/s]
 11%|█         | 15/141 [00:01<00:11, 11.13it/s]
 12%|█▏        | 17/141 [00:01<00:10, 11.28it/s]
 13%|█▎        | 19/141 [00:01<00:10, 11.37it/s]
 15%|█▍        | 21/141 [00:02<00:10, 11.44it/s]
 16%|█▋        | 23/141 [00:02<00:10, 11.49it/s]
 18%|█▊        | 25/141 [00:02<00:10, 11.51it/s]
 19%|█▉        | 27/141 [00:02<00:09, 11.53it/s]
 21%|██        | 29/141 [00:02<00:09, 11.55it/s]
 22%|██▏       | 31/141 [00:02<00:09, 11.57it/s]
 23%|██▎       | 33/141 [00:03<00:09, 11.57it/s]
 25%|██▍       | 35/141 [00:03<00:09, 11.58it/s]
 26%|██▌       | 37/141 [00:03<00:08, 11.58it/s]
 28%|██▊       | 39/141 [00:03<00:08, 11.58it/s]
 29%|██▉       | 41/141 [00:03<00:08, 11.59it/s]
 30%|███       | 43/141 [00:03<00:08, 11.59it/s]
 32%|███▏      | 45/141 [00:04<00:08, 11.59it/s]
 33%|███▎      | 47/141 [00:04<00:08, 11.59it/s]
 35%|███▍      | 49/141 [00:04<00:07, 11.58it/s]
 36%|███▌      | 51/141 [00:04<00:07, 11.58it/s]
 38%|███▊      | 53/141 [00:04<00:07, 11.58it/s]
 39%|███▉      | 55/141 [00:05<00:07, 11.58it/s]
 40%|████      | 57/141 [00:05<00:07, 11.59it/s]
 42%|████▏     | 59/141 [00:05<00:07, 11.58it/s]
 43%|████▎     | 61/141 [00:05<00:06, 11.54it/s]
 45%|████▍     | 63/141 [00:05<00:06, 11.55it/s]
 46%|████▌     | 65/141 [00:05<00:06, 11.56it/s]
 48%|████▊     | 67/141 [00:06<00:06, 11.57it/s]
 49%|████▉     | 69/141 [00:06<00:06, 11.57it/s]
 50%|█████     | 71/141 [00:06<00:06, 11.56it/s]
 52%|█████▏    | 73/141 [00:06<00:05, 11.56it/s]
 53%|█████▎    | 75/141 [00:06<00:05, 11.56it/s]
 55%|█████▍    | 77/141 [00:06<00:05, 11.56it/s]
 56%|█████▌    | 79/141 [00:07<00:05, 11.56it/s]
 57%|█████▋    | 81/141 [00:07<00:05, 11.56it/s]
 59%|█████▉    | 83/141 [00:07<00:05, 11.55it/s]
 60%|██████    | 85/141 [00:07<00:04, 11.55it/s]
 62%|██████▏   | 87/141 [00:07<00:04, 11.55it/s]
 63%|██████▎   | 89/141 [00:07<00:04, 11.55it/s]
 65%|██████▍   | 91/141 [00:08<00:04, 11.55it/s]
 66%|██████▌   | 93/141 [00:08<00:04, 11.55it/s]
 67%|██████▋   | 95/141 [00:08<00:03, 11.54it/s]
 69%|██████▉   | 97/141 [00:08<00:03, 11.55it/s]
 70%|███████   | 99/141 [00:08<00:03, 11.54it/s]
 72%|███████▏  | 101/141 [00:08<00:03, 11.55it/s]
 73%|███████▎  | 103/141 [00:09<00:03, 11.55it/s]
 74%|███████▍  | 105/141 [00:09<00:03, 11.55it/s]
 76%|███████▌  | 107/141 [00:09<00:02, 11.54it/s]
 77%|███████▋  | 109/141 [00:09<00:02, 11.54it/s]
 79%|███████▊  | 111/141 [00:09<00:02, 11.55it/s]
 80%|████████  | 113/141 [00:10<00:02, 11.55it/s]
 82%|████████▏ | 115/141 [00:10<00:02, 11.55it/s]
 83%|████████▎ | 117/141 [00:10<00:02, 11.54it/s]
 84%|████████▍ | 119/141 [00:10<00:01, 11.54it/s]
 86%|████████▌ | 121/141 [00:10<00:01, 11.54it/s]
 87%|████████▋ | 123/141 [00:10<00:01, 11.54it/s]
 89%|████████▊ | 125/141 [00:11<00:01, 11.55it/s]
 90%|█████████ | 127/141 [00:11<00:01, 11.55it/s]
 91%|█████████▏| 129/141 [00:11<00:01, 11.55it/s]
 93%|█████████▎| 131/141 [00:11<00:00, 11.55it/s]
 94%|█████████▍| 133/141 [00:11<00:00, 11.54it/s]
 96%|█████████▌| 135/141 [00:11<00:00, 11.54it/s]
 97%|█████████▋| 137/141 [00:12<00:00, 11.54it/s]
 99%|█████████▊| 139/141 [00:12<00:00, 11.55it/s]
 99%|█████████▉| 140/141 [00:12<00:00, 11.27it/s]
tensor(15.4297, device='cuda:0', dtype=torch.float16)
Decoder 0 Sparsity: Key - [0.0400309553435931, 0.8999797515835323, 0.05998929315213616], Value - [0.040015961816336244, 0.9000008241504642, 0.05998321435024552]
Decoder 1 Sparsity: Key - [0.040076992745306475, 0.8999421068117128, 0.059980900522242205], Value - [0.040104712286950846, 0.8998710289069102, 0.060024258858980016]
Decoder 2 Sparsity: Key - [0.04004368069746816, 0.9000008998187721, 0.05995541948375972], Value - [0.0401050495446151, 0.8999203680254889, 0.059974582641259995]
Decoder 3 Sparsity: Key - [0.04022370064829258, 0.899785411273334, 0.059990888395419356], Value - [0.04000114483085084, 0.8999454920173536, 0.06005336352168245]
Decoder 4 Sparsity: Key - [0.040373249283285007, 0.8996912786301147, 0.05993547245648736], Value - [0.039988926195717873, 0.8999988521244509, 0.06001222202329771]
Decoder 5 Sparsity: Key - [0.04054307665490935, 0.8996023869683557, 0.05985453666736048], Value - [0.03986017173486398, 0.9001699009685652, 0.059969927560775835]
Decoder 6 Sparsity: Key - [0.040593174596627556, 0.8998445940355883, 0.05956223136778419], Value - [0.039886147365079706, 0.9002776534844797, 0.05983619946748652]
Decoder 7 Sparsity: Key - [0.041156893609263376, 0.8993196791790902, 0.059523427528692475], Value - [0.03958892853970223, 0.900358647319442, 0.06005242443148126]
Decoder 8 Sparsity: Key - [0.04128771243577308, 0.8992493765573975, 0.059462911165352406], Value - [0.039422773194651234, 0.9003523059770571, 0.060224921118917196]
Decoder 9 Sparsity: Key - [0.041712783012829775, 0.8988159666670129, 0.059471250452259754], Value - [0.03943847650860218, 0.9003739978404756, 0.06018752565092229]
Decoder 10 Sparsity: Key - [0.04163236160438957, 0.8988447603604472, 0.05952287819368619], Value - [0.03964787634446266, 0.9003080674942504, 0.06004405650475347]
Decoder 11 Sparsity: Key - [0.041056148153036195, 0.8992831652046095, 0.05966068661593376], Value - [0.03990057419906271, 0.9001144221488465, 0.05998500373135222]
Decoder 12 Sparsity: Key - [0.040366360957318166, 0.8997226911233672, 0.059910948077837624], Value - [0.03999869900603666, 0.9000704449119298, 0.05993085626697709]
Decoder 13 Sparsity: Key - [0.03987128847668357, 0.9001124032000278, 0.06001630845539113], Value - [0.040243814705956914, 0.8998932910303697, 0.05986289436935533]
Decoder 14 Sparsity: Key - [0.03884516394835837, 0.9009944682425641, 0.06016036804686201], Value - [0.04040646508124703, 0.8997650307121007, 0.05982850441801633]
Decoder 15 Sparsity: Key - [0.03940342773571082, 0.9005348530221493, 0.06006171929498091], Value - [0.04012989860477177, 0.8999641043074588, 0.05990599706134898]
Decoder 16 Sparsity: Key - [0.03923647900950824, 0.9005979510909277, 0.06016557008450758], Value - [0.04015373967006697, 0.8999472036429331, 0.059899057004045936]
Decoder 17 Sparsity: Key - [0.03923628537367422, 0.9006541041617698, 0.060109610702340485], Value - [0.040155093905562204, 0.8999513429952851, 0.05989356315199365]
Decoder 18 Sparsity: Key - [0.03973975952001328, 0.9002321966996429, 0.060028044044548735], Value - [0.040035975925254486, 0.9000468604953576, 0.05991716365864937]
Decoder 19 Sparsity: Key - [0.03976509429461567, 0.9002207094895924, 0.06001419645357639], Value - [0.040094773555901034, 0.899968148123288, 0.05993707829439048]
Decoder 20 Sparsity: Key - [0.039752319323044294, 0.9002258988982397, 0.06002178193723902], Value - [0.0400640293163188, 0.9000089308048816, 0.05992704011658405]
Decoder 21 Sparsity: Key - [0.039952620996016985, 0.9000534060153556, 0.05999397327925297], Value - [0.040072297664187476, 0.899949848229158, 0.0599778542651775]
Decoder 22 Sparsity: Key - [0.0403426318885164, 0.8998050321923926, 0.059852336051193535], Value - [0.04014114663004875, 0.8998760018788331, 0.05998285154395915]
Decoder 23 Sparsity: Key - [0.040101112599702594, 0.8999533484168086, 0.05994553930053474], Value - [0.040238103307519396, 0.8997569050349242, 0.06000499189534086]
Total Sparsity: Key - [0.040222636371164036, 0.8998944349851169, 0.05988292882205746], Value - [0.0399872824972403, 0.9000370696926794, 0.05997564799612471]
