# model: OPT-1.3B
# gpu: RTX 5080
# mode: oaken
# sequence_length: 1024
# start: 2026-05-12T19:45:58
# idle_vram: {'used_mib': 131, 'free_mib': 15701, 'total_mib': 16303}
# command: docker exec -w /workspace oaken-ae-container /opt/conda/envs/oaken/bin/python eval_perplexity.py -m opt -s 1.3b -t wikitext --max-length 1024 --stride 1024 --gpu-start-idx 0 --gpu-count 1 -q quantizer/oaken/opt-1.3b.json --quant-method oaken


  0%|          | 0/281 [00:00<?, ?it/s]= Run Configuration ===================
Model name: opt
Model size: 1.3b
Task: wikitext
Single run: False
Quantization method: oaken
Quantizer path: quantizer/oaken/opt-1.3b.json
Used GPUs: 0 - 0
=======================================
Running oaken
Max sequence length: 1024
Stride: 1024
Evaluated tokens: 287645

  0%|          | 1/281 [00:00<01:31,  3.07it/s]
  1%|▏         | 4/281 [00:00<00:27,  9.98it/s]
  2%|▏         | 7/281 [00:00<00:19, 13.83it/s]
  4%|▎         | 10/281 [00:00<00:16, 16.16it/s]
  5%|▍         | 13/281 [00:00<00:15, 17.63it/s]
  6%|▌         | 16/281 [00:01<00:14, 18.61it/s]
  7%|▋         | 19/281 [00:01<00:13, 19.26it/s]
  8%|▊         | 22/281 [00:01<00:13, 19.71it/s]
  9%|▉         | 25/281 [00:01<00:12, 20.01it/s]
 10%|▉         | 28/281 [00:01<00:12, 20.22it/s]
 11%|█         | 31/281 [00:01<00:12, 20.36it/s]
 12%|█▏        | 34/281 [00:01<00:12, 20.45it/s]
 13%|█▎        | 37/281 [00:02<00:11, 20.53it/s]
 14%|█▍        | 40/281 [00:02<00:11, 20.57it/s]
 15%|█▌        | 43/281 [00:02<00:11, 20.61it/s]
 16%|█▋        | 46/281 [00:02<00:11, 20.64it/s]
 17%|█▋        | 49/281 [00:02<00:11, 20.66it/s]
 19%|█▊        | 52/281 [00:02<00:11, 20.67it/s]
 20%|█▉        | 55/281 [00:02<00:10, 20.68it/s]
 21%|██        | 58/281 [00:03<00:10, 20.68it/s]
 22%|██▏       | 61/281 [00:03<00:10, 20.69it/s]
 23%|██▎       | 64/281 [00:03<00:10, 20.69it/s]
 24%|██▍       | 67/281 [00:03<00:10, 20.69it/s]
 25%|██▍       | 70/281 [00:03<00:10, 20.68it/s]
 26%|██▌       | 73/281 [00:03<00:10, 20.68it/s]
 27%|██▋       | 76/281 [00:03<00:09, 20.68it/s]
 28%|██▊       | 79/281 [00:04<00:09, 20.68it/s]
 29%|██▉       | 82/281 [00:04<00:09, 20.69it/s]
 30%|███       | 85/281 [00:04<00:09, 20.70it/s]
 31%|███▏      | 88/281 [00:04<00:09, 20.71it/s]
 32%|███▏      | 91/281 [00:04<00:09, 20.71it/s]
 33%|███▎      | 94/281 [00:04<00:09, 20.69it/s]
 35%|███▍      | 97/281 [00:04<00:08, 20.66it/s]
 36%|███▌      | 100/281 [00:05<00:08, 20.66it/s]
 37%|███▋      | 103/281 [00:05<00:08, 20.67it/s]
 38%|███▊      | 106/281 [00:05<00:08, 20.67it/s]
 39%|███▉      | 109/281 [00:05<00:08, 20.68it/s]
 40%|███▉      | 112/281 [00:05<00:08, 20.68it/s]
 41%|████      | 115/281 [00:05<00:08, 20.68it/s]
 42%|████▏     | 118/281 [00:05<00:07, 20.68it/s]
 43%|████▎     | 121/281 [00:06<00:07, 20.68it/s]
 44%|████▍     | 124/281 [00:06<00:07, 20.69it/s]
 45%|████▌     | 127/281 [00:06<00:07, 20.70it/s]
 46%|████▋     | 130/281 [00:06<00:07, 20.71it/s]
 47%|████▋     | 133/281 [00:06<00:07, 20.71it/s]
 48%|████▊     | 136/281 [00:06<00:07, 20.70it/s]
 49%|████▉     | 139/281 [00:06<00:06, 20.71it/s]
 51%|█████     | 142/281 [00:07<00:06, 20.71it/s]
 52%|█████▏    | 145/281 [00:07<00:06, 20.71it/s]
 53%|█████▎    | 148/281 [00:07<00:06, 20.70it/s]
 54%|█████▎    | 151/281 [00:07<00:06, 20.71it/s]
 55%|█████▍    | 154/281 [00:07<00:06, 20.71it/s]
 56%|█████▌    | 157/281 [00:07<00:05, 20.70it/s]
 57%|█████▋    | 160/281 [00:08<00:05, 20.70it/s]
 58%|█████▊    | 163/281 [00:08<00:05, 20.71it/s]
 59%|█████▉    | 166/281 [00:08<00:05, 20.71it/s]
 60%|██████    | 169/281 [00:08<00:05, 20.72it/s]
 61%|██████    | 172/281 [00:08<00:05, 20.71it/s]
 62%|██████▏   | 175/281 [00:08<00:05, 20.62it/s]
 63%|██████▎   | 178/281 [00:08<00:04, 20.64it/s]
 64%|██████▍   | 181/281 [00:09<00:04, 20.65it/s]
 65%|██████▌   | 184/281 [00:09<00:04, 20.66it/s]
 67%|██████▋   | 187/281 [00:09<00:04, 20.68it/s]
 68%|██████▊   | 190/281 [00:09<00:04, 20.68it/s]
 69%|██████▊   | 193/281 [00:09<00:04, 20.68it/s]
 70%|██████▉   | 196/281 [00:09<00:04, 20.68it/s]
 71%|███████   | 199/281 [00:09<00:03, 20.68it/s]
 72%|███████▏  | 202/281 [00:10<00:03, 20.67it/s]
 73%|███████▎  | 205/281 [00:10<00:03, 20.68it/s]
 74%|███████▍  | 208/281 [00:10<00:03, 20.69it/s]
 75%|███████▌  | 211/281 [00:10<00:03, 20.69it/s]
 76%|███████▌  | 214/281 [00:10<00:03, 20.69it/s]
 77%|███████▋  | 217/281 [00:10<00:03, 20.68it/s]
 78%|███████▊  | 220/281 [00:10<00:02, 20.67it/s]
 79%|███████▉  | 223/281 [00:11<00:02, 20.68it/s]
 80%|████████  | 226/281 [00:11<00:02, 20.68it/s]
 81%|████████▏ | 229/281 [00:11<00:02, 20.69it/s]
 83%|████████▎ | 232/281 [00:11<00:02, 20.69it/s]
 84%|████████▎ | 235/281 [00:11<00:02, 20.69it/s]
 85%|████████▍ | 238/281 [00:11<00:02, 20.68it/s]
 86%|████████▌ | 241/281 [00:11<00:01, 20.68it/s]
 87%|████████▋ | 244/281 [00:12<00:01, 20.68it/s]
 88%|████████▊ | 247/281 [00:12<00:01, 20.68it/s]
 89%|████████▉ | 250/281 [00:12<00:01, 20.69it/s]
 90%|█████████ | 253/281 [00:12<00:01, 20.69it/s]
 91%|█████████ | 256/281 [00:12<00:01, 20.69it/s]
 92%|█████████▏| 259/281 [00:12<00:01, 20.68it/s]
 93%|█████████▎| 262/281 [00:12<00:00, 20.69it/s]
 94%|█████████▍| 265/281 [00:13<00:00, 20.69it/s]
 95%|█████████▌| 268/281 [00:13<00:00, 20.70it/s]
 96%|█████████▋| 271/281 [00:13<00:00, 20.70it/s]
 98%|█████████▊| 274/281 [00:13<00:00, 20.70it/s]
 99%|█████████▊| 277/281 [00:13<00:00, 20.70it/s]
100%|█████████▉| 280/281 [00:13<00:00, 20.69it/s]
100%|█████████▉| 280/281 [00:13<00:00, 20.21it/s]
tensor(17.5938, device='cuda:0', dtype=torch.float16)
Decoder 0 Sparsity: Key - [0.032544273883104324, 0.9048270693453181, 0.06262865681134933], Value - [0.039263472716685295, 0.9007275121491999, 0.06000901529320194]
Decoder 1 Sparsity: Key - [0.043709440017616195, 0.8997301925968021, 0.0565603674253535], Value - [0.038484801667546885, 0.8994837074517356, 0.06203149090723211]
Decoder 2 Sparsity: Key - [0.03327374626945346, 0.9103840998907531, 0.05634215383979349], Value - [0.04039447123575889, 0.8997355572269481, 0.05986997164335115]
Decoder 3 Sparsity: Key - [0.03758196849574822, 0.906281354588546, 0.05613667707479297], Value - [0.040480965489912715, 0.8997577863655905, 0.05976124833009845]
Decoder 4 Sparsity: Key - [0.043453598375104076, 0.8980041498391229, 0.05854225197137463], Value - [0.04000476547566597, 0.9001088836014907, 0.05988635109518771]
Decoder 5 Sparsity: Key - [0.04245985563168322, 0.8993546653048423, 0.05818547920930428], Value - [0.039995869336603374, 0.9000057423242046, 0.0599983884717646]
Decoder 6 Sparsity: Key - [0.04235716066008361, 0.9003809278970087, 0.05726191144290768], Value - [0.03957179133047837, 0.9004099996912946, 0.060018209137314156]
Decoder 7 Sparsity: Key - [0.043667933111513214, 0.9011897845624605, 0.05514228248511345], Value - [0.0395035779242838, 0.9002395240437517, 0.06025689817779429]
Decoder 8 Sparsity: Key - [0.04044424906850285, 0.903679152188352, 0.055876598822688715], Value - [0.03915329542660628, 0.9003191760002082, 0.06052752871901539]
Decoder 9 Sparsity: Key - [0.04359852382084653, 0.8995915697986969, 0.056809906446742844], Value - [0.038983226525083556, 0.9004499019252872, 0.06056687154962923]
Decoder 10 Sparsity: Key - [0.046507500324172904, 0.8977275764390668, 0.05576492331630394], Value - [0.039580159114667106, 0.900128381320166, 0.060291459737511294]
Decoder 11 Sparsity: Key - [0.04612867116556897, 0.8981906754690557, 0.05568065335211805], Value - [0.03987417310423274, 0.899846147812134, 0.06027967912340504]
Decoder 12 Sparsity: Key - [0.04857122031076947, 0.8961863152921412, 0.055242464476632905], Value - [0.039989359570779835, 0.8996861095530283, 0.060324530968992734]
Decoder 13 Sparsity: Key - [0.051978203723227, 0.8938878638888593, 0.05413393245419998], Value - [0.04009129891828286, 0.8996930837206993, 0.06021561741404686]
Decoder 14 Sparsity: Key - [0.050858848154863, 0.894510074866624, 0.05463107709782828], Value - [0.03978189686810419, 0.8998787458256895, 0.06033935741226444]
Decoder 15 Sparsity: Key - [0.055728977340608304, 0.888814487491214, 0.055456535194692236], Value - [0.03928822740329118, 0.9002144497908732, 0.060497322792578426]
Decoder 16 Sparsity: Key - [0.05642327688819997, 0.8893220450106041, 0.05425467819399681], Value - [0.03909275431543907, 0.9002944990409226, 0.0606127468027254]
Decoder 17 Sparsity: Key - [0.053249075001244865, 0.89077034009309, 0.05598058502498046], Value - [0.039344962049951755, 0.900145440763426, 0.06050959721313677]
Decoder 18 Sparsity: Key - [0.05148508808048594, 0.8912238718351859, 0.0572910402169007], Value - [0.039833612382093785, 0.8997489852413164, 0.06041740241636161]
Decoder 19 Sparsity: Key - [0.05229654096835873, 0.890430824188151, 0.05727263496280565], Value - [0.04053409527523238, 0.899175119145485, 0.06029078556602536]
Decoder 20 Sparsity: Key - [0.053759013193251826, 0.8895742159297033, 0.05666677095658838], Value - [0.04072232543096423, 0.8991878492976423, 0.060089825390708826]
Decoder 21 Sparsity: Key - [0.04702790162370298, 0.8948531818983818, 0.058118916623745104], Value - [0.040751037370161655, 0.8990248912594072, 0.06022407144997468]
Decoder 22 Sparsity: Key - [0.042735560495552216, 0.9005958976694698, 0.05666854190126433], Value - [0.04124159171010676, 0.8986331512919524, 0.06012525702445533]
Decoder 23 Sparsity: Key - [0.0391697766809489, 0.9027178550530158, 0.05811236842512236], Value - [0.04142405987581324, 0.8985204917256094, 0.060055448517892705]
Total Sparsity: Key - [0.045792100136858783, 0.8975928412973526, 0.056615058655275], Value - [0.039891074604906075, 0.8998089640236695, 0.06029996146477785]
