# model: OPT-1.3B
# gpu: RTX 5080
# mode: oaken
# sequence_length: 512
# start: 2026-05-12T19:45:15
# idle_vram: {'used_mib': 131, 'free_mib': 15701, 'total_mib': 16303}
# command: docker exec -w /workspace oaken-ae-container /opt/conda/envs/oaken/bin/python eval_perplexity.py -m opt -s 1.3b -t wikitext --max-length 512 --stride 512 --gpu-start-idx 0 --gpu-count 1 -q quantizer/oaken/opt-1.3b.json --quant-method oaken

= Run Configuration ===================
Model name: opt
Model size: 1.3b
Task: wikitext
Single run: False
Quantization method: oaken
Quantizer path: quantizer/oaken/opt-1.3b.json
Used GPUs: 0 - 0
=======================================
Running oaken
Max sequence length: 512
Stride: 512
Evaluated tokens: 287645

  0%|          | 0/562 [00:00<?, ?it/s]
  0%|          | 1/562 [00:00<02:55,  3.20it/s]
  1%|          | 5/562 [00:00<00:40, 13.78it/s]
  2%|▏         | 9/562 [00:00<00:27, 20.18it/s]
  2%|▏         | 13/562 [00:00<00:22, 24.27it/s]
  3%|▎         | 17/562 [00:00<00:20, 26.92it/s]
  4%|▎         | 21/562 [00:00<00:18, 28.71it/s]
  4%|▍         | 25/562 [00:01<00:17, 29.94it/s]
  5%|▌         | 29/562 [00:01<00:17, 30.77it/s]
  6%|▌         | 33/562 [00:01<00:16, 31.36it/s]
  7%|▋         | 37/562 [00:01<00:16, 31.77it/s]
  7%|▋         | 41/562 [00:01<00:16, 31.99it/s]
  8%|▊         | 45/562 [00:01<00:16, 32.18it/s]
  9%|▊         | 49/562 [00:01<00:15, 32.34it/s]
  9%|▉         | 53/562 [00:01<00:15, 32.44it/s]
 10%|█         | 57/562 [00:02<00:15, 32.50it/s]
 11%|█         | 61/562 [00:02<00:15, 32.52it/s]
 12%|█▏        | 65/562 [00:02<00:15, 32.53it/s]
 12%|█▏        | 69/562 [00:02<00:15, 32.56it/s]
 13%|█▎        | 73/562 [00:02<00:15, 32.59it/s]
 14%|█▎        | 77/562 [00:02<00:14, 32.62it/s]
 14%|█▍        | 81/562 [00:02<00:14, 32.65it/s]
 15%|█▌        | 85/562 [00:02<00:14, 32.67it/s]
 16%|█▌        | 89/562 [00:03<00:14, 32.67it/s]
 17%|█▋        | 93/562 [00:03<00:14, 32.65it/s]
 17%|█▋        | 97/562 [00:03<00:14, 32.63it/s]
 18%|█▊        | 101/562 [00:03<00:14, 32.64it/s]
 19%|█▊        | 105/562 [00:03<00:14, 32.63it/s]
 19%|█▉        | 109/562 [00:03<00:13, 32.64it/s]
 20%|██        | 113/562 [00:03<00:13, 32.68it/s]
 21%|██        | 117/562 [00:03<00:13, 32.71it/s]
 22%|██▏       | 121/562 [00:03<00:13, 32.72it/s]
 22%|██▏       | 125/562 [00:04<00:13, 32.71it/s]
 23%|██▎       | 129/562 [00:04<00:13, 32.66it/s]
 24%|██▎       | 133/562 [00:04<00:13, 32.65it/s]
 24%|██▍       | 137/562 [00:04<00:13, 32.65it/s]
 25%|██▌       | 141/562 [00:04<00:12, 32.65it/s]
 26%|██▌       | 145/562 [00:04<00:12, 32.66it/s]
 27%|██▋       | 149/562 [00:04<00:12, 32.68it/s]
 27%|██▋       | 153/562 [00:04<00:12, 32.71it/s]
 28%|██▊       | 157/562 [00:05<00:12, 32.70it/s]
 29%|██▊       | 161/562 [00:05<00:12, 32.66it/s]
 29%|██▉       | 165/562 [00:05<00:12, 32.64it/s]
 30%|███       | 169/562 [00:05<00:12, 32.65it/s]
 31%|███       | 173/562 [00:05<00:11, 32.65it/s]
 31%|███▏      | 177/562 [00:05<00:11, 32.62it/s]
 32%|███▏      | 181/562 [00:05<00:11, 32.61it/s]
 33%|███▎      | 185/562 [00:05<00:11, 32.64it/s]
 34%|███▎      | 189/562 [00:06<00:11, 32.62it/s]
 34%|███▍      | 193/562 [00:06<00:11, 32.61it/s]
 35%|███▌      | 197/562 [00:06<00:11, 32.60it/s]
 36%|███▌      | 201/562 [00:06<00:11, 32.60it/s]
 36%|███▋      | 205/562 [00:06<00:10, 32.60it/s]
 37%|███▋      | 209/562 [00:06<00:10, 32.61it/s]
 38%|███▊      | 213/562 [00:06<00:10, 32.63it/s]
 39%|███▊      | 217/562 [00:06<00:10, 32.64it/s]
 39%|███▉      | 221/562 [00:07<00:10, 32.65it/s]
 40%|████      | 225/562 [00:07<00:10, 32.61it/s]
 41%|████      | 229/562 [00:07<00:10, 32.59it/s]
 41%|████▏     | 233/562 [00:07<00:10, 32.59it/s]
 42%|████▏     | 237/562 [00:07<00:09, 32.59it/s]
 43%|████▎     | 241/562 [00:07<00:09, 32.63it/s]
 44%|████▎     | 245/562 [00:07<00:09, 32.65it/s]
 44%|████▍     | 249/562 [00:07<00:09, 32.65it/s]
 45%|████▌     | 253/562 [00:08<00:09, 32.67it/s]
 46%|████▌     | 257/562 [00:08<00:09, 32.64it/s]
 46%|████▋     | 261/562 [00:08<00:09, 32.62it/s]
 47%|████▋     | 265/562 [00:08<00:09, 32.59it/s]
 48%|████▊     | 269/562 [00:08<00:08, 32.58it/s]
 49%|████▊     | 273/562 [00:08<00:08, 32.62it/s]
 49%|████▉     | 277/562 [00:08<00:08, 32.62it/s]
 50%|█████     | 281/562 [00:08<00:08, 32.63it/s]
 51%|█████     | 285/562 [00:09<00:08, 32.65it/s]
 51%|█████▏    | 289/562 [00:09<00:08, 32.63it/s]
 52%|█████▏    | 293/562 [00:09<00:08, 32.59it/s]
 53%|█████▎    | 297/562 [00:09<00:08, 32.58it/s]
 54%|█████▎    | 301/562 [00:09<00:08, 32.55it/s]
 54%|█████▍    | 305/562 [00:09<00:07, 32.59it/s]
 55%|█████▍    | 309/562 [00:09<00:07, 32.56it/s]
 56%|█████▌    | 313/562 [00:09<00:07, 32.59it/s]
 56%|█████▋    | 317/562 [00:09<00:07, 32.60it/s]
 57%|█████▋    | 321/562 [00:10<00:07, 32.59it/s]
 58%|█████▊    | 325/562 [00:10<00:07, 32.56it/s]
 59%|█████▊    | 329/562 [00:10<00:07, 32.54it/s]
 59%|█████▉    | 333/562 [00:10<00:07, 32.56it/s]
 60%|█████▉    | 337/562 [00:10<00:06, 32.56it/s]
 61%|██████    | 341/562 [00:10<00:06, 32.56it/s]
 61%|██████▏   | 345/562 [00:10<00:06, 32.57it/s]
 62%|██████▏   | 349/562 [00:10<00:06, 32.59it/s]
 63%|██████▎   | 353/562 [00:11<00:06, 32.59it/s]
 64%|██████▎   | 357/562 [00:11<00:06, 32.57it/s]
 64%|██████▍   | 361/562 [00:11<00:06, 32.58it/s]
 65%|██████▍   | 365/562 [00:11<00:06, 32.57it/s]
 66%|██████▌   | 369/562 [00:11<00:05, 32.57it/s]
 66%|██████▋   | 373/562 [00:11<00:05, 32.58it/s]
 67%|██████▋   | 377/562 [00:11<00:05, 32.62it/s]
 68%|██████▊   | 381/562 [00:11<00:05, 32.62it/s]
 69%|██████▊   | 385/562 [00:12<00:05, 32.61it/s]
 69%|██████▉   | 389/562 [00:12<00:05, 32.59it/s]
 70%|██████▉   | 393/562 [00:12<00:05, 32.57it/s]
 71%|███████   | 397/562 [00:12<00:05, 32.57it/s]
 71%|███████▏  | 401/562 [00:12<00:04, 32.55it/s]
 72%|███████▏  | 405/562 [00:12<00:04, 32.56it/s]
 73%|███████▎  | 409/562 [00:12<00:04, 32.55it/s]
 73%|███████▎  | 413/562 [00:12<00:04, 32.56it/s]
 74%|███████▍  | 417/562 [00:13<00:04, 32.59it/s]
 75%|███████▍  | 421/562 [00:13<00:04, 32.56it/s]
 76%|███████▌  | 425/562 [00:13<00:04, 32.58it/s]
 76%|███████▋  | 429/562 [00:13<00:04, 32.57it/s]
 77%|███████▋  | 433/562 [00:13<00:03, 32.59it/s]
 78%|███████▊  | 437/562 [00:13<00:03, 32.60it/s]
 78%|███████▊  | 441/562 [00:13<00:03, 32.61it/s]
 79%|███████▉  | 445/562 [00:13<00:03, 32.61it/s]
 80%|███████▉  | 449/562 [00:14<00:03, 32.61it/s]
 81%|████████  | 453/562 [00:14<00:03, 32.57it/s]
 81%|████████▏ | 457/562 [00:14<00:03, 32.54it/s]
 82%|████████▏ | 461/562 [00:14<00:03, 32.55it/s]
 83%|████████▎ | 465/562 [00:14<00:02, 32.56it/s]
 83%|████████▎ | 469/562 [00:14<00:02, 32.57it/s]
 84%|████████▍ | 473/562 [00:14<00:02, 32.59it/s]
 85%|████████▍ | 477/562 [00:14<00:02, 32.62it/s]
 86%|████████▌ | 481/562 [00:15<00:02, 32.63it/s]
 86%|████████▋ | 485/562 [00:15<00:02, 32.61it/s]
 87%|████████▋ | 489/562 [00:15<00:02, 32.55it/s]
 88%|████████▊ | 493/562 [00:15<00:02, 32.54it/s]
 88%|████████▊ | 497/562 [00:15<00:01, 32.51it/s]
 89%|████████▉ | 501/562 [00:15<00:01, 32.53it/s]
 90%|████████▉ | 505/562 [00:15<00:01, 32.54it/s]
 91%|█████████ | 509/562 [00:15<00:01, 32.51it/s]
 91%|█████████▏| 513/562 [00:16<00:01, 32.53it/s]
 92%|█████████▏| 517/562 [00:16<00:01, 32.55it/s]
 93%|█████████▎| 521/562 [00:16<00:01, 32.55it/s]
 93%|█████████▎| 525/562 [00:16<00:01, 32.56it/s]
 94%|█████████▍| 529/562 [00:16<00:01, 32.57it/s]
 95%|█████████▍| 533/562 [00:16<00:00, 32.58it/s]
 96%|█████████▌| 537/562 [00:16<00:00, 32.58it/s]
 96%|█████████▋| 541/562 [00:16<00:00, 32.60it/s]
 97%|█████████▋| 545/562 [00:16<00:00, 32.61it/s]
 98%|█████████▊| 549/562 [00:17<00:00, 32.62it/s]
 98%|█████████▊| 553/562 [00:17<00:00, 32.58it/s]
 99%|█████████▉| 557/562 [00:17<00:00, 32.58it/s]
100%|█████████▉| 561/562 [00:17<00:00, 32.56it/s]
100%|█████████▉| 561/562 [00:17<00:00, 32.03it/s]
tensor(21.0938, device='cuda:0', dtype=torch.float16)
Decoder 0 Sparsity: Key - [0.028268946835181254, 0.9077041214895418, 0.06402693178464934], Value - [0.03795389972918823, 0.901529004141105, 0.06051709618273579]
Decoder 1 Sparsity: Key - [0.04278306637847551, 0.9014355484064788, 0.0557813852548175], Value - [0.0385835939269261, 0.899102958601989, 0.06231344752411401]
Decoder 2 Sparsity: Key - [0.037551635909441106, 0.9069432492145865, 0.055505114915744266], Value - [0.040555817098273925, 0.8992691528966843, 0.06017503007132812]
Decoder 3 Sparsity: Key - [0.0541876802930204, 0.8938772322020072, 0.05193508762428769], Value - [0.04157134770578125, 0.898548830022167, 0.05987982232508074]
Decoder 4 Sparsity: Key - [0.05704968653327629, 0.8886157159703482, 0.05433459757591906], Value - [0.041149344785781944, 0.8988594690675837, 0.05999118621954926]
Decoder 5 Sparsity: Key - [0.055942537952413336, 0.8885819819686251, 0.055475480105476024], Value - [0.040787227199913345, 0.8989207750961874, 0.06029199780995736]
Decoder 6 Sparsity: Key - [0.05390329338822288, 0.8996568973378355, 0.04643980939325701], Value - [0.040018947967377844, 0.899632049412914, 0.06034900267936581]
Decoder 7 Sparsity: Key - [0.061295017878461984, 0.8973006552012366, 0.041404326946815985], Value - [0.04013718410769603, 0.8994234889427538, 0.06043932700920784]
Decoder 8 Sparsity: Key - [0.058726371408463374, 0.9009325777932843, 0.04034105092419636], Value - [0.039617843872923865, 0.8996225626231088, 0.06075959354373908]
Decoder 9 Sparsity: Key - [0.06630382714693657, 0.8934231316703919, 0.04027304122907199], Value - [0.03920882874006054, 0.8999112495536058, 0.06087992182564905]
Decoder 10 Sparsity: Key - [0.07669295646329792, 0.8835455031793736, 0.0397615404236147], Value - [0.03995332435383279, 0.8994557942359898, 0.06059088150297832]
Decoder 11 Sparsity: Key - [0.07785143175583294, 0.8796523852916799, 0.04249618297900169], Value - [0.039991928277755974, 0.8993494141568493, 0.06065865760516654]
Decoder 12 Sparsity: Key - [0.0796312598703807, 0.8792365133974476, 0.04113222675868625], Value - [0.039614540335864784, 0.8994895764941423, 0.06089588327605105]
Decoder 13 Sparsity: Key - [0.08516079803855818, 0.8765932922897814, 0.038245909771089874], Value - [0.03926566086073151, 0.8999091802542745, 0.06082515891813723]
Decoder 14 Sparsity: Key - [0.08381678551117297, 0.8737421213944188, 0.04244109318720913], Value - [0.03855996224300081, 0.9003094406102475, 0.061130597252809706]
Decoder 15 Sparsity: Key - [0.08999185901784812, 0.8626708885740979, 0.04733725247434026], Value - [0.037906595933320686, 0.9007398698253564, 0.06135353428772336]
Decoder 16 Sparsity: Key - [0.08795856783875791, 0.867512831908528, 0.044528600299114436], Value - [0.03741716686304778, 0.9009776527983439, 0.061605180411523346]
Decoder 17 Sparsity: Key - [0.08299430458412052, 0.8687970695546513, 0.048208625947400344], Value - [0.03777697721489596, 0.9008255132152516, 0.06139750963613868]
Decoder 18 Sparsity: Key - [0.07120138612241084, 0.8759243216803065, 0.05287429230334072], Value - [0.03912866409881259, 0.8997151096520475, 0.061156226368455274]
Decoder 19 Sparsity: Key - [0.06768670556171934, 0.8784859701195645, 0.053827324431402826], Value - [0.04033964866394462, 0.8987790824467601, 0.06088126898872471]
Decoder 20 Sparsity: Key - [0.06913672719031466, 0.877670294873655, 0.05319297804208837], Value - [0.04081911205900734, 0.8985738840179511, 0.06060700398269921]
Decoder 21 Sparsity: Key - [0.05310296279202577, 0.8899616631960954, 0.05693537407153654], Value - [0.04096527524902303, 0.8981796102167449, 0.06085511465354746]
Decoder 22 Sparsity: Key - [0.04421372269528828, 0.8993622139891696, 0.056424063388457076], Value - [0.041761254898381825, 0.8974696081728274, 0.060769137041477544]
Decoder 23 Sparsity: Key - [0.038973124949692406, 0.9029931465289771, 0.058033728554473654], Value - [0.04194569991391112, 0.8972501709155765, 0.060804129269941845]
Total Sparsity: Key - [0.06351769400480474, 0.8872758053013369, 0.04920650076608297], Value - [0.03979291025414391, 0.8994101436404357, 0.060796946182754226]
