# model: OPT-1.3B
# gpu: RTX 5080
# mode: oaken
# sequence_length: 128
# start: 2026-05-12T19:43:09
# idle_vram: {'used_mib': 131, 'free_mib': 15701, 'total_mib': 16303}
# command: docker exec -w /workspace oaken-ae-container /opt/conda/envs/oaken/bin/python eval_perplexity.py -m opt -s 1.3b -t wikitext --max-length 128 --stride 128 --gpu-start-idx 0 --gpu-count 1 -q quantizer/oaken/opt-1.3b.json --quant-method oaken


  0%|          | 0/2248 [00:00<?, ?it/s]= Run Configuration ===================
Model name: opt
Model size: 1.3b
Task: wikitext
Single run: False
Quantization method: oaken
Quantizer path: quantizer/oaken/opt-1.3b.json
Used GPUs: 0 - 0
=======================================
Running oaken
Max sequence length: 128
Stride: 128
Evaluated tokens: 287645

  0%|          | 1/2248 [00:00<11:17,  3.32it/s]
  0%|          | 6/2248 [00:00<02:05, 17.92it/s]
  0%|          | 11/2248 [00:00<01:21, 27.53it/s]
  1%|          | 16/2248 [00:00<01:05, 33.99it/s]
  1%|          | 21/2248 [00:00<00:58, 38.29it/s]
  1%|          | 26/2248 [00:00<00:53, 41.16it/s]
  1%|▏         | 31/2248 [00:00<00:51, 43.18it/s]
  2%|▏         | 36/2248 [00:01<00:49, 44.60it/s]
  2%|▏         | 41/2248 [00:01<00:48, 45.62it/s]
  2%|▏         | 46/2248 [00:01<00:47, 46.47it/s]
  2%|▏         | 51/2248 [00:01<00:46, 47.04it/s]
  2%|▏         | 56/2248 [00:01<00:46, 47.41it/s]
  3%|▎         | 61/2248 [00:01<00:45, 47.74it/s]
  3%|▎         | 66/2248 [00:01<00:45, 47.96it/s]
  3%|▎         | 71/2248 [00:01<00:45, 48.03it/s]
  3%|▎         | 76/2248 [00:01<00:45, 47.98it/s]
  4%|▎         | 81/2248 [00:01<00:45, 47.98it/s]
  4%|▍         | 86/2248 [00:02<00:45, 47.98it/s]
  4%|▍         | 91/2248 [00:02<00:44, 47.95it/s]
  4%|▍         | 96/2248 [00:02<00:44, 47.86it/s]
  4%|▍         | 101/2248 [00:02<00:44, 47.87it/s]
  5%|▍         | 106/2248 [00:02<00:44, 47.92it/s]
  5%|▍         | 111/2248 [00:02<00:44, 48.02it/s]
  5%|▌         | 116/2248 [00:02<00:44, 48.12it/s]
  5%|▌         | 121/2248 [00:02<00:44, 48.11it/s]
  6%|▌         | 126/2248 [00:02<00:44, 48.09it/s]
  6%|▌         | 131/2248 [00:03<00:43, 48.13it/s]
  6%|▌         | 136/2248 [00:03<00:44, 47.99it/s]
  6%|▋         | 141/2248 [00:03<00:43, 48.06it/s]
  6%|▋         | 146/2248 [00:03<00:43, 48.02it/s]
  7%|▋         | 151/2248 [00:03<00:43, 47.91it/s]
  7%|▋         | 156/2248 [00:03<00:43, 47.89it/s]
  7%|▋         | 161/2248 [00:03<00:43, 47.91it/s]
  7%|▋         | 166/2248 [00:03<00:43, 47.89it/s]
  8%|▊         | 171/2248 [00:03<00:43, 47.88it/s]
  8%|▊         | 176/2248 [00:03<00:43, 47.88it/s]
  8%|▊         | 181/2248 [00:04<00:43, 47.97it/s]
  8%|▊         | 186/2248 [00:04<00:43, 47.93it/s]
  8%|▊         | 191/2248 [00:04<00:42, 47.97it/s]
  9%|▊         | 196/2248 [00:04<00:42, 47.94it/s]
  9%|▉         | 201/2248 [00:04<00:42, 47.96it/s]
  9%|▉         | 206/2248 [00:04<00:42, 48.08it/s]
  9%|▉         | 211/2248 [00:04<00:42, 48.10it/s]
 10%|▉         | 216/2248 [00:04<00:42, 48.05it/s]
 10%|▉         | 221/2248 [00:04<00:42, 47.98it/s]
 10%|█         | 226/2248 [00:04<00:42, 48.04it/s]
 10%|█         | 231/2248 [00:05<00:41, 48.05it/s]
 10%|█         | 236/2248 [00:05<00:41, 47.99it/s]
 11%|█         | 241/2248 [00:05<00:41, 47.97it/s]
 11%|█         | 246/2248 [00:05<00:41, 48.08it/s]
 11%|█         | 251/2248 [00:05<00:41, 48.09it/s]
 11%|█▏        | 256/2248 [00:05<00:41, 48.11it/s]
 12%|█▏        | 261/2248 [00:05<00:41, 48.11it/s]
 12%|█▏        | 266/2248 [00:05<00:41, 47.97it/s]
 12%|█▏        | 271/2248 [00:05<00:41, 47.95it/s]
 12%|█▏        | 276/2248 [00:06<00:41, 47.95it/s]
 12%|█▎        | 281/2248 [00:06<00:41, 47.93it/s]
 13%|█▎        | 286/2248 [00:06<00:40, 47.91it/s]
 13%|█▎        | 291/2248 [00:06<00:40, 47.93it/s]
 13%|█▎        | 296/2248 [00:06<00:40, 48.01it/s]
 13%|█▎        | 301/2248 [00:06<00:40, 48.13it/s]
 14%|█▎        | 306/2248 [00:06<00:40, 48.08it/s]
 14%|█▍        | 311/2248 [00:06<00:40, 48.03it/s]
 14%|█▍        | 316/2248 [00:06<00:40, 47.96it/s]
 14%|█▍        | 321/2248 [00:06<00:40, 48.03it/s]
 15%|█▍        | 326/2248 [00:07<00:39, 48.08it/s]
 15%|█▍        | 331/2248 [00:07<00:39, 48.12it/s]
 15%|█▍        | 336/2248 [00:07<00:39, 48.07it/s]
 15%|█▌        | 341/2248 [00:07<00:39, 48.02it/s]
 15%|█▌        | 346/2248 [00:07<00:39, 47.97it/s]
 16%|█▌        | 351/2248 [00:07<00:39, 47.96it/s]
 16%|█▌        | 356/2248 [00:07<00:39, 47.95it/s]
 16%|█▌        | 361/2248 [00:07<00:39, 47.87it/s]
 16%|█▋        | 366/2248 [00:07<00:39, 47.86it/s]
 17%|█▋        | 371/2248 [00:08<00:39, 47.84it/s]
 17%|█▋        | 376/2248 [00:08<00:39, 47.85it/s]
 17%|█▋        | 381/2248 [00:08<00:38, 47.91it/s]
 17%|█▋        | 386/2248 [00:08<00:38, 47.96it/s]
 17%|█▋        | 391/2248 [00:08<00:38, 48.06it/s]
 18%|█▊        | 396/2248 [00:08<00:38, 48.15it/s]
 18%|█▊        | 401/2248 [00:08<00:38, 48.26it/s]
 18%|█▊        | 406/2248 [00:08<00:38, 48.29it/s]
 18%|█▊        | 411/2248 [00:08<00:38, 48.09it/s]
 19%|█▊        | 416/2248 [00:08<00:38, 47.93it/s]
 19%|█▊        | 421/2248 [00:09<00:38, 47.88it/s]
 19%|█▉        | 426/2248 [00:09<00:38, 47.92it/s]
 19%|█▉        | 431/2248 [00:09<00:37, 48.00it/s]
 19%|█▉        | 436/2248 [00:09<00:37, 47.97it/s]
 20%|█▉        | 441/2248 [00:09<00:37, 48.03it/s]
 20%|█▉        | 446/2248 [00:09<00:37, 48.13it/s]
 20%|██        | 451/2248 [00:09<00:37, 48.13it/s]
 20%|██        | 456/2248 [00:09<00:37, 47.94it/s]
 21%|██        | 461/2248 [00:09<00:37, 47.86it/s]
 21%|██        | 466/2248 [00:09<00:37, 47.92it/s]
 21%|██        | 471/2248 [00:10<00:37, 47.84it/s]
 21%|██        | 476/2248 [00:10<00:37, 47.84it/s]
 21%|██▏       | 481/2248 [00:10<00:36, 47.86it/s]
 22%|██▏       | 486/2248 [00:10<00:36, 47.89it/s]
 22%|██▏       | 491/2248 [00:10<00:36, 47.94it/s]
 22%|██▏       | 496/2248 [00:10<00:36, 48.08it/s]
 22%|██▏       | 501/2248 [00:10<00:36, 48.10it/s]
 23%|██▎       | 506/2248 [00:10<00:36, 47.95it/s]
 23%|██▎       | 511/2248 [00:10<00:36, 47.90it/s]
 23%|██▎       | 516/2248 [00:11<00:36, 47.93it/s]
 23%|██▎       | 521/2248 [00:11<00:36, 47.97it/s]
 23%|██▎       | 526/2248 [00:11<00:35, 48.12it/s]
 24%|██▎       | 531/2248 [00:11<00:35, 48.16it/s]
 24%|██▍       | 536/2248 [00:11<00:35, 48.17it/s]
 24%|██▍       | 541/2248 [00:11<00:35, 48.14it/s]
 24%|██▍       | 546/2248 [00:11<00:35, 48.12it/s]
 25%|██▍       | 551/2248 [00:11<00:35, 47.98it/s]
 25%|██▍       | 556/2248 [00:11<00:35, 47.88it/s]
 25%|██▍       | 561/2248 [00:11<00:35, 47.96it/s]
 25%|██▌       | 566/2248 [00:12<00:35, 47.88it/s]
 25%|██▌       | 571/2248 [00:12<00:34, 47.95it/s]
 26%|██▌       | 576/2248 [00:12<00:34, 47.94it/s]
 26%|██▌       | 581/2248 [00:12<00:34, 47.90it/s]
 26%|██▌       | 586/2248 [00:12<00:34, 48.01it/s]
 26%|██▋       | 591/2248 [00:12<00:34, 47.99it/s]
 27%|██▋       | 596/2248 [00:12<00:34, 48.08it/s]
 27%|██▋       | 601/2248 [00:12<00:34, 47.90it/s]
 27%|██▋       | 606/2248 [00:12<00:34, 47.84it/s]
 27%|██▋       | 611/2248 [00:13<00:34, 47.90it/s]
 27%|██▋       | 616/2248 [00:13<00:34, 47.86it/s]
 28%|██▊       | 621/2248 [00:13<00:33, 47.96it/s]
 28%|██▊       | 626/2248 [00:13<00:33, 48.06it/s]
 28%|██▊       | 631/2248 [00:13<00:33, 48.06it/s]
 28%|██▊       | 636/2248 [00:13<00:33, 48.16it/s]
 29%|██▊       | 641/2248 [00:13<00:33, 48.08it/s]
 29%|██▊       | 646/2248 [00:13<00:33, 48.06it/s]
 29%|██▉       | 651/2248 [00:13<00:33, 47.91it/s]
 29%|██▉       | 656/2248 [00:13<00:33, 47.84it/s]
 29%|██▉       | 661/2248 [00:14<00:33, 47.83it/s]
 30%|██▉       | 666/2248 [00:14<00:33, 47.81it/s]
 30%|██▉       | 671/2248 [00:14<00:33, 47.77it/s]
 30%|███       | 676/2248 [00:14<00:32, 47.83it/s]
 30%|███       | 681/2248 [00:14<00:32, 47.96it/s]
 31%|███       | 686/2248 [00:14<00:32, 48.00it/s]
 31%|███       | 691/2248 [00:14<00:32, 48.02it/s]
 31%|███       | 696/2248 [00:14<00:32, 47.97it/s]
 31%|███       | 701/2248 [00:14<00:32, 47.81it/s]
 31%|███▏      | 706/2248 [00:14<00:32, 47.83it/s]
 32%|███▏      | 711/2248 [00:15<00:32, 47.87it/s]
 32%|███▏      | 716/2248 [00:15<00:32, 47.87it/s]
 32%|███▏      | 721/2248 [00:15<00:31, 47.92it/s]
 32%|███▏      | 726/2248 [00:15<00:31, 47.93it/s]
 33%|███▎      | 731/2248 [00:15<00:31, 48.01it/s]
 33%|███▎      | 736/2248 [00:15<00:31, 48.01it/s]
 33%|███▎      | 741/2248 [00:15<00:31, 47.91it/s]
 33%|███▎      | 746/2248 [00:15<00:31, 47.79it/s]
 33%|███▎      | 751/2248 [00:15<00:31, 47.78it/s]
 34%|███▎      | 756/2248 [00:16<00:31, 47.80it/s]
 34%|███▍      | 761/2248 [00:16<00:31, 47.86it/s]
 34%|███▍      | 766/2248 [00:16<00:30, 47.82it/s]
 34%|███▍      | 771/2248 [00:16<00:30, 47.83it/s]
 35%|███▍      | 776/2248 [00:16<00:30, 47.93it/s]
 35%|███▍      | 781/2248 [00:16<00:30, 48.00it/s]
 35%|███▍      | 786/2248 [00:16<00:30, 47.96it/s]
 35%|███▌      | 791/2248 [00:16<00:30, 47.92it/s]
 35%|███▌      | 796/2248 [00:16<00:30, 47.84it/s]
 36%|███▌      | 801/2248 [00:16<00:30, 47.85it/s]
 36%|███▌      | 806/2248 [00:17<00:30, 47.85it/s]
 36%|███▌      | 811/2248 [00:17<00:30, 47.90it/s]
 36%|███▋      | 816/2248 [00:17<00:29, 47.91it/s]
 37%|███▋      | 821/2248 [00:17<00:29, 47.86it/s]
 37%|███▋      | 826/2248 [00:17<00:29, 47.81it/s]
 37%|███▋      | 831/2248 [00:17<00:29, 47.91it/s]
 37%|███▋      | 836/2248 [00:17<00:29, 47.96it/s]
 37%|███▋      | 841/2248 [00:17<00:29, 47.87it/s]
 38%|███▊      | 846/2248 [00:17<00:29, 47.75it/s]
 38%|███▊      | 851/2248 [00:18<00:29, 47.73it/s]
 38%|███▊      | 856/2248 [00:18<00:29, 47.76it/s]
 38%|███▊      | 861/2248 [00:18<00:28, 47.88it/s]
 39%|███▊      | 866/2248 [00:18<00:28, 47.88it/s]
 39%|███▊      | 871/2248 [00:18<00:28, 47.94it/s]
 39%|███▉      | 876/2248 [00:18<00:28, 47.99it/s]
 39%|███▉      | 881/2248 [00:18<00:28, 48.08it/s]
 39%|███▉      | 886/2248 [00:18<00:28, 48.01it/s]
 40%|███▉      | 891/2248 [00:18<00:28, 47.81it/s]
 40%|███▉      | 896/2248 [00:18<00:28, 47.79it/s]
 40%|████      | 901/2248 [00:19<00:28, 47.83it/s]
 40%|████      | 906/2248 [00:19<00:27, 47.94it/s]
 41%|████      | 911/2248 [00:19<00:27, 48.01it/s]
 41%|████      | 916/2248 [00:19<00:27, 48.10it/s]
 41%|████      | 921/2248 [00:19<00:27, 48.12it/s]
 41%|████      | 926/2248 [00:19<00:27, 48.18it/s]
 41%|████▏     | 931/2248 [00:19<00:27, 48.13it/s]
 42%|████▏     | 936/2248 [00:19<00:27, 47.98it/s]
 42%|████▏     | 941/2248 [00:19<00:27, 47.79it/s]
 42%|████▏     | 946/2248 [00:20<00:27, 47.80it/s]
 42%|████▏     | 951/2248 [00:20<00:27, 47.84it/s]
 43%|████▎     | 956/2248 [00:20<00:26, 47.93it/s]
 43%|████▎     | 961/2248 [00:20<00:26, 47.98it/s]
 43%|████▎     | 966/2248 [00:20<00:26, 47.98it/s]
 43%|████▎     | 971/2248 [00:20<00:26, 47.98it/s]
 43%|████▎     | 976/2248 [00:20<00:26, 48.13it/s]
 44%|████▎     | 981/2248 [00:20<00:26, 48.20it/s]
 44%|████▍     | 986/2248 [00:20<00:26, 47.98it/s]
 44%|████▍     | 991/2248 [00:20<00:26, 47.86it/s]
 44%|████▍     | 996/2248 [00:21<00:26, 47.82it/s]
 45%|████▍     | 1001/2248 [00:21<00:26, 47.89it/s]
 45%|████▍     | 1006/2248 [00:21<00:25, 48.01it/s]
 45%|████▍     | 1011/2248 [00:21<00:25, 48.03it/s]
 45%|████▌     | 1016/2248 [00:21<00:25, 48.02it/s]
 45%|████▌     | 1021/2248 [00:21<00:25, 48.01it/s]
 46%|████▌     | 1026/2248 [00:21<00:25, 48.06it/s]
 46%|████▌     | 1031/2248 [00:21<00:25, 47.97it/s]
 46%|████▌     | 1036/2248 [00:21<00:25, 47.83it/s]
 46%|████▋     | 1041/2248 [00:21<00:25, 47.80it/s]
 47%|████▋     | 1046/2248 [00:22<00:25, 47.77it/s]
 47%|████▋     | 1051/2248 [00:22<00:25, 47.80it/s]
 47%|████▋     | 1056/2248 [00:22<00:24, 47.91it/s]
 47%|████▋     | 1061/2248 [00:22<00:24, 47.81it/s]
 47%|████▋     | 1066/2248 [00:22<00:24, 47.95it/s]
 48%|████▊     | 1071/2248 [00:22<00:24, 48.01it/s]
 48%|████▊     | 1076/2248 [00:22<00:24, 48.12it/s]
 48%|████▊     | 1081/2248 [00:22<00:24, 47.99it/s]
 48%|████▊     | 1086/2248 [00:22<00:24, 47.85it/s]
 49%|████▊     | 1091/2248 [00:23<00:24, 47.81it/s]
 49%|████▉     | 1096/2248 [00:23<00:24, 47.77it/s]
 49%|████▉     | 1101/2248 [00:23<00:23, 47.82it/s]
 49%|████▉     | 1106/2248 [00:23<00:23, 47.85it/s]
 49%|████▉     | 1111/2248 [00:23<00:23, 47.99it/s]
 50%|████▉     | 1116/2248 [00:23<00:23, 48.02it/s]
 50%|████▉     | 1121/2248 [00:23<00:23, 47.98it/s]
 50%|█████     | 1126/2248 [00:23<00:23, 47.94it/s]
 50%|█████     | 1131/2248 [00:23<00:23, 47.83it/s]
 51%|█████     | 1136/2248 [00:23<00:23, 47.74it/s]
 51%|█████     | 1141/2248 [00:24<00:23, 47.74it/s]
 51%|█████     | 1146/2248 [00:24<00:23, 47.70it/s]
 51%|█████     | 1151/2248 [00:24<00:22, 47.82it/s]
 51%|█████▏    | 1156/2248 [00:24<00:22, 47.77it/s]
 52%|█████▏    | 1161/2248 [00:24<00:22, 47.79it/s]
 52%|█████▏    | 1166/2248 [00:24<00:22, 47.86it/s]
 52%|█████▏    | 1171/2248 [00:24<00:22, 47.96it/s]
 52%|█████▏    | 1176/2248 [00:24<00:22, 47.91it/s]
 53%|█████▎    | 1181/2248 [00:24<00:22, 47.73it/s]
 53%|█████▎    | 1186/2248 [00:25<00:22, 47.77it/s]
 53%|█████▎    | 1191/2248 [00:25<00:22, 47.77it/s]
 53%|█████▎    | 1196/2248 [00:25<00:22, 47.74it/s]
 53%|█████▎    | 1201/2248 [00:25<00:21, 47.82it/s]
 54%|█████▎    | 1206/2248 [00:25<00:21, 47.82it/s]
 54%|█████▍    | 1211/2248 [00:25<00:21, 47.79it/s]
 54%|█████▍    | 1216/2248 [00:25<00:21, 47.83it/s]
 54%|█████▍    | 1221/2248 [00:25<00:21, 47.84it/s]
 55%|█████▍    | 1226/2248 [00:25<00:21, 47.74it/s]
 55%|█████▍    | 1231/2248 [00:25<00:21, 47.67it/s]
 55%|█████▍    | 1236/2248 [00:26<00:21, 47.69it/s]
 55%|█████▌    | 1241/2248 [00:26<00:21, 47.72it/s]
 55%|█████▌    | 1246/2248 [00:26<00:20, 47.80it/s]
 56%|█████▌    | 1251/2248 [00:26<00:20, 47.84it/s]
 56%|█████▌    | 1256/2248 [00:26<00:20, 47.94it/s]
 56%|█████▌    | 1261/2248 [00:26<00:20, 48.00it/s]
 56%|█████▋    | 1266/2248 [00:26<00:20, 48.00it/s]
 57%|█████▋    | 1271/2248 [00:26<00:20, 47.85it/s]
 57%|█████▋    | 1276/2248 [00:26<00:20, 47.73it/s]
 57%|█████▋    | 1281/2248 [00:27<00:20, 47.73it/s]
 57%|█████▋    | 1286/2248 [00:27<00:20, 47.74it/s]
 57%|█████▋    | 1291/2248 [00:27<00:20, 47.83it/s]
 58%|█████▊    | 1296/2248 [00:27<00:19, 47.87it/s]
 58%|█████▊    | 1301/2248 [00:27<00:19, 47.94it/s]
 58%|█████▊    | 1306/2248 [00:27<00:19, 47.98it/s]
 58%|█████▊    | 1311/2248 [00:27<00:19, 47.97it/s]
 59%|█████▊    | 1316/2248 [00:27<00:19, 47.96it/s]
 59%|█████▉    | 1321/2248 [00:27<00:19, 47.79it/s]
 59%|█████▉    | 1326/2248 [00:27<00:19, 47.72it/s]
 59%|█████▉    | 1331/2248 [00:28<00:19, 47.72it/s]
 59%|█████▉    | 1336/2248 [00:28<00:19, 47.72it/s]
 60%|█████▉    | 1341/2248 [00:28<00:19, 47.73it/s]
 60%|█████▉    | 1346/2248 [00:28<00:18, 47.74it/s]
 60%|██████    | 1351/2248 [00:28<00:18, 47.75it/s]
 60%|██████    | 1356/2248 [00:28<00:18, 47.90it/s]
 61%|██████    | 1361/2248 [00:28<00:18, 47.98it/s]
 61%|██████    | 1366/2248 [00:28<00:18, 47.95it/s]
 61%|██████    | 1371/2248 [00:28<00:18, 47.77it/s]
 61%|██████    | 1376/2248 [00:28<00:18, 47.75it/s]
 61%|██████▏   | 1381/2248 [00:29<00:18, 47.79it/s]
 62%|██████▏   | 1386/2248 [00:29<00:17, 47.90it/s]
 62%|██████▏   | 1391/2248 [00:29<00:17, 47.96it/s]
 62%|██████▏   | 1396/2248 [00:29<00:17, 47.89it/s]
 62%|██████▏   | 1401/2248 [00:29<00:17, 47.94it/s]
 63%|██████▎   | 1406/2248 [00:29<00:17, 48.02it/s]
 63%|██████▎   | 1411/2248 [00:29<00:17, 47.94it/s]
 63%|██████▎   | 1416/2248 [00:29<00:17, 47.81it/s]
 63%|██████▎   | 1421/2248 [00:29<00:17, 47.68it/s]
 63%|██████▎   | 1426/2248 [00:30<00:17, 47.66it/s]
 64%|██████▎   | 1431/2248 [00:30<00:17, 47.60it/s]
 64%|██████▍   | 1436/2248 [00:30<00:17, 47.73it/s]
 64%|██████▍   | 1441/2248 [00:30<00:16, 47.76it/s]
 64%|██████▍   | 1446/2248 [00:30<00:16, 47.74it/s]
 65%|██████▍   | 1451/2248 [00:30<00:16, 47.83it/s]
 65%|██████▍   | 1456/2248 [00:30<00:16, 47.99it/s]
 65%|██████▍   | 1461/2248 [00:30<00:16, 48.04it/s]
 65%|██████▌   | 1466/2248 [00:30<00:16, 47.89it/s]
 65%|██████▌   | 1471/2248 [00:30<00:16, 47.77it/s]
 66%|██████▌   | 1476/2248 [00:31<00:16, 47.75it/s]
 66%|██████▌   | 1481/2248 [00:31<00:16, 47.71it/s]
 66%|██████▌   | 1486/2248 [00:31<00:15, 47.76it/s]
 66%|██████▋   | 1491/2248 [00:31<00:15, 47.92it/s]
 67%|██████▋   | 1496/2248 [00:31<00:15, 47.95it/s]
 67%|██████▋   | 1501/2248 [00:31<00:15, 47.90it/s]
 67%|██████▋   | 1506/2248 [00:31<00:15, 47.90it/s]
 67%|██████▋   | 1511/2248 [00:31<00:15, 47.81it/s]
 67%|██████▋   | 1516/2248 [00:31<00:15, 47.68it/s]
 68%|██████▊   | 1521/2248 [00:32<00:15, 47.70it/s]
 68%|██████▊   | 1526/2248 [00:32<00:15, 47.69it/s]
 68%|██████▊   | 1531/2248 [00:32<00:15, 47.76it/s]
 68%|██████▊   | 1536/2248 [00:32<00:14, 47.87it/s]
 69%|██████▊   | 1541/2248 [00:32<00:14, 47.92it/s]
 69%|██████▉   | 1546/2248 [00:32<00:14, 47.96it/s]
 69%|██████▉   | 1551/2248 [00:32<00:14, 48.03it/s]
 69%|██████▉   | 1556/2248 [00:32<00:14, 48.05it/s]
 69%|██████▉   | 1561/2248 [00:32<00:14, 47.90it/s]
 70%|██████▉   | 1566/2248 [00:32<00:14, 47.85it/s]
 70%|██████▉   | 1571/2248 [00:33<00:14, 47.89it/s]
 70%|███████   | 1576/2248 [00:33<00:14, 47.79it/s]
 70%|███████   | 1581/2248 [00:33<00:13, 47.74it/s]
 71%|███████   | 1586/2248 [00:33<00:13, 47.84it/s]
 71%|███████   | 1591/2248 [00:33<00:13, 47.95it/s]
 71%|███████   | 1596/2248 [00:33<00:13, 48.03it/s]
 71%|███████   | 1601/2248 [00:33<00:13, 47.94it/s]
 71%|███████▏  | 1606/2248 [00:33<00:13, 47.94it/s]
 72%|███████▏  | 1611/2248 [00:33<00:13, 47.81it/s]
 72%|███████▏  | 1616/2248 [00:34<00:13, 47.72it/s]
 72%|███████▏  | 1621/2248 [00:34<00:13, 47.78it/s]
 72%|███████▏  | 1626/2248 [00:34<00:13, 47.82it/s]
 73%|███████▎  | 1631/2248 [00:34<00:12, 47.86it/s]
 73%|███████▎  | 1636/2248 [00:34<00:12, 47.98it/s]
 73%|███████▎  | 1641/2248 [00:34<00:12, 48.14it/s]
 73%|███████▎  | 1646/2248 [00:34<00:12, 48.17it/s]
 73%|███████▎  | 1651/2248 [00:34<00:12, 48.14it/s]
 74%|███████▎  | 1656/2248 [00:34<00:12, 48.06it/s]
 74%|███████▍  | 1661/2248 [00:34<00:12, 47.98it/s]
 74%|███████▍  | 1666/2248 [00:35<00:12, 47.95it/s]
 74%|███████▍  | 1671/2248 [00:35<00:12, 47.86it/s]
 75%|███████▍  | 1676/2248 [00:35<00:11, 47.87it/s]
 75%|███████▍  | 1681/2248 [00:35<00:11, 47.90it/s]
 75%|███████▌  | 1686/2248 [00:35<00:11, 48.00it/s]
 75%|███████▌  | 1691/2248 [00:35<00:11, 48.05it/s]
 75%|███████▌  | 1696/2248 [00:35<00:11, 48.13it/s]
 76%|███████▌  | 1701/2248 [00:35<00:11, 48.07it/s]
 76%|███████▌  | 1706/2248 [00:35<00:11, 47.93it/s]
 76%|███████▌  | 1711/2248 [00:35<00:11, 47.88it/s]
 76%|███████▋  | 1716/2248 [00:36<00:11, 47.86it/s]
 77%|███████▋  | 1721/2248 [00:36<00:11, 47.81it/s]
 77%|███████▋  | 1726/2248 [00:36<00:10, 47.81it/s]
 77%|███████▋  | 1731/2248 [00:36<00:10, 47.88it/s]
 77%|███████▋  | 1736/2248 [00:36<00:10, 48.01it/s]
 77%|███████▋  | 1741/2248 [00:36<00:10, 48.01it/s]
 78%|███████▊  | 1746/2248 [00:36<00:10, 48.08it/s]
 78%|███████▊  | 1751/2248 [00:36<00:10, 47.94it/s]
 78%|███████▊  | 1756/2248 [00:36<00:10, 47.81it/s]
 78%|███████▊  | 1761/2248 [00:37<00:10, 47.86it/s]
 79%|███████▊  | 1766/2248 [00:37<00:10, 47.87it/s]
 79%|███████▉  | 1771/2248 [00:37<00:09, 47.90it/s]
 79%|███████▉  | 1776/2248 [00:37<00:09, 47.95it/s]
 79%|███████▉  | 1781/2248 [00:37<00:09, 47.96it/s]
 79%|███████▉  | 1786/2248 [00:37<00:09, 47.98it/s]
 80%|███████▉  | 1791/2248 [00:37<00:09, 48.07it/s]
 80%|███████▉  | 1796/2248 [00:37<00:09, 48.06it/s]
 80%|████████  | 1801/2248 [00:37<00:09, 47.88it/s]
 80%|████████  | 1806/2248 [00:37<00:09, 47.76it/s]
 81%|████████  | 1811/2248 [00:38<00:09, 47.72it/s]
 81%|████████  | 1816/2248 [00:38<00:09, 47.62it/s]
 81%|████████  | 1821/2248 [00:38<00:08, 47.75it/s]
 81%|████████  | 1826/2248 [00:38<00:08, 47.66it/s]
 81%|████████▏ | 1831/2248 [00:38<00:08, 47.64it/s]
 82%|████████▏ | 1836/2248 [00:38<00:08, 47.67it/s]
 82%|████████▏ | 1841/2248 [00:38<00:08, 47.81it/s]
 82%|████████▏ | 1846/2248 [00:38<00:08, 47.83it/s]
 82%|████████▏ | 1851/2248 [00:38<00:08, 47.76it/s]
 83%|████████▎ | 1856/2248 [00:39<00:08, 47.76it/s]
 83%|████████▎ | 1861/2248 [00:39<00:08, 47.76it/s]
 83%|████████▎ | 1866/2248 [00:39<00:07, 47.77it/s]
 83%|████████▎ | 1871/2248 [00:39<00:07, 47.84it/s]
 83%|████████▎ | 1876/2248 [00:39<00:07, 47.81it/s]
 84%|████████▎ | 1881/2248 [00:39<00:07, 47.80it/s]
 84%|████████▍ | 1886/2248 [00:39<00:07, 47.94it/s]
 84%|████████▍ | 1891/2248 [00:39<00:07, 47.90it/s]
 84%|████████▍ | 1896/2248 [00:39<00:07, 47.74it/s]
 85%|████████▍ | 1901/2248 [00:39<00:07, 47.64it/s]
 85%|████████▍ | 1906/2248 [00:40<00:07, 47.61it/s]
 85%|████████▌ | 1911/2248 [00:40<00:07, 47.60it/s]
 85%|████████▌ | 1916/2248 [00:40<00:06, 47.57it/s]
 85%|████████▌ | 1921/2248 [00:40<00:06, 47.59it/s]
 86%|████████▌ | 1926/2248 [00:40<00:06, 47.51it/s]
 86%|████████▌ | 1931/2248 [00:40<00:06, 47.65it/s]
 86%|████████▌ | 1936/2248 [00:40<00:06, 47.77it/s]
 86%|████████▋ | 1941/2248 [00:40<00:06, 47.80it/s]
 87%|████████▋ | 1946/2248 [00:40<00:06, 47.71it/s]
 87%|████████▋ | 1951/2248 [00:41<00:06, 47.66it/s]
 87%|████████▋ | 1956/2248 [00:41<00:06, 47.66it/s]
 87%|████████▋ | 1961/2248 [00:41<00:06, 47.79it/s]
 87%|████████▋ | 1966/2248 [00:41<00:05, 47.83it/s]
 88%|████████▊ | 1971/2248 [00:41<00:05, 47.92it/s]
 88%|████████▊ | 1976/2248 [00:41<00:05, 47.91it/s]
 88%|████████▊ | 1981/2248 [00:41<00:05, 47.90it/s]
 88%|████████▊ | 1986/2248 [00:41<00:05, 47.89it/s]
 89%|████████▊ | 1991/2248 [00:41<00:05, 47.81it/s]
 89%|████████▉ | 1996/2248 [00:41<00:05, 47.69it/s]
 89%|████████▉ | 2001/2248 [00:42<00:05, 47.71it/s]
 89%|████████▉ | 2006/2248 [00:42<00:05, 47.76it/s]
 89%|████████▉ | 2011/2248 [00:42<00:04, 47.81it/s]
 90%|████████▉ | 2016/2248 [00:42<00:04, 47.81it/s]
 90%|████████▉ | 2021/2248 [00:42<00:04, 47.84it/s]
 90%|█████████ | 2026/2248 [00:42<00:04, 47.84it/s]
 90%|█████████ | 2031/2248 [00:42<00:04, 47.90it/s]
 91%|█████████ | 2036/2248 [00:42<00:04, 47.96it/s]
 91%|█████████ | 2041/2248 [00:42<00:04, 47.69it/s]
 91%|█████████ | 2046/2248 [00:42<00:04, 47.44it/s]
 91%|█████████ | 2051/2248 [00:43<00:04, 47.30it/s]
 91%|█████████▏| 2056/2248 [00:43<00:04, 47.23it/s]
 92%|█████████▏| 2061/2248 [00:43<00:03, 47.21it/s]
 92%|█████████▏| 2066/2248 [00:43<00:03, 47.23it/s]
 92%|█████████▏| 2071/2248 [00:43<00:03, 47.27it/s]
 92%|█████████▏| 2076/2248 [00:43<00:03, 47.15it/s]
 93%|█████████▎| 2081/2248 [00:43<00:03, 47.10it/s]
 93%|█████████▎| 2086/2248 [00:43<00:03, 46.97it/s]
 93%|█████████▎| 2091/2248 [00:43<00:03, 46.84it/s]
 93%|█████████▎| 2096/2248 [00:44<00:03, 46.79it/s]
 93%|█████████▎| 2101/2248 [00:44<00:03, 46.80it/s]
 94%|█████████▎| 2106/2248 [00:44<00:03, 46.75it/s]
 94%|█████████▍| 2111/2248 [00:44<00:02, 46.89it/s]
 94%|█████████▍| 2116/2248 [00:44<00:02, 47.01it/s]
 94%|█████████▍| 2121/2248 [00:44<00:02, 47.01it/s]
 95%|█████████▍| 2126/2248 [00:44<00:02, 47.05it/s]
 95%|█████████▍| 2131/2248 [00:44<00:02, 47.11it/s]
 95%|█████████▌| 2136/2248 [00:44<00:02, 47.02it/s]
 95%|█████████▌| 2141/2248 [00:45<00:02, 47.02it/s]
 95%|█████████▌| 2146/2248 [00:45<00:02, 46.93it/s]
 96%|█████████▌| 2151/2248 [00:45<00:02, 46.85it/s]
 96%|█████████▌| 2156/2248 [00:45<00:01, 46.91it/s]
 96%|█████████▌| 2161/2248 [00:45<00:01, 46.96it/s]
 96%|█████████▋| 2166/2248 [00:45<00:01, 47.04it/s]
 97%|█████████▋| 2171/2248 [00:45<00:01, 47.12it/s]
 97%|█████████▋| 2176/2248 [00:45<00:01, 47.03it/s]
 97%|█████████▋| 2181/2248 [00:45<00:01, 46.90it/s]
 97%|█████████▋| 2186/2248 [00:45<00:01, 46.84it/s]
 97%|█████████▋| 2191/2248 [00:46<00:01, 46.76it/s]
 98%|█████████▊| 2196/2248 [00:46<00:01, 46.75it/s]
 98%|█████████▊| 2201/2248 [00:46<00:01, 46.76it/s]
 98%|█████████▊| 2206/2248 [00:46<00:00, 46.83it/s]
 98%|█████████▊| 2211/2248 [00:46<00:00, 46.88it/s]
 99%|█████████▊| 2216/2248 [00:46<00:00, 46.91it/s]
 99%|█████████▉| 2221/2248 [00:46<00:00, 47.05it/s]
 99%|█████████▉| 2226/2248 [00:46<00:00, 46.93it/s]
 99%|█████████▉| 2231/2248 [00:46<00:00, 46.85it/s]
 99%|█████████▉| 2236/2248 [00:47<00:00, 46.91it/s]
100%|█████████▉| 2241/2248 [00:47<00:00, 46.92it/s]
100%|█████████▉| 2246/2248 [00:47<00:00, 46.92it/s]
100%|█████████▉| 2247/2248 [00:47<00:00, 47.51it/s]
tensor(36.6562, device='cuda:0', dtype=torch.float16)
Decoder 0 Sparsity: Key - [0.01965690528049243, 0.913420303091672, 0.0669227916203784], Value - [0.032623651408461116, 0.904774199654199, 0.0626021489464542]
Decoder 1 Sparsity: Key - [0.04451595755373509, 0.900999239967387, 0.05448480248716378], Value - [0.0401086703098621, 0.897745608355439, 0.062145721342984676]
Decoder 2 Sparsity: Key - [0.0400960245567417, 0.8998914733263945, 0.060012502105263626], Value - [0.04283985727072239, 0.8956707581559534, 0.06148938457498135]
Decoder 3 Sparsity: Key - [0.07863218229250764, 0.8707044598152629, 0.0506633578789722], Value - [0.04414327914935944, 0.8935286788488622, 0.06232804201172128]
Decoder 4 Sparsity: Key - [0.07813070419831102, 0.8659096785764677, 0.055959617218592626], Value - [0.04367717073938653, 0.893745147646322, 0.0625776816225773]
Decoder 5 Sparsity: Key - [0.07333594829082701, 0.8724780718786013, 0.05418597983388608], Value - [0.0418158141594526, 0.8946235648412721, 0.06356062100756105]
Decoder 6 Sparsity: Key - [0.07073819872946395, 0.8852897651785209, 0.04397203609532945], Value - [0.041209271442794716, 0.8951938957294111, 0.06359683283773712]
Decoder 7 Sparsity: Key - [0.08662891616295772, 0.877581126219013, 0.03578995762962941], Value - [0.04150135775537518, 0.8945691551337038, 0.06392948711589244]
Decoder 8 Sparsity: Key - [0.0883680969257955, 0.8758406767164261, 0.035791226347835464], Value - [0.04086648825443353, 0.894937044626029, 0.06419646712119469]
Decoder 9 Sparsity: Key - [0.10231004496936909, 0.8638881968062543, 0.03380175821111932], Value - [0.04003460718206133, 0.895528319255313, 0.06443707356925431]
Decoder 10 Sparsity: Key - [0.12358060780103945, 0.842805787470205, 0.033613604728755575], Value - [0.04092148263371977, 0.8946109890036311, 0.06446752836099193]
Decoder 11 Sparsity: Key - [0.12606159141585496, 0.8361169494608968, 0.037821459118276834], Value - [0.04048784888843306, 0.8944444935569984, 0.06506765756119719]
Decoder 12 Sparsity: Key - [0.12254436037692099, 0.8421069128816663, 0.03534872673146983], Value - [0.039012104884333564, 0.8953124206791568, 0.06567547443816671]
Decoder 13 Sparsity: Key - [0.12903178796119114, 0.8398226623645456, 0.031145549665977417], Value - [0.037481971131471975, 0.8965521285913592, 0.06596590027716873]
Decoder 14 Sparsity: Key - [0.1216239770642379, 0.841849449504949, 0.03652657343744171], Value - [0.03659358939149308, 0.8967191582790898, 0.06668725231947424]
Decoder 15 Sparsity: Key - [0.1277963295048666, 0.8295899466793732, 0.042613723817417314], Value - [0.035633031744509935, 0.8971427962502126, 0.06722417201356319]
Decoder 16 Sparsity: Key - [0.11973605587336092, 0.8409031167944555, 0.03936082732555493], Value - [0.033933447597687565, 0.8981713120464329, 0.06789524035256528]
Decoder 17 Sparsity: Key - [0.11247538162720161, 0.8438003380050438, 0.04372428036609737], Value - [0.034642445059407015, 0.8979424778305763, 0.06741507709675942]
Decoder 18 Sparsity: Key - [0.08821481534236797, 0.8613965417460615, 0.050388642916542034], Value - [0.0378633398029065, 0.895243527440626, 0.0668931327448674]
Decoder 19 Sparsity: Key - [0.0803331948445573, 0.8670536033623584, 0.052613201778169943], Value - [0.039859562245565486, 0.8937939158060797, 0.06634652194669768]
Decoder 20 Sparsity: Key - [0.08263620725928994, 0.8653364719233054, 0.05202732081409027], Value - [0.040599014441022034, 0.8933669715801592, 0.06603401396887583]
Decoder 21 Sparsity: Key - [0.05703095977734841, 0.8861699741983329, 0.05679906600940429], Value - [0.04068121036474868, 0.8928129642247306, 0.06650582540554932]
Decoder 22 Sparsity: Key - [0.04480602557263818, 0.8981564341384746, 0.057037540295515936], Value - [0.04130323890768973, 0.8921458519650524, 0.06655090913388653]
Decoder 23 Sparsity: Key - [0.038743771137039966, 0.9031017186696844, 0.05815451018498992], Value - [0.04130262093290395, 0.892212078372991, 0.06648530069327652]
Total Sparsity: Key - [0.08570950185492153, 0.8676755374489731, 0.04661496069241139], Value - [0.039547294820741714, 0.8954494774114002, 0.06500322776930824]
