# run: expandable_oaken_profile
# start: 2026-05-10T10:12:35
# idle_vram: {'used_mib': 33, 'free_mib': 7668, 'total_mib': 8151}
# command: docker exec -e PYTORCH_CUDA_ALLOC_CONF=expandable_segments:True -w /workspace oaken-ae-container /opt/conda/envs/oaken/bin/python oaken_preprocess_activation.py -m opt -s 1.3b -t wikitext -f 0.04 0.9 0.06 -o results/rtx5060/opt-1.3b/oaken-quantizer-expandable.json --gpu-start-idx 0 --gpu-count 1


  0%|          | 0/141 [00:00<?, ?it/s]Called multi_key_value_tokenwise_main
= Run Configuration ===================
Model name: opt
Model size: 1.3b
Activation outlier list: [0.04, 0.9, 0.06]
Task: wikitext
Batch size: 1
Output: results/rtx5060/opt-1.3b/oaken-quantizer-expandable.json
=======================================

  1%|          | 1/141 [00:00<01:50,  1.27it/s]
  1%|▏         | 2/141 [00:01<01:28,  1.57it/s]
  2%|▏         | 3/141 [00:01<01:22,  1.68it/s]
  3%|▎         | 4/141 [00:02<01:18,  1.74it/s]
  4%|▎         | 5/141 [00:02<01:16,  1.77it/s]
  4%|▍         | 6/141 [00:03<01:15,  1.80it/s]
  5%|▍         | 7/141 [00:04<01:14,  1.81it/s]
  6%|▌         | 8/141 [00:04<01:13,  1.82it/s]
  6%|▋         | 9/141 [00:05<01:12,  1.82it/s]
  7%|▋         | 10/141 [00:05<01:11,  1.83it/s]
  8%|▊         | 11/141 [00:06<01:10,  1.83it/s]
  9%|▊         | 12/141 [00:06<01:10,  1.83it/s]
  9%|▉         | 13/141 [00:07<01:09,  1.83it/s]
 10%|▉         | 14/141 [00:07<01:09,  1.84it/s]
 11%|█         | 15/141 [00:08<01:08,  1.84it/s]
 11%|█▏        | 16/141 [00:08<01:08,  1.84it/s]
 12%|█▏        | 17/141 [00:09<01:07,  1.84it/s]
 13%|█▎        | 18/141 [00:10<01:06,  1.84it/s]
 13%|█▎        | 19/141 [00:10<01:06,  1.84it/s]
 14%|█▍        | 20/141 [00:11<01:05,  1.84it/s]
 15%|█▍        | 21/141 [00:11<01:05,  1.84it/s]
 16%|█▌        | 22/141 [00:12<01:04,  1.84it/s]
 16%|█▋        | 23/141 [00:12<01:04,  1.84it/s]
 17%|█▋        | 24/141 [00:13<01:03,  1.84it/s]
 18%|█▊        | 25/141 [00:13<01:03,  1.84it/s]
 18%|█▊        | 26/141 [00:14<01:02,  1.84it/s]
 19%|█▉        | 27/141 [00:14<01:02,  1.84it/s]
 20%|█▉        | 28/141 [00:15<01:01,  1.84it/s]
 21%|██        | 29/141 [00:16<01:00,  1.84it/s]
 21%|██▏       | 30/141 [00:16<01:00,  1.84it/s]
 22%|██▏       | 31/141 [00:17<00:59,  1.84it/s]
 23%|██▎       | 32/141 [00:17<00:59,  1.84it/s]
 23%|██▎       | 33/141 [00:18<00:58,  1.84it/s]
 24%|██▍       | 34/141 [00:18<00:58,  1.84it/s]
 25%|██▍       | 35/141 [00:19<00:57,  1.84it/s]
 26%|██▌       | 36/141 [00:19<00:57,  1.84it/s]
 26%|██▌       | 37/141 [00:20<00:56,  1.84it/s]
 27%|██▋       | 38/141 [00:20<00:56,  1.84it/s]
 28%|██▊       | 39/141 [00:21<00:55,  1.84it/s]
 28%|██▊       | 40/141 [00:22<00:55,  1.84it/s]
 29%|██▉       | 41/141 [00:22<00:54,  1.84it/s]
 30%|██▉       | 42/141 [00:23<00:53,  1.84it/s]
 30%|███       | 43/141 [00:23<00:53,  1.84it/s]
 31%|███       | 44/141 [00:24<00:52,  1.84it/s]
 32%|███▏      | 45/141 [00:24<00:52,  1.84it/s]
 33%|███▎      | 46/141 [00:25<00:51,  1.84it/s]
 33%|███▎      | 47/141 [00:25<00:51,  1.84it/s]
 34%|███▍      | 48/141 [00:26<00:50,  1.84it/s]
 35%|███▍      | 49/141 [00:26<00:50,  1.84it/s]
 35%|███▌      | 50/141 [00:27<00:49,  1.84it/s]
 36%|███▌      | 51/141 [00:28<00:49,  1.84it/s]
 37%|███▋      | 52/141 [00:28<00:48,  1.84it/s]
 38%|███▊      | 53/141 [00:29<00:47,  1.83it/s]
 38%|███▊      | 54/141 [00:29<00:47,  1.84it/s]
 39%|███▉      | 55/141 [00:30<00:46,  1.83it/s]
 40%|███▉      | 56/141 [00:30<00:46,  1.84it/s]
 40%|████      | 57/141 [00:31<00:45,  1.83it/s]
 41%|████      | 58/141 [00:31<00:45,  1.84it/s]
 42%|████▏     | 59/141 [00:32<00:44,  1.84it/s]
 43%|████▎     | 60/141 [00:32<00:44,  1.84it/s]
 43%|████▎     | 61/141 [00:33<00:43,  1.84it/s]
 44%|████▍     | 62/141 [00:33<00:43,  1.83it/s]
 45%|████▍     | 63/141 [00:34<00:42,  1.83it/s]
 45%|████▌     | 64/141 [00:35<00:41,  1.83it/s]
 46%|████▌     | 65/141 [00:35<00:41,  1.83it/s]
 47%|████▋     | 66/141 [00:36<00:40,  1.83it/s]
 48%|████▊     | 67/141 [00:36<00:40,  1.83it/s]
 48%|████▊     | 68/141 [00:37<00:39,  1.83it/s]
 49%|████▉     | 69/141 [00:37<00:39,  1.83it/s]
 50%|████▉     | 70/141 [00:38<00:38,  1.83it/s]
 50%|█████     | 71/141 [00:38<00:38,  1.83it/s]
 51%|█████     | 72/141 [00:39<00:37,  1.83it/s]
 52%|█████▏    | 73/141 [00:39<00:37,  1.83it/s]
 52%|█████▏    | 74/141 [00:40<00:36,  1.83it/s]
 53%|█████▎    | 75/141 [00:41<00:35,  1.83it/s]
 54%|█████▍    | 76/141 [00:41<00:35,  1.83it/s]
 55%|█████▍    | 77/141 [00:42<00:34,  1.83it/s]
 55%|█████▌    | 78/141 [00:42<00:34,  1.83it/s]
 56%|█████▌    | 79/141 [00:43<00:33,  1.83it/s]
 57%|█████▋    | 80/141 [00:43<00:33,  1.83it/s]
 57%|█████▋    | 81/141 [00:44<00:32,  1.83it/s]
 58%|█████▊    | 82/141 [00:44<00:32,  1.83it/s]
 59%|█████▉    | 83/141 [00:45<00:31,  1.83it/s]
 60%|█████▉    | 84/141 [00:45<00:31,  1.83it/s]
 60%|██████    | 85/141 [00:46<00:30,  1.83it/s]
 61%|██████    | 86/141 [00:47<00:29,  1.83it/s]
 62%|██████▏   | 87/141 [00:47<00:29,  1.83it/s]
 62%|██████▏   | 88/141 [00:48<00:28,  1.83it/s]
 63%|██████▎   | 89/141 [00:48<00:28,  1.83it/s]
 64%|██████▍   | 90/141 [00:49<00:27,  1.83it/s]
 65%|██████▍   | 91/141 [00:49<00:27,  1.83it/s]
 65%|██████▌   | 92/141 [00:50<00:26,  1.83it/s]
 66%|██████▌   | 93/141 [00:50<00:26,  1.83it/s]
 67%|██████▋   | 94/141 [00:51<00:25,  1.83it/s]
 67%|██████▋   | 95/141 [00:51<00:25,  1.83it/s]
 68%|██████▊   | 96/141 [00:52<00:24,  1.83it/s]
 69%|██████▉   | 97/141 [00:53<00:24,  1.83it/s]
 70%|██████▉   | 98/141 [00:53<00:23,  1.83it/s]
 70%|███████   | 99/141 [00:54<00:22,  1.83it/s]
 71%|███████   | 100/141 [00:54<00:22,  1.83it/s]
 72%|███████▏  | 101/141 [00:55<00:21,  1.83it/s]
 72%|███████▏  | 102/141 [00:55<00:21,  1.83it/s]
 73%|███████▎  | 103/141 [00:56<00:20,  1.83it/s]
 74%|███████▍  | 104/141 [00:56<00:20,  1.83it/s]
 74%|███████▍  | 105/141 [00:57<00:19,  1.83it/s]
 75%|███████▌  | 106/141 [00:57<00:19,  1.83it/s]
 76%|███████▌  | 107/141 [00:58<00:18,  1.83it/s]
 77%|███████▋  | 108/141 [00:59<00:18,  1.83it/s]
 77%|███████▋  | 109/141 [00:59<00:17,  1.83it/s]
 78%|███████▊  | 110/141 [01:00<00:16,  1.83it/s]
 79%|███████▊  | 111/141 [01:00<00:16,  1.83it/s]
 79%|███████▉  | 112/141 [01:01<00:15,  1.83it/s]
 80%|████████  | 113/141 [01:01<00:15,  1.83it/s]
 81%|████████  | 114/141 [01:02<00:14,  1.83it/s]
 82%|████████▏ | 115/141 [01:02<00:14,  1.83it/s]
 82%|████████▏ | 116/141 [01:03<00:13,  1.83it/s]
 83%|████████▎ | 117/141 [01:04<00:13,  1.83it/s]
 84%|████████▎ | 118/141 [01:04<00:12,  1.83it/s]
 84%|████████▍ | 119/141 [01:05<00:12,  1.83it/s]
 85%|████████▌ | 120/141 [01:05<00:11,  1.83it/s]
 86%|████████▌ | 121/141 [01:06<00:10,  1.83it/s]
 87%|████████▋ | 122/141 [01:06<00:10,  1.83it/s]
 87%|████████▋ | 123/141 [01:07<00:09,  1.83it/s]
 88%|████████▊ | 124/141 [01:07<00:09,  1.83it/s]
 89%|████████▊ | 125/141 [01:08<00:08,  1.83it/s]
 89%|████████▉ | 126/141 [01:08<00:08,  1.83it/s]
 90%|█████████ | 127/141 [01:09<00:07,  1.83it/s]
 91%|█████████ | 128/141 [01:10<00:07,  1.83it/s]
 91%|█████████▏| 129/141 [01:10<00:06,  1.83it/s]
 92%|█████████▏| 130/141 [01:11<00:06,  1.83it/s]
 93%|█████████▎| 131/141 [01:11<00:05,  1.83it/s]
 94%|█████████▎| 132/141 [01:12<00:04,  1.83it/s]
 94%|█████████▍| 133/141 [01:12<00:04,  1.83it/s]
 95%|█████████▌| 134/141 [01:13<00:03,  1.83it/s]
 96%|█████████▌| 135/141 [01:13<00:03,  1.83it/s]
 96%|█████████▋| 136/141 [01:14<00:02,  1.83it/s]
 97%|█████████▋| 137/141 [01:14<00:02,  1.83it/s]
 98%|█████████▊| 138/141 [01:15<00:01,  1.83it/s]
 99%|█████████▊| 139/141 [01:16<00:01,  1.83it/s]
 99%|█████████▉| 140/141 [01:16<00:00,  1.83it/s]
 99%|█████████▉| 140/141 [01:16<00:00,  1.82it/s]
tensor(14.6406, device='cuda:0', dtype=torch.float16)
Elapsed time: 81.81828068301547 seconds
