# run: oaken_profile
# start: 2026-05-11T15:21:00
# idle_vram: {'used_mib': 33, 'free_mib': 7668, 'total_mib': 8151}
# command: docker exec -w /workspace oaken-ae-container /opt/conda/envs/oaken/bin/python oaken_preprocess_activation.py -m opt -s 350m -t wikitext -f 0.04 0.90 0.06 -o results/rtx5060/opt-350m/group-ratio-sweep/ratio-0.04-0.90-0.06/oaken-quantizer.json --gpu-start-idx 0 --gpu-count 1

Called multi_key_value_tokenwise_main
= Run Configuration ===================
Model name: opt
Model size: 350m
Activation outlier list: [0.04, 0.9, 0.06]
Task: wikitext
Batch size: 1
Output: results/rtx5060/opt-350m/group-ratio-sweep/ratio-0.04-0.90-0.06/oaken-quantizer.json
=======================================

  0%|          | 0/141 [00:00<?, ?it/s]
  1%|          | 1/141 [00:00<01:08,  2.04it/s]
  1%|▏         | 2/141 [00:00<00:46,  2.97it/s]
  2%|▏         | 3/141 [00:00<00:40,  3.45it/s]
  3%|▎         | 4/141 [00:01<00:36,  3.73it/s]
  4%|▎         | 5/141 [00:01<00:34,  3.91it/s]
  4%|▍         | 6/141 [00:01<00:33,  4.03it/s]
  5%|▍         | 7/141 [00:01<00:32,  4.10it/s]
  6%|▌         | 8/141 [00:02<00:32,  4.16it/s]
  6%|▋         | 9/141 [00:02<00:31,  4.19it/s]
  7%|▋         | 10/141 [00:02<00:31,  4.22it/s]
  8%|▊         | 11/141 [00:02<00:30,  4.23it/s]
  9%|▊         | 12/141 [00:03<00:30,  4.24it/s]
  9%|▉         | 13/141 [00:03<00:30,  4.25it/s]
 10%|▉         | 14/141 [00:03<00:29,  4.26it/s]
 11%|█         | 15/141 [00:03<00:29,  4.26it/s]
 11%|█▏        | 16/141 [00:03<00:29,  4.27it/s]
 12%|█▏        | 17/141 [00:04<00:29,  4.27it/s]
 13%|█▎        | 18/141 [00:04<00:28,  4.27it/s]
 13%|█▎        | 19/141 [00:04<00:28,  4.27it/s]
 14%|█▍        | 20/141 [00:04<00:28,  4.27it/s]
 15%|█▍        | 21/141 [00:05<00:28,  4.27it/s]
 16%|█▌        | 22/141 [00:05<00:27,  4.27it/s]
 16%|█▋        | 23/141 [00:05<00:27,  4.27it/s]
 17%|█▋        | 24/141 [00:05<00:27,  4.27it/s]
 18%|█▊        | 25/141 [00:06<00:27,  4.27it/s]
 18%|█▊        | 26/141 [00:06<00:26,  4.27it/s]
 19%|█▉        | 27/141 [00:06<00:26,  4.27it/s]
 20%|█▉        | 28/141 [00:06<00:26,  4.27it/s]
 21%|██        | 29/141 [00:07<00:26,  4.27it/s]
 21%|██▏       | 30/141 [00:07<00:25,  4.27it/s]
 22%|██▏       | 31/141 [00:07<00:25,  4.27it/s]
 23%|██▎       | 32/141 [00:07<00:25,  4.27it/s]
 23%|██▎       | 33/141 [00:07<00:25,  4.27it/s]
 24%|██▍       | 34/141 [00:08<00:25,  4.27it/s]
 25%|██▍       | 35/141 [00:08<00:24,  4.27it/s]
 26%|██▌       | 36/141 [00:08<00:24,  4.27it/s]
 26%|██▌       | 37/141 [00:08<00:24,  4.27it/s]
 27%|██▋       | 38/141 [00:09<00:24,  4.27it/s]
 28%|██▊       | 39/141 [00:09<00:23,  4.27it/s]
 28%|██▊       | 40/141 [00:09<00:23,  4.27it/s]
 29%|██▉       | 41/141 [00:09<00:23,  4.27it/s]
 30%|██▉       | 42/141 [00:10<00:23,  4.27it/s]
 30%|███       | 43/141 [00:10<00:22,  4.27it/s]
 31%|███       | 44/141 [00:10<00:22,  4.27it/s]
 32%|███▏      | 45/141 [00:10<00:22,  4.27it/s]
 33%|███▎      | 46/141 [00:11<00:22,  4.27it/s]
 33%|███▎      | 47/141 [00:11<00:22,  4.27it/s]
 34%|███▍      | 48/141 [00:11<00:21,  4.27it/s]
 35%|███▍      | 49/141 [00:11<00:21,  4.27it/s]
 35%|███▌      | 50/141 [00:11<00:21,  4.27it/s]
 36%|███▌      | 51/141 [00:12<00:21,  4.27it/s]
 37%|███▋      | 52/141 [00:12<00:20,  4.27it/s]
 38%|███▊      | 53/141 [00:12<00:20,  4.27it/s]
 38%|███▊      | 54/141 [00:12<00:20,  4.27it/s]
 39%|███▉      | 55/141 [00:13<00:20,  4.27it/s]
 40%|███▉      | 56/141 [00:13<00:19,  4.27it/s]
 40%|████      | 57/141 [00:13<00:19,  4.27it/s]
 41%|████      | 58/141 [00:13<00:19,  4.27it/s]
 42%|████▏     | 59/141 [00:14<00:19,  4.27it/s]
 43%|████▎     | 60/141 [00:14<00:18,  4.27it/s]
 43%|████▎     | 61/141 [00:14<00:18,  4.27it/s]
 44%|████▍     | 62/141 [00:14<00:18,  4.27it/s]
 45%|████▍     | 63/141 [00:15<00:18,  4.27it/s]
 45%|████▌     | 64/141 [00:15<00:18,  4.27it/s]
 46%|████▌     | 65/141 [00:15<00:17,  4.27it/s]
 47%|████▋     | 66/141 [00:15<00:17,  4.27it/s]
 48%|████▊     | 67/141 [00:15<00:17,  4.27it/s]
 48%|████▊     | 68/141 [00:16<00:17,  4.27it/s]
 49%|████▉     | 69/141 [00:16<00:16,  4.27it/s]
 50%|████▉     | 70/141 [00:16<00:16,  4.27it/s]
 50%|█████     | 71/141 [00:16<00:16,  4.27it/s]
 51%|█████     | 72/141 [00:17<00:16,  4.27it/s]
 52%|█████▏    | 73/141 [00:17<00:15,  4.27it/s]
 52%|█████▏    | 74/141 [00:17<00:15,  4.27it/s]
 53%|█████▎    | 75/141 [00:17<00:15,  4.27it/s]
 54%|█████▍    | 76/141 [00:18<00:15,  4.27it/s]
 55%|█████▍    | 77/141 [00:18<00:14,  4.27it/s]
 55%|█████▌    | 78/141 [00:18<00:14,  4.27it/s]
 56%|█████▌    | 79/141 [00:18<00:14,  4.27it/s]
 57%|█████▋    | 80/141 [00:18<00:14,  4.27it/s]
 57%|█████▋    | 81/141 [00:19<00:14,  4.27it/s]
 58%|█████▊    | 82/141 [00:19<00:13,  4.27it/s]
 59%|█████▉    | 83/141 [00:19<00:13,  4.27it/s]
 60%|█████▉    | 84/141 [00:19<00:13,  4.27it/s]
 60%|██████    | 85/141 [00:20<00:13,  4.27it/s]
 61%|██████    | 86/141 [00:20<00:12,  4.27it/s]
 62%|██████▏   | 87/141 [00:20<00:12,  4.27it/s]
 62%|██████▏   | 88/141 [00:20<00:12,  4.27it/s]
 63%|██████▎   | 89/141 [00:21<00:12,  4.27it/s]
 64%|██████▍   | 90/141 [00:21<00:11,  4.27it/s]
 65%|██████▍   | 91/141 [00:21<00:11,  4.27it/s]
 65%|██████▌   | 92/141 [00:21<00:11,  4.27it/s]
 66%|██████▌   | 93/141 [00:22<00:11,  4.27it/s]
 67%|██████▋   | 94/141 [00:22<00:11,  4.27it/s]
 67%|██████▋   | 95/141 [00:22<00:10,  4.27it/s]
 68%|██████▊   | 96/141 [00:22<00:10,  4.27it/s]
 69%|██████▉   | 97/141 [00:22<00:10,  4.27it/s]
 70%|██████▉   | 98/141 [00:23<00:10,  4.27it/s]
 70%|███████   | 99/141 [00:23<00:09,  4.27it/s]
 71%|███████   | 100/141 [00:23<00:09,  4.27it/s]
 72%|███████▏  | 101/141 [00:23<00:09,  4.27it/s]
 72%|███████▏  | 102/141 [00:24<00:09,  4.27it/s]
 73%|███████▎  | 103/141 [00:24<00:08,  4.27it/s]
 74%|███████▍  | 104/141 [00:24<00:08,  4.27it/s]
 74%|███████▍  | 105/141 [00:24<00:08,  4.27it/s]
 75%|███████▌  | 106/141 [00:25<00:08,  4.27it/s]
 76%|███████▌  | 107/141 [00:25<00:07,  4.27it/s]
 77%|███████▋  | 108/141 [00:25<00:07,  4.27it/s]
 77%|███████▋  | 109/141 [00:25<00:07,  4.27it/s]
 78%|███████▊  | 110/141 [00:26<00:07,  4.27it/s]
 79%|███████▊  | 111/141 [00:26<00:07,  4.27it/s]
 79%|███████▉  | 112/141 [00:26<00:06,  4.27it/s]
 80%|████████  | 113/141 [00:26<00:06,  4.27it/s]
 81%|████████  | 114/141 [00:26<00:06,  4.27it/s]
 82%|████████▏ | 115/141 [00:27<00:06,  4.27it/s]
 82%|████████▏ | 116/141 [00:27<00:05,  4.27it/s]
 83%|████████▎ | 117/141 [00:27<00:05,  4.27it/s]
 84%|████████▎ | 118/141 [00:27<00:05,  4.27it/s]
 84%|████████▍ | 119/141 [00:28<00:05,  4.27it/s]
 85%|████████▌ | 120/141 [00:28<00:04,  4.27it/s]
 86%|████████▌ | 121/141 [00:28<00:04,  4.27it/s]
 87%|████████▋ | 122/141 [00:28<00:04,  4.27it/s]
 87%|████████▋ | 123/141 [00:29<00:04,  4.27it/s]
 88%|████████▊ | 124/141 [00:29<00:03,  4.27it/s]
 89%|████████▊ | 125/141 [00:29<00:03,  4.27it/s]
 89%|████████▉ | 126/141 [00:29<00:03,  4.27it/s]
 90%|█████████ | 127/141 [00:29<00:03,  4.27it/s]
 91%|█████████ | 128/141 [00:30<00:03,  4.27it/s]
 91%|█████████▏| 129/141 [00:30<00:02,  4.27it/s]
 92%|█████████▏| 130/141 [00:30<00:02,  4.27it/s]
 93%|█████████▎| 131/141 [00:30<00:02,  4.27it/s]
 94%|█████████▎| 132/141 [00:31<00:02,  4.27it/s]
 94%|█████████▍| 133/141 [00:31<00:01,  4.27it/s]
 95%|█████████▌| 134/141 [00:31<00:01,  4.27it/s]
 96%|█████████▌| 135/141 [00:31<00:01,  4.27it/s]
 96%|█████████▋| 136/141 [00:32<00:01,  4.27it/s]
 97%|█████████▋| 137/141 [00:32<00:00,  4.27it/s]
 98%|█████████▊| 138/141 [00:32<00:00,  4.27it/s]
 99%|█████████▊| 139/141 [00:32<00:00,  4.27it/s]
 99%|█████████▉| 140/141 [00:33<00:00,  4.27it/s]
 99%|█████████▉| 140/141 [00:33<00:00,  4.23it/s]
tensor(22.0156, device='cuda:0', dtype=torch.float16)
Elapsed time: 38.18247599597089 seconds
